Scanning dependencies of target _teleop_tools_msgs_generate_messages_check_deps_IncrementAction
[  0%] Built target _teleop_tools_msgs_generate_messages_check_deps_IncrementAction
Scanning dependencies of target _teleop_tools_msgs_generate_messages_check_deps_IncrementGoal
[  0%] Built target _teleop_tools_msgs_generate_messages_check_deps_IncrementGoal
Scanning dependencies of target _teleop_tools_msgs_generate_messages_check_deps_IncrementActionResult
[  0%] Built target _teleop_tools_msgs_generate_messages_check_deps_IncrementActionResult
Scanning dependencies of target _teleop_tools_msgs_generate_messages_check_deps_IncrementResult
[  0%] Built target _teleop_tools_msgs_generate_messages_check_deps_IncrementResult
Scanning dependencies of target actionlib_msgs_generate_messages_py
[  0%] Built target actionlib_msgs_generate_messages_py
Scanning dependencies of target _teleop_tools_msgs_generate_messages_check_deps_IncrementActionFeedback
Scanning dependencies of target _teleop_tools_msgs_generate_messages_check_deps_IncrementActionGoal
[  0%] Built target _teleop_tools_msgs_generate_messages_check_deps_IncrementActionFeedback
Scanning dependencies of target _teleop_tools_msgs_generate_messages_check_deps_IncrementFeedback
[  0%] Built target _teleop_tools_msgs_generate_messages_check_deps_IncrementActionGoal
[  0%] Built target _teleop_tools_msgs_generate_messages_check_deps_IncrementFeedback
Scanning dependencies of target actionlib_msgs_generate_messages_lisp
[  0%] Built target actionlib_msgs_generate_messages_lisp
Scanning dependencies of target actionlib_msgs_generate_messages_nodejs
[  0%] Built target actionlib_msgs_generate_messages_nodejs
Scanning dependencies of target actionlib_msgs_generate_messages_eus
Scanning dependencies of target actionlib_msgs_generate_messages_cpp
[  0%] Built target actionlib_msgs_generate_messages_eus
Scanning dependencies of target teleop_tools_msgs_generate_messages_py
[  0%] Built target actionlib_msgs_generate_messages_cpp
[  2%] Generating Python from MSG teleop_tools_msgs/IncrementActionFeedback
Scanning dependencies of target teleop_tools_msgs_generate_messages_lisp
[  5%] Generating Lisp code from teleop_tools_msgs/IncrementActionFeedback.msg
[  8%] Generating Lisp code from teleop_tools_msgs/IncrementResult.msg
[ 10%] Generating Python from MSG teleop_tools_msgs/IncrementResult
[ 13%] Generating Lisp code from teleop_tools_msgs/IncrementActionResult.msg
[ 16%] Generating Python from MSG teleop_tools_msgs/IncrementActionResult
[ 18%] Generating Lisp code from teleop_tools_msgs/IncrementGoal.msg
[ 21%] Generating Lisp code from teleop_tools_msgs/IncrementActionGoal.msg
[ 24%] Generating Python from MSG teleop_tools_msgs/IncrementGoal
[ 27%] Generating Lisp code from teleop_tools_msgs/IncrementFeedback.msg
[ 29%] Generating Python from MSG teleop_tools_msgs/IncrementActionGoal
[ 32%] Generating Lisp code from teleop_tools_msgs/IncrementAction.msg
[ 32%] Built target teleop_tools_msgs_generate_messages_lisp
Scanning dependencies of target teleop_tools_msgs_generate_messages_nodejs
[ 35%] Generating Javascript code from teleop_tools_msgs/IncrementActionFeedback.msg
[ 37%] Generating Python from MSG teleop_tools_msgs/IncrementFeedback
[ 40%] Generating Javascript code from teleop_tools_msgs/IncrementResult.msg
[ 43%] Generating Python from MSG teleop_tools_msgs/IncrementAction
[ 45%] Generating Javascript code from teleop_tools_msgs/IncrementActionResult.msg
[ 48%] Generating Javascript code from teleop_tools_msgs/IncrementGoal.msg
[ 51%] Generating Python msg __init__.py for teleop_tools_msgs
[ 54%] Generating Javascript code from teleop_tools_msgs/IncrementActionGoal.msg
[ 56%] Generating Javascript code from teleop_tools_msgs/IncrementFeedback.msg
[ 56%] Built target teleop_tools_msgs_generate_messages_py
Scanning dependencies of target teleop_tools_msgs_generate_messages_cpp
[ 59%] Generating Javascript code from teleop_tools_msgs/IncrementAction.msg
[ 62%] Generating C++ code from teleop_tools_msgs/IncrementActionFeedback.msg
[ 64%] Generating C++ code from teleop_tools_msgs/IncrementResult.msg
[ 67%] Generating C++ code from teleop_tools_msgs/IncrementActionResult.msg
[ 67%] Built target teleop_tools_msgs_generate_messages_nodejs
Scanning dependencies of target teleop_tools_msgs_generate_messages_eus
[ 70%] Generating C++ code from teleop_tools_msgs/IncrementGoal.msg
[ 72%] Generating C++ code from teleop_tools_msgs/IncrementActionGoal.msg
[ 75%] Generating EusLisp code from teleop_tools_msgs/IncrementActionFeedback.msg
[ 78%] Generating EusLisp code from teleop_tools_msgs/IncrementResult.msg
[ 81%] Generating C++ code from teleop_tools_msgs/IncrementFeedback.msg
[ 83%] Generating EusLisp code from teleop_tools_msgs/IncrementActionResult.msg
[ 86%] Generating C++ code from teleop_tools_msgs/IncrementAction.msg
[ 89%] Generating EusLisp code from teleop_tools_msgs/IncrementGoal.msg
[ 91%] Generating EusLisp code from teleop_tools_msgs/IncrementActionGoal.msg
[ 94%] Generating EusLisp code from teleop_tools_msgs/IncrementFeedback.msg
[ 97%] Generating EusLisp code from teleop_tools_msgs/IncrementAction.msg
[100%] Generating EusLisp manifest code for teleop_tools_msgs
[100%] Built target teleop_tools_msgs_generate_messages_cpp
[100%] Built target teleop_tools_msgs_generate_messages_eus
Scanning dependencies of target teleop_tools_msgs_generate_messages
[100%] Built target teleop_tools_msgs_generate_messages
