Scanning dependencies of target dynamic_reconfigure_generate_messages_cpp
Scanning dependencies of target geometry_msgs_generate_messages_lisp
Scanning dependencies of target tf_generate_messages_py
Scanning dependencies of target moveit_msgs_generate_messages_eus
Scanning dependencies of target roscpp_generate_messages_py
[  0%] Built target dynamic_reconfigure_generate_messages_cpp
Scanning dependencies of target moveit_ros_planning_gencfg
[  0%] Built target tf_generate_messages_py
[  0%] Built target geometry_msgs_generate_messages_lisp
[  0%] Built target roscpp_generate_messages_py
Scanning dependencies of target geometry_msgs_generate_messages_eus
Scanning dependencies of target play_motion_msgs_generate_messages_eus
Scanning dependencies of target control_msgs_generate_messages_cpp
[  0%] Built target moveit_msgs_generate_messages_eus
Scanning dependencies of target control_msgs_generate_messages_nodejs
[  0%] Built target play_motion_msgs_generate_messages_eus
Scanning dependencies of target roscpp_generate_messages_cpp
Scanning dependencies of target actionlib_generate_messages_cpp
Scanning dependencies of target octomap_msgs_generate_messages_eus
[  0%] Built target control_msgs_generate_messages_cpp
[  0%] Built target moveit_ros_planning_gencfg
[  0%] Built target geometry_msgs_generate_messages_eus
[  0%] Built target roscpp_generate_messages_cpp
[  0%] Built target control_msgs_generate_messages_nodejs
[  0%] Built target octomap_msgs_generate_messages_eus
[  0%] Built target actionlib_generate_messages_cpp
Scanning dependencies of target std_srvs_generate_messages_lisp
Scanning dependencies of target play_motion_msgs_generate_messages_cpp
Scanning dependencies of target rosgraph_msgs_generate_messages_cpp
Scanning dependencies of target std_msgs_generate_messages_py
[  0%] Built target rosgraph_msgs_generate_messages_cpp
Scanning dependencies of target sensor_msgs_generate_messages_eus
[  0%] Built target std_srvs_generate_messages_lisp
Scanning dependencies of target diagnostic_msgs_generate_messages_nodejs
[  0%] Built target play_motion_msgs_generate_messages_cpp
Scanning dependencies of target _catkin_empty_exported_target
Scanning dependencies of target control_msgs_generate_messages_lisp
Scanning dependencies of target tf_generate_messages_cpp
[  0%] Built target std_msgs_generate_messages_py
[  0%] Built target diagnostic_msgs_generate_messages_nodejs
[  0%] Built target sensor_msgs_generate_messages_eus
Scanning dependencies of target diagnostic_msgs_generate_messages_py
[  0%] Built target _catkin_empty_exported_target
Scanning dependencies of target actionlib_generate_messages_nodejs
[  0%] Built target control_msgs_generate_messages_lisp
Scanning dependencies of target std_srvs_generate_messages_py
Scanning dependencies of target moveit_ros_manipulation_gencfg
Scanning dependencies of target diagnostic_msgs_generate_messages_lisp
Scanning dependencies of target diagnostic_msgs_generate_messages_eus
[  0%] Built target tf_generate_messages_cpp
[  0%] Built target actionlib_generate_messages_nodejs
[  0%] Built target diagnostic_msgs_generate_messages_py
[  0%] Built target diagnostic_msgs_generate_messages_lisp
Scanning dependencies of target tf2_msgs_generate_messages_nodejs
[  0%] Built target std_srvs_generate_messages_py
Scanning dependencies of target tf_generate_messages_lisp
[  0%] Built target diagnostic_msgs_generate_messages_eus
[  0%] Built target moveit_ros_manipulation_gencfg
[  0%] Built target tf2_msgs_generate_messages_nodejs
Scanning dependencies of target visualization_msgs_generate_messages_nodejs
Scanning dependencies of target visualization_msgs_generate_messages_py
Scanning dependencies of target tf2_msgs_generate_messages_cpp
Scanning dependencies of target visualization_msgs_generate_messages_cpp
Scanning dependencies of target visualization_msgs_generate_messages_eus
Scanning dependencies of target tf2_msgs_generate_messages_eus
[  0%] Built target visualization_msgs_generate_messages_py
[  0%] Built target visualization_msgs_generate_messages_nodejs
[  0%] Built target tf_generate_messages_lisp
Scanning dependencies of target tf2_msgs_generate_messages_lisp
[  0%] Built target visualization_msgs_generate_messages_cpp
[  0%] Built target tf2_msgs_generate_messages_cpp
Scanning dependencies of target dynamic_reconfigure_generate_messages_lisp
[  0%] Built target visualization_msgs_generate_messages_eus
Scanning dependencies of target dynamic_reconfigure_gencfg
[  0%] Built target tf2_msgs_generate_messages_eus
[  0%] Built target tf2_msgs_generate_messages_lisp
Scanning dependencies of target dynamic_reconfigure_generate_messages_eus
Scanning dependencies of target sensor_msgs_generate_messages_py
Scanning dependencies of target shape_msgs_generate_messages_eus
Scanning dependencies of target dynamic_reconfigure_generate_messages_nodejs
Scanning dependencies of target moveit_msgs_generate_messages_lisp
[  0%] Built target dynamic_reconfigure_gencfg
Scanning dependencies of target dynamic_reconfigure_generate_messages_py
[  0%] Built target shape_msgs_generate_messages_eus
[  0%] Built target dynamic_reconfigure_generate_messages_nodejs
[  0%] Built target dynamic_reconfigure_generate_messages_lisp
[  0%] Built target moveit_msgs_generate_messages_lisp
Scanning dependencies of target shape_msgs_generate_messages_lisp
[  0%] Built target sensor_msgs_generate_messages_py
[  0%] Built target dynamic_reconfigure_generate_messages_eus
Scanning dependencies of target object_recognition_msgs_generate_messages_nodejs
Scanning dependencies of target shape_msgs_generate_messages_nodejs
[  0%] Built target shape_msgs_generate_messages_lisp
Scanning dependencies of target roscpp_generate_messages_lisp
Scanning dependencies of target octomap_msgs_generate_messages_lisp
Scanning dependencies of target std_srvs_generate_messages_eus
Scanning dependencies of target std_srvs_generate_messages_nodejs
[  0%] Built target dynamic_reconfigure_generate_messages_py
[  0%] Built target shape_msgs_generate_messages_nodejs
[  0%] Built target roscpp_generate_messages_lisp
[  0%] Built target octomap_msgs_generate_messages_lisp
[  0%] Built target object_recognition_msgs_generate_messages_nodejs
[  0%] Built target std_srvs_generate_messages_eus
Scanning dependencies of target octomap_msgs_generate_messages_nodejs
Scanning dependencies of target object_recognition_msgs_generate_messages_py
[  0%] Built target std_srvs_generate_messages_nodejs
Scanning dependencies of target octomap_msgs_generate_messages_py
Scanning dependencies of target tf_generate_messages_nodejs
Scanning dependencies of target geometry_msgs_generate_messages_cpp
[  0%] Built target object_recognition_msgs_generate_messages_py
Scanning dependencies of target actionlib_generate_messages_lisp
[  0%] Built target octomap_msgs_generate_messages_nodejs
Scanning dependencies of target control_msgs_generate_messages_py
Scanning dependencies of target rosgraph_msgs_generate_messages_lisp
[  0%] Built target tf_generate_messages_nodejs
[  0%] Built target geometry_msgs_generate_messages_cpp
[  0%] Built target rosgraph_msgs_generate_messages_lisp
Scanning dependencies of target actionlib_msgs_generate_messages_nodejs
[  0%] Built target control_msgs_generate_messages_py
[  0%] Built target octomap_msgs_generate_messages_py
Scanning dependencies of target visualization_msgs_generate_messages_lisp
[  0%] Built target actionlib_generate_messages_lisp
Scanning dependencies of target play_motion_msgs_generate_messages_py
Scanning dependencies of target rosgraph_msgs_generate_messages_nodejs
Scanning dependencies of target trajectory_msgs_generate_messages_py
Scanning dependencies of target std_msgs_generate_messages_eus
[  0%] Built target actionlib_msgs_generate_messages_nodejs
Scanning dependencies of target diagnostic_msgs_generate_messages_cpp
[  0%] Built target visualization_msgs_generate_messages_lisp
[  0%] Built target trajectory_msgs_generate_messages_py
[  0%] Built target play_motion_msgs_generate_messages_py
Scanning dependencies of target actionlib_generate_messages_eus
Scanning dependencies of target moveit_msgs_generate_messages_py
[  0%] Built target rosgraph_msgs_generate_messages_nodejs
[  0%] Built target diagnostic_msgs_generate_messages_cpp
[  0%] Built target std_msgs_generate_messages_eus
Scanning dependencies of target std_srvs_generate_messages_cpp
[  0%] Built target moveit_msgs_generate_messages_py
Scanning dependencies of target actionlib_generate_messages_py
[  0%] Built target actionlib_generate_messages_eus
Scanning dependencies of target sensor_msgs_generate_messages_lisp
Scanning dependencies of target control_msgs_generate_messages_eus
Scanning dependencies of target tf2_msgs_generate_messages_py
[  0%] Built target std_srvs_generate_messages_cpp
Scanning dependencies of target object_recognition_msgs_generate_messages_cpp
Scanning dependencies of target rosgraph_msgs_generate_messages_eus
[  0%] Built target actionlib_generate_messages_py
[  0%] Built target sensor_msgs_generate_messages_lisp
[  0%] Built target object_recognition_msgs_generate_messages_cpp
Scanning dependencies of target actionlib_msgs_generate_messages_cpp
Scanning dependencies of target play_motion_msgs_generate_messages_lisp
Scanning dependencies of target tf_generate_messages_eus
[  0%] Built target control_msgs_generate_messages_eus
[  0%] Built target rosgraph_msgs_generate_messages_eus
[  0%] Built target tf2_msgs_generate_messages_py
Scanning dependencies of target roscpp_generate_messages_eus
[  0%] Built target play_motion_msgs_generate_messages_lisp
Scanning dependencies of target rosgraph_msgs_generate_messages_py
[  0%] Built target actionlib_msgs_generate_messages_cpp
Scanning dependencies of target octomap_msgs_generate_messages_cpp
[  0%] Built target roscpp_generate_messages_eus
Scanning dependencies of target actionlib_msgs_generate_messages_eus
Scanning dependencies of target actionlib_msgs_generate_messages_py
[  0%] Built target rosgraph_msgs_generate_messages_py
Scanning dependencies of target controller_manager_msgs_generate_messages_cpp
[  0%] Built target tf_generate_messages_eus
Scanning dependencies of target actionlib_msgs_generate_messages_lisp
[  0%] Built target octomap_msgs_generate_messages_cpp
Scanning dependencies of target shape_msgs_generate_messages_cpp
Scanning dependencies of target controller_manager_msgs_generate_messages_nodejs
[  0%] Built target actionlib_msgs_generate_messages_py
[  0%] Built target actionlib_msgs_generate_messages_eus
Scanning dependencies of target sensor_msgs_generate_messages_nodejs
[  0%] Built target shape_msgs_generate_messages_cpp
Scanning dependencies of target moveit_msgs_generate_messages_nodejs
[  0%] Built target controller_manager_msgs_generate_messages_nodejs
[  0%] Built target controller_manager_msgs_generate_messages_cpp
[  0%] Built target actionlib_msgs_generate_messages_lisp
Scanning dependencies of target std_msgs_generate_messages_cpp
Scanning dependencies of target roscpp_generate_messages_nodejs
[  0%] Built target sensor_msgs_generate_messages_nodejs
Scanning dependencies of target object_recognition_msgs_generate_messages_lisp
[  0%] Built target moveit_msgs_generate_messages_nodejs
Scanning dependencies of target geometry_msgs_generate_messages_nodejs
[  0%] Built target roscpp_generate_messages_nodejs
Scanning dependencies of target std_msgs_generate_messages_lisp
Scanning dependencies of target trajectory_msgs_generate_messages_cpp
[  0%] Built target object_recognition_msgs_generate_messages_lisp
Scanning dependencies of target geometry_msgs_generate_messages_py
[  0%] Built target std_msgs_generate_messages_cpp
[  0%] Built target trajectory_msgs_generate_messages_cpp
[  0%] Built target geometry_msgs_generate_messages_nodejs
[  0%] Built target geometry_msgs_generate_messages_py
Scanning dependencies of target controller_manager_msgs_generate_messages_eus
Scanning dependencies of target trajectory_msgs_generate_messages_lisp
Scanning dependencies of target shape_msgs_generate_messages_py
Scanning dependencies of target sensor_msgs_generate_messages_cpp
Scanning dependencies of target trajectory_msgs_generate_messages_nodejs
[  0%] Built target std_msgs_generate_messages_lisp
Scanning dependencies of target object_recognition_msgs_generate_messages_eus
[  0%] Built target trajectory_msgs_generate_messages_lisp
Scanning dependencies of target trajectory_msgs_generate_messages_eus
[  0%] Built target shape_msgs_generate_messages_py
[  0%] Built target controller_manager_msgs_generate_messages_eus
Scanning dependencies of target controller_manager_msgs_generate_messages_lisp
[  0%] Built target trajectory_msgs_generate_messages_eus
[  0%] Built target object_recognition_msgs_generate_messages_eus
[  0%] Built target sensor_msgs_generate_messages_cpp
[  0%] Built target trajectory_msgs_generate_messages_nodejs
Scanning dependencies of target play_motion_msgs_generate_messages_nodejs
Scanning dependencies of target controller_manager_msgs_generate_messages_py
Scanning dependencies of target std_msgs_generate_messages_nodejs
[  0%] Built target controller_manager_msgs_generate_messages_lisp
Scanning dependencies of target play_motion_helpers
Scanning dependencies of target moveit_msgs_generate_messages_cpp
[  0%] Built target play_motion_msgs_generate_messages_nodejs
[  0%] Built target controller_manager_msgs_generate_messages_py
[  0%] Built target std_msgs_generate_messages_nodejs
[  0%] Built target moveit_msgs_generate_messages_cpp
[  9%] Building CXX object CMakeFiles/play_motion_helpers.dir/src/play_motion_helpers.cpp.o
Scanning dependencies of target run_motion
[ 18%] Building CXX object CMakeFiles/run_motion.dir/src/run_motion_node.cpp.o
[ 27%] Linking CXX shared library /tiago_public_ws/devel/.private/play_motion/lib/libplay_motion_helpers.so
[ 27%] Built target play_motion_helpers
Scanning dependencies of target play_motion
[ 36%] Building CXX object CMakeFiles/play_motion.dir/src/play_motion_main.cpp.o
[ 45%] Building CXX object CMakeFiles/play_motion.dir/src/play_motion_server.cpp.o
[ 54%] Building CXX object CMakeFiles/play_motion.dir/src/play_motion.cpp.o
[ 63%] Building CXX object CMakeFiles/play_motion.dir/src/move_joint_group.cpp.o
[ 72%] Linking CXX executable /tiago_public_ws/devel/.private/play_motion/lib/play_motion/run_motion
[ 81%] Building CXX object CMakeFiles/play_motion.dir/src/controller_updater.cpp.o
[ 81%] Built target run_motion
[ 90%] Building CXX object CMakeFiles/play_motion.dir/src/approach_planner.cpp.o
[100%] Linking CXX executable /tiago_public_ws/devel/.private/play_motion/lib/play_motion/play_motion
[100%] Built target play_motion
