Scanning dependencies of target _controller_manager_msgs_generate_messages_check_deps_ListControllerTypes
[  0%] Built target _controller_manager_msgs_generate_messages_check_deps_ListControllerTypes
Scanning dependencies of target _controller_manager_msgs_generate_messages_check_deps_ControllerState
[  0%] Built target _controller_manager_msgs_generate_messages_check_deps_ControllerState
Scanning dependencies of target _controller_manager_msgs_generate_messages_check_deps_ControllerStatistics
Scanning dependencies of target std_msgs_generate_messages_eus
[  0%] Built target std_msgs_generate_messages_eus
[  0%] Built target _controller_manager_msgs_generate_messages_check_deps_ControllerStatistics
Scanning dependencies of target _controller_manager_msgs_generate_messages_check_deps_LoadController
[  0%] Built target _controller_manager_msgs_generate_messages_check_deps_LoadController
Scanning dependencies of target _controller_manager_msgs_generate_messages_check_deps_ControllersStatistics
[  0%] Built target _controller_manager_msgs_generate_messages_check_deps_ControllersStatistics
Scanning dependencies of target _controller_manager_msgs_generate_messages_check_deps_HardwareInterfaceResources
[  0%] Built target _controller_manager_msgs_generate_messages_check_deps_HardwareInterfaceResources
Scanning dependencies of target _controller_manager_msgs_generate_messages_check_deps_SwitchController
[  0%] Built target _controller_manager_msgs_generate_messages_check_deps_SwitchController
Scanning dependencies of target _controller_manager_msgs_generate_messages_check_deps_ListControllers
[  0%] Built target _controller_manager_msgs_generate_messages_check_deps_ListControllers
Scanning dependencies of target _controller_manager_msgs_generate_messages_check_deps_UnloadController
[  0%] Built target _controller_manager_msgs_generate_messages_check_deps_UnloadController
Scanning dependencies of target _controller_manager_msgs_generate_messages_check_deps_ReloadControllerLibraries
[  0%] Built target _controller_manager_msgs_generate_messages_check_deps_ReloadControllerLibraries
Scanning dependencies of target std_msgs_generate_messages_lisp
[  0%] Built target std_msgs_generate_messages_lisp
Scanning dependencies of target std_msgs_generate_messages_py
[  0%] Built target std_msgs_generate_messages_py
Scanning dependencies of target std_msgs_generate_messages_nodejs
[  0%] Built target std_msgs_generate_messages_nodejs
Scanning dependencies of target std_msgs_generate_messages_cpp
[  0%] Built target std_msgs_generate_messages_cpp
Scanning dependencies of target controller_manager_msgs_generate_messages_eus
[  1%] Generating EusLisp code from controller_manager_msgs/ControllersStatistics.msg
[  3%] Generating EusLisp code from controller_manager_msgs/HardwareInterfaceResources.msg
[  5%] Generating EusLisp code from controller_manager_msgs/ControllerStatistics.msg
[  7%] Generating EusLisp code from controller_manager_msgs/ControllerState.msg
[  9%] Generating EusLisp code from controller_manager_msgs/SwitchController.srv
[ 11%] Generating EusLisp code from controller_manager_msgs/ReloadControllerLibraries.srv
[ 13%] Generating EusLisp code from controller_manager_msgs/UnloadController.srv
[ 15%] Generating EusLisp code from controller_manager_msgs/ListControllers.srv
[ 16%] Generating EusLisp code from controller_manager_msgs/ListControllerTypes.srv
[ 18%] Generating EusLisp code from controller_manager_msgs/LoadController.srv
[ 20%] Generating EusLisp manifest code for controller_manager_msgs
Scanning dependencies of target controller_manager_msgs_generate_messages_lisp
[ 22%] Generating Lisp code from controller_manager_msgs/ControllersStatistics.msg
[ 24%] Generating Lisp code from controller_manager_msgs/HardwareInterfaceResources.msg
[ 26%] Generating Lisp code from controller_manager_msgs/ControllerStatistics.msg
[ 28%] Generating Lisp code from controller_manager_msgs/ControllerState.msg
[ 30%] Generating Lisp code from controller_manager_msgs/SwitchController.srv
[ 32%] Generating Lisp code from controller_manager_msgs/ReloadControllerLibraries.srv
[ 33%] Generating Lisp code from controller_manager_msgs/UnloadController.srv
[ 35%] Generating Lisp code from controller_manager_msgs/ListControllers.srv
[ 37%] Generating Lisp code from controller_manager_msgs/ListControllerTypes.srv
Scanning dependencies of target controller_manager_msgs_generate_messages_py
[ 39%] Generating Python from MSG controller_manager_msgs/ControllersStatistics
[ 41%] Generating Lisp code from controller_manager_msgs/LoadController.srv
[ 41%] Built target controller_manager_msgs_generate_messages_eus
[ 43%] Generating Python from MSG controller_manager_msgs/HardwareInterfaceResources
[ 45%] Generating Python from MSG controller_manager_msgs/ControllerStatistics
[ 45%] Built target controller_manager_msgs_generate_messages_lisp
Scanning dependencies of target controller_manager_msgs_generate_messages_nodejs
[ 47%] Generating Javascript code from controller_manager_msgs/HardwareInterfaceResources.msg
[ 49%] Generating Javascript code from controller_manager_msgs/ControllersStatistics.msg
[ 50%] Generating Python from MSG controller_manager_msgs/ControllerState
[ 52%] Generating Javascript code from controller_manager_msgs/ControllerStatistics.msg
[ 54%] Generating Javascript code from controller_manager_msgs/ControllerState.msg
[ 56%] Generating Javascript code from controller_manager_msgs/SwitchController.srv
[ 58%] Generating Python code from SRV controller_manager_msgs/SwitchController
[ 60%] Generating Javascript code from controller_manager_msgs/ReloadControllerLibraries.srv
[ 62%] Generating Javascript code from controller_manager_msgs/UnloadController.srv
[ 64%] Generating Javascript code from controller_manager_msgs/ListControllers.srv
[ 66%] Generating Python code from SRV controller_manager_msgs/ReloadControllerLibraries
[ 67%] Generating Python code from SRV controller_manager_msgs/UnloadController
[ 69%] Generating Javascript code from controller_manager_msgs/ListControllerTypes.srv
[ 71%] Generating Python code from SRV controller_manager_msgs/ListControllers
[ 73%] Generating Javascript code from controller_manager_msgs/LoadController.srv
[ 75%] Generating Python code from SRV controller_manager_msgs/ListControllerTypes
[ 77%] Generating Python code from SRV controller_manager_msgs/LoadController
[ 77%] Built target controller_manager_msgs_generate_messages_nodejs
Scanning dependencies of target controller_manager_msgs_generate_messages_cpp
[ 79%] Generating C++ code from controller_manager_msgs/ControllersStatistics.msg
[ 81%] Generating Python msg __init__.py for controller_manager_msgs
[ 83%] Generating C++ code from controller_manager_msgs/HardwareInterfaceResources.msg
[ 84%] Generating Python srv __init__.py for controller_manager_msgs
[ 86%] Generating C++ code from controller_manager_msgs/ControllerStatistics.msg
[ 88%] Generating C++ code from controller_manager_msgs/ControllerState.msg
[ 88%] Built target controller_manager_msgs_generate_messages_py
[ 90%] Generating C++ code from controller_manager_msgs/ReloadControllerLibraries.srv
[ 92%] Generating C++ code from controller_manager_msgs/SwitchController.srv
[ 94%] Generating C++ code from controller_manager_msgs/UnloadController.srv
[ 96%] Generating C++ code from controller_manager_msgs/ListControllers.srv
[ 98%] Generating C++ code from controller_manager_msgs/ListControllerTypes.srv
[100%] Generating C++ code from controller_manager_msgs/LoadController.srv
[100%] Built target controller_manager_msgs_generate_messages_cpp
Scanning dependencies of target controller_manager_msgs_generate_messages
[100%] Built target controller_manager_msgs_generate_messages
