Scanning dependencies of target std_msgs_generate_messages_lisp
[  0%] Built target std_msgs_generate_messages_lisp
Scanning dependencies of target _mode_state_controller_generate_messages_check_deps_ModeState
[  0%] Built target _mode_state_controller_generate_messages_check_deps_ModeState
Scanning dependencies of target std_msgs_generate_messages_py
[  0%] Built target std_msgs_generate_messages_py
Scanning dependencies of target std_msgs_generate_messages_nodejs
[  0%] Built target std_msgs_generate_messages_nodejs
Scanning dependencies of target std_msgs_generate_messages_cpp
[  0%] Built target std_msgs_generate_messages_cpp
Scanning dependencies of target rosgraph_msgs_generate_messages_py
[  0%] Built target rosgraph_msgs_generate_messages_py
Scanning dependencies of target rosgraph_msgs_generate_messages_nodejs
[  0%] Built target rosgraph_msgs_generate_messages_nodejs
Scanning dependencies of target std_msgs_generate_messages_eus
[  0%] Built target std_msgs_generate_messages_eus
Scanning dependencies of target rosgraph_msgs_generate_messages_eus
[  0%] Built target rosgraph_msgs_generate_messages_eus
Scanning dependencies of target sensor_msgs_generate_messages_eus
[  0%] Built target sensor_msgs_generate_messages_eus
Scanning dependencies of target mode_state_controller_generate_messages_eus
[ 11%] Generating EusLisp code from mode_state_controller/ModeState.msg
[ 22%] Generating EusLisp manifest code for mode_state_controller
Scanning dependencies of target rosgraph_msgs_generate_messages_cpp
[ 22%] Built target rosgraph_msgs_generate_messages_cpp
Scanning dependencies of target roscpp_generate_messages_py
[ 22%] Built target roscpp_generate_messages_py
Scanning dependencies of target roscpp_generate_messages_lisp
[ 22%] Built target roscpp_generate_messages_lisp
Scanning dependencies of target geometry_msgs_generate_messages_nodejs
[ 22%] Built target geometry_msgs_generate_messages_nodejs
Scanning dependencies of target geometry_msgs_generate_messages_eus
[ 22%] Built target geometry_msgs_generate_messages_eus
Scanning dependencies of target roscpp_generate_messages_eus
[ 22%] Built target roscpp_generate_messages_eus
Scanning dependencies of target roscpp_generate_messages_nodejs
[ 22%] Built target roscpp_generate_messages_nodejs
Scanning dependencies of target sensor_msgs_generate_messages_lisp
[ 22%] Built target sensor_msgs_generate_messages_lisp
Scanning dependencies of target roscpp_generate_messages_cpp
[ 22%] Built target roscpp_generate_messages_cpp
Scanning dependencies of target sensor_msgs_generate_messages_nodejs
[ 22%] Built target mode_state_controller_generate_messages_eus
[ 22%] Built target sensor_msgs_generate_messages_nodejs
Scanning dependencies of target geometry_msgs_generate_messages_cpp
Scanning dependencies of target sensor_msgs_generate_messages_py
[ 22%] Built target geometry_msgs_generate_messages_cpp
Scanning dependencies of target geometry_msgs_generate_messages_lisp
[ 22%] Built target sensor_msgs_generate_messages_py
[ 22%] Built target geometry_msgs_generate_messages_lisp
Scanning dependencies of target mode_state_controller_generate_messages_cpp
Scanning dependencies of target geometry_msgs_generate_messages_py
[ 33%] Generating C++ code from mode_state_controller/ModeState.msg
[ 33%] Built target geometry_msgs_generate_messages_py
Scanning dependencies of target rosgraph_msgs_generate_messages_lisp
[ 33%] Built target rosgraph_msgs_generate_messages_lisp
Scanning dependencies of target mode_state_controller_generate_messages_nodejs
[ 44%] Generating Javascript code from mode_state_controller/ModeState.msg
[ 44%] Built target mode_state_controller_generate_messages_cpp
[ 44%] Built target mode_state_controller_generate_messages_nodejs
Scanning dependencies of target sensor_msgs_generate_messages_cpp
Scanning dependencies of target mode_state_controller_generate_messages_py
Scanning dependencies of target mode_state_controller_generate_messages_lisp
[ 44%] Built target sensor_msgs_generate_messages_cpp
[ 55%] Generating Lisp code from mode_state_controller/ModeState.msg
[ 66%] Generating Python from MSG mode_state_controller/ModeState
[ 66%] Built target mode_state_controller_generate_messages_lisp
[ 77%] Generating Python msg __init__.py for mode_state_controller
[ 77%] Built target mode_state_controller_generate_messages_py
Scanning dependencies of target mode_state_controller
Scanning dependencies of target mode_state_controller_generate_messages
[ 77%] Built target mode_state_controller_generate_messages
[ 88%] Building CXX object CMakeFiles/mode_state_controller.dir/src/mode_state_controller.cpp.o
[100%] Linking CXX shared library /tiago_public_ws/devel/.private/mode_state_controller/lib/libmode_state_controller.so
[100%] Built target mode_state_controller
