Scanning dependencies of target _tiago_pick_demo_generate_messages_check_deps_PickUpPoseActionResult
Scanning dependencies of target _tiago_pick_demo_generate_messages_check_deps_PickUpPoseResult
[  0%] Built target _tiago_pick_demo_generate_messages_check_deps_PickUpPoseActionResult
[  0%] Built target _tiago_pick_demo_generate_messages_check_deps_PickUpPoseResult
Scanning dependencies of target _tiago_pick_demo_generate_messages_check_deps_PickUpPoseActionGoal
Scanning dependencies of target _tiago_pick_demo_generate_messages_check_deps_PickUpPoseGoal
[  0%] Built target _tiago_pick_demo_generate_messages_check_deps_PickUpPoseActionGoal
[  0%] Built target _tiago_pick_demo_generate_messages_check_deps_PickUpPoseGoal
Scanning dependencies of target _tiago_pick_demo_generate_messages_check_deps_PickUpPoseActionFeedback
Scanning dependencies of target _tiago_pick_demo_generate_messages_check_deps_PickUpPoseFeedback
[  0%] Built target _tiago_pick_demo_generate_messages_check_deps_PickUpPoseActionFeedback
[  0%] Built target _tiago_pick_demo_generate_messages_check_deps_PickUpPoseFeedback
Scanning dependencies of target _tiago_pick_demo_generate_messages_check_deps_PickUpPoseAction
Scanning dependencies of target actionlib_msgs_generate_messages_lisp
Scanning dependencies of target geometry_msgs_generate_messages_lisp
[  0%] Built target actionlib_msgs_generate_messages_lisp
[  0%] Built target geometry_msgs_generate_messages_lisp
Scanning dependencies of target actionlib_msgs_generate_messages_py
Scanning dependencies of target geometry_msgs_generate_messages_py
[  0%] Built target actionlib_msgs_generate_messages_py
[  0%] Built target geometry_msgs_generate_messages_py
[  0%] Built target _tiago_pick_demo_generate_messages_check_deps_PickUpPoseAction
Scanning dependencies of target actionlib_msgs_generate_messages_nodejs
Scanning dependencies of target geometry_msgs_generate_messages_nodejs
[  0%] Built target geometry_msgs_generate_messages_nodejs
[  0%] Built target actionlib_msgs_generate_messages_nodejs
Scanning dependencies of target geometry_msgs_generate_messages_eus
Scanning dependencies of target actionlib_msgs_generate_messages_eus
[  0%] Built target geometry_msgs_generate_messages_eus
[  0%] Built target actionlib_msgs_generate_messages_eus
Scanning dependencies of target geometry_msgs_generate_messages_cpp
Scanning dependencies of target actionlib_msgs_generate_messages_cpp
[  0%] Built target geometry_msgs_generate_messages_cpp
[  0%] Built target actionlib_msgs_generate_messages_cpp
Scanning dependencies of target tiago_pick_demo_generate_messages_lisp
Scanning dependencies of target tiago_pick_demo_gencfg
[  2%] Generating Lisp code from tiago_pick_demo/PickUpPoseAction.msg
[  5%] Generating dynamic reconfigure files from cfg/SphericalGrasp.cfg: /tiago_public_ws/devel/.private/tiago_pick_demo/include/tiago_pick_demo/SphericalGraspConfig.h /tiago_public_ws/devel/.private/tiago_pick_demo/lib/python2.7/dist-packages/tiago_pick_demo/cfg/SphericalGraspConfig.py
Scanning dependencies of target tiago_pick_demo_generate_messages_py
[  7%] Generating Python from MSG tiago_pick_demo/PickUpPoseAction
[ 10%] Generating Lisp code from tiago_pick_demo/PickUpPoseActionResult.msg
Generating reconfiguration files for SphericalGrasp in spherical_grasps_server
Wrote header file in /tiago_public_ws/devel/.private/tiago_pick_demo/include/tiago_pick_demo/SphericalGraspConfig.h
[ 13%] Generating Lisp code from tiago_pick_demo/PickUpPoseGoal.msg
[ 15%] Generating Lisp code from tiago_pick_demo/PickUpPoseActionFeedback.msg
[ 15%] Built target tiago_pick_demo_gencfg
Scanning dependencies of target tiago_pick_demo_generate_messages_nodejs
[ 18%] Generating Python from MSG tiago_pick_demo/PickUpPoseActionResult
[ 21%] Generating Lisp code from tiago_pick_demo/PickUpPoseActionGoal.msg
[ 23%] Generating Javascript code from tiago_pick_demo/PickUpPoseAction.msg
[ 26%] Generating Lisp code from tiago_pick_demo/PickUpPoseFeedback.msg
[ 28%] Generating Python from MSG tiago_pick_demo/PickUpPoseGoal
[ 31%] Generating Javascript code from tiago_pick_demo/PickUpPoseActionResult.msg
[ 34%] Generating Lisp code from tiago_pick_demo/PickUpPoseResult.msg
[ 36%] Generating Javascript code from tiago_pick_demo/PickUpPoseGoal.msg
[ 39%] Generating Python from MSG tiago_pick_demo/PickUpPoseActionFeedback
[ 39%] Built target tiago_pick_demo_generate_messages_lisp
Scanning dependencies of target tiago_pick_demo_generate_messages_eus
[ 42%] Generating Javascript code from tiago_pick_demo/PickUpPoseActionFeedback.msg
[ 44%] Generating EusLisp code from tiago_pick_demo/PickUpPoseAction.msg
[ 47%] Generating Javascript code from tiago_pick_demo/PickUpPoseActionGoal.msg
[ 50%] Generating Python from MSG tiago_pick_demo/PickUpPoseActionGoal
[ 52%] Generating EusLisp code from tiago_pick_demo/PickUpPoseActionResult.msg
[ 55%] Generating Javascript code from tiago_pick_demo/PickUpPoseFeedback.msg
[ 57%] Generating Javascript code from tiago_pick_demo/PickUpPoseResult.msg
[ 60%] Generating Python from MSG tiago_pick_demo/PickUpPoseFeedback
[ 63%] Generating EusLisp code from tiago_pick_demo/PickUpPoseGoal.msg
[ 65%] Generating EusLisp code from tiago_pick_demo/PickUpPoseActionFeedback.msg
[ 65%] Built target tiago_pick_demo_generate_messages_nodejs
Scanning dependencies of target tiago_pick_demo_generate_messages_cpp
[ 68%] Generating C++ code from tiago_pick_demo/PickUpPoseAction.msg
[ 71%] Generating Python from MSG tiago_pick_demo/PickUpPoseResult
[ 73%] Generating EusLisp code from tiago_pick_demo/PickUpPoseActionGoal.msg
[ 76%] Generating C++ code from tiago_pick_demo/PickUpPoseActionResult.msg
[ 78%] Generating EusLisp code from tiago_pick_demo/PickUpPoseFeedback.msg
[ 81%] Generating Python msg __init__.py for tiago_pick_demo
[ 84%] Generating C++ code from tiago_pick_demo/PickUpPoseGoal.msg
[ 86%] Generating EusLisp code from tiago_pick_demo/PickUpPoseResult.msg
[ 86%] Built target tiago_pick_demo_generate_messages_py
[ 89%] Generating EusLisp manifest code for tiago_pick_demo
[ 92%] Generating C++ code from tiago_pick_demo/PickUpPoseActionFeedback.msg
[ 94%] Generating C++ code from tiago_pick_demo/PickUpPoseActionGoal.msg
[ 97%] Generating C++ code from tiago_pick_demo/PickUpPoseFeedback.msg
[100%] Generating C++ code from tiago_pick_demo/PickUpPoseResult.msg
[100%] Built target tiago_pick_demo_generate_messages_cpp
[100%] Built target tiago_pick_demo_generate_messages_eus
Scanning dependencies of target tiago_pick_demo_generate_messages
[100%] Built target tiago_pick_demo_generate_messages
