Scanning dependencies of target _gazebo_msgs_generate_messages_check_deps_GetLinkState
Scanning dependencies of target _gazebo_msgs_generate_messages_check_deps_SetModelState
[  0%] Built target _gazebo_msgs_generate_messages_check_deps_GetLinkState
Scanning dependencies of target _gazebo_msgs_generate_messages_check_deps_SetLinkProperties
[  0%] Built target _gazebo_msgs_generate_messages_check_deps_SetModelState
Scanning dependencies of target geometry_msgs_generate_messages_cpp
[  0%] Built target geometry_msgs_generate_messages_cpp
[  0%] Built target _gazebo_msgs_generate_messages_check_deps_SetLinkProperties
Scanning dependencies of target _gazebo_msgs_generate_messages_check_deps_SetLightProperties
Scanning dependencies of target _gazebo_msgs_generate_messages_check_deps_SetJointTrajectory
[  0%] Built target _gazebo_msgs_generate_messages_check_deps_SetLightProperties
[  0%] Built target _gazebo_msgs_generate_messages_check_deps_SetJointTrajectory
Scanning dependencies of target _gazebo_msgs_generate_messages_check_deps_GetModelProperties
Scanning dependencies of target _gazebo_msgs_generate_messages_check_deps_ApplyBodyWrench
[  0%] Built target _gazebo_msgs_generate_messages_check_deps_ApplyBodyWrench
[  0%] Built target _gazebo_msgs_generate_messages_check_deps_GetModelProperties
Scanning dependencies of target _gazebo_msgs_generate_messages_check_deps_JointRequest
Scanning dependencies of target _gazebo_msgs_generate_messages_check_deps_ContactState
[  0%] Built target _gazebo_msgs_generate_messages_check_deps_ContactState
[  0%] Built target _gazebo_msgs_generate_messages_check_deps_JointRequest
Scanning dependencies of target _gazebo_msgs_generate_messages_check_deps_GetLinkProperties
Scanning dependencies of target _gazebo_msgs_generate_messages_check_deps_GetLightProperties
[  0%] Built target _gazebo_msgs_generate_messages_check_deps_GetLinkProperties
[  0%] Built target _gazebo_msgs_generate_messages_check_deps_GetLightProperties
Scanning dependencies of target _gazebo_msgs_generate_messages_check_deps_ODEJointProperties
Scanning dependencies of target _gazebo_msgs_generate_messages_check_deps_BodyRequest
[  0%] Built target _gazebo_msgs_generate_messages_check_deps_ODEJointProperties
Scanning dependencies of target _gazebo_msgs_generate_messages_check_deps_ModelStates
[  0%] Built target _gazebo_msgs_generate_messages_check_deps_BodyRequest
Scanning dependencies of target _gazebo_msgs_generate_messages_check_deps_GetModelState
[  0%] Built target _gazebo_msgs_generate_messages_check_deps_ModelStates
Scanning dependencies of target _gazebo_msgs_generate_messages_check_deps_ApplyJointEffort
[  0%] Built target _gazebo_msgs_generate_messages_check_deps_GetModelState
Scanning dependencies of target sensor_msgs_generate_messages_cpp
[  0%] Built target _gazebo_msgs_generate_messages_check_deps_ApplyJointEffort
[  0%] Built target sensor_msgs_generate_messages_cpp
Scanning dependencies of target _gazebo_msgs_generate_messages_check_deps_GetPhysicsProperties
[  0%] Built target _gazebo_msgs_generate_messages_check_deps_GetPhysicsProperties
Scanning dependencies of target _gazebo_msgs_generate_messages_check_deps_SpawnModel
Scanning dependencies of target _gazebo_msgs_generate_messages_check_deps_ModelState
[  0%] Built target _gazebo_msgs_generate_messages_check_deps_ModelState
[  0%] Built target _gazebo_msgs_generate_messages_check_deps_SpawnModel
Scanning dependencies of target _gazebo_msgs_generate_messages_check_deps_LinkStates
[  0%] Built target _gazebo_msgs_generate_messages_check_deps_LinkStates
Scanning dependencies of target _gazebo_msgs_generate_messages_check_deps_GetJointProperties
Scanning dependencies of target std_msgs_generate_messages_cpp
[  0%] Built target std_msgs_generate_messages_cpp
Scanning dependencies of target _gazebo_msgs_generate_messages_check_deps_GetWorldProperties
[  0%] Built target _gazebo_msgs_generate_messages_check_deps_GetJointProperties
Scanning dependencies of target _gazebo_msgs_generate_messages_check_deps_DeleteModel
Scanning dependencies of target _gazebo_msgs_generate_messages_check_deps_SetModelConfiguration
[  0%] Built target _gazebo_msgs_generate_messages_check_deps_DeleteModel
[  0%] Built target _gazebo_msgs_generate_messages_check_deps_GetWorldProperties
Scanning dependencies of target _gazebo_msgs_generate_messages_check_deps_DeleteLight
[  0%] Built target _gazebo_msgs_generate_messages_check_deps_SetModelConfiguration
Scanning dependencies of target _gazebo_msgs_generate_messages_check_deps_WorldState
Scanning dependencies of target trajectory_msgs_generate_messages_cpp
[  0%] Built target trajectory_msgs_generate_messages_cpp
[  0%] Built target _gazebo_msgs_generate_messages_check_deps_DeleteLight
Scanning dependencies of target _gazebo_msgs_generate_messages_check_deps_SetJointProperties
[  0%] Built target _gazebo_msgs_generate_messages_check_deps_WorldState
Scanning dependencies of target _gazebo_msgs_generate_messages_check_deps_LinkState
[  0%] Built target _gazebo_msgs_generate_messages_check_deps_SetJointProperties
Scanning dependencies of target _gazebo_msgs_generate_messages_check_deps_ODEPhysics
Scanning dependencies of target _gazebo_msgs_generate_messages_check_deps_SetPhysicsProperties
[  0%] Built target _gazebo_msgs_generate_messages_check_deps_LinkState
[  0%] Built target _gazebo_msgs_generate_messages_check_deps_ODEPhysics
[  0%] Built target _gazebo_msgs_generate_messages_check_deps_SetPhysicsProperties
Scanning dependencies of target _gazebo_msgs_generate_messages_check_deps_ContactsState
[  0%] Built target _gazebo_msgs_generate_messages_check_deps_ContactsState
Scanning dependencies of target _gazebo_msgs_generate_messages_check_deps_SetLinkState
Scanning dependencies of target trajectory_msgs_generate_messages_eus
[  0%] Built target trajectory_msgs_generate_messages_eus
[  0%] Built target _gazebo_msgs_generate_messages_check_deps_SetLinkState
Scanning dependencies of target std_msgs_generate_messages_eus
[  0%] Built target std_msgs_generate_messages_eus
Scanning dependencies of target sensor_msgs_generate_messages_eus
Scanning dependencies of target geometry_msgs_generate_messages_eus
[  0%] Built target sensor_msgs_generate_messages_eus
[  0%] Built target geometry_msgs_generate_messages_eus
Scanning dependencies of target sensor_msgs_generate_messages_py
[  0%] Built target sensor_msgs_generate_messages_py
Scanning dependencies of target trajectory_msgs_generate_messages_py
[  0%] Built target trajectory_msgs_generate_messages_py
Scanning dependencies of target geometry_msgs_generate_messages_py
[  0%] Built target geometry_msgs_generate_messages_py
Scanning dependencies of target std_msgs_generate_messages_py
[  0%] Built target std_msgs_generate_messages_py
Scanning dependencies of target sensor_msgs_generate_messages_nodejs
Scanning dependencies of target trajectory_msgs_generate_messages_nodejs
[  0%] Built target sensor_msgs_generate_messages_nodejs
[  0%] Built target trajectory_msgs_generate_messages_nodejs
Scanning dependencies of target std_msgs_generate_messages_nodejs
[  0%] Built target std_msgs_generate_messages_nodejs
Scanning dependencies of target geometry_msgs_generate_messages_nodejs
[  0%] Built target geometry_msgs_generate_messages_nodejs
Scanning dependencies of target geometry_msgs_generate_messages_lisp
[  0%] Built target geometry_msgs_generate_messages_lisp
Scanning dependencies of target std_msgs_generate_messages_lisp
[  0%] Built target std_msgs_generate_messages_lisp
Scanning dependencies of target trajectory_msgs_generate_messages_lisp
[  0%] Built target trajectory_msgs_generate_messages_lisp
Scanning dependencies of target sensor_msgs_generate_messages_lisp
[  0%] Built target sensor_msgs_generate_messages_lisp
Scanning dependencies of target gazebo_msgs_generate_messages_cpp
[  0%] Generating C++ code from gazebo_msgs/ModelStates.msg
[  1%] Generating C++ code from gazebo_msgs/ODEPhysics.msg
[  1%] Generating C++ code from gazebo_msgs/WorldState.msg
[  2%] Generating C++ code from gazebo_msgs/ModelState.msg
[  3%] Generating C++ code from gazebo_msgs/ContactState.msg
Scanning dependencies of target gazebo_msgs_generate_messages_eus
[  4%] Generating EusLisp code from gazebo_msgs/ModelStates.msg
[  4%] Generating C++ code from gazebo_msgs/LinkStates.msg
[  4%] Generating EusLisp code from gazebo_msgs/ODEPhysics.msg
[  5%] Generating C++ code from gazebo_msgs/LinkState.msg
[  6%] Generating EusLisp code from gazebo_msgs/WorldState.msg
[  7%] Generating EusLisp code from gazebo_msgs/ModelState.msg
Scanning dependencies of target gazebo_msgs_generate_messages_py
[  7%] Generating Python from MSG gazebo_msgs/ModelStates
[  7%] Generating EusLisp code from gazebo_msgs/ContactState.msg
[  7%] Generating C++ code from gazebo_msgs/ODEJointProperties.msg
[  8%] Generating EusLisp code from gazebo_msgs/LinkStates.msg
[  9%] Generating Python from MSG gazebo_msgs/ODEPhysics
[  9%] Generating Python from MSG gazebo_msgs/WorldState
[  9%] Generating EusLisp code from gazebo_msgs/LinkState.msg
[ 10%] Generating Python from MSG gazebo_msgs/ModelState
[ 11%] Generating Python from MSG gazebo_msgs/ContactState
[ 12%] Generating C++ code from gazebo_msgs/ContactsState.msg
[ 13%] Generating EusLisp code from gazebo_msgs/ODEJointProperties.msg
[ 14%] Generating C++ code from gazebo_msgs/GetJointProperties.srv
[ 14%] Generating Python from MSG gazebo_msgs/LinkStates
[ 15%] Generating EusLisp code from gazebo_msgs/ContactsState.msg
[ 15%] Generating C++ code from gazebo_msgs/SetJointProperties.srv
[ 15%] Generating EusLisp code from gazebo_msgs/GetJointProperties.srv
[ 16%] Generating Python from MSG gazebo_msgs/LinkState
[ 17%] Generating EusLisp code from gazebo_msgs/SetJointProperties.srv
[ 18%] Generating Python from MSG gazebo_msgs/ODEJointProperties
[ 19%] Generating C++ code from gazebo_msgs/GetLinkState.srv
[ 19%] Generating EusLisp code from gazebo_msgs/GetLinkState.srv
[ 19%] Generating C++ code from gazebo_msgs/SetLinkState.srv
[ 19%] Generating Python from MSG gazebo_msgs/ContactsState
[ 20%] Generating EusLisp code from gazebo_msgs/SetLinkState.srv
[ 21%] Generating Python code from SRV gazebo_msgs/GetJointProperties
[ 22%] Generating EusLisp code from gazebo_msgs/GetLightProperties.srv
[ 22%] Generating Python code from SRV gazebo_msgs/SetJointProperties
[ 23%] Generating C++ code from gazebo_msgs/GetLightProperties.srv
[ 23%] Generating EusLisp code from gazebo_msgs/SpawnModel.srv
[ 24%] Generating C++ code from gazebo_msgs/SpawnModel.srv
[ 25%] Generating Python code from SRV gazebo_msgs/GetLinkState
[ 26%] Generating EusLisp code from gazebo_msgs/ApplyBodyWrench.srv
[ 27%] Generating Python code from SRV gazebo_msgs/SetLinkState
[ 28%] Generating EusLisp code from gazebo_msgs/SetLinkProperties.srv
[ 28%] Generating Python code from SRV gazebo_msgs/GetLightProperties
[ 28%] Generating EusLisp code from gazebo_msgs/SetModelState.srv
[ 29%] Generating Python code from SRV gazebo_msgs/SpawnModel
[ 29%] Generating C++ code from gazebo_msgs/ApplyBodyWrench.srv
[ 30%] Generating EusLisp code from gazebo_msgs/GetModelProperties.srv
[ 30%] Generating Python code from SRV gazebo_msgs/ApplyBodyWrench
[ 30%] Generating EusLisp code from gazebo_msgs/ApplyJointEffort.srv
[ 31%] Generating Python code from SRV gazebo_msgs/SetLinkProperties
[ 32%] Generating Python code from SRV gazebo_msgs/SetModelState
[ 33%] Generating EusLisp code from gazebo_msgs/SetJointTrajectory.srv
[ 34%] Generating C++ code from gazebo_msgs/SetLinkProperties.srv
[ 35%] Generating EusLisp code from gazebo_msgs/GetPhysicsProperties.srv
[ 35%] Generating Python code from SRV gazebo_msgs/GetModelProperties
[ 35%] Generating EusLisp code from gazebo_msgs/GetModelState.srv
[ 36%] Generating EusLisp code from gazebo_msgs/BodyRequest.srv
[ 36%] Generating EusLisp code from gazebo_msgs/JointRequest.srv
[ 37%] Generating EusLisp code from gazebo_msgs/GetLinkProperties.srv
[ 38%] Generating EusLisp code from gazebo_msgs/SetModelConfiguration.srv
[ 39%] Generating Python code from SRV gazebo_msgs/ApplyJointEffort
[ 39%] Generating EusLisp code from gazebo_msgs/DeleteModel.srv
[ 40%] Generating EusLisp code from gazebo_msgs/SetPhysicsProperties.srv
[ 41%] Generating C++ code from gazebo_msgs/SetModelState.srv
[ 42%] Generating EusLisp code from gazebo_msgs/GetWorldProperties.srv
[ 43%] Generating Python code from SRV gazebo_msgs/SetJointTrajectory
[ 43%] Generating Python code from SRV gazebo_msgs/GetPhysicsProperties
[ 43%] Generating EusLisp code from gazebo_msgs/SetLightProperties.srv
[ 44%] Generating Python code from SRV gazebo_msgs/GetModelState
[ 45%] Generating EusLisp code from gazebo_msgs/DeleteLight.srv
[ 45%] Generating EusLisp manifest code for gazebo_msgs
[ 45%] Generating C++ code from gazebo_msgs/GetModelProperties.srv
[ 45%] Generating Python code from SRV gazebo_msgs/BodyRequest
[ 46%] Generating Python code from SRV gazebo_msgs/JointRequest
[ 47%] Generating Python code from SRV gazebo_msgs/GetLinkProperties
[ 47%] Generating Python code from SRV gazebo_msgs/SetModelConfiguration
[ 48%] Generating Python code from SRV gazebo_msgs/DeleteModel
[ 49%] Generating C++ code from gazebo_msgs/ApplyJointEffort.srv
[ 49%] Generating C++ code from gazebo_msgs/SetJointTrajectory.srv
[ 49%] Generating Python code from SRV gazebo_msgs/SetPhysicsProperties
[ 50%] Generating Python code from SRV gazebo_msgs/GetWorldProperties
[ 51%] Generating C++ code from gazebo_msgs/GetPhysicsProperties.srv
[ 52%] Generating C++ code from gazebo_msgs/GetModelState.srv
[ 53%] Generating Python code from SRV gazebo_msgs/SetLightProperties
[ 53%] Generating C++ code from gazebo_msgs/BodyRequest.srv
[ 54%] Generating C++ code from gazebo_msgs/JointRequest.srv
[ 54%] Generating Python code from SRV gazebo_msgs/DeleteLight
[ 55%] Generating C++ code from gazebo_msgs/SetModelConfiguration.srv
[ 55%] Generating C++ code from gazebo_msgs/GetLinkProperties.srv
[ 56%] Generating Python msg __init__.py for gazebo_msgs
[ 57%] Generating C++ code from gazebo_msgs/DeleteModel.srv
[ 58%] Generating Python srv __init__.py for gazebo_msgs
[ 58%] Generating C++ code from gazebo_msgs/SetPhysicsProperties.srv
[ 58%] Built target gazebo_msgs_generate_messages_eus
Scanning dependencies of target gazebo_msgs_generate_messages_nodejs
[ 59%] Generating Javascript code from gazebo_msgs/ModelStates.msg
[ 59%] Built target gazebo_msgs_generate_messages_py
[ 59%] Generating Javascript code from gazebo_msgs/ODEPhysics.msg
Scanning dependencies of target gazebo_msgs_generate_messages_lisp
[ 60%] Generating Lisp code from gazebo_msgs/ModelStates.msg
[ 61%] Generating C++ code from gazebo_msgs/GetWorldProperties.srv
[ 62%] Generating Lisp code from gazebo_msgs/ODEPhysics.msg
[ 63%] Generating Javascript code from gazebo_msgs/WorldState.msg
[ 63%] Generating Lisp code from gazebo_msgs/WorldState.msg
[ 63%] Generating Javascript code from gazebo_msgs/ModelState.msg
[ 64%] Generating Lisp code from gazebo_msgs/ModelState.msg
[ 65%] Generating Javascript code from gazebo_msgs/ContactState.msg
[ 65%] Generating Lisp code from gazebo_msgs/ContactState.msg
[ 66%] Generating Javascript code from gazebo_msgs/LinkStates.msg
[ 67%] Generating C++ code from gazebo_msgs/SetLightProperties.srv
[ 68%] Generating Javascript code from gazebo_msgs/ODEJointProperties.msg
[ 68%] Generating Javascript code from gazebo_msgs/LinkState.msg
[ 69%] Generating Lisp code from gazebo_msgs/LinkStates.msg
[ 69%] Generating C++ code from gazebo_msgs/DeleteLight.srv
[ 70%] Generating Lisp code from gazebo_msgs/LinkState.msg
[ 70%] Generating Javascript code from gazebo_msgs/GetJointProperties.srv
[ 71%] Generating Javascript code from gazebo_msgs/ContactsState.msg
[ 71%] Generating Lisp code from gazebo_msgs/ODEJointProperties.msg
[ 71%] Generating Javascript code from gazebo_msgs/GetLinkState.srv
[ 72%] Generating Lisp code from gazebo_msgs/ContactsState.msg
[ 73%] Generating Javascript code from gazebo_msgs/SetJointProperties.srv
[ 74%] Generating Javascript code from gazebo_msgs/SetLinkState.srv
[ 75%] Generating Javascript code from gazebo_msgs/GetLightProperties.srv
[ 76%] Generating Lisp code from gazebo_msgs/GetJointProperties.srv
[ 76%] Generating Javascript code from gazebo_msgs/SpawnModel.srv
[ 77%] Generating Javascript code from gazebo_msgs/ApplyBodyWrench.srv
[ 77%] Generating Javascript code from gazebo_msgs/SetLinkProperties.srv
[ 78%] Generating Lisp code from gazebo_msgs/GetLinkState.srv
[ 79%] Generating Lisp code from gazebo_msgs/SetJointProperties.srv
[ 79%] Generating Javascript code from gazebo_msgs/SetModelState.srv
[ 80%] Generating Javascript code from gazebo_msgs/GetModelProperties.srv
[ 80%] Generating Javascript code from gazebo_msgs/ApplyJointEffort.srv
[ 81%] Generating Lisp code from gazebo_msgs/GetLightProperties.srv
[ 82%] Generating Javascript code from gazebo_msgs/SetJointTrajectory.srv
[ 82%] Generating Lisp code from gazebo_msgs/SetLinkState.srv
[ 82%] Generating Lisp code from gazebo_msgs/ApplyBodyWrench.srv
[ 83%] Generating Javascript code from gazebo_msgs/GetPhysicsProperties.srv
[ 84%] Generating Lisp code from gazebo_msgs/SpawnModel.srv
[ 84%] Generating Javascript code from gazebo_msgs/GetModelState.srv
[ 85%] Generating Lisp code from gazebo_msgs/SetLinkProperties.srv
[ 85%] Built target gazebo_msgs_generate_messages_cpp
[ 85%] Generating Lisp code from gazebo_msgs/SetModelState.srv
[ 85%] Generating Javascript code from gazebo_msgs/JointRequest.srv
[ 86%] Generating Javascript code from gazebo_msgs/BodyRequest.srv
[ 87%] Generating Javascript code from gazebo_msgs/SetModelConfiguration.srv
[ 88%] Generating Javascript code from gazebo_msgs/GetLinkProperties.srv
[ 88%] Generating Javascript code from gazebo_msgs/DeleteModel.srv
[ 89%] Generating Lisp code from gazebo_msgs/GetModelProperties.srv
[ 90%] Generating Lisp code from gazebo_msgs/ApplyJointEffort.srv
[ 91%] Generating Javascript code from gazebo_msgs/SetPhysicsProperties.srv
[ 91%] Generating Javascript code from gazebo_msgs/GetWorldProperties.srv
[ 92%] Generating Javascript code from gazebo_msgs/SetLightProperties.srv
[ 93%] Generating Javascript code from gazebo_msgs/DeleteLight.srv
[ 93%] Generating Lisp code from gazebo_msgs/SetJointTrajectory.srv
[ 93%] Generating Lisp code from gazebo_msgs/GetModelState.srv
[ 94%] Generating Lisp code from gazebo_msgs/GetPhysicsProperties.srv
[ 95%] Generating Lisp code from gazebo_msgs/BodyRequest.srv
[ 96%] Generating Lisp code from gazebo_msgs/JointRequest.srv
[ 96%] Generating Lisp code from gazebo_msgs/GetLinkProperties.srv
[ 96%] Built target gazebo_msgs_generate_messages_nodejs
[ 97%] Generating Lisp code from gazebo_msgs/SetModelConfiguration.srv
[ 98%] Generating Lisp code from gazebo_msgs/DeleteModel.srv
[ 98%] Generating Lisp code from gazebo_msgs/SetPhysicsProperties.srv
[ 99%] Generating Lisp code from gazebo_msgs/GetWorldProperties.srv
[ 99%] Generating Lisp code from gazebo_msgs/SetLightProperties.srv
[100%] Generating Lisp code from gazebo_msgs/DeleteLight.srv
[100%] Built target gazebo_msgs_generate_messages_lisp
Scanning dependencies of target gazebo_msgs_generate_messages
[100%] Built target gazebo_msgs_generate_messages
