Determining if the pthread_create exist failed with the following output:
Change Dir: /tiago_public_ws/build/simple_models_gazebo/CMakeFiles/CMakeTmp

Run Build Command:"/usr/bin/make" "cmTC_18f05/fast"
/usr/bin/make -f CMakeFiles/cmTC_18f05.dir/build.make CMakeFiles/cmTC_18f05.dir/build
make[1]: Entering directory '/tiago_public_ws/build/simple_models_gazebo/CMakeFiles/CMakeTmp'
Building C object CMakeFiles/cmTC_18f05.dir/CheckSymbolExists.c.o
/usr/bin/cc    -o CMakeFiles/cmTC_18f05.dir/CheckSymbolExists.c.o   -c /tiago_public_ws/build/simple_models_gazebo/CMakeFiles/CMakeTmp/CheckSymbolExists.c
Linking C executable cmTC_18f05
/usr/bin/cmake -E cmake_link_script CMakeFiles/cmTC_18f05.dir/link.txt --verbose=1
/usr/bin/cc      -rdynamic CMakeFiles/cmTC_18f05.dir/CheckSymbolExists.c.o  -o cmTC_18f05 
CMakeFiles/cmTC_18f05.dir/CheckSymbolExists.c.o: In function `main':
CheckSymbolExists.c:(.text+0x1b): undefined reference to `pthread_create'
collect2: error: ld returned 1 exit status
CMakeFiles/cmTC_18f05.dir/build.make:97: recipe for target 'cmTC_18f05' failed
make[1]: *** [cmTC_18f05] Error 1
make[1]: Leaving directory '/tiago_public_ws/build/simple_models_gazebo/CMakeFiles/CMakeTmp'
Makefile:126: recipe for target 'cmTC_18f05/fast' failed
make: *** [cmTC_18f05/fast] Error 2

File /tiago_public_ws/build/simple_models_gazebo/CMakeFiles/CMakeTmp/CheckSymbolExists.c:
/* */
#include <pthread.h>

int main(int argc, char** argv)
{
  (void)argv;
#ifndef pthread_create
  return ((int*)(&pthread_create))[argc];
#else
  (void)argc;
  return 0;
#endif
}

Determining if the function pthread_create exists in the pthreads failed with the following output:
Change Dir: /tiago_public_ws/build/simple_models_gazebo/CMakeFiles/CMakeTmp

Run Build Command:"/usr/bin/make" "cmTC_81eac/fast"
/usr/bin/make -f CMakeFiles/cmTC_81eac.dir/build.make CMakeFiles/cmTC_81eac.dir/build
make[1]: Entering directory '/tiago_public_ws/build/simple_models_gazebo/CMakeFiles/CMakeTmp'
Building C object CMakeFiles/cmTC_81eac.dir/CheckFunctionExists.c.o
/usr/bin/cc   -DCHECK_FUNCTION_EXISTS=pthread_create   -o CMakeFiles/cmTC_81eac.dir/CheckFunctionExists.c.o   -c /usr/share/cmake-3.10/Modules/CheckFunctionExists.c
Linking C executable cmTC_81eac
/usr/bin/cmake -E cmake_link_script CMakeFiles/cmTC_81eac.dir/link.txt --verbose=1
/usr/bin/cc  -DCHECK_FUNCTION_EXISTS=pthread_create    -rdynamic CMakeFiles/cmTC_81eac.dir/CheckFunctionExists.c.o  -o cmTC_81eac -lpthreads 
/usr/bin/ld: cannot find -lpthreads
collect2: error: ld returned 1 exit status
CMakeFiles/cmTC_81eac.dir/build.make:97: recipe for target 'cmTC_81eac' failed
make[1]: *** [cmTC_81eac] Error 1
make[1]: Leaving directory '/tiago_public_ws/build/simple_models_gazebo/CMakeFiles/CMakeTmp'
Makefile:126: recipe for target 'cmTC_81eac/fast' failed
make: *** [cmTC_81eac/fast] Error 2


