Not searching for unused variables given on the command line.
-- The C compiler identification is GNU 7.5.0
-- The CXX compiler identification is GNU 7.5.0
-- Check for working C compiler: /usr/bin/cc
-- Check for working C compiler: /usr/bin/cc -- works
-- Detecting C compiler ABI info
-- Detecting C compiler ABI info - done
-- Detecting C compile features
-- Detecting C compile features - done
-- Check for working CXX compiler: /usr/bin/c++
-- Check for working CXX compiler: /usr/bin/c++ -- works
-- Detecting CXX compiler ABI info
-- Detecting CXX compiler ABI info - done
-- Detecting CXX compile features
-- Detecting CXX compile features - done
-- Using CATKIN_DEVEL_PREFIX: /tiago_public_ws/devel/.private/backward_ros
-- Using CMAKE_PREFIX_PATH: /tiago_public_ws/devel;/opt/ros/melodic
-- This workspace overlays: /tiago_public_ws/devel;/opt/ros/melodic
-- Found PythonInterp: /usr/bin/python2 (found suitable version "2.7.17", minimum required is "2")
-- Using PYTHON_EXECUTABLE: /usr/bin/python2
-- Using Debian Python package layout
-- Using empy: /usr/bin/empy
-- Using CATKIN_ENABLE_TESTING: 0
-- catkin 0.7.29
-- BUILD_SHARED_LIBS is on
-- Could NOT find libdw (missing: LIBDW_LIBRARY LIBDW_INCLUDE_DIR)
-- Could NOT find libbfd (missing: LIBBFD_LIBRARY LIBBFD_INCLUDE_DIR)
-- BACKWARD_HAS_UNWIND=1
-- BACKWARD_HAS_BACKTRACE=0
-- BACKWARD_HAS_BACKTRACE_SYMBOL=1
-- BACKWARD_HAS_DW=0
-- BACKWARD_HAS_BFD=0
-- Could NOT find Backward (missing: BACKWARD_LIBRARIES)
-- Configuring done
-- Generating done
-- Build files have been written to: /tiago_public_ws/build/backward_ros
