Symlinking /tiago_public_ws/devel/lib/pkgconfig/play_motion_msgs.pc
Symlinking /tiago_public_ws/devel/lib/python2.7/dist-packages/play_motion_msgs/__init__.py
Symlinking /tiago_public_ws/devel/lib/python2.7/dist-packages/play_motion_msgs/msg/_PlayMotionAction.py
Symlinking /tiago_public_ws/devel/lib/python2.7/dist-packages/play_motion_msgs/msg/_PlayMotionFeedback.py
Symlinking /tiago_public_ws/devel/lib/python2.7/dist-packages/play_motion_msgs/msg/_PlayMotionActionGoal.py
Symlinking /tiago_public_ws/devel/lib/python2.7/dist-packages/play_motion_msgs/msg/__init__.py
Symlinking /tiago_public_ws/devel/lib/python2.7/dist-packages/play_motion_msgs/msg/_PlayMotionGoal.py
Symlinking /tiago_public_ws/devel/lib/python2.7/dist-packages/play_motion_msgs/msg/_MotionInfo.py
Symlinking /tiago_public_ws/devel/lib/python2.7/dist-packages/play_motion_msgs/msg/_PlayMotionActionFeedback.py
Symlinking /tiago_public_ws/devel/lib/python2.7/dist-packages/play_motion_msgs/msg/_PlayMotionResult.py
Symlinking /tiago_public_ws/devel/lib/python2.7/dist-packages/play_motion_msgs/msg/_PlayMotionActionResult.py
Symlinking /tiago_public_ws/devel/lib/python2.7/dist-packages/play_motion_msgs/srv/__init__.py
Symlinking /tiago_public_ws/devel/lib/python2.7/dist-packages/play_motion_msgs/srv/_IsAlreadyThere.py
Symlinking /tiago_public_ws/devel/lib/python2.7/dist-packages/play_motion_msgs/srv/_ListMotions.py
Symlinking /tiago_public_ws/devel/share/play_motion_msgs/msg/PlayMotionActionFeedback.msg
Symlinking /tiago_public_ws/devel/share/play_motion_msgs/msg/PlayMotionFeedback.msg
Symlinking /tiago_public_ws/devel/share/play_motion_msgs/msg/PlayMotionActionResult.msg
Symlinking /tiago_public_ws/devel/share/play_motion_msgs/msg/PlayMotionAction.msg
Symlinking /tiago_public_ws/devel/share/play_motion_msgs/msg/PlayMotionGoal.msg
Symlinking /tiago_public_ws/devel/share/play_motion_msgs/msg/PlayMotionResult.msg
Symlinking /tiago_public_ws/devel/share/play_motion_msgs/msg/PlayMotionActionGoal.msg
Symlinking /tiago_public_ws/devel/share/play_motion_msgs/cmake/play_motion_msgs-msg-extras.cmake
Symlinking /tiago_public_ws/devel/share/play_motion_msgs/cmake/play_motion_msgs-msg-paths.cmake
Symlinking /tiago_public_ws/devel/share/play_motion_msgs/cmake/play_motion_msgsConfig-version.cmake
Symlinking /tiago_public_ws/devel/share/play_motion_msgs/cmake/play_motion_msgsConfig.cmake
Symlinking /tiago_public_ws/devel/share/common-lisp/ros/play_motion_msgs/msg/_package_PlayMotionActionResult.lisp
Symlinking /tiago_public_ws/devel/share/common-lisp/ros/play_motion_msgs/msg/PlayMotionGoal.lisp
Symlinking /tiago_public_ws/devel/share/common-lisp/ros/play_motion_msgs/msg/PlayMotionAction.lisp
Symlinking /tiago_public_ws/devel/share/common-lisp/ros/play_motion_msgs/msg/_package_PlayMotionActionGoal.lisp
Symlinking /tiago_public_ws/devel/share/common-lisp/ros/play_motion_msgs/msg/PlayMotionFeedback.lisp
Symlinking /tiago_public_ws/devel/share/common-lisp/ros/play_motion_msgs/msg/PlayMotionActionFeedback.lisp
Symlinking /tiago_public_ws/devel/share/common-lisp/ros/play_motion_msgs/msg/_package_PlayMotionAction.lisp
Symlinking /tiago_public_ws/devel/share/common-lisp/ros/play_motion_msgs/msg/_package.lisp
Symlinking /tiago_public_ws/devel/share/common-lisp/ros/play_motion_msgs/msg/_package_PlayMotionFeedback.lisp
Symlinking /tiago_public_ws/devel/share/common-lisp/ros/play_motion_msgs/msg/_package_PlayMotionActionFeedback.lisp
Symlinking /tiago_public_ws/devel/share/common-lisp/ros/play_motion_msgs/msg/PlayMotionResult.lisp
Symlinking /tiago_public_ws/devel/share/common-lisp/ros/play_motion_msgs/msg/MotionInfo.lisp
Symlinking /tiago_public_ws/devel/share/common-lisp/ros/play_motion_msgs/msg/_package_PlayMotionGoal.lisp
Symlinking /tiago_public_ws/devel/share/common-lisp/ros/play_motion_msgs/msg/_package_MotionInfo.lisp
Symlinking /tiago_public_ws/devel/share/common-lisp/ros/play_motion_msgs/msg/PlayMotionActionResult.lisp
Symlinking /tiago_public_ws/devel/share/common-lisp/ros/play_motion_msgs/msg/PlayMotionActionGoal.lisp
Symlinking /tiago_public_ws/devel/share/common-lisp/ros/play_motion_msgs/msg/play_motion_msgs-msg.asd
Symlinking /tiago_public_ws/devel/share/common-lisp/ros/play_motion_msgs/msg/_package_PlayMotionResult.lisp
Symlinking /tiago_public_ws/devel/share/common-lisp/ros/play_motion_msgs/srv/IsAlreadyThere.lisp
Symlinking /tiago_public_ws/devel/share/common-lisp/ros/play_motion_msgs/srv/_package.lisp
Symlinking /tiago_public_ws/devel/share/common-lisp/ros/play_motion_msgs/srv/play_motion_msgs-srv.asd
Symlinking /tiago_public_ws/devel/share/common-lisp/ros/play_motion_msgs/srv/_package_ListMotions.lisp
Symlinking /tiago_public_ws/devel/share/common-lisp/ros/play_motion_msgs/srv/_package_IsAlreadyThere.lisp
Symlinking /tiago_public_ws/devel/share/common-lisp/ros/play_motion_msgs/srv/ListMotions.lisp
Symlinking /tiago_public_ws/devel/share/gennodejs/ros/play_motion_msgs/_index.js
Symlinking /tiago_public_ws/devel/share/gennodejs/ros/play_motion_msgs/msg/PlayMotionActionFeedback.js
Symlinking /tiago_public_ws/devel/share/gennodejs/ros/play_motion_msgs/msg/PlayMotionResult.js
Symlinking /tiago_public_ws/devel/share/gennodejs/ros/play_motion_msgs/msg/PlayMotionActionResult.js
Symlinking /tiago_public_ws/devel/share/gennodejs/ros/play_motion_msgs/msg/PlayMotionAction.js
Symlinking /tiago_public_ws/devel/share/gennodejs/ros/play_motion_msgs/msg/_index.js
Symlinking /tiago_public_ws/devel/share/gennodejs/ros/play_motion_msgs/msg/MotionInfo.js
Symlinking /tiago_public_ws/devel/share/gennodejs/ros/play_motion_msgs/msg/PlayMotionGoal.js
Symlinking /tiago_public_ws/devel/share/gennodejs/ros/play_motion_msgs/msg/PlayMotionActionGoal.js
Symlinking /tiago_public_ws/devel/share/gennodejs/ros/play_motion_msgs/msg/PlayMotionFeedback.js
Symlinking /tiago_public_ws/devel/share/gennodejs/ros/play_motion_msgs/srv/_index.js
Symlinking /tiago_public_ws/devel/share/gennodejs/ros/play_motion_msgs/srv/IsAlreadyThere.js
Symlinking /tiago_public_ws/devel/share/gennodejs/ros/play_motion_msgs/srv/ListMotions.js
Symlinking /tiago_public_ws/devel/share/roseus/ros/play_motion_msgs/manifest.l
Symlinking /tiago_public_ws/devel/share/roseus/ros/play_motion_msgs/msg/PlayMotionActionGoal.l
Symlinking /tiago_public_ws/devel/share/roseus/ros/play_motion_msgs/msg/PlayMotionGoal.l
Symlinking /tiago_public_ws/devel/share/roseus/ros/play_motion_msgs/msg/PlayMotionAction.l
Symlinking /tiago_public_ws/devel/share/roseus/ros/play_motion_msgs/msg/PlayMotionActionFeedback.l
Symlinking /tiago_public_ws/devel/share/roseus/ros/play_motion_msgs/msg/PlayMotionResult.l
Symlinking /tiago_public_ws/devel/share/roseus/ros/play_motion_msgs/msg/PlayMotionFeedback.l
Symlinking /tiago_public_ws/devel/share/roseus/ros/play_motion_msgs/msg/MotionInfo.l
Symlinking /tiago_public_ws/devel/share/roseus/ros/play_motion_msgs/msg/PlayMotionActionResult.l
Symlinking /tiago_public_ws/devel/share/roseus/ros/play_motion_msgs/srv/ListMotions.l
Symlinking /tiago_public_ws/devel/share/roseus/ros/play_motion_msgs/srv/IsAlreadyThere.l
Symlinking /tiago_public_ws/devel/include/play_motion_msgs/MotionInfo.h
Symlinking /tiago_public_ws/devel/include/play_motion_msgs/PlayMotionActionGoal.h
Symlinking /tiago_public_ws/devel/include/play_motion_msgs/PlayMotionGoal.h
Symlinking /tiago_public_ws/devel/include/play_motion_msgs/PlayMotionActionFeedback.h
Symlinking /tiago_public_ws/devel/include/play_motion_msgs/IsAlreadyThereResponse.h
Symlinking /tiago_public_ws/devel/include/play_motion_msgs/PlayMotionFeedback.h
Symlinking /tiago_public_ws/devel/include/play_motion_msgs/PlayMotionActionResult.h
Symlinking /tiago_public_ws/devel/include/play_motion_msgs/ListMotionsResponse.h
Symlinking /tiago_public_ws/devel/include/play_motion_msgs/PlayMotionAction.h
Symlinking /tiago_public_ws/devel/include/play_motion_msgs/IsAlreadyThere.h
Symlinking /tiago_public_ws/devel/include/play_motion_msgs/IsAlreadyThereRequest.h
Symlinking /tiago_public_ws/devel/include/play_motion_msgs/ListMotionsRequest.h
Symlinking /tiago_public_ws/devel/include/play_motion_msgs/PlayMotionResult.h
Symlinking /tiago_public_ws/devel/include/play_motion_msgs/ListMotions.h
