Scanning dependencies of target _play_motion_msgs_generate_messages_check_deps_PlayMotionFeedback
[  0%] Built target _play_motion_msgs_generate_messages_check_deps_PlayMotionFeedback
Scanning dependencies of target _play_motion_msgs_generate_messages_check_deps_IsAlreadyThere
[  0%] Built target _play_motion_msgs_generate_messages_check_deps_IsAlreadyThere
Scanning dependencies of target _play_motion_msgs_generate_messages_check_deps_MotionInfo
Scanning dependencies of target actionlib_msgs_generate_messages_eus
[  0%] Built target _play_motion_msgs_generate_messages_check_deps_MotionInfo
[  0%] Built target actionlib_msgs_generate_messages_eus
Scanning dependencies of target _play_motion_msgs_generate_messages_check_deps_PlayMotionActionGoal
[  0%] Built target _play_motion_msgs_generate_messages_check_deps_PlayMotionActionGoal
Scanning dependencies of target _play_motion_msgs_generate_messages_check_deps_PlayMotionActionResult
[  0%] Built target _play_motion_msgs_generate_messages_check_deps_PlayMotionActionResult
Scanning dependencies of target _play_motion_msgs_generate_messages_check_deps_PlayMotionGoal
Scanning dependencies of target _play_motion_msgs_generate_messages_check_deps_ListMotions
[  0%] Built target _play_motion_msgs_generate_messages_check_deps_PlayMotionGoal
[  0%] Built target _play_motion_msgs_generate_messages_check_deps_ListMotions
Scanning dependencies of target _play_motion_msgs_generate_messages_check_deps_PlayMotionActionFeedback
Scanning dependencies of target _play_motion_msgs_generate_messages_check_deps_PlayMotionAction
[  0%] Built target _play_motion_msgs_generate_messages_check_deps_PlayMotionActionFeedback
[  0%] Built target _play_motion_msgs_generate_messages_check_deps_PlayMotionAction
Scanning dependencies of target _play_motion_msgs_generate_messages_check_deps_PlayMotionResult
[  0%] Built target _play_motion_msgs_generate_messages_check_deps_PlayMotionResult
Scanning dependencies of target actionlib_msgs_generate_messages_nodejs
[  0%] Built target actionlib_msgs_generate_messages_nodejs
Scanning dependencies of target actionlib_msgs_generate_messages_lisp
[  0%] Built target actionlib_msgs_generate_messages_lisp
Scanning dependencies of target actionlib_msgs_generate_messages_py
[  0%] Built target actionlib_msgs_generate_messages_py
Scanning dependencies of target actionlib_msgs_generate_messages_cpp
[  0%] Built target actionlib_msgs_generate_messages_cpp
Scanning dependencies of target play_motion_msgs_generate_messages_nodejs
Scanning dependencies of target play_motion_msgs_generate_messages_eus
[  1%] Generating Javascript code from play_motion_msgs/PlayMotionFeedback.msg
[  3%] Generating EusLisp code from play_motion_msgs/PlayMotionFeedback.msg
[  5%] Generating Javascript code from play_motion_msgs/PlayMotionGoal.msg
Scanning dependencies of target play_motion_msgs_generate_messages_lisp
[  7%] Generating EusLisp code from play_motion_msgs/PlayMotionGoal.msg
[  9%] Generating Lisp code from play_motion_msgs/PlayMotionFeedback.msg
[ 11%] Generating Javascript code from play_motion_msgs/PlayMotionActionFeedback.msg
[ 13%] Generating Lisp code from play_motion_msgs/PlayMotionGoal.msg
[ 15%] Generating EusLisp code from play_motion_msgs/PlayMotionActionFeedback.msg
[ 16%] Generating Lisp code from play_motion_msgs/PlayMotionActionFeedback.msg
[ 18%] Generating Javascript code from play_motion_msgs/PlayMotionAction.msg
[ 20%] Generating EusLisp code from play_motion_msgs/PlayMotionAction.msg
[ 22%] Generating Lisp code from play_motion_msgs/PlayMotionAction.msg
[ 24%] Generating EusLisp code from play_motion_msgs/MotionInfo.msg
[ 26%] Generating Javascript code from play_motion_msgs/MotionInfo.msg
[ 28%] Generating Javascript code from play_motion_msgs/PlayMotionResult.msg
[ 30%] Generating Lisp code from play_motion_msgs/MotionInfo.msg
[ 32%] Generating EusLisp code from play_motion_msgs/PlayMotionResult.msg
[ 33%] Generating Lisp code from play_motion_msgs/PlayMotionResult.msg
[ 35%] Generating Javascript code from play_motion_msgs/PlayMotionActionGoal.msg
[ 37%] Generating EusLisp code from play_motion_msgs/PlayMotionActionGoal.msg
[ 39%] Generating Lisp code from play_motion_msgs/PlayMotionActionGoal.msg
[ 41%] Generating Javascript code from play_motion_msgs/PlayMotionActionResult.msg
[ 45%] Generating EusLisp code from play_motion_msgs/PlayMotionActionResult.msg
[ 45%] Generating Javascript code from play_motion_msgs/ListMotions.srv
[ 47%] Generating Lisp code from play_motion_msgs/PlayMotionActionResult.msg
[ 49%] Generating Javascript code from play_motion_msgs/IsAlreadyThere.srv
[ 50%] Generating EusLisp code from play_motion_msgs/ListMotions.srv
[ 50%] Built target play_motion_msgs_generate_messages_nodejs
[ 52%] Generating Lisp code from play_motion_msgs/ListMotions.srv
Scanning dependencies of target play_motion_msgs_generate_messages_py
[ 54%] Generating Python from MSG play_motion_msgs/PlayMotionFeedback
[ 56%] Generating Lisp code from play_motion_msgs/IsAlreadyThere.srv
[ 58%] Generating EusLisp code from play_motion_msgs/IsAlreadyThere.srv
[ 58%] Built target play_motion_msgs_generate_messages_lisp
[ 60%] Generating EusLisp manifest code for play_motion_msgs
[ 62%] Generating Python from MSG play_motion_msgs/PlayMotionGoal
[ 64%] Generating Python from MSG play_motion_msgs/PlayMotionActionFeedback
Scanning dependencies of target play_motion_msgs_generate_messages_cpp
[ 66%] Generating C++ code from play_motion_msgs/PlayMotionFeedback.msg
[ 67%] Generating Python from MSG play_motion_msgs/PlayMotionAction
[ 69%] Generating Python from MSG play_motion_msgs/MotionInfo
[ 71%] Generating C++ code from play_motion_msgs/PlayMotionGoal.msg
[ 73%] Generating Python from MSG play_motion_msgs/PlayMotionResult
[ 75%] Generating C++ code from play_motion_msgs/PlayMotionActionFeedback.msg
[ 77%] Generating Python from MSG play_motion_msgs/PlayMotionActionGoal
[ 79%] Generating Python from MSG play_motion_msgs/PlayMotionActionResult
[ 81%] Generating C++ code from play_motion_msgs/PlayMotionAction.msg
[ 83%] Generating Python code from SRV play_motion_msgs/ListMotions
[ 84%] Generating Python code from SRV play_motion_msgs/IsAlreadyThere
[ 86%] Generating C++ code from play_motion_msgs/MotionInfo.msg
[ 88%] Generating Python msg __init__.py for play_motion_msgs
[ 88%] Built target play_motion_msgs_generate_messages_eus
[ 90%] Generating C++ code from play_motion_msgs/PlayMotionResult.msg
[ 92%] Generating C++ code from play_motion_msgs/PlayMotionActionGoal.msg
[ 94%] Generating Python srv __init__.py for play_motion_msgs
[ 94%] Built target play_motion_msgs_generate_messages_py
[ 96%] Generating C++ code from play_motion_msgs/ListMotions.srv
[ 98%] Generating C++ code from play_motion_msgs/PlayMotionActionResult.msg
[100%] Generating C++ code from play_motion_msgs/IsAlreadyThere.srv
[100%] Built target play_motion_msgs_generate_messages_cpp
Scanning dependencies of target play_motion_msgs_generate_messages
[100%] Built target play_motion_msgs_generate_messages
