Scanning dependencies of target _pal_simulation_msgs_generate_messages_check_deps_ExternalWrench
[  0%] Built target _pal_simulation_msgs_generate_messages_check_deps_ExternalWrench
Scanning dependencies of target geometry_msgs_generate_messages_cpp
[  0%] Built target geometry_msgs_generate_messages_cpp
Scanning dependencies of target geometry_msgs_generate_messages_nodejs
[  0%] Built target geometry_msgs_generate_messages_nodejs
Scanning dependencies of target geometry_msgs_generate_messages_lisp
[  0%] Built target geometry_msgs_generate_messages_lisp
Scanning dependencies of target geometry_msgs_generate_messages_eus
[  0%] Built target geometry_msgs_generate_messages_eus
Scanning dependencies of target geometry_msgs_generate_messages_py
[  0%] Built target geometry_msgs_generate_messages_py
Scanning dependencies of target pal_simulation_msgs_generate_messages_cpp
[ 14%] Generating C++ code from pal_simulation_msgs/ExternalWrench.msg
[ 14%] Built target pal_simulation_msgs_generate_messages_cpp
Scanning dependencies of target pal_simulation_msgs_generate_messages_nodejs
[ 28%] Generating Javascript code from pal_simulation_msgs/ExternalWrench.msg
[ 28%] Built target pal_simulation_msgs_generate_messages_nodejs
Scanning dependencies of target pal_simulation_msgs_generate_messages_lisp
[ 42%] Generating Lisp code from pal_simulation_msgs/ExternalWrench.msg
[ 42%] Built target pal_simulation_msgs_generate_messages_lisp
Scanning dependencies of target pal_simulation_msgs_generate_messages_eus
[ 57%] Generating EusLisp code from pal_simulation_msgs/ExternalWrench.msg
[ 71%] Generating EusLisp manifest code for pal_simulation_msgs
[ 71%] Built target pal_simulation_msgs_generate_messages_eus
Scanning dependencies of target pal_simulation_msgs_generate_messages_py
[ 85%] Generating Python from MSG pal_simulation_msgs/ExternalWrench
[100%] Generating Python msg __init__.py for pal_simulation_msgs
[100%] Built target pal_simulation_msgs_generate_messages_py
Scanning dependencies of target pal_simulation_msgs_generate_messages
[100%] Built target pal_simulation_msgs_generate_messages
