Scanning dependencies of target visualization_msgs_generate_messages_eus
[  0%] Built target visualization_msgs_generate_messages_eus
Scanning dependencies of target roscpp_generate_messages_cpp
[  0%] Built target roscpp_generate_messages_cpp
Scanning dependencies of target sensor_msgs_generate_messages_nodejs
[  0%] Built target sensor_msgs_generate_messages_nodejs
Scanning dependencies of target actionlib_generate_messages_cpp
[  0%] Built target actionlib_generate_messages_cpp
Scanning dependencies of target rosgraph_msgs_generate_messages_eus
Scanning dependencies of target roscpp_generate_messages_lisp
[  0%] Built target rosgraph_msgs_generate_messages_eus
[  0%] Built target roscpp_generate_messages_lisp
Scanning dependencies of target tf_generate_messages_lisp
Scanning dependencies of target geometry_msgs_generate_messages_nodejs
[  0%] Built target tf_generate_messages_lisp
[  0%] Built target geometry_msgs_generate_messages_nodejs
Scanning dependencies of target geometry_msgs_generate_messages_lisp
[  0%] Built target geometry_msgs_generate_messages_lisp
Scanning dependencies of target geometry_msgs_generate_messages_eus
[  0%] Built target geometry_msgs_generate_messages_eus
Scanning dependencies of target std_msgs_generate_messages_py
[  0%] Built target std_msgs_generate_messages_py
Scanning dependencies of target roscpp_generate_messages_nodejs
[  0%] Built target roscpp_generate_messages_nodejs
Scanning dependencies of target visualization_msgs_generate_messages_py
[  0%] Built target visualization_msgs_generate_messages_py
Scanning dependencies of target costmap_2d_gencfg
[  0%] Built target costmap_2d_gencfg
Scanning dependencies of target dynamic_reconfigure_generate_messages_cpp
Scanning dependencies of target tf_generate_messages_py
Scanning dependencies of target sensor_msgs_generate_messages_py
[  0%] Built target dynamic_reconfigure_generate_messages_cpp
[  0%] Built target sensor_msgs_generate_messages_py
[  0%] Built target tf_generate_messages_py
Scanning dependencies of target tf_generate_messages_nodejs
Scanning dependencies of target nav_msgs_generate_messages_nodejs
Scanning dependencies of target costmap_2d_generate_messages_nodejs
[  0%] Built target nav_msgs_generate_messages_nodejs
[  0%] Built target tf_generate_messages_nodejs
[  0%] Built target costmap_2d_generate_messages_nodejs
Scanning dependencies of target std_msgs_generate_messages_nodejs
Scanning dependencies of target costmap_2d_generate_messages_py
Scanning dependencies of target dynamic_reconfigure_generate_messages_eus
[  0%] Built target std_msgs_generate_messages_nodejs
[  0%] Built target costmap_2d_generate_messages_py
[  0%] Built target dynamic_reconfigure_generate_messages_eus
Scanning dependencies of target dynamic_reconfigure_generate_messages_lisp
Scanning dependencies of target costmap_2d_generate_messages_eus
Scanning dependencies of target std_msgs_generate_messages_lisp
[  0%] Built target dynamic_reconfigure_generate_messages_lisp
Scanning dependencies of target costmap_2d_generate_messages_lisp
[  0%] Built target costmap_2d_generate_messages_eus
Scanning dependencies of target std_msgs_generate_messages_cpp
[  0%] Built target std_msgs_generate_messages_lisp
[  0%] Built target costmap_2d_generate_messages_lisp
[  0%] Built target std_msgs_generate_messages_cpp
Scanning dependencies of target visualization_msgs_generate_messages_nodejs
Scanning dependencies of target costmap_2d_generate_messages_cpp
[  0%] Built target costmap_2d_generate_messages_cpp
Scanning dependencies of target roscpp_generate_messages_py
[  0%] Built target visualization_msgs_generate_messages_nodejs
Scanning dependencies of target map_msgs_generate_messages_lisp
Scanning dependencies of target rosgraph_msgs_generate_messages_cpp
[  0%] Built target map_msgs_generate_messages_lisp
Scanning dependencies of target dynamic_reconfigure_generate_messages_nodejs
[  0%] Built target roscpp_generate_messages_py
[  0%] Built target dynamic_reconfigure_generate_messages_nodejs
Scanning dependencies of target map_msgs_generate_messages_eus
[  0%] Built target rosgraph_msgs_generate_messages_cpp
Scanning dependencies of target geometry_msgs_generate_messages_py
Scanning dependencies of target dynamic_reconfigure_generate_messages_py
Scanning dependencies of target rosgraph_msgs_generate_messages_lisp
[  0%] Built target geometry_msgs_generate_messages_py
[  0%] Built target dynamic_reconfigure_generate_messages_py
[  0%] Built target map_msgs_generate_messages_eus
Scanning dependencies of target rosgraph_msgs_generate_messages_nodejs
[  0%] Built target rosgraph_msgs_generate_messages_lisp
Scanning dependencies of target sensor_msgs_generate_messages_cpp
Scanning dependencies of target sensor_msgs_generate_messages_eus
Scanning dependencies of target _catkin_empty_exported_target
[  0%] Built target sensor_msgs_generate_messages_cpp
[  0%] Built target rosgraph_msgs_generate_messages_nodejs
[  0%] Built target sensor_msgs_generate_messages_eus
[  0%] Built target _catkin_empty_exported_target
Scanning dependencies of target actionlib_generate_messages_eus
[  0%] Built target actionlib_generate_messages_eus
Scanning dependencies of target geometry_msgs_generate_messages_cpp
[  0%] Built target geometry_msgs_generate_messages_cpp
Scanning dependencies of target actionlib_generate_messages_lisp
[  0%] Built target actionlib_generate_messages_lisp
Scanning dependencies of target map_msgs_generate_messages_py
[  0%] Built target map_msgs_generate_messages_py
Scanning dependencies of target tf_generate_messages_cpp
[  0%] Built target tf_generate_messages_cpp
Scanning dependencies of target actionlib_generate_messages_nodejs
[  0%] Built target actionlib_generate_messages_nodejs
Scanning dependencies of target tf_generate_messages_eus
[  0%] Built target tf_generate_messages_eus
Scanning dependencies of target actionlib_msgs_generate_messages_cpp
[  0%] Built target actionlib_msgs_generate_messages_cpp
Scanning dependencies of target roscpp_generate_messages_eus
[  0%] Built target roscpp_generate_messages_eus
Scanning dependencies of target rosgraph_msgs_generate_messages_py
[  0%] Built target rosgraph_msgs_generate_messages_py
Scanning dependencies of target actionlib_msgs_generate_messages_eus
[  0%] Built target actionlib_msgs_generate_messages_eus
Scanning dependencies of target actionlib_msgs_generate_messages_lisp
[  0%] Built target actionlib_msgs_generate_messages_lisp
Scanning dependencies of target map_msgs_generate_messages_nodejs
[  0%] Built target map_msgs_generate_messages_nodejs
Scanning dependencies of target actionlib_msgs_generate_messages_nodejs
[  0%] Built target actionlib_msgs_generate_messages_nodejs
Scanning dependencies of target actionlib_msgs_generate_messages_py
[  0%] Built target actionlib_msgs_generate_messages_py
Scanning dependencies of target tf2_msgs_generate_messages_cpp
Scanning dependencies of target map_msgs_generate_messages_cpp
[  0%] Built target tf2_msgs_generate_messages_cpp
Scanning dependencies of target actionlib_generate_messages_py
[  0%] Built target map_msgs_generate_messages_cpp
[  0%] Built target actionlib_generate_messages_py
Scanning dependencies of target tf2_msgs_generate_messages_py
Scanning dependencies of target tf2_msgs_generate_messages_nodejs
[  0%] Built target tf2_msgs_generate_messages_py
[  0%] Built target tf2_msgs_generate_messages_nodejs
Scanning dependencies of target sensor_msgs_generate_messages_lisp
Scanning dependencies of target nav_msgs_generate_messages_cpp
[  0%] Built target sensor_msgs_generate_messages_lisp
[  0%] Built target nav_msgs_generate_messages_cpp
Scanning dependencies of target range_sensor_layer_gencfg
Scanning dependencies of target nav_msgs_generate_messages_lisp
[  0%] Built target nav_msgs_generate_messages_lisp
[ 33%] Generating dynamic reconfigure files from cfg/RangeSensorLayer.cfg: /tiago_public_ws/devel/.private/range_sensor_layer/include/range_sensor_layer/RangeSensorLayerConfig.h /tiago_public_ws/devel/.private/range_sensor_layer/lib/python2.7/dist-packages/range_sensor_layer/cfg/RangeSensorLayerConfig.py
Scanning dependencies of target visualization_msgs_generate_messages_lisp
[ 33%] Built target visualization_msgs_generate_messages_lisp
Generating reconfiguration files for RangeSensorLayer in range_sensor_layer
Wrote header file in /tiago_public_ws/devel/.private/range_sensor_layer/include/range_sensor_layer/RangeSensorLayerConfig.h
Scanning dependencies of target std_msgs_generate_messages_eus
[ 33%] Built target std_msgs_generate_messages_eus
Scanning dependencies of target dynamic_reconfigure_gencfg
[ 33%] Built target range_sensor_layer_gencfg
Scanning dependencies of target tf2_msgs_generate_messages_lisp
[ 33%] Built target dynamic_reconfigure_gencfg
[ 33%] Built target tf2_msgs_generate_messages_lisp
Scanning dependencies of target nav_msgs_generate_messages_py
Scanning dependencies of target tf2_msgs_generate_messages_eus
[ 33%] Built target nav_msgs_generate_messages_py
Scanning dependencies of target nav_msgs_generate_messages_eus
[ 33%] Built target tf2_msgs_generate_messages_eus
Scanning dependencies of target visualization_msgs_generate_messages_cpp
[ 33%] Built target nav_msgs_generate_messages_eus
[ 33%] Built target visualization_msgs_generate_messages_cpp
Scanning dependencies of target range_sensor_layer
[ 66%] Building CXX object CMakeFiles/range_sensor_layer.dir/src/range_sensor_layer.cpp.o
[100%] Linking CXX shared library /tiago_public_ws/devel/.private/range_sensor_layer/lib/librange_sensor_layer.so
[100%] Built target range_sensor_layer
