Scanning dependencies of target sensor_msgs_generate_messages_nodejs
[  0%] Built target sensor_msgs_generate_messages_nodejs
Scanning dependencies of target trajectory_msgs_generate_messages_nodejs
[  0%] Built target trajectory_msgs_generate_messages_nodejs
Scanning dependencies of target trajectory_msgs_generate_messages_lisp
[  0%] Built target trajectory_msgs_generate_messages_lisp
Scanning dependencies of target trajectory_msgs_generate_messages_cpp
[  0%] Built target trajectory_msgs_generate_messages_cpp
Scanning dependencies of target gazebo_msgs_generate_messages_eus
[  0%] Built target gazebo_msgs_generate_messages_eus
Scanning dependencies of target dynamic_reconfigure_gencfg
[  0%] Built target dynamic_reconfigure_gencfg
Scanning dependencies of target dynamic_reconfigure_generate_messages_py
[  0%] Built target dynamic_reconfigure_generate_messages_py
Scanning dependencies of target dynamic_reconfigure_generate_messages_nodejs
[  0%] Built target dynamic_reconfigure_generate_messages_nodejs
Scanning dependencies of target dynamic_reconfigure_generate_messages_lisp
[  0%] Built target dynamic_reconfigure_generate_messages_lisp
Scanning dependencies of target dynamic_reconfigure_generate_messages_eus
Scanning dependencies of target tf2_msgs_generate_messages_nodejs
[  0%] Built target tf2_msgs_generate_messages_nodejs
Scanning dependencies of target tf2_msgs_generate_messages_py
[  0%] Built target tf2_msgs_generate_messages_py
[  0%] Built target dynamic_reconfigure_generate_messages_eus
Scanning dependencies of target tf2_msgs_generate_messages_lisp
[  0%] Built target tf2_msgs_generate_messages_lisp
Scanning dependencies of target tf2_msgs_generate_messages_eus
[  0%] Built target tf2_msgs_generate_messages_eus
Scanning dependencies of target tf2_msgs_generate_messages_cpp
[  0%] Built target tf2_msgs_generate_messages_cpp
Scanning dependencies of target actionlib_msgs_generate_messages_py
[  0%] Built target actionlib_msgs_generate_messages_py
Scanning dependencies of target actionlib_msgs_generate_messages_nodejs
[  0%] Built target actionlib_msgs_generate_messages_nodejs
Scanning dependencies of target actionlib_msgs_generate_messages_lisp
[  0%] Built target actionlib_msgs_generate_messages_lisp
Scanning dependencies of target actionlib_msgs_generate_messages_eus
[  0%] Built target actionlib_msgs_generate_messages_eus
Scanning dependencies of target actionlib_generate_messages_py
Scanning dependencies of target actionlib_generate_messages_nodejs
[  0%] Built target actionlib_generate_messages_py
[  0%] Built target actionlib_generate_messages_nodejs
Scanning dependencies of target actionlib_generate_messages_eus
[  0%] Built target actionlib_generate_messages_eus
Scanning dependencies of target gazebo_msgs_generate_messages_cpp
[  0%] Built target gazebo_msgs_generate_messages_cpp
Scanning dependencies of target std_msgs_generate_messages_nodejs
[  0%] Built target std_msgs_generate_messages_nodejs
Scanning dependencies of target std_msgs_generate_messages_cpp
[  0%] Built target std_msgs_generate_messages_cpp
Scanning dependencies of target rosgraph_msgs_generate_messages_py
[  0%] Built target rosgraph_msgs_generate_messages_py
Scanning dependencies of target rosgraph_msgs_generate_messages_nodejs
[  0%] Built target rosgraph_msgs_generate_messages_nodejs
Scanning dependencies of target gazebo_msgs_generate_messages_py
Scanning dependencies of target trajectory_msgs_generate_messages_py
[  0%] Built target gazebo_msgs_generate_messages_py
[  0%] Built target trajectory_msgs_generate_messages_py
Scanning dependencies of target sensor_msgs_generate_messages_py
Scanning dependencies of target std_msgs_generate_messages_eus
[  0%] Built target std_msgs_generate_messages_eus
[  0%] Built target sensor_msgs_generate_messages_py
Scanning dependencies of target tf_generate_messages_py
Scanning dependencies of target rosgraph_msgs_generate_messages_lisp
[  0%] Built target rosgraph_msgs_generate_messages_lisp
[  0%] Built target tf_generate_messages_py
Scanning dependencies of target rosgraph_msgs_generate_messages_eus
Scanning dependencies of target actionlib_msgs_generate_messages_cpp
[  0%] Built target rosgraph_msgs_generate_messages_eus
Scanning dependencies of target std_srvs_generate_messages_cpp
[  0%] Built target actionlib_msgs_generate_messages_cpp
Scanning dependencies of target tf_generate_messages_eus
[  0%] Built target std_srvs_generate_messages_cpp
[  0%] Built target tf_generate_messages_eus
Scanning dependencies of target std_msgs_generate_messages_lisp
Scanning dependencies of target tf_generate_messages_cpp
[  0%] Built target std_msgs_generate_messages_lisp
[  0%] Built target tf_generate_messages_cpp
Scanning dependencies of target sensor_msgs_generate_messages_eus
Scanning dependencies of target sensor_msgs_generate_messages_cpp
[  0%] Built target sensor_msgs_generate_messages_eus
[  0%] Built target sensor_msgs_generate_messages_cpp
Scanning dependencies of target dynamic_reconfigure_generate_messages_cpp
[  0%] Built target dynamic_reconfigure_generate_messages_cpp
Scanning dependencies of target rosgraph_msgs_generate_messages_cpp
Scanning dependencies of target trajectory_msgs_generate_messages_eus
[  0%] Built target rosgraph_msgs_generate_messages_cpp
[  0%] Built target trajectory_msgs_generate_messages_eus
Scanning dependencies of target tf_generate_messages_nodejs
Scanning dependencies of target roscpp_generate_messages_py
[  0%] Built target tf_generate_messages_nodejs
[  0%] Built target roscpp_generate_messages_py
Scanning dependencies of target gazebo_msgs_generate_messages_nodejs
[  0%] Built target gazebo_msgs_generate_messages_nodejs
Scanning dependencies of target gazebo_msgs_generate_messages_lisp
[  0%] Built target gazebo_msgs_generate_messages_lisp
Scanning dependencies of target roscpp_generate_messages_lisp
[  0%] Built target roscpp_generate_messages_lisp
Scanning dependencies of target geometry_msgs_generate_messages_nodejs
[  0%] Built target geometry_msgs_generate_messages_nodejs
Scanning dependencies of target tf_generate_messages_lisp
[  0%] Built target tf_generate_messages_lisp
Scanning dependencies of target geometry_msgs_generate_messages_eus
[  0%] Built target geometry_msgs_generate_messages_eus
Scanning dependencies of target roscpp_generate_messages_eus
[  0%] Built target roscpp_generate_messages_eus
Scanning dependencies of target roscpp_generate_messages_nodejs
[  0%] Built target roscpp_generate_messages_nodejs
Scanning dependencies of target gazebo_ros_gencfg
[ 20%] Generating dynamic reconfigure files from cfg/Physics.cfg: /tiago_public_ws/devel/.private/gazebo_ros/include/gazebo_ros/PhysicsConfig.h /tiago_public_ws/devel/.private/gazebo_ros/lib/python2.7/dist-packages/gazebo_ros/cfg/PhysicsConfig.py
Generating reconfiguration files for Physics in gazebo_ros
Wrote header file in /tiago_public_ws/devel/.private/gazebo_ros/include/gazebo_ros/PhysicsConfig.h
[ 20%] Built target gazebo_ros_gencfg
Scanning dependencies of target std_msgs_generate_messages_py
[ 20%] Built target std_msgs_generate_messages_py
Scanning dependencies of target std_srvs_generate_messages_lisp
[ 20%] Built target std_srvs_generate_messages_lisp
Scanning dependencies of target geometry_msgs_generate_messages_cpp
[ 20%] Built target geometry_msgs_generate_messages_cpp
Scanning dependencies of target geometry_msgs_generate_messages_lisp
[ 20%] Built target geometry_msgs_generate_messages_lisp
Scanning dependencies of target geometry_msgs_generate_messages_py
[ 20%] Built target geometry_msgs_generate_messages_py
Scanning dependencies of target actionlib_generate_messages_lisp
[ 20%] Built target actionlib_generate_messages_lisp
Scanning dependencies of target std_srvs_generate_messages_nodejs
[ 20%] Built target std_srvs_generate_messages_nodejs
Scanning dependencies of target std_srvs_generate_messages_py
[ 20%] Built target std_srvs_generate_messages_py
Scanning dependencies of target std_srvs_generate_messages_eus
[ 20%] Built target std_srvs_generate_messages_eus
Scanning dependencies of target sensor_msgs_generate_messages_lisp
[ 20%] Built target sensor_msgs_generate_messages_lisp
Scanning dependencies of target actionlib_generate_messages_cpp
[ 20%] Built target actionlib_generate_messages_cpp
Scanning dependencies of target roscpp_generate_messages_cpp
[ 20%] Built target roscpp_generate_messages_cpp
Scanning dependencies of target gazebo_ros_api_plugin
[ 40%] Building CXX object CMakeFiles/gazebo_ros_api_plugin.dir/src/gazebo_ros_api_plugin.cpp.o
Scanning dependencies of target gazebo_ros_paths_plugin
[ 60%] Building CXX object CMakeFiles/gazebo_ros_paths_plugin.dir/src/gazebo_ros_paths_plugin.cpp.o
[ 80%] Linking CXX shared library /tiago_public_ws/devel/.private/gazebo_ros/lib/libgazebo_ros_paths_plugin.so
[ 80%] Built target gazebo_ros_paths_plugin
[100%] Linking CXX shared library /tiago_public_ws/devel/.private/gazebo_ros/lib/libgazebo_ros_api_plugin.so
[100%] Built target gazebo_ros_api_plugin
