Scanning dependencies of target _temperature_sensor_controller_generate_messages_check_deps_ActuatorTemperatureState
[  0%] Built target _temperature_sensor_controller_generate_messages_check_deps_ActuatorTemperatureState
Scanning dependencies of target std_msgs_generate_messages_cpp
[  0%] Built target std_msgs_generate_messages_cpp
Scanning dependencies of target std_msgs_generate_messages_py
[  0%] Built target std_msgs_generate_messages_py
Scanning dependencies of target std_msgs_generate_messages_nodejs
[  0%] Built target std_msgs_generate_messages_nodejs
Scanning dependencies of target rosgraph_msgs_generate_messages_py
[  0%] Built target rosgraph_msgs_generate_messages_py
Scanning dependencies of target rosgraph_msgs_generate_messages_nodejs
[  0%] Built target rosgraph_msgs_generate_messages_nodejs
Scanning dependencies of target std_msgs_generate_messages_eus
[  0%] Built target std_msgs_generate_messages_eus
Scanning dependencies of target rosgraph_msgs_generate_messages_lisp
[  0%] Built target rosgraph_msgs_generate_messages_lisp
Scanning dependencies of target rosgraph_msgs_generate_messages_eus
[  0%] Built target rosgraph_msgs_generate_messages_eus
Scanning dependencies of target std_msgs_generate_messages_lisp
[  0%] Built target std_msgs_generate_messages_lisp
Scanning dependencies of target sensor_msgs_generate_messages_cpp
[  0%] Built target sensor_msgs_generate_messages_cpp
Scanning dependencies of target sensor_msgs_generate_messages_eus
[  0%] Built target sensor_msgs_generate_messages_eus
Scanning dependencies of target rosgraph_msgs_generate_messages_cpp
[  0%] Built target rosgraph_msgs_generate_messages_cpp
Scanning dependencies of target temperature_sensor_controller_generate_messages_eus
[ 11%] Generating EusLisp code from temperature_sensor_controller/ActuatorTemperatureState.msg
[ 22%] Generating EusLisp manifest code for temperature_sensor_controller
Scanning dependencies of target roscpp_generate_messages_lisp
[ 22%] Built target roscpp_generate_messages_lisp
Scanning dependencies of target geometry_msgs_generate_messages_nodejs
[ 22%] Built target geometry_msgs_generate_messages_nodejs
Scanning dependencies of target geometry_msgs_generate_messages_eus
[ 22%] Built target geometry_msgs_generate_messages_eus
Scanning dependencies of target roscpp_generate_messages_eus
[ 22%] Built target roscpp_generate_messages_eus
Scanning dependencies of target roscpp_generate_messages_nodejs
[ 22%] Built target roscpp_generate_messages_nodejs
Scanning dependencies of target sensor_msgs_generate_messages_lisp
[ 22%] Built target sensor_msgs_generate_messages_lisp
Scanning dependencies of target roscpp_generate_messages_cpp
[ 22%] Built target roscpp_generate_messages_cpp
Scanning dependencies of target sensor_msgs_generate_messages_nodejs
[ 22%] Built target temperature_sensor_controller_generate_messages_eus
[ 22%] Built target sensor_msgs_generate_messages_nodejs
Scanning dependencies of target sensor_msgs_generate_messages_py
[ 22%] Built target sensor_msgs_generate_messages_py
Scanning dependencies of target roscpp_generate_messages_py
Scanning dependencies of target temperature_sensor_controller_generate_messages_nodejs
[ 22%] Built target roscpp_generate_messages_py
Scanning dependencies of target geometry_msgs_generate_messages_cpp
[ 33%] Generating Javascript code from temperature_sensor_controller/ActuatorTemperatureState.msg
[ 33%] Built target geometry_msgs_generate_messages_cpp
Scanning dependencies of target geometry_msgs_generate_messages_lisp
[ 33%] Built target geometry_msgs_generate_messages_lisp
Scanning dependencies of target temperature_sensor_controller_generate_messages_lisp
[ 33%] Built target temperature_sensor_controller_generate_messages_nodejs
[ 44%] Generating Lisp code from temperature_sensor_controller/ActuatorTemperatureState.msg
[ 44%] Built target temperature_sensor_controller_generate_messages_lisp
Scanning dependencies of target geometry_msgs_generate_messages_py
[ 44%] Built target geometry_msgs_generate_messages_py
Scanning dependencies of target temperature_sensor_controller_generate_messages_cpp
[ 55%] Generating C++ code from temperature_sensor_controller/ActuatorTemperatureState.msg
Scanning dependencies of target temperature_sensor_controller_generate_messages_py
[ 66%] Generating Python from MSG temperature_sensor_controller/ActuatorTemperatureState
[ 66%] Built target temperature_sensor_controller_generate_messages_cpp
[ 77%] Generating Python msg __init__.py for temperature_sensor_controller
[ 77%] Built target temperature_sensor_controller_generate_messages_py
Scanning dependencies of target temperature_sensor_controller
[ 88%] Building CXX object CMakeFiles/temperature_sensor_controller.dir/src/temperature_sensor_controller.cpp.o
Scanning dependencies of target temperature_sensor_controller_generate_messages
[ 88%] Built target temperature_sensor_controller_generate_messages
[100%] Linking CXX shared library /tiago_public_ws/devel/.private/temperature_sensor_controller/lib/libtemperature_sensor_controller.so
[100%] Built target temperature_sensor_controller
