Scanning dependencies of target visualization_msgs_generate_messages_nodejs
Scanning dependencies of target visualization_msgs_generate_messages_py
Scanning dependencies of target _dynamic_introspection_generate_messages_check_deps_IntrospectionMsg
Scanning dependencies of target _dynamic_introspection_generate_messages_check_deps_MarkerParameter
Scanning dependencies of target _dynamic_introspection_generate_messages_check_deps_BoolParameter
Scanning dependencies of target visualization_msgs_generate_messages_eus
Scanning dependencies of target _dynamic_introspection_generate_messages_check_deps_IntParameter
Scanning dependencies of target _dynamic_introspection_generate_messages_check_deps_DoubleParameter
[  0%] Built target visualization_msgs_generate_messages_nodejs
[  0%] Built target visualization_msgs_generate_messages_eus
[  0%] Built target visualization_msgs_generate_messages_py
Scanning dependencies of target geometry_msgs_generate_messages_py
Scanning dependencies of target visualization_msgs_generate_messages_cpp
[  0%] Built target visualization_msgs_generate_messages_cpp
Scanning dependencies of target geometry_msgs_generate_messages_nodejs
[  0%] Built target _dynamic_introspection_generate_messages_check_deps_IntrospectionMsg
[  0%] Built target _dynamic_introspection_generate_messages_check_deps_BoolParameter
[  0%] Built target geometry_msgs_generate_messages_py
Scanning dependencies of target geometry_msgs_generate_messages_lisp
[  0%] Built target _dynamic_introspection_generate_messages_check_deps_MarkerParameter
Scanning dependencies of target std_msgs_generate_messages_nodejs
[  0%] Built target _dynamic_introspection_generate_messages_check_deps_IntParameter
[  0%] Built target geometry_msgs_generate_messages_nodejs
[  0%] Built target _dynamic_introspection_generate_messages_check_deps_DoubleParameter
Scanning dependencies of target geometry_msgs_generate_messages_cpp
Scanning dependencies of target visualization_msgs_generate_messages_lisp
[  0%] Built target std_msgs_generate_messages_nodejs
Scanning dependencies of target rosgraph_msgs_generate_messages_py
Scanning dependencies of target std_msgs_generate_messages_eus
[  0%] Built target geometry_msgs_generate_messages_cpp
[  0%] Built target geometry_msgs_generate_messages_lisp
Scanning dependencies of target pal_statistics_msgs_generate_messages_py
[  0%] Built target visualization_msgs_generate_messages_lisp
Scanning dependencies of target rosgraph_msgs_generate_messages_lisp
Scanning dependencies of target rosgraph_msgs_generate_messages_nodejs
[  0%] Built target rosgraph_msgs_generate_messages_py
Scanning dependencies of target std_msgs_generate_messages_lisp
Scanning dependencies of target std_srvs_generate_messages_cpp
[  0%] Built target std_msgs_generate_messages_eus
[  0%] Built target rosgraph_msgs_generate_messages_nodejs
[  0%] Built target std_msgs_generate_messages_lisp
Scanning dependencies of target roscpp_generate_messages_py
[  0%] Built target rosgraph_msgs_generate_messages_lisp
[  0%] Built target pal_statistics_msgs_generate_messages_py
Scanning dependencies of target pal_statistics_msgs_generate_messages_cpp
[  0%] Built target std_srvs_generate_messages_cpp
Scanning dependencies of target roscpp_generate_messages_cpp
Scanning dependencies of target roscpp_generate_messages_lisp
Scanning dependencies of target roscpp_generate_messages_eus
[  0%] Built target roscpp_generate_messages_py
Scanning dependencies of target geometry_msgs_generate_messages_eus
Scanning dependencies of target roscpp_generate_messages_nodejs
[  0%] Built target pal_statistics_msgs_generate_messages_cpp
Scanning dependencies of target std_srvs_generate_messages_eus
[  0%] Built target roscpp_generate_messages_eus
[  0%] Built target roscpp_generate_messages_lisp
Scanning dependencies of target std_msgs_generate_messages_py
[  0%] Built target roscpp_generate_messages_cpp
Scanning dependencies of target std_srvs_generate_messages_nodejs
[  0%] Built target roscpp_generate_messages_nodejs
[  0%] Built target geometry_msgs_generate_messages_eus
Scanning dependencies of target std_srvs_generate_messages_py
[  0%] Built target std_msgs_generate_messages_py
Scanning dependencies of target rosgraph_msgs_generate_messages_cpp
[  0%] Built target std_srvs_generate_messages_eus
[  0%] Built target std_srvs_generate_messages_py
[  0%] Built target std_srvs_generate_messages_nodejs
Scanning dependencies of target topic_tools_generate_messages_cpp
Scanning dependencies of target pal_statistics_msgs_generate_messages_lisp
Scanning dependencies of target std_srvs_generate_messages_lisp
Scanning dependencies of target topic_tools_generate_messages_eus
[  0%] Built target rosgraph_msgs_generate_messages_cpp
Scanning dependencies of target topic_tools_generate_messages_py
Scanning dependencies of target topic_tools_generate_messages_nodejs
[  0%] Built target std_srvs_generate_messages_lisp
[  0%] Built target topic_tools_generate_messages_eus
Scanning dependencies of target topic_tools_generate_messages_lisp
Scanning dependencies of target rosgraph_msgs_generate_messages_eus
[  0%] Built target pal_statistics_msgs_generate_messages_lisp
[  0%] Built target topic_tools_generate_messages_nodejs
[  0%] Built target topic_tools_generate_messages_py
[  0%] Built target topic_tools_generate_messages_cpp
Scanning dependencies of target pal_statistics_msgs_generate_messages_eus
[  0%] Built target rosgraph_msgs_generate_messages_eus
[  0%] Built target topic_tools_generate_messages_lisp
Scanning dependencies of target std_msgs_generate_messages_cpp
Scanning dependencies of target dynamic_introspection_generate_messages_nodejs
Scanning dependencies of target dynamic_introspection_generate_messages_eus
Scanning dependencies of target pal_statistics_msgs_generate_messages_nodejs
Scanning dependencies of target dynamic_introspection_generate_messages_py
[  0%] Built target pal_statistics_msgs_generate_messages_eus
Scanning dependencies of target dynamic_introspection_generate_messages_lisp
Scanning dependencies of target dynamic_introspection_generate_messages_cpp
[  0%] Built target std_msgs_generate_messages_cpp
[  3%] Generating Javascript code from dynamic_introspection/DoubleParameter.msg
[  6%] Generating EusLisp code from dynamic_introspection/IntrospectionMsg.msg
[ 10%] Generating Javascript code from dynamic_introspection/IntrospectionMsg.msg
[ 13%] Generating C++ code from dynamic_introspection/IntrospectionMsg.msg
[ 13%] Built target pal_statistics_msgs_generate_messages_nodejs
[ 16%] Generating Python from MSG dynamic_introspection/DoubleParameter
[ 20%] Generating Python from MSG dynamic_introspection/IntrospectionMsg
[ 26%] Generating Javascript code from dynamic_introspection/MarkerParameter.msg
[ 26%] Generating Lisp code from dynamic_introspection/IntrospectionMsg.msg
[ 30%] Generating Python from MSG dynamic_introspection/MarkerParameter
[ 33%] Generating Python from MSG dynamic_introspection/BoolParameter
[ 36%] Generating EusLisp code from dynamic_introspection/DoubleParameter.msg
[ 40%] Generating Javascript code from dynamic_introspection/BoolParameter.msg
[ 43%] Generating Lisp code from dynamic_introspection/DoubleParameter.msg
[ 46%] Generating Lisp code from dynamic_introspection/MarkerParameter.msg
[ 50%] Generating Lisp code from dynamic_introspection/BoolParameter.msg
[ 53%] Generating Python from MSG dynamic_introspection/IntParameter
[ 56%] Generating Javascript code from dynamic_introspection/IntParameter.msg
[ 60%] Generating EusLisp code from dynamic_introspection/MarkerParameter.msg
[ 63%] Generating C++ code from dynamic_introspection/DoubleParameter.msg
[ 66%] Generating Lisp code from dynamic_introspection/IntParameter.msg
[ 70%] Generating C++ code from dynamic_introspection/MarkerParameter.msg
[ 73%] Generating EusLisp code from dynamic_introspection/BoolParameter.msg
[ 73%] Built target dynamic_introspection_generate_messages_nodejs
[ 76%] Generating C++ code from dynamic_introspection/BoolParameter.msg
[ 80%] Generating EusLisp code from dynamic_introspection/IntParameter.msg
[ 83%] Generating C++ code from dynamic_introspection/IntParameter.msg
[ 83%] Built target dynamic_introspection_generate_messages_lisp
[ 86%] Generating EusLisp manifest code for dynamic_introspection
[ 90%] Generating Python msg __init__.py for dynamic_introspection
[ 90%] Built target dynamic_introspection_generate_messages_py
[ 90%] Built target dynamic_introspection_generate_messages_cpp
[ 90%] Built target dynamic_introspection_generate_messages_eus
Scanning dependencies of target dynamic_introspection_generate_messages
Scanning dependencies of target dynamic_introspection
[ 90%] Built target dynamic_introspection_generate_messages
[ 93%] Building CXX object CMakeFiles/dynamic_introspection.dir/src/dynamic_introspection_utils.cpp.o
[ 96%] Building CXX object CMakeFiles/dynamic_introspection.dir/src/introspection_online_utils.cpp.o
[100%] Linking CXX shared library /tiago_public_ws/devel/.private/dynamic_introspection/lib/libdynamic_introspection.so
[100%] Built target dynamic_introspection
