Scanning dependencies of target _tf_lookup_generate_messages_check_deps_TfStreamActionFeedback
Scanning dependencies of target _tf_lookup_generate_messages_check_deps_TfLookupActionFeedback
Scanning dependencies of target geometry_msgs_generate_messages_cpp
[  0%] Built target geometry_msgs_generate_messages_cpp
Scanning dependencies of target _tf_lookup_generate_messages_check_deps_TfLookupAction
Scanning dependencies of target _tf_lookup_generate_messages_check_deps_TfStreamActionResult
Scanning dependencies of target _tf_lookup_generate_messages_check_deps_TfLookupResult
[  0%] Built target _tf_lookup_generate_messages_check_deps_TfStreamActionFeedback
[  0%] Built target _tf_lookup_generate_messages_check_deps_TfLookupActionFeedback
Scanning dependencies of target actionlib_msgs_generate_messages_cpp
Scanning dependencies of target _tf_lookup_generate_messages_check_deps_TfLookupActionResult
Scanning dependencies of target _tf_lookup_generate_messages_check_deps_TfLookupFeedback
[  0%] Built target actionlib_msgs_generate_messages_cpp
[  0%] Built target _tf_lookup_generate_messages_check_deps_TfLookupAction
Scanning dependencies of target _tf_lookup_generate_messages_check_deps_TfStreamActionGoal
[  0%] Built target _tf_lookup_generate_messages_check_deps_TfStreamActionResult
[  0%] Built target _tf_lookup_generate_messages_check_deps_TfLookupResult
Scanning dependencies of target _tf_lookup_generate_messages_check_deps_TfLookupActionGoal
[  0%] Built target _tf_lookup_generate_messages_check_deps_TfLookupFeedback
Scanning dependencies of target _tf_lookup_generate_messages_check_deps_TfStreamResult
Scanning dependencies of target _tf_lookup_generate_messages_check_deps_Subscription
[  0%] Built target _tf_lookup_generate_messages_check_deps_TfStreamActionGoal
[  0%] Built target _tf_lookup_generate_messages_check_deps_TfLookupActionResult
Scanning dependencies of target _tf_lookup_generate_messages_check_deps_lookupTransform
[  0%] Built target _tf_lookup_generate_messages_check_deps_TfLookupActionGoal
Scanning dependencies of target _tf_lookup_generate_messages_check_deps_TfStreamAction
Scanning dependencies of target _tf_lookup_generate_messages_check_deps_TfStreamGoal
Scanning dependencies of target _tf_lookup_generate_messages_check_deps_TfLookupGoal
[  0%] Built target _tf_lookup_generate_messages_check_deps_Subscription
Scanning dependencies of target _tf_lookup_generate_messages_check_deps_TfStreamFeedback
[  0%] Built target _tf_lookup_generate_messages_check_deps_lookupTransform
[  0%] Built target _tf_lookup_generate_messages_check_deps_TfStreamGoal
[  0%] Built target _tf_lookup_generate_messages_check_deps_TfStreamAction
[  0%] Built target _tf_lookup_generate_messages_check_deps_TfStreamResult
Scanning dependencies of target geometry_msgs_generate_messages_lisp
[  0%] Built target _tf_lookup_generate_messages_check_deps_TfLookupGoal
[  0%] Built target geometry_msgs_generate_messages_lisp
Scanning dependencies of target geometry_msgs_generate_messages_py
Scanning dependencies of target actionlib_msgs_generate_messages_lisp
Scanning dependencies of target actionlib_msgs_generate_messages_py
Scanning dependencies of target geometry_msgs_generate_messages_eus
[  0%] Built target _tf_lookup_generate_messages_check_deps_TfStreamFeedback
Scanning dependencies of target actionlib_msgs_generate_messages_eus
[  0%] Built target geometry_msgs_generate_messages_py
[  0%] Built target actionlib_msgs_generate_messages_py
[  0%] Built target geometry_msgs_generate_messages_eus
Scanning dependencies of target geometry_msgs_generate_messages_nodejs
[  0%] Built target actionlib_msgs_generate_messages_eus
[  0%] Built target actionlib_msgs_generate_messages_lisp
Scanning dependencies of target actionlib_msgs_generate_messages_nodejs
Scanning dependencies of target tf_lookup_generate_messages_py
Scanning dependencies of target tf_lookup_generate_messages_cpp
Scanning dependencies of target tf_lookup_generate_messages_lisp
Scanning dependencies of target tf_lookup_generate_messages_eus
[  0%] Built target geometry_msgs_generate_messages_nodejs
[  1%] Generating Python from MSG tf_lookup/TfLookupActionResult
[  1%] Built target actionlib_msgs_generate_messages_nodejs
[  2%] Generating C++ code from tf_lookup/TfStreamActionGoal.msg
[  3%] Generating EusLisp code from tf_lookup/TfLookupActionResult.msg
[  4%] Generating Lisp code from tf_lookup/TfLookupActionResult.msg
[  5%] Generating C++ code from tf_lookup/TfLookupActionResult.msg
[  6%] Generating Lisp code from tf_lookup/TfStreamActionGoal.msg
[  7%] Generating Lisp code from tf_lookup/TfLookupActionGoal.msg
[  9%] Generating EusLisp code from tf_lookup/TfStreamActionGoal.msg
[ 10%] Generating Python from MSG tf_lookup/TfStreamActionGoal
[ 11%] Generating Lisp code from tf_lookup/Subscription.msg
[ 12%] Generating Lisp code from tf_lookup/TfStreamActionFeedback.msg
[ 13%] Generating Lisp code from tf_lookup/TfStreamFeedback.msg
[ 14%] Generating C++ code from tf_lookup/TfLookupActionGoal.msg
[ 15%] Generating EusLisp code from tf_lookup/TfLookupActionGoal.msg
[ 17%] Generating Lisp code from tf_lookup/TfStreamGoal.msg
[ 18%] Generating Python from MSG tf_lookup/TfLookupActionGoal
[ 19%] Generating Python from MSG tf_lookup/Subscription
[ 20%] Generating Lisp code from tf_lookup/TfStreamAction.msg
[ 21%] Generating EusLisp code from tf_lookup/Subscription.msg
[ 22%] Generating Lisp code from tf_lookup/TfLookupGoal.msg
[ 23%] Generating Python from MSG tf_lookup/TfStreamActionFeedback
[ 25%] Generating Python from MSG tf_lookup/TfStreamFeedback
[ 26%] Generating EusLisp code from tf_lookup/TfStreamActionFeedback.msg
[ 27%] Generating Lisp code from tf_lookup/TfLookupAction.msg
[ 28%] Generating C++ code from tf_lookup/Subscription.msg
[ 29%] Generating EusLisp code from tf_lookup/TfStreamFeedback.msg
[ 30%] Generating Lisp code from tf_lookup/TfLookupResult.msg
[ 31%] Generating Python from MSG tf_lookup/TfStreamGoal
[ 32%] Generating Python from MSG tf_lookup/TfStreamAction
[ 34%] Generating Lisp code from tf_lookup/TfLookupFeedback.msg
[ 35%] Generating EusLisp code from tf_lookup/TfStreamGoal.msg
[ 36%] Generating C++ code from tf_lookup/TfStreamActionFeedback.msg
[ 37%] Generating EusLisp code from tf_lookup/TfStreamAction.msg
[ 38%] Generating Lisp code from tf_lookup/TfStreamActionResult.msg
[ 39%] Generating Python from MSG tf_lookup/TfLookupGoal
[ 40%] Generating Python from MSG tf_lookup/TfLookupAction
[ 42%] Generating Lisp code from tf_lookup/TfLookupActionFeedback.msg
[ 43%] Generating EusLisp code from tf_lookup/TfLookupGoal.msg
[ 44%] Generating C++ code from tf_lookup/TfStreamFeedback.msg
[ 45%] Generating Lisp code from tf_lookup/TfStreamResult.msg
[ 46%] Generating Python from MSG tf_lookup/TfLookupResult
[ 47%] Generating EusLisp code from tf_lookup/TfLookupAction.msg
[ 48%] Generating Lisp code from tf_lookup/lookupTransform.srv
[ 50%] Generating Python from MSG tf_lookup/TfLookupFeedback
Scanning dependencies of target tf_lookup_generate_messages_nodejs
[ 51%] Generating Javascript code from tf_lookup/TfLookupActionResult.msg
[ 52%] Generating EusLisp code from tf_lookup/TfLookupResult.msg
[ 52%] Built target tf_lookup_generate_messages_lisp
[ 53%] Generating Javascript code from tf_lookup/TfStreamActionGoal.msg
[ 54%] Generating Javascript code from tf_lookup/TfLookupActionGoal.msg
[ 55%] Generating Python from MSG tf_lookup/TfStreamActionResult
[ 56%] Generating C++ code from tf_lookup/TfStreamGoal.msg
[ 57%] Generating Javascript code from tf_lookup/TfStreamActionFeedback.msg
[ 59%] Generating Javascript code from tf_lookup/Subscription.msg
[ 60%] Generating EusLisp code from tf_lookup/TfLookupFeedback.msg
[ 61%] Generating Javascript code from tf_lookup/TfStreamFeedback.msg
[ 62%] Generating Javascript code from tf_lookup/TfStreamGoal.msg
[ 63%] Generating Python from MSG tf_lookup/TfLookupActionFeedback
[ 64%] Generating Javascript code from tf_lookup/TfStreamAction.msg
[ 65%] Generating Javascript code from tf_lookup/TfLookupGoal.msg
[ 67%] Generating EusLisp code from tf_lookup/TfStreamActionResult.msg
[ 68%] Generating Javascript code from tf_lookup/TfLookupAction.msg
[ 69%] Generating EusLisp code from tf_lookup/TfLookupActionFeedback.msg
[ 70%] Generating Python from MSG tf_lookup/TfStreamResult
[ 71%] Generating C++ code from tf_lookup/TfStreamAction.msg
[ 72%] Generating Javascript code from tf_lookup/TfLookupResult.msg
[ 73%] Generating EusLisp code from tf_lookup/TfStreamResult.msg
[ 75%] Generating Javascript code from tf_lookup/TfLookupFeedback.msg
[ 76%] Generating Javascript code from tf_lookup/TfStreamActionResult.msg
[ 77%] Generating Python code from SRV tf_lookup/lookupTransform
[ 78%] Generating Javascript code from tf_lookup/TfLookupActionFeedback.msg
[ 79%] Generating EusLisp code from tf_lookup/lookupTransform.srv
[ 80%] Generating Javascript code from tf_lookup/TfStreamResult.msg
[ 81%] Generating EusLisp manifest code for tf_lookup
[ 82%] Generating C++ code from tf_lookup/TfLookupGoal.msg
[ 84%] Generating Python msg __init__.py for tf_lookup
[ 85%] Generating Python srv __init__.py for tf_lookup
[ 86%] Generating Javascript code from tf_lookup/lookupTransform.srv
[ 86%] Built target tf_lookup_generate_messages_nodejs
[ 87%] Generating C++ code from tf_lookup/TfLookupAction.msg
[ 88%] Generating C++ code from tf_lookup/TfLookupResult.msg
[ 88%] Built target tf_lookup_generate_messages_py
[ 89%] Generating C++ code from tf_lookup/TfLookupFeedback.msg
[ 90%] Generating C++ code from tf_lookup/TfStreamActionResult.msg
[ 92%] Generating C++ code from tf_lookup/TfLookupActionFeedback.msg
[ 93%] Generating C++ code from tf_lookup/TfStreamResult.msg
[ 94%] Generating C++ code from tf_lookup/lookupTransform.srv
[ 94%] Built target tf_lookup_generate_messages_cpp
Scanning dependencies of target tf_lookup_gencpp
[ 94%] Built target tf_lookup_gencpp
Scanning dependencies of target tf_lookup
[ 95%] Building CXX object CMakeFiles/tf_lookup.dir/src/tf_lookup_main.cpp.o
[ 95%] Built target tf_lookup_generate_messages_eus
Scanning dependencies of target tf_lookup_generate_messages
[ 96%] Building CXX object CMakeFiles/tf_lookup.dir/src/tf_lookup.cpp.o
[ 96%] Built target tf_lookup_generate_messages
[ 97%] Building CXX object CMakeFiles/tf_lookup.dir/src/tf_stream.cpp.o
[ 98%] Building CXX object CMakeFiles/tf_lookup.dir/src/tf_stream_server.cpp.o
[100%] Linking CXX executable /tiago_public_ws/devel/.private/tf_lookup/lib/tf_lookup/tf_lookup
[100%] Built target tf_lookup
