Scanning dependencies of target _aruco_msgs_generate_messages_check_deps_MarkerArray
[  0%] Built target _aruco_msgs_generate_messages_check_deps_MarkerArray
Scanning dependencies of target geometry_msgs_generate_messages_nodejs
[  0%] Built target geometry_msgs_generate_messages_nodejs
Scanning dependencies of target _aruco_msgs_generate_messages_check_deps_Marker
[  0%] Built target _aruco_msgs_generate_messages_check_deps_Marker
Scanning dependencies of target std_msgs_generate_messages_nodejs
Scanning dependencies of target geometry_msgs_generate_messages_py
[  0%] Built target geometry_msgs_generate_messages_py
[  0%] Built target std_msgs_generate_messages_nodejs
Scanning dependencies of target geometry_msgs_generate_messages_lisp
Scanning dependencies of target std_msgs_generate_messages_py
[  0%] Built target geometry_msgs_generate_messages_lisp
[  0%] Built target std_msgs_generate_messages_py
Scanning dependencies of target std_msgs_generate_messages_lisp
[  0%] Built target std_msgs_generate_messages_lisp
Scanning dependencies of target geometry_msgs_generate_messages_cpp
Scanning dependencies of target std_msgs_generate_messages_cpp
[  0%] Built target geometry_msgs_generate_messages_cpp
[  0%] Built target std_msgs_generate_messages_cpp
Scanning dependencies of target std_msgs_generate_messages_eus
Scanning dependencies of target geometry_msgs_generate_messages_eus
[  0%] Built target geometry_msgs_generate_messages_eus
[  0%] Built target std_msgs_generate_messages_eus
Scanning dependencies of target aruco_msgs_generate_messages_nodejs
Scanning dependencies of target aruco_msgs_generate_messages_py
[  8%] Generating Javascript code from aruco_msgs/MarkerArray.msg
[ 16%] Generating Python from MSG aruco_msgs/MarkerArray
[ 25%] Generating Javascript code from aruco_msgs/Marker.msg
[ 33%] Generating Python from MSG aruco_msgs/Marker
[ 33%] Built target aruco_msgs_generate_messages_nodejs
[ 41%] Generating Python msg __init__.py for aruco_msgs
Scanning dependencies of target aruco_msgs_generate_messages_lisp
[ 50%] Generating Lisp code from aruco_msgs/MarkerArray.msg
[ 50%] Built target aruco_msgs_generate_messages_py
[ 58%] Generating Lisp code from aruco_msgs/Marker.msg
Scanning dependencies of target aruco_msgs_generate_messages_cpp
[ 66%] Generating C++ code from aruco_msgs/MarkerArray.msg
[ 66%] Built target aruco_msgs_generate_messages_lisp
[ 75%] Generating C++ code from aruco_msgs/Marker.msg
[ 75%] Built target aruco_msgs_generate_messages_cpp
Scanning dependencies of target aruco_msgs_generate_messages_eus
[ 83%] Generating EusLisp code from aruco_msgs/MarkerArray.msg
[ 91%] Generating EusLisp code from aruco_msgs/Marker.msg
[100%] Generating EusLisp manifest code for aruco_msgs
[100%] Built target aruco_msgs_generate_messages_eus
Scanning dependencies of target aruco_msgs_generate_messages
[100%] Built target aruco_msgs_generate_messages
