Scanning dependencies of target _pal_wifi_localization_msgs_generate_messages_check_deps_WifiSignalMap
[  0%] Built target _pal_wifi_localization_msgs_generate_messages_check_deps_WifiSignalMap
Scanning dependencies of target geometry_msgs_generate_messages_cpp
[  0%] Built target geometry_msgs_generate_messages_cpp
Scanning dependencies of target nav_msgs_generate_messages_cpp
Scanning dependencies of target _pal_wifi_localization_msgs_generate_messages_check_deps_WifiSignalList
[  0%] Built target nav_msgs_generate_messages_cpp
Scanning dependencies of target _pal_wifi_localization_msgs_generate_messages_check_deps_GetWifiMap
[  0%] Built target _pal_wifi_localization_msgs_generate_messages_check_deps_GetWifiMap
[  0%] Built target _pal_wifi_localization_msgs_generate_messages_check_deps_WifiSignalList
Scanning dependencies of target _pal_wifi_localization_msgs_generate_messages_check_deps_WifiSignal
Scanning dependencies of target nav_msgs_generate_messages_lisp
[  0%] Built target _pal_wifi_localization_msgs_generate_messages_check_deps_WifiSignal
[  0%] Built target nav_msgs_generate_messages_lisp
Scanning dependencies of target geometry_msgs_generate_messages_lisp
Scanning dependencies of target nav_msgs_generate_messages_nodejs
[  0%] Built target nav_msgs_generate_messages_nodejs
[  0%] Built target geometry_msgs_generate_messages_lisp
Scanning dependencies of target geometry_msgs_generate_messages_nodejs
Scanning dependencies of target nav_msgs_generate_messages_py
[  0%] Built target geometry_msgs_generate_messages_nodejs
[  0%] Built target nav_msgs_generate_messages_py
Scanning dependencies of target geometry_msgs_generate_messages_py
[  0%] Built target geometry_msgs_generate_messages_py
Scanning dependencies of target geometry_msgs_generate_messages_eus
[  0%] Built target geometry_msgs_generate_messages_eus
Scanning dependencies of target nav_msgs_generate_messages_eus
Scanning dependencies of target pal_wifi_localization_msgs_generate_messages_cpp
[  4%] Generating C++ code from pal_wifi_localization_msgs/WifiSignal.msg
[  4%] Built target nav_msgs_generate_messages_eus
[  8%] Generating C++ code from pal_wifi_localization_msgs/WifiSignalMap.msg
[ 13%] Generating C++ code from pal_wifi_localization_msgs/WifiSignalList.msg
Scanning dependencies of target pal_wifi_localization_msgs_generate_messages_lisp
[ 17%] Generating Lisp code from pal_wifi_localization_msgs/WifiSignal.msg
[ 21%] Generating C++ code from pal_wifi_localization_msgs/GetWifiMap.srv
[ 26%] Generating Lisp code from pal_wifi_localization_msgs/WifiSignalMap.msg
Scanning dependencies of target pal_wifi_localization_msgs_generate_messages_nodejs
[ 30%] Generating Javascript code from pal_wifi_localization_msgs/WifiSignal.msg
[ 34%] Generating Lisp code from pal_wifi_localization_msgs/WifiSignalList.msg
[ 39%] Generating Javascript code from pal_wifi_localization_msgs/WifiSignalMap.msg
[ 43%] Generating Lisp code from pal_wifi_localization_msgs/GetWifiMap.srv
[ 47%] Generating Javascript code from pal_wifi_localization_msgs/WifiSignalList.msg
[ 47%] Built target pal_wifi_localization_msgs_generate_messages_lisp
[ 52%] Generating Javascript code from pal_wifi_localization_msgs/GetWifiMap.srv
Scanning dependencies of target pal_wifi_localization_msgs_generate_messages_py
[ 56%] Generating Python from MSG pal_wifi_localization_msgs/WifiSignal
[ 56%] Built target pal_wifi_localization_msgs_generate_messages_nodejs
[ 56%] Built target pal_wifi_localization_msgs_generate_messages_cpp
[ 60%] Generating Python from MSG pal_wifi_localization_msgs/WifiSignalMap
[ 65%] Generating Python from MSG pal_wifi_localization_msgs/WifiSignalList
[ 69%] Generating Python code from SRV pal_wifi_localization_msgs/GetWifiMap
[ 73%] Generating Python msg __init__.py for pal_wifi_localization_msgs
[ 78%] Generating Python srv __init__.py for pal_wifi_localization_msgs
[ 78%] Built target pal_wifi_localization_msgs_generate_messages_py
Scanning dependencies of target pal_wifi_localization_msgs_generate_messages_eus
[ 82%] Generating EusLisp code from pal_wifi_localization_msgs/WifiSignal.msg
[ 86%] Generating EusLisp code from pal_wifi_localization_msgs/WifiSignalMap.msg
[ 91%] Generating EusLisp code from pal_wifi_localization_msgs/WifiSignalList.msg
[ 95%] Generating EusLisp code from pal_wifi_localization_msgs/GetWifiMap.srv
[100%] Generating EusLisp manifest code for pal_wifi_localization_msgs
[100%] Built target pal_wifi_localization_msgs_generate_messages_eus
Scanning dependencies of target pal_wifi_localization_msgs_generate_messages
[100%] Built target pal_wifi_localization_msgs_generate_messages
