Scanning dependencies of target _pal_control_msgs_generate_messages_check_deps_ActuatorCurrentLimit
[  0%] Built target _pal_control_msgs_generate_messages_check_deps_ActuatorCurrentLimit
Scanning dependencies of target _pal_control_msgs_generate_messages_check_deps_OperationalSpaceGoal
[  0%] Built target _pal_control_msgs_generate_messages_check_deps_OperationalSpaceGoal
Scanning dependencies of target actionlib_msgs_generate_messages_eus
[  0%] Built target actionlib_msgs_generate_messages_eus
Scanning dependencies of target _pal_control_msgs_generate_messages_check_deps_MotionManagerAction
Scanning dependencies of target _pal_control_msgs_generate_messages_check_deps_RigidBodyTrajectoryResult
[  0%] Built target _pal_control_msgs_generate_messages_check_deps_MotionManagerAction
[  0%] Built target _pal_control_msgs_generate_messages_check_deps_RigidBodyTrajectoryResult
Scanning dependencies of target _pal_control_msgs_generate_messages_check_deps_RigidBodyTrajectoryActionResult
[  0%] Built target _pal_control_msgs_generate_messages_check_deps_RigidBodyTrajectoryActionResult
Scanning dependencies of target _pal_control_msgs_generate_messages_check_deps_MotionManagerActionResult
[  0%] Built target _pal_control_msgs_generate_messages_check_deps_MotionManagerActionResult
Scanning dependencies of target _pal_control_msgs_generate_messages_check_deps_RigidBodyTrajectoryPoint
[  0%] Built target _pal_control_msgs_generate_messages_check_deps_RigidBodyTrajectoryPoint
Scanning dependencies of target _pal_control_msgs_generate_messages_check_deps_MotionManagerActionFeedback
[  0%] Built target _pal_control_msgs_generate_messages_check_deps_MotionManagerActionFeedback
Scanning dependencies of target _pal_control_msgs_generate_messages_check_deps_RigidBodyTrajectoryGoal
[  0%] Built target _pal_control_msgs_generate_messages_check_deps_RigidBodyTrajectoryGoal
Scanning dependencies of target _pal_control_msgs_generate_messages_check_deps_MotionManagerActionGoal
[  0%] Built target _pal_control_msgs_generate_messages_check_deps_MotionManagerActionGoal
Scanning dependencies of target _pal_control_msgs_generate_messages_check_deps_CurrentLimit
[  0%] Built target _pal_control_msgs_generate_messages_check_deps_CurrentLimit
Scanning dependencies of target _pal_control_msgs_generate_messages_check_deps_MotionManagerGoal
[  0%] Built target _pal_control_msgs_generate_messages_check_deps_MotionManagerGoal
Scanning dependencies of target _pal_control_msgs_generate_messages_check_deps_MotionManagerResult
[  0%] Built target _pal_control_msgs_generate_messages_check_deps_MotionManagerResult
Scanning dependencies of target _pal_control_msgs_generate_messages_check_deps_RigidBodyTrajectoryFeedback
[  0%] Built target _pal_control_msgs_generate_messages_check_deps_RigidBodyTrajectoryFeedback
Scanning dependencies of target _pal_control_msgs_generate_messages_check_deps_RigidBodyTrajectoryActionFeedback
[  0%] Built target _pal_control_msgs_generate_messages_check_deps_RigidBodyTrajectoryActionFeedback
Scanning dependencies of target _pal_control_msgs_generate_messages_check_deps_RigidBodyTrajectoryAction
[  0%] Built target _pal_control_msgs_generate_messages_check_deps_RigidBodyTrajectoryAction
Scanning dependencies of target geometry_msgs_generate_messages_eus
[  0%] Built target geometry_msgs_generate_messages_eus
Scanning dependencies of target _pal_control_msgs_generate_messages_check_deps_RigidBodyTrajectoryActionGoal
[  0%] Built target _pal_control_msgs_generate_messages_check_deps_RigidBodyTrajectoryActionGoal
Scanning dependencies of target _pal_control_msgs_generate_messages_check_deps_MotionManagerFeedback
[  0%] Built target _pal_control_msgs_generate_messages_check_deps_MotionManagerFeedback
Scanning dependencies of target geometry_msgs_generate_messages_nodejs
[  0%] Built target geometry_msgs_generate_messages_nodejs
Scanning dependencies of target actionlib_msgs_generate_messages_nodejs
[  0%] Built target actionlib_msgs_generate_messages_nodejs
Scanning dependencies of target geometry_msgs_generate_messages_py
[  0%] Built target geometry_msgs_generate_messages_py
Scanning dependencies of target actionlib_msgs_generate_messages_py
Scanning dependencies of target geometry_msgs_generate_messages_cpp
[  0%] Built target actionlib_msgs_generate_messages_py
[  0%] Built target geometry_msgs_generate_messages_cpp
Scanning dependencies of target actionlib_msgs_generate_messages_cpp
[  0%] Built target actionlib_msgs_generate_messages_cpp
Scanning dependencies of target geometry_msgs_generate_messages_lisp
[  0%] Built target geometry_msgs_generate_messages_lisp
Scanning dependencies of target actionlib_msgs_generate_messages_lisp
[  0%] Built target actionlib_msgs_generate_messages_lisp
Scanning dependencies of target pal_control_msgs_generate_messages_eus
[  1%] Generating EusLisp code from pal_control_msgs/RigidBodyTrajectoryGoal.msg
[  2%] Generating EusLisp code from pal_control_msgs/MotionManagerActionResult.msg
[  3%] Generating EusLisp code from pal_control_msgs/MotionManagerActionFeedback.msg
[  4%] Generating EusLisp code from pal_control_msgs/RigidBodyTrajectoryFeedback.msg
[  5%] Generating EusLisp code from pal_control_msgs/RigidBodyTrajectoryAction.msg
[  6%] Generating EusLisp code from pal_control_msgs/RigidBodyTrajectoryActionGoal.msg
[  7%] Generating EusLisp code from pal_control_msgs/MotionManagerGoal.msg
[  8%] Generating EusLisp code from pal_control_msgs/OperationalSpaceGoal.msg
[  9%] Generating EusLisp code from pal_control_msgs/MotionManagerFeedback.msg
[ 10%] Generating EusLisp code from pal_control_msgs/RigidBodyTrajectoryActionResult.msg
[ 11%] Generating EusLisp code from pal_control_msgs/RigidBodyTrajectoryActionFeedback.msg
[ 12%] Generating EusLisp code from pal_control_msgs/MotionManagerResult.msg
[ 13%] Generating EusLisp code from pal_control_msgs/RigidBodyTrajectoryResult.msg
[ 15%] Generating EusLisp code from pal_control_msgs/MotionManagerAction.msg
[ 16%] Generating EusLisp code from pal_control_msgs/RigidBodyTrajectoryPoint.msg
[ 17%] Generating EusLisp code from pal_control_msgs/ActuatorCurrentLimit.msg
[ 18%] Generating EusLisp code from pal_control_msgs/MotionManagerActionGoal.msg
[ 19%] Generating EusLisp code from pal_control_msgs/CurrentLimit.srv
[ 20%] Generating EusLisp manifest code for pal_control_msgs
[ 20%] Built target pal_control_msgs_generate_messages_eus
Scanning dependencies of target pal_control_msgs_generate_messages_nodejs
[ 21%] Generating Javascript code from pal_control_msgs/RigidBodyTrajectoryGoal.msg
[ 22%] Generating Javascript code from pal_control_msgs/MotionManagerActionResult.msg
[ 23%] Generating Javascript code from pal_control_msgs/MotionManagerActionFeedback.msg
[ 24%] Generating Javascript code from pal_control_msgs/RigidBodyTrajectoryFeedback.msg
[ 25%] Generating Javascript code from pal_control_msgs/RigidBodyTrajectoryAction.msg
[ 26%] Generating Javascript code from pal_control_msgs/RigidBodyTrajectoryActionGoal.msg
[ 27%] Generating Javascript code from pal_control_msgs/MotionManagerGoal.msg
[ 29%] Generating Javascript code from pal_control_msgs/OperationalSpaceGoal.msg
[ 30%] Generating Javascript code from pal_control_msgs/MotionManagerFeedback.msg
[ 31%] Generating Javascript code from pal_control_msgs/RigidBodyTrajectoryActionResult.msg
[ 32%] Generating Javascript code from pal_control_msgs/RigidBodyTrajectoryActionFeedback.msg
[ 33%] Generating Javascript code from pal_control_msgs/MotionManagerResult.msg
[ 34%] Generating Javascript code from pal_control_msgs/RigidBodyTrajectoryResult.msg
[ 35%] Generating Javascript code from pal_control_msgs/MotionManagerAction.msg
[ 36%] Generating Javascript code from pal_control_msgs/RigidBodyTrajectoryPoint.msg
[ 37%] Generating Javascript code from pal_control_msgs/ActuatorCurrentLimit.msg
[ 38%] Generating Javascript code from pal_control_msgs/MotionManagerActionGoal.msg
[ 39%] Generating Javascript code from pal_control_msgs/CurrentLimit.srv
[ 39%] Built target pal_control_msgs_generate_messages_nodejs
Scanning dependencies of target pal_control_msgs_generate_messages_py
[ 40%] Generating Python from MSG pal_control_msgs/RigidBodyTrajectoryGoal
[ 41%] Generating Python from MSG pal_control_msgs/MotionManagerActionResult
[ 43%] Generating Python from MSG pal_control_msgs/MotionManagerActionFeedback
[ 44%] Generating Python from MSG pal_control_msgs/RigidBodyTrajectoryFeedback
Scanning dependencies of target pal_control_msgs_generate_messages_cpp
[ 45%] Generating C++ code from pal_control_msgs/RigidBodyTrajectoryGoal.msg
[ 46%] Generating Python from MSG pal_control_msgs/RigidBodyTrajectoryAction
[ 47%] Generating Python from MSG pal_control_msgs/RigidBodyTrajectoryActionGoal
[ 48%] Generating Python from MSG pal_control_msgs/MotionManagerGoal
[ 49%] Generating C++ code from pal_control_msgs/MotionManagerActionResult.msg
[ 50%] Generating Python from MSG pal_control_msgs/OperationalSpaceGoal
[ 51%] Generating Python from MSG pal_control_msgs/MotionManagerFeedback
[ 52%] Generating C++ code from pal_control_msgs/MotionManagerActionFeedback.msg
[ 53%] Generating C++ code from pal_control_msgs/RigidBodyTrajectoryFeedback.msg
[ 54%] Generating Python from MSG pal_control_msgs/RigidBodyTrajectoryActionResult
[ 55%] Generating Python from MSG pal_control_msgs/RigidBodyTrajectoryActionFeedback
[ 56%] Generating Python from MSG pal_control_msgs/MotionManagerResult
[ 58%] Generating C++ code from pal_control_msgs/RigidBodyTrajectoryAction.msg
[ 59%] Generating Python from MSG pal_control_msgs/RigidBodyTrajectoryResult
[ 60%] Generating Python from MSG pal_control_msgs/MotionManagerAction
[ 61%] Generating C++ code from pal_control_msgs/RigidBodyTrajectoryActionGoal.msg
[ 62%] Generating C++ code from pal_control_msgs/MotionManagerGoal.msg
Scanning dependencies of target pal_control_msgs_generate_messages_lisp
[ 63%] Generating Python from MSG pal_control_msgs/RigidBodyTrajectoryPoint
[ 64%] Generating Lisp code from pal_control_msgs/RigidBodyTrajectoryGoal.msg
[ 65%] Generating Lisp code from pal_control_msgs/MotionManagerActionResult.msg
[ 66%] Generating Python from MSG pal_control_msgs/ActuatorCurrentLimit
[ 67%] Generating Lisp code from pal_control_msgs/MotionManagerActionFeedback.msg
[ 68%] Generating C++ code from pal_control_msgs/OperationalSpaceGoal.msg
[ 69%] Generating Lisp code from pal_control_msgs/RigidBodyTrajectoryFeedback.msg
[ 70%] Generating Lisp code from pal_control_msgs/RigidBodyTrajectoryAction.msg
[ 72%] Generating Python from MSG pal_control_msgs/MotionManagerActionGoal
[ 73%] Generating Lisp code from pal_control_msgs/RigidBodyTrajectoryActionGoal.msg
[ 74%] Generating Python code from SRV pal_control_msgs/CurrentLimit
[ 75%] Generating C++ code from pal_control_msgs/MotionManagerFeedback.msg
[ 76%] Generating Lisp code from pal_control_msgs/MotionManagerGoal.msg
[ 77%] Generating Python msg __init__.py for pal_control_msgs
[ 78%] Generating Lisp code from pal_control_msgs/OperationalSpaceGoal.msg
[ 79%] Generating Lisp code from pal_control_msgs/MotionManagerFeedback.msg
[ 80%] Generating Python srv __init__.py for pal_control_msgs
[ 81%] Generating C++ code from pal_control_msgs/RigidBodyTrajectoryActionResult.msg
[ 82%] Generating Lisp code from pal_control_msgs/RigidBodyTrajectoryActionResult.msg
[ 82%] Built target pal_control_msgs_generate_messages_py
[ 83%] Generating Lisp code from pal_control_msgs/RigidBodyTrajectoryActionFeedback.msg
[ 84%] Generating Lisp code from pal_control_msgs/MotionManagerResult.msg
[ 86%] Generating C++ code from pal_control_msgs/RigidBodyTrajectoryActionFeedback.msg
[ 87%] Generating Lisp code from pal_control_msgs/RigidBodyTrajectoryResult.msg
[ 88%] Generating Lisp code from pal_control_msgs/MotionManagerAction.msg
[ 89%] Generating Lisp code from pal_control_msgs/RigidBodyTrajectoryPoint.msg
[ 90%] Generating C++ code from pal_control_msgs/MotionManagerResult.msg
[ 91%] Generating Lisp code from pal_control_msgs/ActuatorCurrentLimit.msg
[ 92%] Generating Lisp code from pal_control_msgs/MotionManagerActionGoal.msg
[ 93%] Generating Lisp code from pal_control_msgs/CurrentLimit.srv
[ 94%] Generating C++ code from pal_control_msgs/RigidBodyTrajectoryResult.msg
[ 94%] Built target pal_control_msgs_generate_messages_lisp
[ 95%] Generating C++ code from pal_control_msgs/MotionManagerAction.msg
[ 96%] Generating C++ code from pal_control_msgs/RigidBodyTrajectoryPoint.msg
[ 97%] Generating C++ code from pal_control_msgs/ActuatorCurrentLimit.msg
[ 98%] Generating C++ code from pal_control_msgs/MotionManagerActionGoal.msg
[100%] Generating C++ code from pal_control_msgs/CurrentLimit.srv
[100%] Built target pal_control_msgs_generate_messages_cpp
Scanning dependencies of target pal_control_msgs_generate_messages
[100%] Built target pal_control_msgs_generate_messages
