Scanning dependencies of target _pal_navigation_msgs_generate_messages_check_deps_VisualTrainingActionGoal
[  0%] Built target _pal_navigation_msgs_generate_messages_check_deps_VisualTrainingActionGoal
Scanning dependencies of target _pal_navigation_msgs_generate_messages_check_deps_JoyTurboGoal
[  0%] Built target _pal_navigation_msgs_generate_messages_check_deps_JoyTurboGoal
Scanning dependencies of target _pal_navigation_msgs_generate_messages_check_deps_GoToPOIResult
[  0%] Built target _pal_navigation_msgs_generate_messages_check_deps_GoToPOIResult
Scanning dependencies of target _pal_navigation_msgs_generate_messages_check_deps_GoToFeedback
[  0%] Built target _pal_navigation_msgs_generate_messages_check_deps_GoToFeedback
Scanning dependencies of target _pal_navigation_msgs_generate_messages_check_deps_ServiceStatus
[  0%] Built target _pal_navigation_msgs_generate_messages_check_deps_ServiceStatus
Scanning dependencies of target _pal_navigation_msgs_generate_messages_check_deps_Acknowledgment
[  0%] Built target _pal_navigation_msgs_generate_messages_check_deps_Acknowledgment
Scanning dependencies of target _pal_navigation_msgs_generate_messages_check_deps_LaserImage
[  0%] Built target _pal_navigation_msgs_generate_messages_check_deps_LaserImage
Scanning dependencies of target _pal_navigation_msgs_generate_messages_check_deps_NavigationStatus
[  0%] Built target _pal_navigation_msgs_generate_messages_check_deps_NavigationStatus
Scanning dependencies of target _pal_navigation_msgs_generate_messages_check_deps_GoToResult
[  0%] Built target _pal_navigation_msgs_generate_messages_check_deps_GoToResult
Scanning dependencies of target _pal_navigation_msgs_generate_messages_check_deps_GoToPOIGoal
[  0%] Built target _pal_navigation_msgs_generate_messages_check_deps_GoToPOIGoal
Scanning dependencies of target _pal_navigation_msgs_generate_messages_check_deps_GoToPOIActionFeedback
[  0%] Built target _pal_navigation_msgs_generate_messages_check_deps_GoToPOIActionFeedback
Scanning dependencies of target actionlib_msgs_generate_messages_eus
[  0%] Built target actionlib_msgs_generate_messages_eus
Scanning dependencies of target _pal_navigation_msgs_generate_messages_check_deps_GoToActionResult
[  0%] Built target _pal_navigation_msgs_generate_messages_check_deps_GoToActionResult
Scanning dependencies of target _pal_navigation_msgs_generate_messages_check_deps_GoToActionFeedback
[  0%] Built target _pal_navigation_msgs_generate_messages_check_deps_GoToActionFeedback
Scanning dependencies of target _pal_navigation_msgs_generate_messages_check_deps_VisualTrainingFeedback
[  0%] Built target _pal_navigation_msgs_generate_messages_check_deps_VisualTrainingFeedback
Scanning dependencies of target _pal_navigation_msgs_generate_messages_check_deps_GetMapConfiguration
[  0%] Built target _pal_navigation_msgs_generate_messages_check_deps_GetMapConfiguration
Scanning dependencies of target _pal_navigation_msgs_generate_messages_check_deps_JoyTurboResult
Scanning dependencies of target _pal_navigation_msgs_generate_messages_check_deps_GoToAction
[  0%] Built target _pal_navigation_msgs_generate_messages_check_deps_JoyTurboResult
[  0%] Built target _pal_navigation_msgs_generate_messages_check_deps_GoToAction
Scanning dependencies of target _pal_navigation_msgs_generate_messages_check_deps_GetNodes
[  0%] Built target _pal_navigation_msgs_generate_messages_check_deps_GetNodes
Scanning dependencies of target _pal_navigation_msgs_generate_messages_check_deps_JoyTurboActionFeedback
Scanning dependencies of target _pal_navigation_msgs_generate_messages_check_deps_VisualTrainingGoal
[  0%] Built target _pal_navigation_msgs_generate_messages_check_deps_JoyTurboActionFeedback
Scanning dependencies of target _pal_navigation_msgs_generate_messages_check_deps_EulerAngles
[  0%] Built target _pal_navigation_msgs_generate_messages_check_deps_VisualTrainingGoal
Scanning dependencies of target _pal_navigation_msgs_generate_messages_check_deps_AvailableMaps
[  0%] Built target _pal_navigation_msgs_generate_messages_check_deps_EulerAngles
[  0%] Built target _pal_navigation_msgs_generate_messages_check_deps_AvailableMaps
Scanning dependencies of target _pal_navigation_msgs_generate_messages_check_deps_VisualLocRecognize
[  0%] Built target _pal_navigation_msgs_generate_messages_check_deps_VisualLocRecognize
Scanning dependencies of target _pal_navigation_msgs_generate_messages_check_deps_JoyPriorityActionFeedback
[  0%] Built target _pal_navigation_msgs_generate_messages_check_deps_JoyPriorityActionFeedback
Scanning dependencies of target _pal_navigation_msgs_generate_messages_check_deps_VisualTrainingActionFeedback
[  0%] Built target _pal_navigation_msgs_generate_messages_check_deps_VisualTrainingActionFeedback
Scanning dependencies of target _pal_navigation_msgs_generate_messages_check_deps_POI
[  0%] Built target _pal_navigation_msgs_generate_messages_check_deps_POI
Scanning dependencies of target _pal_navigation_msgs_generate_messages_check_deps_EulerAnglesStamped
[  0%] Built target _pal_navigation_msgs_generate_messages_check_deps_EulerAnglesStamped
Scanning dependencies of target _pal_navigation_msgs_generate_messages_check_deps_SetPOI
[  0%] Built target _pal_navigation_msgs_generate_messages_check_deps_SetPOI
Scanning dependencies of target _pal_navigation_msgs_generate_messages_check_deps_GoToPOIAction
[  0%] Built target _pal_navigation_msgs_generate_messages_check_deps_GoToPOIAction
Scanning dependencies of target _pal_navigation_msgs_generate_messages_check_deps_FinalApproachPose
[  0%] Built target _pal_navigation_msgs_generate_messages_check_deps_FinalApproachPose
Scanning dependencies of target _pal_navigation_msgs_generate_messages_check_deps_GoToGoal
[  0%] Built target _pal_navigation_msgs_generate_messages_check_deps_GoToGoal
Scanning dependencies of target _pal_navigation_msgs_generate_messages_check_deps_JoyPriorityAction
[  0%] Built target _pal_navigation_msgs_generate_messages_check_deps_JoyPriorityAction
Scanning dependencies of target _pal_navigation_msgs_generate_messages_check_deps_SafetyZone
[  0%] Built target _pal_navigation_msgs_generate_messages_check_deps_SafetyZone
Scanning dependencies of target _pal_navigation_msgs_generate_messages_check_deps_Emergency
[  0%] Built target _pal_navigation_msgs_generate_messages_check_deps_Emergency
Scanning dependencies of target _pal_navigation_msgs_generate_messages_check_deps_VisualTrainingResult
[  0%] Built target _pal_navigation_msgs_generate_messages_check_deps_VisualTrainingResult
Scanning dependencies of target _pal_navigation_msgs_generate_messages_check_deps_GoToPOIFeedback
[  0%] Built target _pal_navigation_msgs_generate_messages_check_deps_GoToPOIFeedback
Scanning dependencies of target geometry_msgs_generate_messages_eus
[  0%] Built target geometry_msgs_generate_messages_eus
Scanning dependencies of target _pal_navigation_msgs_generate_messages_check_deps_GoToActionGoal
[  0%] Built target _pal_navigation_msgs_generate_messages_check_deps_GoToActionGoal
Scanning dependencies of target _pal_navigation_msgs_generate_messages_check_deps_JoyPriorityFeedback
[  0%] Built target _pal_navigation_msgs_generate_messages_check_deps_JoyPriorityFeedback
Scanning dependencies of target _pal_navigation_msgs_generate_messages_check_deps_JoyTurboActionGoal
[  0%] Built target _pal_navigation_msgs_generate_messages_check_deps_JoyTurboActionGoal
Scanning dependencies of target _pal_navigation_msgs_generate_messages_check_deps_ChangeBuilding
[  0%] Built target _pal_navigation_msgs_generate_messages_check_deps_ChangeBuilding
Scanning dependencies of target nav_msgs_generate_messages_eus
[  0%] Built target nav_msgs_generate_messages_eus
Scanning dependencies of target _pal_navigation_msgs_generate_messages_check_deps_SetMapConfiguration
[  0%] Built target _pal_navigation_msgs_generate_messages_check_deps_SetMapConfiguration
Scanning dependencies of target sensor_msgs_generate_messages_eus
Scanning dependencies of target _pal_navigation_msgs_generate_messages_check_deps_SetSubMapFloor
[  0%] Built target sensor_msgs_generate_messages_eus
Scanning dependencies of target _pal_navigation_msgs_generate_messages_check_deps_MapConfiguration
Scanning dependencies of target _pal_navigation_msgs_generate_messages_check_deps_SaveMap
[  0%] Built target _pal_navigation_msgs_generate_messages_check_deps_SetSubMapFloor
[  0%] Built target _pal_navigation_msgs_generate_messages_check_deps_SaveMap
[  0%] Built target _pal_navigation_msgs_generate_messages_check_deps_MapConfiguration
Scanning dependencies of target _pal_navigation_msgs_generate_messages_check_deps_JoyTurboAction
[  0%] Built target _pal_navigation_msgs_generate_messages_check_deps_JoyTurboAction
Scanning dependencies of target _pal_navigation_msgs_generate_messages_check_deps_PolarReading
[  0%] Built target _pal_navigation_msgs_generate_messages_check_deps_PolarReading
Scanning dependencies of target _pal_navigation_msgs_generate_messages_check_deps_TabletPOI
[  0%] Built target _pal_navigation_msgs_generate_messages_check_deps_TabletPOI
Scanning dependencies of target _pal_navigation_msgs_generate_messages_check_deps_JoyPriorityActionResult
[  0%] Built target _pal_navigation_msgs_generate_messages_check_deps_JoyPriorityActionResult
Scanning dependencies of target _pal_navigation_msgs_generate_messages_check_deps_JoyPriorityResult
[  0%] Built target _pal_navigation_msgs_generate_messages_check_deps_JoyPriorityResult
Scanning dependencies of target _pal_navigation_msgs_generate_messages_check_deps_JoyPriorityGoal
[  0%] Built target _pal_navigation_msgs_generate_messages_check_deps_JoyPriorityGoal
Scanning dependencies of target _pal_navigation_msgs_generate_messages_check_deps_RenameMap
[  0%] Built target _pal_navigation_msgs_generate_messages_check_deps_RenameMap
Scanning dependencies of target _pal_navigation_msgs_generate_messages_check_deps_VisualTrainingActionResult
[  0%] Built target _pal_navigation_msgs_generate_messages_check_deps_VisualTrainingActionResult
Scanning dependencies of target _pal_navigation_msgs_generate_messages_check_deps_JoyPriorityActionGoal
[  0%] Built target _pal_navigation_msgs_generate_messages_check_deps_JoyPriorityActionGoal
Scanning dependencies of target _pal_navigation_msgs_generate_messages_check_deps_JoyTurboActionResult
[  0%] Built target _pal_navigation_msgs_generate_messages_check_deps_JoyTurboActionResult
Scanning dependencies of target _pal_navigation_msgs_generate_messages_check_deps_PolarReadingScan
[  0%] Built target _pal_navigation_msgs_generate_messages_check_deps_PolarReadingScan
Scanning dependencies of target _pal_navigation_msgs_generate_messages_check_deps_ListMaps
[  0%] Built target _pal_navigation_msgs_generate_messages_check_deps_ListMaps
Scanning dependencies of target _pal_navigation_msgs_generate_messages_check_deps_VisualLocDB
[  0%] Built target _pal_navigation_msgs_generate_messages_check_deps_VisualLocDB
Scanning dependencies of target _pal_navigation_msgs_generate_messages_check_deps_GetSubMap
[  0%] Built target _pal_navigation_msgs_generate_messages_check_deps_GetSubMap
Scanning dependencies of target _pal_navigation_msgs_generate_messages_check_deps_GetPOI
[  0%] Built target _pal_navigation_msgs_generate_messages_check_deps_GetPOI
Scanning dependencies of target _pal_navigation_msgs_generate_messages_check_deps_NiceMapTransformation
Scanning dependencies of target _pal_navigation_msgs_generate_messages_check_deps_Highways
[  0%] Built target _pal_navigation_msgs_generate_messages_check_deps_NiceMapTransformation
Scanning dependencies of target _pal_navigation_msgs_generate_messages_check_deps_JoyTurboFeedback
[  0%] Built target _pal_navigation_msgs_generate_messages_check_deps_Highways
Scanning dependencies of target _pal_navigation_msgs_generate_messages_check_deps_GoToPOIActionGoal
[  0%] Built target _pal_navigation_msgs_generate_messages_check_deps_JoyTurboFeedback
Scanning dependencies of target _pal_navigation_msgs_generate_messages_check_deps_VisualTrainingAction
[  0%] Built target _pal_navigation_msgs_generate_messages_check_deps_GoToPOIActionGoal
[  0%] Built target _pal_navigation_msgs_generate_messages_check_deps_VisualTrainingAction
Scanning dependencies of target _pal_navigation_msgs_generate_messages_check_deps_GoToPOIActionResult
[  0%] Built target _pal_navigation_msgs_generate_messages_check_deps_GoToPOIActionResult
Scanning dependencies of target _pal_navigation_msgs_generate_messages_check_deps_DisableEmergency
Scanning dependencies of target nav_msgs_generate_messages_py
[  0%] Built target nav_msgs_generate_messages_py
[  0%] Built target _pal_navigation_msgs_generate_messages_check_deps_DisableEmergency
Scanning dependencies of target geometry_msgs_generate_messages_py
[  0%] Built target geometry_msgs_generate_messages_py
Scanning dependencies of target sensor_msgs_generate_messages_py
[  0%] Built target sensor_msgs_generate_messages_py
Scanning dependencies of target actionlib_msgs_generate_messages_py
[  0%] Built target actionlib_msgs_generate_messages_py
Scanning dependencies of target actionlib_msgs_generate_messages_nodejs
[  0%] Built target actionlib_msgs_generate_messages_nodejs
Scanning dependencies of target geometry_msgs_generate_messages_nodejs
[  0%] Built target geometry_msgs_generate_messages_nodejs
Scanning dependencies of target nav_msgs_generate_messages_nodejs
Scanning dependencies of target sensor_msgs_generate_messages_nodejs
Scanning dependencies of target sensor_msgs_generate_messages_cpp
[  0%] Built target sensor_msgs_generate_messages_nodejs
[  0%] Built target nav_msgs_generate_messages_nodejs
[  0%] Built target sensor_msgs_generate_messages_cpp
Scanning dependencies of target geometry_msgs_generate_messages_cpp
Scanning dependencies of target nav_msgs_generate_messages_lisp
Scanning dependencies of target nav_msgs_generate_messages_cpp
[  0%] Built target geometry_msgs_generate_messages_cpp
Scanning dependencies of target actionlib_msgs_generate_messages_cpp
[  0%] Built target nav_msgs_generate_messages_cpp
[  0%] Built target nav_msgs_generate_messages_lisp
Scanning dependencies of target actionlib_msgs_generate_messages_lisp
Scanning dependencies of target geometry_msgs_generate_messages_lisp
Scanning dependencies of target sensor_msgs_generate_messages_lisp
[  0%] Built target actionlib_msgs_generate_messages_cpp
[  0%] Built target geometry_msgs_generate_messages_lisp
[  0%] Built target sensor_msgs_generate_messages_lisp
Scanning dependencies of target pal_navigation_msgs_generate_messages_eus
[  0%] Built target actionlib_msgs_generate_messages_lisp
Scanning dependencies of target pal_navigation_msgs_generate_messages_nodejs
Scanning dependencies of target pal_navigation_msgs_generate_messages_py
Scanning dependencies of target pal_navigation_msgs_generate_messages_cpp
[  1%] Generating EusLisp code from pal_navigation_msgs/GoToActionResult.msg
[  2%] Generating Javascript code from pal_navigation_msgs/GoToActionResult.msg
[  2%] Generating Python from MSG pal_navigation_msgs/GoToActionResult
[  3%] Generating Python from MSG pal_navigation_msgs/GoToActionFeedback
[  3%] Generating Javascript code from pal_navigation_msgs/GoToActionFeedback.msg
[  3%] Generating C++ code from pal_navigation_msgs/GoToActionResult.msg
[  3%] Generating EusLisp code from pal_navigation_msgs/GoToActionFeedback.msg
[  3%] Generating EusLisp code from pal_navigation_msgs/NavigationStatus.msg
[  3%] Generating Javascript code from pal_navigation_msgs/NavigationStatus.msg
[  3%] Generating C++ code from pal_navigation_msgs/GoToActionFeedback.msg
[  3%] Generating Python from MSG pal_navigation_msgs/NavigationStatus
[  4%] Generating EusLisp code from pal_navigation_msgs/VisualTrainingGoal.msg
[  4%] Generating EusLisp code from pal_navigation_msgs/JoyTurboResult.msg
[  4%] Generating Javascript code from pal_navigation_msgs/VisualTrainingGoal.msg
Scanning dependencies of target pal_navigation_msgs_generate_messages_lisp
[  5%] Generating Javascript code from pal_navigation_msgs/JoyTurboResult.msg
[  5%] Generating Javascript code from pal_navigation_msgs/VisualTrainingFeedback.msg
[  6%] Generating Lisp code from pal_navigation_msgs/GoToActionResult.msg
[  6%] Generating Python from MSG pal_navigation_msgs/VisualTrainingGoal
[  6%] Generating Lisp code from pal_navigation_msgs/GoToActionFeedback.msg
[  7%] Generating Python from MSG pal_navigation_msgs/JoyTurboResult
[  7%] Generating EusLisp code from pal_navigation_msgs/VisualTrainingFeedback.msg
[  7%] Generating Python from MSG pal_navigation_msgs/VisualTrainingFeedback
[  7%] Generating Lisp code from pal_navigation_msgs/NavigationStatus.msg
[  7%] Generating Javascript code from pal_navigation_msgs/GoToAction.msg
[  7%] Generating C++ code from pal_navigation_msgs/NavigationStatus.msg
[  8%] Generating Javascript code from pal_navigation_msgs/JoyTurboActionResult.msg
[  8%] Generating EusLisp code from pal_navigation_msgs/GoToAction.msg
[  8%] Generating Javascript code from pal_navigation_msgs/JoyPriorityResult.msg
[  9%] Generating Lisp code from pal_navigation_msgs/VisualTrainingGoal.msg
[  9%] Generating Python from MSG pal_navigation_msgs/GoToAction
[  9%] Generating Python from MSG pal_navigation_msgs/JoyTurboActionResult
[ 10%] Generating Python from MSG pal_navigation_msgs/JoyPriorityResult
[ 10%] Generating Javascript code from pal_navigation_msgs/GoToResult.msg
[ 10%] Generating Python from MSG pal_navigation_msgs/GoToResult
[ 11%] Generating EusLisp code from pal_navigation_msgs/JoyTurboActionResult.msg
[ 11%] Generating Lisp code from pal_navigation_msgs/JoyTurboResult.msg
[ 12%] Generating Javascript code from pal_navigation_msgs/EulerAngles.msg
[ 12%] Generating Python from MSG pal_navigation_msgs/EulerAngles
[ 13%] Generating C++ code from pal_navigation_msgs/VisualTrainingGoal.msg
[ 14%] Generating Python from MSG pal_navigation_msgs/VisualTrainingAction
[ 14%] Generating EusLisp code from pal_navigation_msgs/JoyPriorityResult.msg
[ 14%] Generating Lisp code from pal_navigation_msgs/VisualTrainingFeedback.msg
[ 14%] Generating Python from MSG pal_navigation_msgs/GoToPOIActionResult
[ 14%] Generating Javascript code from pal_navigation_msgs/VisualTrainingAction.msg
[ 14%] Generating Python from MSG pal_navigation_msgs/JoyPriorityGoal
[ 14%] Generating Javascript code from pal_navigation_msgs/GoToPOIActionResult.msg
[ 14%] Generating Javascript code from pal_navigation_msgs/JoyPriorityGoal.msg
[ 15%] Generating Lisp code from pal_navigation_msgs/GoToAction.msg
[ 15%] Generating EusLisp code from pal_navigation_msgs/GoToResult.msg
[ 16%] Generating EusLisp code from pal_navigation_msgs/EulerAngles.msg
[ 16%] Generating C++ code from pal_navigation_msgs/JoyTurboResult.msg
[ 17%] Generating Python from MSG pal_navigation_msgs/JoyTurboActionFeedback
[ 18%] Generating Javascript code from pal_navigation_msgs/JoyTurboActionFeedback.msg
[ 18%] Generating Lisp code from pal_navigation_msgs/JoyTurboActionResult.msg
[ 18%] Generating Python from MSG pal_navigation_msgs/GoToPOIGoal
[ 18%] Generating Javascript code from pal_navigation_msgs/GoToPOIGoal.msg
[ 18%] Generating Lisp code from pal_navigation_msgs/JoyPriorityResult.msg
[ 18%] Generating C++ code from pal_navigation_msgs/VisualTrainingFeedback.msg
[ 19%] Generating C++ code from pal_navigation_msgs/GoToAction.msg
[ 19%] Generating EusLisp code from pal_navigation_msgs/VisualTrainingAction.msg
[ 19%] Generating Python from MSG pal_navigation_msgs/JoyPriorityActionGoal
[ 19%] Generating Lisp code from pal_navigation_msgs/GoToResult.msg
[ 19%] Generating Javascript code from pal_navigation_msgs/JoyPriorityActionGoal.msg
[ 20%] Generating Javascript code from pal_navigation_msgs/PolarReadingScan.msg
[ 20%] Generating Lisp code from pal_navigation_msgs/VisualTrainingAction.msg
[ 21%] Generating Lisp code from pal_navigation_msgs/EulerAngles.msg
[ 21%] Generating C++ code from pal_navigation_msgs/JoyTurboActionResult.msg
[ 21%] Generating EusLisp code from pal_navigation_msgs/GoToPOIActionResult.msg
[ 21%] Generating Javascript code from pal_navigation_msgs/NiceMapTransformation.msg
[ 21%] Generating Python from MSG pal_navigation_msgs/PolarReadingScan
[ 21%] Generating Lisp code from pal_navigation_msgs/GoToPOIActionResult.msg
[ 22%] Generating Lisp code from pal_navigation_msgs/JoyPriorityGoal.msg
[ 22%] Generating Javascript code from pal_navigation_msgs/Highways.msg
[ 23%] Generating EusLisp code from pal_navigation_msgs/JoyPriorityGoal.msg
[ 23%] Generating C++ code from pal_navigation_msgs/JoyPriorityResult.msg
[ 23%] Generating Lisp code from pal_navigation_msgs/JoyTurboActionFeedback.msg
[ 24%] Generating Python from MSG pal_navigation_msgs/NiceMapTransformation
[ 24%] Generating Lisp code from pal_navigation_msgs/GoToPOIGoal.msg
[ 25%] Generating C++ code from pal_navigation_msgs/GoToResult.msg
[ 25%] Generating Python from MSG pal_navigation_msgs/Highways
[ 26%] Generating Javascript code from pal_navigation_msgs/VisualLocDB.msg
[ 26%] Generating EusLisp code from pal_navigation_msgs/JoyTurboActionFeedback.msg
[ 26%] Generating EusLisp code from pal_navigation_msgs/GoToPOIGoal.msg
[ 27%] Generating Lisp code from pal_navigation_msgs/JoyPriorityActionGoal.msg
[ 27%] Generating Javascript code from pal_navigation_msgs/JoyTurboFeedback.msg
[ 27%] Generating Javascript code from pal_navigation_msgs/GoToPOIActionGoal.msg
[ 27%] Generating EusLisp code from pal_navigation_msgs/JoyPriorityActionGoal.msg
[ 27%] Generating Lisp code from pal_navigation_msgs/PolarReadingScan.msg
[ 27%] Generating Python from MSG pal_navigation_msgs/VisualLocDB
[ 27%] Generating Javascript code from pal_navigation_msgs/VisualTrainingActionGoal.msg
[ 27%] Generating Lisp code from pal_navigation_msgs/Highways.msg
[ 27%] Generating C++ code from pal_navigation_msgs/EulerAngles.msg
[ 27%] Generating Lisp code from pal_navigation_msgs/NiceMapTransformation.msg
[ 28%] Generating EusLisp code from pal_navigation_msgs/PolarReadingScan.msg
[ 28%] Generating C++ code from pal_navigation_msgs/GoToPOIActionResult.msg
[ 28%] Generating C++ code from pal_navigation_msgs/VisualTrainingAction.msg
[ 29%] Generating Javascript code from pal_navigation_msgs/JoyTurboActionGoal.msg
[ 30%] Generating Lisp code from pal_navigation_msgs/VisualLocDB.msg
[ 30%] Generating Lisp code from pal_navigation_msgs/JoyTurboFeedback.msg
[ 30%] Generating Javascript code from pal_navigation_msgs/GoToPOIFeedback.msg
[ 31%] Generating Python from MSG pal_navigation_msgs/JoyTurboFeedback
[ 31%] Generating EusLisp code from pal_navigation_msgs/NiceMapTransformation.msg
[ 31%] Generating Lisp code from pal_navigation_msgs/GoToPOIActionGoal.msg
[ 31%] Generating EusLisp code from pal_navigation_msgs/Highways.msg
[ 31%] Generating Javascript code from pal_navigation_msgs/PolarReading.msg
[ 31%] Generating Python from MSG pal_navigation_msgs/GoToPOIActionGoal
[ 32%] Generating Lisp code from pal_navigation_msgs/VisualTrainingActionGoal.msg
[ 33%] Generating C++ code from pal_navigation_msgs/JoyPriorityGoal.msg
[ 33%] Generating Lisp code from pal_navigation_msgs/JoyTurboActionGoal.msg
[ 34%] Generating EusLisp code from pal_navigation_msgs/VisualLocDB.msg
[ 34%] Generating Python from MSG pal_navigation_msgs/VisualTrainingActionGoal
[ 34%] Generating EusLisp code from pal_navigation_msgs/JoyTurboFeedback.msg
[ 35%] Generating Javascript code from pal_navigation_msgs/VisualTrainingResult.msg
[ 35%] Generating C++ code from pal_navigation_msgs/JoyTurboActionFeedback.msg
[ 35%] Generating Lisp code from pal_navigation_msgs/GoToPOIFeedback.msg
[ 35%] Generating Javascript code from pal_navigation_msgs/Emergency.msg
[ 35%] Generating Javascript code from pal_navigation_msgs/JoyPriorityFeedback.msg
[ 36%] Generating Python from MSG pal_navigation_msgs/JoyTurboActionGoal
[ 36%] Generating Python from MSG pal_navigation_msgs/GoToPOIFeedback
[ 37%] Generating Lisp code from pal_navigation_msgs/PolarReading.msg
[ 37%] Generating EusLisp code from pal_navigation_msgs/GoToPOIActionGoal.msg
[ 37%] Generating Python from MSG pal_navigation_msgs/PolarReading
[ 38%] Generating Javascript code from pal_navigation_msgs/JoyPriorityAction.msg
[ 38%] Generating Lisp code from pal_navigation_msgs/VisualTrainingResult.msg
[ 38%] Generating Javascript code from pal_navigation_msgs/GoToPOIAction.msg
[ 38%] Generating C++ code from pal_navigation_msgs/GoToPOIGoal.msg
[ 38%] Generating Python from MSG pal_navigation_msgs/VisualTrainingResult
[ 39%] Generating EusLisp code from pal_navigation_msgs/VisualTrainingActionGoal.msg
[ 40%] Generating Python from MSG pal_navigation_msgs/Emergency
[ 40%] Generating Lisp code from pal_navigation_msgs/Emergency.msg
[ 40%] Generating Javascript code from pal_navigation_msgs/GoToPOIActionFeedback.msg
[ 41%] Generating C++ code from pal_navigation_msgs/JoyPriorityActionGoal.msg
[ 41%] Generating Python from MSG pal_navigation_msgs/JoyPriorityFeedback
[ 41%] Generating Lisp code from pal_navigation_msgs/JoyPriorityFeedback.msg
[ 41%] Generating EusLisp code from pal_navigation_msgs/JoyTurboActionGoal.msg
[ 41%] Generating Javascript code from pal_navigation_msgs/EulerAnglesStamped.msg
[ 42%] Generating Lisp code from pal_navigation_msgs/JoyPriorityAction.msg
[ 43%] Generating Javascript code from pal_navigation_msgs/POI.msg
[ 43%] Generating Javascript code from pal_navigation_msgs/VisualTrainingActionFeedback.msg
[ 43%] Generating Lisp code from pal_navigation_msgs/GoToPOIAction.msg
[ 43%] Generating Lisp code from pal_navigation_msgs/GoToPOIActionFeedback.msg
[ 43%] Generating Python from MSG pal_navigation_msgs/JoyPriorityAction
[ 43%] Generating EusLisp code from pal_navigation_msgs/GoToPOIFeedback.msg
[ 43%] Generating Javascript code from pal_navigation_msgs/LaserImage.msg
[ 43%] Generating Python from MSG pal_navigation_msgs/GoToPOIActionFeedback
[ 44%] Generating Python from MSG pal_navigation_msgs/GoToPOIAction
[ 45%] Generating Lisp code from pal_navigation_msgs/EulerAnglesStamped.msg
[ 45%] Generating Lisp code from pal_navigation_msgs/POI.msg
[ 45%] Generating EusLisp code from pal_navigation_msgs/PolarReading.msg
[ 46%] Generating Javascript code from pal_navigation_msgs/VisualTrainingActionResult.msg
[ 46%] Generating C++ code from pal_navigation_msgs/PolarReadingScan.msg
[ 47%] Generating EusLisp code from pal_navigation_msgs/VisualTrainingResult.msg
[ 47%] Generating Python from MSG pal_navigation_msgs/EulerAnglesStamped
[ 47%] Generating Lisp code from pal_navigation_msgs/VisualTrainingActionFeedback.msg
[ 47%] Generating Javascript code from pal_navigation_msgs/JoyPriorityActionFeedback.msg
[ 47%] Generating EusLisp code from pal_navigation_msgs/Emergency.msg
[ 47%] Generating C++ code from pal_navigation_msgs/NiceMapTransformation.msg
[ 48%] Generating Lisp code from pal_navigation_msgs/LaserImage.msg
[ 48%] Generating Javascript code from pal_navigation_msgs/TabletPOI.msg
[ 48%] Generating EusLisp code from pal_navigation_msgs/JoyPriorityFeedback.msg
[ 48%] Generating Lisp code from pal_navigation_msgs/VisualTrainingActionResult.msg
[ 49%] Generating Python from MSG pal_navigation_msgs/POI
[ 49%] Generating Lisp code from pal_navigation_msgs/JoyPriorityActionFeedback.msg
[ 49%] Generating Lisp code from pal_navigation_msgs/TabletPOI.msg
[ 50%] Generating Javascript code from pal_navigation_msgs/GoToFeedback.msg
[ 51%] Generating EusLisp code from pal_navigation_msgs/JoyPriorityAction.msg
[ 52%] Generating Lisp code from pal_navigation_msgs/GoToFeedback.msg
[ 52%] Generating Lisp code from pal_navigation_msgs/JoyTurboAction.msg
[ 52%] Generating Lisp code from pal_navigation_msgs/MapConfiguration.msg
[ 53%] Generating Lisp code from pal_navigation_msgs/JoyPriorityActionResult.msg
[ 53%] Generating Javascript code from pal_navigation_msgs/JoyTurboAction.msg
[ 53%] Generating Lisp code from pal_navigation_msgs/AvailableMaps.msg
[ 53%] Generating Javascript code from pal_navigation_msgs/MapConfiguration.msg
[ 53%] Generating Python from MSG pal_navigation_msgs/VisualTrainingActionFeedback
[ 53%] Generating EusLisp code from pal_navigation_msgs/GoToPOIAction.msg
[ 53%] Generating Lisp code from pal_navigation_msgs/GoToActionGoal.msg
[ 54%] Generating C++ code from pal_navigation_msgs/Highways.msg
[ 55%] Generating Lisp code from pal_navigation_msgs/GoToGoal.msg
[ 56%] Generating Javascript code from pal_navigation_msgs/AvailableMaps.msg
[ 56%] Generating Lisp code from pal_navigation_msgs/GoToPOIResult.msg
[ 56%] Generating Javascript code from pal_navigation_msgs/JoyPriorityActionResult.msg
[ 56%] Generating Lisp code from pal_navigation_msgs/JoyTurboGoal.msg
[ 56%] Generating EusLisp code from pal_navigation_msgs/GoToPOIActionFeedback.msg
[ 56%] Generating Javascript code from pal_navigation_msgs/GoToActionGoal.msg
[ 56%] Generating Lisp code from pal_navigation_msgs/ServiceStatus.msg
[ 56%] Generating C++ code from pal_navigation_msgs/VisualLocDB.msg
[ 56%] Generating Python from MSG pal_navigation_msgs/LaserImage
[ 56%] Generating Javascript code from pal_navigation_msgs/GoToGoal.msg
[ 56%] Generating C++ code from pal_navigation_msgs/JoyTurboFeedback.msg
[ 57%] Generating Javascript code from pal_navigation_msgs/GoToPOIResult.msg
[ 57%] Generating Python from MSG pal_navigation_msgs/VisualTrainingActionResult
[ 58%] Generating Lisp code from pal_navigation_msgs/GetMapConfiguration.srv
[ 59%] Generating EusLisp code from pal_navigation_msgs/EulerAnglesStamped.msg
[ 59%] Generating Javascript code from pal_navigation_msgs/JoyTurboGoal.msg
[ 60%] Generating Python from MSG pal_navigation_msgs/JoyPriorityActionFeedback
[ 60%] Generating Javascript code from pal_navigation_msgs/ServiceStatus.msg
[ 60%] Generating Lisp code from pal_navigation_msgs/GetPOI.srv
[ 60%] Generating EusLisp code from pal_navigation_msgs/VisualTrainingActionFeedback.msg
[ 60%] Generating EusLisp code from pal_navigation_msgs/POI.msg
[ 60%] Generating C++ code from pal_navigation_msgs/GoToPOIActionGoal.msg
[ 61%] Generating Javascript code from pal_navigation_msgs/GetMapConfiguration.srv
[ 61%] Generating Javascript code from pal_navigation_msgs/GetPOI.srv
[ 61%] Generating Lisp code from pal_navigation_msgs/GetNodes.srv
[ 62%] Generating C++ code from pal_navigation_msgs/VisualTrainingActionGoal.msg
[ 62%] Generating Python from MSG pal_navigation_msgs/TabletPOI
[ 62%] Generating Javascript code from pal_navigation_msgs/GetNodes.srv
[ 63%] Generating Lisp code from pal_navigation_msgs/SetSubMapFloor.srv
[ 63%] Generating Javascript code from pal_navigation_msgs/SetSubMapFloor.srv
[ 63%] Generating Lisp code from pal_navigation_msgs/RenameMap.srv
[ 63%] Generating Lisp code from pal_navigation_msgs/SaveMap.srv
[ 64%] Generating Javascript code from pal_navigation_msgs/RenameMap.srv
[ 64%] Generating EusLisp code from pal_navigation_msgs/LaserImage.msg
[ 64%] Generating Javascript code from pal_navigation_msgs/SaveMap.srv
[ 64%] Generating Python from MSG pal_navigation_msgs/GoToFeedback
[ 65%] Generating Lisp code from pal_navigation_msgs/SetMapConfiguration.srv
[ 65%] Generating Javascript code from pal_navigation_msgs/SetMapConfiguration.srv
[ 65%] Generating C++ code from pal_navigation_msgs/JoyTurboActionGoal.msg
[ 66%] Generating Javascript code from pal_navigation_msgs/VisualLocRecognize.srv
[ 67%] Generating Python from MSG pal_navigation_msgs/JoyTurboAction
[ 67%] Generating C++ code from pal_navigation_msgs/GoToPOIFeedback.msg
[ 68%] Generating EusLisp code from pal_navigation_msgs/VisualTrainingActionResult.msg
[ 68%] Generating Lisp code from pal_navigation_msgs/VisualLocRecognize.srv
[ 68%] Generating Javascript code from pal_navigation_msgs/Acknowledgment.srv
[ 68%] Generating Javascript code from pal_navigation_msgs/SafetyZone.srv
[ 68%] Generating Python from MSG pal_navigation_msgs/MapConfiguration
[ 68%] Generating EusLisp code from pal_navigation_msgs/JoyPriorityActionFeedback.msg
[ 68%] Generating Lisp code from pal_navigation_msgs/Acknowledgment.srv
[ 68%] Generating EusLisp code from pal_navigation_msgs/TabletPOI.msg
[ 69%] Generating Javascript code from pal_navigation_msgs/GetSubMap.srv
[ 69%] Generating Python from MSG pal_navigation_msgs/JoyPriorityActionResult
[ 70%] Generating EusLisp code from pal_navigation_msgs/GoToFeedback.msg
[ 71%] Generating C++ code from pal_navigation_msgs/PolarReading.msg
[ 71%] Generating Lisp code from pal_navigation_msgs/SafetyZone.srv
[ 71%] Generating C++ code from pal_navigation_msgs/VisualTrainingResult.msg
[ 72%] Generating Python from MSG pal_navigation_msgs/AvailableMaps
[ 72%] Generating EusLisp code from pal_navigation_msgs/JoyTurboAction.msg
[ 73%] Generating Lisp code from pal_navigation_msgs/GetSubMap.srv
[ 73%] Generating Javascript code from pal_navigation_msgs/ChangeBuilding.srv
[ 73%] Generating Lisp code from pal_navigation_msgs/ChangeBuilding.srv
[ 73%] Generating Javascript code from pal_navigation_msgs/FinalApproachPose.srv
[ 73%] Generating Python from MSG pal_navigation_msgs/GoToActionGoal
[ 73%] Generating EusLisp code from pal_navigation_msgs/MapConfiguration.msg
[ 73%] Generating Javascript code from pal_navigation_msgs/SetPOI.srv
[ 73%] Generating Lisp code from pal_navigation_msgs/FinalApproachPose.srv
[ 73%] Generating Python from MSG pal_navigation_msgs/GoToGoal
[ 74%] Generating Javascript code from pal_navigation_msgs/ListMaps.srv
[ 74%] Generating Python from MSG pal_navigation_msgs/GoToPOIResult
[ 74%] Generating Javascript code from pal_navigation_msgs/DisableEmergency.srv
[ 75%] Generating EusLisp code from pal_navigation_msgs/JoyPriorityActionResult.msg
[ 75%] Generating C++ code from pal_navigation_msgs/Emergency.msg
[ 76%] Generating Python from MSG pal_navigation_msgs/JoyTurboGoal
[ 77%] Generating Lisp code from pal_navigation_msgs/SetPOI.srv
[ 77%] Generating Python from MSG pal_navigation_msgs/ServiceStatus
[ 77%] Built target pal_navigation_msgs_generate_messages_nodejs
[ 77%] Generating Python code from SRV pal_navigation_msgs/GetMapConfiguration
[ 78%] Generating C++ code from pal_navigation_msgs/JoyPriorityFeedback.msg
[ 78%] Generating Lisp code from pal_navigation_msgs/ListMaps.srv
[ 78%] Generating EusLisp code from pal_navigation_msgs/AvailableMaps.msg
[ 79%] Generating Python code from SRV pal_navigation_msgs/GetPOI
[ 79%] Generating Python code from SRV pal_navigation_msgs/GetNodes
[ 79%] Generating Lisp code from pal_navigation_msgs/DisableEmergency.srv
[ 79%] Generating Python code from SRV pal_navigation_msgs/SetSubMapFloor
[ 79%] Generating EusLisp code from pal_navigation_msgs/GoToActionGoal.msg
[ 80%] Generating Python code from SRV pal_navigation_msgs/RenameMap
[ 80%] Built target pal_navigation_msgs_generate_messages_lisp
[ 80%] Generating Python code from SRV pal_navigation_msgs/SaveMap
[ 80%] Generating C++ code from pal_navigation_msgs/JoyPriorityAction.msg
[ 80%] Generating Python code from SRV pal_navigation_msgs/SetMapConfiguration
[ 80%] Generating C++ code from pal_navigation_msgs/GoToPOIAction.msg
[ 80%] Generating Python code from SRV pal_navigation_msgs/VisualLocRecognize
[ 80%] Generating EusLisp code from pal_navigation_msgs/GoToGoal.msg
[ 80%] Generating C++ code from pal_navigation_msgs/GoToPOIActionFeedback.msg
[ 81%] Generating Python code from SRV pal_navigation_msgs/Acknowledgment
[ 81%] Generating Python code from SRV pal_navigation_msgs/SafetyZone
[ 81%] Generating EusLisp code from pal_navigation_msgs/JoyTurboGoal.msg
[ 82%] Generating EusLisp code from pal_navigation_msgs/GoToPOIResult.msg
[ 82%] Generating Python code from SRV pal_navigation_msgs/GetSubMap
[ 83%] Generating C++ code from pal_navigation_msgs/EulerAnglesStamped.msg
[ 83%] Generating C++ code from pal_navigation_msgs/POI.msg
[ 84%] Generating Python code from SRV pal_navigation_msgs/ChangeBuilding
[ 84%] Generating EusLisp code from pal_navigation_msgs/ServiceStatus.msg
[ 85%] Generating EusLisp code from pal_navigation_msgs/GetMapConfiguration.srv
[ 85%] Generating C++ code from pal_navigation_msgs/VisualTrainingActionFeedback.msg
[ 85%] Generating Python code from SRV pal_navigation_msgs/FinalApproachPose
[ 85%] Generating Python code from SRV pal_navigation_msgs/SetPOI
[ 85%] Generating EusLisp code from pal_navigation_msgs/GetPOI.srv
[ 85%] Generating C++ code from pal_navigation_msgs/VisualTrainingActionResult.msg
[ 86%] Generating C++ code from pal_navigation_msgs/LaserImage.msg
[ 86%] Generating C++ code from pal_navigation_msgs/JoyPriorityActionFeedback.msg
[ 86%] Generating C++ code from pal_navigation_msgs/GoToFeedback.msg
[ 86%] Generating EusLisp code from pal_navigation_msgs/GetNodes.srv
[ 87%] Generating Python code from SRV pal_navigation_msgs/ListMaps
[ 88%] Generating C++ code from pal_navigation_msgs/TabletPOI.msg
[ 88%] Generating C++ code from pal_navigation_msgs/JoyTurboAction.msg
[ 89%] Generating EusLisp code from pal_navigation_msgs/SetSubMapFloor.srv
[ 89%] Generating Python code from SRV pal_navigation_msgs/DisableEmergency
[ 89%] Generating C++ code from pal_navigation_msgs/MapConfiguration.msg
[ 89%] Generating EusLisp code from pal_navigation_msgs/RenameMap.srv
[ 90%] Generating C++ code from pal_navigation_msgs/JoyPriorityActionResult.msg
[ 90%] Generating C++ code from pal_navigation_msgs/GoToActionGoal.msg
[ 90%] Generating C++ code from pal_navigation_msgs/AvailableMaps.msg
[ 90%] Generating Python msg __init__.py for pal_navigation_msgs
[ 90%] Generating EusLisp code from pal_navigation_msgs/SaveMap.srv
[ 91%] Generating C++ code from pal_navigation_msgs/GoToGoal.msg
[ 91%] Generating C++ code from pal_navigation_msgs/GoToPOIResult.msg
[ 92%] Generating Python srv __init__.py for pal_navigation_msgs
[ 92%] Generating C++ code from pal_navigation_msgs/JoyTurboGoal.msg
[ 92%] Generating EusLisp code from pal_navigation_msgs/SetMapConfiguration.srv
[ 93%] Generating EusLisp code from pal_navigation_msgs/VisualLocRecognize.srv
[ 94%] Generating C++ code from pal_navigation_msgs/ServiceStatus.msg
[ 94%] Generating C++ code from pal_navigation_msgs/GetMapConfiguration.srv
[ 94%] Built target pal_navigation_msgs_generate_messages_py
[ 94%] Generating C++ code from pal_navigation_msgs/GetPOI.srv
[ 94%] Generating EusLisp code from pal_navigation_msgs/Acknowledgment.srv
[ 94%] Generating EusLisp code from pal_navigation_msgs/SafetyZone.srv
[ 94%] Generating C++ code from pal_navigation_msgs/GetNodes.srv
[ 95%] Generating C++ code from pal_navigation_msgs/SetSubMapFloor.srv
[ 95%] Generating C++ code from pal_navigation_msgs/RenameMap.srv
[ 96%] Generating EusLisp code from pal_navigation_msgs/GetSubMap.srv
[ 96%] Generating EusLisp code from pal_navigation_msgs/ChangeBuilding.srv
[ 96%] Generating EusLisp code from pal_navigation_msgs/FinalApproachPose.srv
[ 97%] Generating EusLisp code from pal_navigation_msgs/SetPOI.srv
[ 97%] Generating EusLisp code from pal_navigation_msgs/ListMaps.srv
[ 97%] Generating EusLisp manifest code for pal_navigation_msgs
[ 97%] Generating EusLisp code from pal_navigation_msgs/DisableEmergency.srv
[ 97%] Generating C++ code from pal_navigation_msgs/VisualLocRecognize.srv
[ 98%] Generating C++ code from pal_navigation_msgs/SetMapConfiguration.srv
[ 98%] Generating C++ code from pal_navigation_msgs/SaveMap.srv
[ 98%] Generating C++ code from pal_navigation_msgs/Acknowledgment.srv
[ 99%] Generating C++ code from pal_navigation_msgs/SafetyZone.srv
[ 99%] Generating C++ code from pal_navigation_msgs/GetSubMap.srv
[ 99%] Generating C++ code from pal_navigation_msgs/ChangeBuilding.srv
[ 99%] Generating C++ code from pal_navigation_msgs/FinalApproachPose.srv
[100%] Generating C++ code from pal_navigation_msgs/SetPOI.srv
[100%] Generating C++ code from pal_navigation_msgs/ListMaps.srv
[100%] Generating C++ code from pal_navigation_msgs/DisableEmergency.srv
[100%] Built target pal_navigation_msgs_generate_messages_cpp
[100%] Built target pal_navigation_msgs_generate_messages_eus
Scanning dependencies of target pal_navigation_msgs_generate_messages
[100%] Built target pal_navigation_msgs_generate_messages
