Scanning dependencies of target slam_gmapping_nodelet
[ 11%] Building CXX object CMakeFiles/slam_gmapping_nodelet.dir/src/slam_gmapping.cpp.o
[ 22%] Building CXX object CMakeFiles/slam_gmapping_nodelet.dir/src/nodelet.cpp.o
Scanning dependencies of target std_msgs_generate_messages_lisp
[ 22%] Built target std_msgs_generate_messages_lisp
Scanning dependencies of target tf2_msgs_generate_messages_lisp
[ 22%] Built target tf2_msgs_generate_messages_lisp
Scanning dependencies of target tf2_msgs_generate_messages_eus
[ 22%] Built target tf2_msgs_generate_messages_eus
[ 33%] Linking CXX shared library /tiago_public_ws/devel/.private/gmapping/lib/libslam_gmapping_nodelet.so
Scanning dependencies of target actionlib_generate_messages_eus
[ 33%] Built target actionlib_generate_messages_eus
[ 33%] Built target slam_gmapping_nodelet
Scanning dependencies of target tf2_msgs_generate_messages_py
[ 33%] Built target tf2_msgs_generate_messages_py
Scanning dependencies of target sensor_msgs_generate_messages_cpp
[ 33%] Built target sensor_msgs_generate_messages_cpp
Scanning dependencies of target tf2_msgs_generate_messages_cpp
[ 33%] Built target tf2_msgs_generate_messages_cpp
Scanning dependencies of target tf2_msgs_generate_messages_nodejs
[ 33%] Built target tf2_msgs_generate_messages_nodejs
Scanning dependencies of target actionlib_generate_messages_py
Scanning dependencies of target actionlib_generate_messages_nodejs
[ 33%] Built target actionlib_generate_messages_py
[ 33%] Built target actionlib_generate_messages_nodejs
Scanning dependencies of target tf_generate_messages_cpp
[ 33%] Built target tf_generate_messages_cpp
Scanning dependencies of target rosgraph_msgs_generate_messages_py
Scanning dependencies of target rosgraph_msgs_generate_messages_nodejs
[ 33%] Built target rosgraph_msgs_generate_messages_nodejs
[ 33%] Built target rosgraph_msgs_generate_messages_py
Scanning dependencies of target tf_generate_messages_eus
Scanning dependencies of target bond_generate_messages_cpp
[ 33%] Built target tf_generate_messages_eus
[ 33%] Built target bond_generate_messages_cpp
Scanning dependencies of target actionlib_msgs_generate_messages_nodejs
Scanning dependencies of target std_msgs_generate_messages_eus
[ 33%] Built target actionlib_msgs_generate_messages_nodejs
[ 33%] Built target std_msgs_generate_messages_eus
Scanning dependencies of target sensor_msgs_generate_messages_lisp
Scanning dependencies of target nav_msgs_generate_messages_eus
[ 33%] Built target sensor_msgs_generate_messages_lisp
[ 33%] Built target nav_msgs_generate_messages_eus
Scanning dependencies of target geometry_msgs_generate_messages_lisp
Scanning dependencies of target geometry_msgs_generate_messages_cpp
[ 33%] Built target geometry_msgs_generate_messages_lisp
[ 33%] Built target geometry_msgs_generate_messages_cpp
Scanning dependencies of target nav_msgs_generate_messages_cpp
Scanning dependencies of target actionlib_msgs_generate_messages_cpp
[ 33%] Built target nav_msgs_generate_messages_cpp
[ 33%] Built target actionlib_msgs_generate_messages_cpp
Scanning dependencies of target nodelet_generate_messages_lisp
Scanning dependencies of target actionlib_msgs_generate_messages_eus
[ 33%] Built target nodelet_generate_messages_lisp
[ 33%] Built target actionlib_msgs_generate_messages_eus
Scanning dependencies of target actionlib_msgs_generate_messages_py
Scanning dependencies of target actionlib_msgs_generate_messages_lisp
[ 33%] Built target actionlib_msgs_generate_messages_py
[ 33%] Built target actionlib_msgs_generate_messages_lisp
Scanning dependencies of target std_msgs_generate_messages_nodejs
Scanning dependencies of target bond_generate_messages_lisp
[ 33%] Built target std_msgs_generate_messages_nodejs
[ 33%] Built target bond_generate_messages_lisp
Scanning dependencies of target sensor_msgs_generate_messages_eus
Scanning dependencies of target _catkin_empty_exported_target
[ 33%] Built target _catkin_empty_exported_target
[ 33%] Built target sensor_msgs_generate_messages_eus
Scanning dependencies of target roscpp_generate_messages_lisp
Scanning dependencies of target bond_generate_messages_eus
[ 33%] Built target roscpp_generate_messages_lisp
[ 33%] Built target bond_generate_messages_eus
Scanning dependencies of target sensor_msgs_generate_messages_nodejs
Scanning dependencies of target actionlib_generate_messages_cpp
[ 33%] Built target actionlib_generate_messages_cpp
[ 33%] Built target sensor_msgs_generate_messages_nodejs
Scanning dependencies of target roscpp_generate_messages_cpp
Scanning dependencies of target nodelet_generate_messages_eus
[ 33%] Built target roscpp_generate_messages_cpp
[ 33%] Built target nodelet_generate_messages_eus
Scanning dependencies of target std_msgs_generate_messages_cpp
Scanning dependencies of target nodelet_generate_messages_nodejs
[ 33%] Built target nodelet_generate_messages_nodejs
[ 33%] Built target std_msgs_generate_messages_cpp
Scanning dependencies of target nodelet_generate_messages_py
Scanning dependencies of target bond_generate_messages_nodejs
[ 33%] Built target nodelet_generate_messages_py
[ 33%] Built target bond_generate_messages_nodejs
Scanning dependencies of target actionlib_generate_messages_lisp
Scanning dependencies of target tf_generate_messages_py
[ 33%] Built target actionlib_generate_messages_lisp
[ 33%] Built target tf_generate_messages_py
Scanning dependencies of target tf_generate_messages_nodejs
Scanning dependencies of target tf_generate_messages_lisp
[ 33%] Built target tf_generate_messages_nodejs
[ 33%] Built target tf_generate_messages_lisp
Scanning dependencies of target sensor_msgs_generate_messages_py
Scanning dependencies of target geometry_msgs_generate_messages_py
[ 33%] Built target geometry_msgs_generate_messages_py
[ 33%] Built target sensor_msgs_generate_messages_py
Scanning dependencies of target nav_msgs_generate_messages_nodejs
[ 33%] Built target nav_msgs_generate_messages_nodejs
Scanning dependencies of target geometry_msgs_generate_messages_nodejs
Scanning dependencies of target nav_msgs_generate_messages_lisp
[ 33%] Built target geometry_msgs_generate_messages_nodejs
[ 33%] Built target nav_msgs_generate_messages_lisp
Scanning dependencies of target std_msgs_generate_messages_py
Scanning dependencies of target nav_msgs_generate_messages_py
[ 33%] Built target nav_msgs_generate_messages_py
Scanning dependencies of target nodelet_generate_messages_cpp
[ 33%] Built target std_msgs_generate_messages_py
[ 33%] Built target nodelet_generate_messages_cpp
Scanning dependencies of target bond_generate_messages_py
Scanning dependencies of target roscpp_generate_messages_nodejs
[ 33%] Built target roscpp_generate_messages_nodejs
Scanning dependencies of target geometry_msgs_generate_messages_eus
[ 33%] Built target bond_generate_messages_py
[ 33%] Built target geometry_msgs_generate_messages_eus
Scanning dependencies of target roscpp_generate_messages_eus
Scanning dependencies of target rosgraph_msgs_generate_messages_lisp
[ 33%] Built target roscpp_generate_messages_eus
[ 33%] Built target rosgraph_msgs_generate_messages_lisp
Scanning dependencies of target rosgraph_msgs_generate_messages_eus
Scanning dependencies of target rosgraph_msgs_generate_messages_cpp
[ 33%] Built target rosgraph_msgs_generate_messages_cpp
[ 33%] Built target rosgraph_msgs_generate_messages_eus
Scanning dependencies of target roscpp_generate_messages_py
[ 33%] Built target roscpp_generate_messages_py
Scanning dependencies of target slam_gmapping_replay
Scanning dependencies of target slam_gmapping
[ 44%] Building CXX object CMakeFiles/slam_gmapping.dir/src/slam_gmapping.cpp.o
[ 55%] Building CXX object CMakeFiles/slam_gmapping_replay.dir/src/slam_gmapping.cpp.o
[ 66%] Building CXX object CMakeFiles/slam_gmapping_replay.dir/src/replay.cpp.o
[ 77%] Building CXX object CMakeFiles/slam_gmapping.dir/src/main.cpp.o
[ 88%] Linking CXX executable /tiago_public_ws/devel/.private/gmapping/lib/gmapping/slam_gmapping_replay
[100%] Linking CXX executable /tiago_public_ws/devel/.private/gmapping/lib/gmapping/slam_gmapping
[100%] Built target slam_gmapping_replay
[100%] Built target slam_gmapping
