Scanning dependencies of target _pal_detection_msgs_generate_messages_check_deps_PersonDetections
[  0%] Built target _pal_detection_msgs_generate_messages_check_deps_PersonDetections
Scanning dependencies of target _pal_detection_msgs_generate_messages_check_deps_RecognizeObjectsActionResult
[  0%] Built target _pal_detection_msgs_generate_messages_check_deps_RecognizeObjectsActionResult
Scanning dependencies of target _pal_detection_msgs_generate_messages_check_deps_FaceDetections
[  0%] Built target _pal_detection_msgs_generate_messages_check_deps_FaceDetections
Scanning dependencies of target _pal_detection_msgs_generate_messages_check_deps_RecognizeObjectsActionGoal
[  0%] Built target _pal_detection_msgs_generate_messages_check_deps_RecognizeObjectsActionGoal
Scanning dependencies of target _pal_detection_msgs_generate_messages_check_deps_StartEnrollment
[  0%] Built target _pal_detection_msgs_generate_messages_check_deps_StartEnrollment
Scanning dependencies of target geometry_msgs_generate_messages_cpp
[  0%] Built target geometry_msgs_generate_messages_cpp
Scanning dependencies of target _pal_detection_msgs_generate_messages_check_deps_RecognizedObject
[  0%] Built target _pal_detection_msgs_generate_messages_check_deps_RecognizedObject
Scanning dependencies of target _pal_detection_msgs_generate_messages_check_deps_RecognizedObjectArray
[  0%] Built target _pal_detection_msgs_generate_messages_check_deps_RecognizedObjectArray
Scanning dependencies of target _pal_detection_msgs_generate_messages_check_deps_AddTexturedObject
[  0%] Built target _pal_detection_msgs_generate_messages_check_deps_AddTexturedObject
Scanning dependencies of target _pal_detection_msgs_generate_messages_check_deps_Gesture
[  0%] Built target _pal_detection_msgs_generate_messages_check_deps_Gesture
Scanning dependencies of target actionlib_msgs_generate_messages_cpp
[  0%] Built target actionlib_msgs_generate_messages_cpp
Scanning dependencies of target _pal_detection_msgs_generate_messages_check_deps_ChangeObjectRecognizerModel
[  0%] Built target _pal_detection_msgs_generate_messages_check_deps_ChangeObjectRecognizerModel
Scanning dependencies of target _pal_detection_msgs_generate_messages_check_deps_WaveDetection
[  0%] Built target _pal_detection_msgs_generate_messages_check_deps_WaveDetection
Scanning dependencies of target _pal_detection_msgs_generate_messages_check_deps_LegDetections
Scanning dependencies of target _pal_detection_msgs_generate_messages_check_deps_TexturedObjectDetection
[  0%] Built target _pal_detection_msgs_generate_messages_check_deps_LegDetections
[  0%] Built target _pal_detection_msgs_generate_messages_check_deps_TexturedObjectDetection
Scanning dependencies of target _pal_detection_msgs_generate_messages_check_deps_RecognizedActions
[  0%] Built target _pal_detection_msgs_generate_messages_check_deps_RecognizedActions
Scanning dependencies of target _pal_detection_msgs_generate_messages_check_deps_SelectTexturedObject
[  0%] Built target _pal_detection_msgs_generate_messages_check_deps_SelectTexturedObject
Scanning dependencies of target _pal_detection_msgs_generate_messages_check_deps_RecognizeObjectsActionFeedback
[  0%] Built target _pal_detection_msgs_generate_messages_check_deps_RecognizeObjectsActionFeedback
Scanning dependencies of target _pal_detection_msgs_generate_messages_check_deps_RecognizeObjectsAction
[  0%] Built target _pal_detection_msgs_generate_messages_check_deps_RecognizeObjectsAction
Scanning dependencies of target _pal_detection_msgs_generate_messages_check_deps_Recognizer
[  0%] Built target _pal_detection_msgs_generate_messages_check_deps_Recognizer
Scanning dependencies of target _pal_detection_msgs_generate_messages_check_deps_RotatedDetection2d
[  0%] Built target _pal_detection_msgs_generate_messages_check_deps_RotatedDetection2d
Scanning dependencies of target _pal_detection_msgs_generate_messages_check_deps_PersonDetection
[  0%] Built target _pal_detection_msgs_generate_messages_check_deps_PersonDetection
Scanning dependencies of target _pal_detection_msgs_generate_messages_check_deps_SetDatabase
[  0%] Built target _pal_detection_msgs_generate_messages_check_deps_SetDatabase
Scanning dependencies of target _pal_detection_msgs_generate_messages_check_deps_FaceDetection
[  0%] Built target _pal_detection_msgs_generate_messages_check_deps_FaceDetection
Scanning dependencies of target _pal_detection_msgs_generate_messages_check_deps_Detections2d
[  0%] Built target _pal_detection_msgs_generate_messages_check_deps_Detections2d
Scanning dependencies of target _pal_detection_msgs_generate_messages_check_deps_StopEnrollment
[  0%] Built target _pal_detection_msgs_generate_messages_check_deps_StopEnrollment
Scanning dependencies of target sensor_msgs_generate_messages_cpp
[  0%] Built target sensor_msgs_generate_messages_cpp
Scanning dependencies of target _pal_detection_msgs_generate_messages_check_deps_RecognizeObjectsResult
[  0%] Built target _pal_detection_msgs_generate_messages_check_deps_RecognizeObjectsResult
Scanning dependencies of target _pal_detection_msgs_generate_messages_check_deps_RecognizeObjectsFeedback
[  0%] Built target _pal_detection_msgs_generate_messages_check_deps_RecognizeObjectsFeedback
Scanning dependencies of target _pal_detection_msgs_generate_messages_check_deps_RecognizeObjectsGoal
[  0%] Built target _pal_detection_msgs_generate_messages_check_deps_RecognizeObjectsGoal
Scanning dependencies of target _pal_detection_msgs_generate_messages_check_deps_Detection2d
[  0%] Built target _pal_detection_msgs_generate_messages_check_deps_Detection2d
Scanning dependencies of target geometry_msgs_generate_messages_nodejs
[  0%] Built target geometry_msgs_generate_messages_nodejs
Scanning dependencies of target actionlib_msgs_generate_messages_nodejs
[  0%] Built target actionlib_msgs_generate_messages_nodejs
Scanning dependencies of target sensor_msgs_generate_messages_nodejs
[  0%] Built target sensor_msgs_generate_messages_nodejs
Scanning dependencies of target geometry_msgs_generate_messages_py
[  0%] Built target geometry_msgs_generate_messages_py
Scanning dependencies of target sensor_msgs_generate_messages_py
[  0%] Built target sensor_msgs_generate_messages_py
Scanning dependencies of target actionlib_msgs_generate_messages_py
[  0%] Built target actionlib_msgs_generate_messages_py
Scanning dependencies of target geometry_msgs_generate_messages_lisp
[  0%] Built target geometry_msgs_generate_messages_lisp
Scanning dependencies of target sensor_msgs_generate_messages_lisp
[  0%] Built target sensor_msgs_generate_messages_lisp
Scanning dependencies of target actionlib_msgs_generate_messages_lisp
[  0%] Built target actionlib_msgs_generate_messages_lisp
Scanning dependencies of target geometry_msgs_generate_messages_eus
[  0%] Built target geometry_msgs_generate_messages_eus
Scanning dependencies of target sensor_msgs_generate_messages_eus
[  0%] Built target sensor_msgs_generate_messages_eus
Scanning dependencies of target actionlib_msgs_generate_messages_eus
[  0%] Built target actionlib_msgs_generate_messages_eus
Scanning dependencies of target pal_detection_msgs_generate_messages_cpp
[  0%] Generating C++ code from pal_detection_msgs/TexturedObjectDetection.msg
[  1%] Generating C++ code from pal_detection_msgs/RecognizeObjectsResult.msg
[  2%] Generating C++ code from pal_detection_msgs/PersonDetection.msg
[  2%] Generating C++ code from pal_detection_msgs/RecognizeObjectsActionResult.msg
[  3%] Generating C++ code from pal_detection_msgs/RecognizeObjectsGoal.msg
[  4%] Generating C++ code from pal_detection_msgs/WaveDetection.msg
[  4%] Generating C++ code from pal_detection_msgs/RecognizedObject.msg
[  5%] Generating C++ code from pal_detection_msgs/Detections2d.msg
[  6%] Generating C++ code from pal_detection_msgs/LegDetections.msg
[  6%] Generating C++ code from pal_detection_msgs/RecognizeObjectsAction.msg
[  7%] Generating C++ code from pal_detection_msgs/RecognizedObjectArray.msg
[  8%] Generating C++ code from pal_detection_msgs/RecognizedActions.msg
[  9%] Generating C++ code from pal_detection_msgs/FaceDetection.msg
Scanning dependencies of target pal_detection_msgs_generate_messages_nodejs
[ 10%] Generating Javascript code from pal_detection_msgs/TexturedObjectDetection.msg
[ 10%] Generating C++ code from pal_detection_msgs/Gesture.msg
[ 10%] Generating Javascript code from pal_detection_msgs/RecognizeObjectsResult.msg
[ 11%] Generating Javascript code from pal_detection_msgs/PersonDetection.msg
[ 12%] Generating Javascript code from pal_detection_msgs/RecognizeObjectsActionResult.msg
[ 12%] Generating Javascript code from pal_detection_msgs/RecognizeObjectsGoal.msg
[ 14%] Generating Javascript code from pal_detection_msgs/WaveDetection.msg
[ 14%] Generating C++ code from pal_detection_msgs/RecognizeObjectsActionGoal.msg
[ 15%] Generating Javascript code from pal_detection_msgs/RecognizedObject.msg
[ 16%] Generating Javascript code from pal_detection_msgs/Detections2d.msg
[ 16%] Generating Javascript code from pal_detection_msgs/LegDetections.msg
[ 17%] Generating C++ code from pal_detection_msgs/RecognizeObjectsFeedback.msg
[ 18%] Generating Javascript code from pal_detection_msgs/RecognizeObjectsAction.msg
[ 19%] Generating Javascript code from pal_detection_msgs/RecognizedObjectArray.msg
[ 19%] Generating Javascript code from pal_detection_msgs/RecognizedActions.msg
[ 19%] Generating C++ code from pal_detection_msgs/RecognizeObjectsActionFeedback.msg
[ 20%] Generating Javascript code from pal_detection_msgs/FaceDetection.msg
[ 21%] Generating Javascript code from pal_detection_msgs/Gesture.msg
[ 22%] Generating C++ code from pal_detection_msgs/Detection2d.msg
[ 22%] Generating Javascript code from pal_detection_msgs/RecognizeObjectsActionGoal.msg
[ 23%] Generating Javascript code from pal_detection_msgs/RecognizeObjectsFeedback.msg
[ 24%] Generating C++ code from pal_detection_msgs/PersonDetections.msg
[ 25%] Generating Javascript code from pal_detection_msgs/RecognizeObjectsActionFeedback.msg
[ 26%] Generating Javascript code from pal_detection_msgs/Detection2d.msg
[ 26%] Generating Javascript code from pal_detection_msgs/PersonDetections.msg
[ 26%] Generating C++ code from pal_detection_msgs/RotatedDetection2d.msg
[ 27%] Generating C++ code from pal_detection_msgs/FaceDetections.msg
[ 28%] Generating Javascript code from pal_detection_msgs/RotatedDetection2d.msg
[ 29%] Generating Javascript code from pal_detection_msgs/FaceDetections.msg
[ 29%] Generating Javascript code from pal_detection_msgs/Recognizer.srv
[ 30%] Generating Javascript code from pal_detection_msgs/StopEnrollment.srv
[ 31%] Generating C++ code from pal_detection_msgs/Recognizer.srv
[ 32%] Generating Javascript code from pal_detection_msgs/StartEnrollment.srv
[ 32%] Generating Javascript code from pal_detection_msgs/AddTexturedObject.srv
[ 33%] Generating Javascript code from pal_detection_msgs/SetDatabase.srv
[ 34%] Generating Javascript code from pal_detection_msgs/SelectTexturedObject.srv
[ 35%] Generating Javascript code from pal_detection_msgs/ChangeObjectRecognizerModel.srv
[ 36%] Generating C++ code from pal_detection_msgs/StopEnrollment.srv
[ 36%] Built target pal_detection_msgs_generate_messages_nodejs
[ 36%] Generating C++ code from pal_detection_msgs/StartEnrollment.srv
[ 37%] Generating C++ code from pal_detection_msgs/AddTexturedObject.srv
[ 38%] Generating C++ code from pal_detection_msgs/SetDatabase.srv
[ 38%] Generating C++ code from pal_detection_msgs/SelectTexturedObject.srv
[ 39%] Generating C++ code from pal_detection_msgs/ChangeObjectRecognizerModel.srv
[ 39%] Built target pal_detection_msgs_generate_messages_cpp
Scanning dependencies of target pal_detection_msgs_generate_messages_py
[ 39%] Generating Python from MSG pal_detection_msgs/TexturedObjectDetection
[ 40%] Generating Python from MSG pal_detection_msgs/RecognizeObjectsResult
[ 41%] Generating Python from MSG pal_detection_msgs/PersonDetection
[ 41%] Generating Python from MSG pal_detection_msgs/RecognizeObjectsActionResult
[ 42%] Generating Python from MSG pal_detection_msgs/RecognizeObjectsGoal
[ 43%] Generating Python from MSG pal_detection_msgs/WaveDetection
[ 43%] Generating Python from MSG pal_detection_msgs/RecognizedObject
[ 44%] Generating Python from MSG pal_detection_msgs/Detections2d
[ 45%] Generating Python from MSG pal_detection_msgs/LegDetections
[ 46%] Generating Python from MSG pal_detection_msgs/RecognizeObjectsAction
[ 46%] Generating Python from MSG pal_detection_msgs/RecognizedObjectArray
[ 47%] Generating Python from MSG pal_detection_msgs/RecognizedActions
[ 48%] Generating Python from MSG pal_detection_msgs/FaceDetection
[ 48%] Generating Python from MSG pal_detection_msgs/Gesture
[ 49%] Generating Python from MSG pal_detection_msgs/RecognizeObjectsActionGoal
[ 50%] Generating Python from MSG pal_detection_msgs/RecognizeObjectsFeedback
[ 50%] Generating Python from MSG pal_detection_msgs/RecognizeObjectsActionFeedback
[ 51%] Generating Python from MSG pal_detection_msgs/Detection2d
[ 52%] Generating Python from MSG pal_detection_msgs/PersonDetections
[ 53%] Generating Python from MSG pal_detection_msgs/RotatedDetection2d
[ 53%] Generating Python from MSG pal_detection_msgs/FaceDetections
[ 54%] Generating Python code from SRV pal_detection_msgs/Recognizer
[ 55%] Generating Python code from SRV pal_detection_msgs/StopEnrollment
[ 55%] Generating Python code from SRV pal_detection_msgs/StartEnrollment
Scanning dependencies of target pal_detection_msgs_generate_messages_lisp
[ 56%] Generating Python code from SRV pal_detection_msgs/AddTexturedObject
[ 57%] Generating Lisp code from pal_detection_msgs/TexturedObjectDetection.msg
[ 58%] Generating Lisp code from pal_detection_msgs/RecognizeObjectsResult.msg
[ 59%] Generating Python code from SRV pal_detection_msgs/SetDatabase
[ 59%] Generating Lisp code from pal_detection_msgs/PersonDetection.msg
[ 59%] Generating Python code from SRV pal_detection_msgs/SelectTexturedObject
[ 60%] Generating Lisp code from pal_detection_msgs/RecognizeObjectsActionResult.msg
[ 61%] Generating Lisp code from pal_detection_msgs/RecognizeObjectsGoal.msg
[ 62%] Generating Python code from SRV pal_detection_msgs/ChangeObjectRecognizerModel
[ 63%] Generating Lisp code from pal_detection_msgs/WaveDetection.msg
[ 63%] Generating Lisp code from pal_detection_msgs/RecognizedObject.msg
[ 64%] Generating Python msg __init__.py for pal_detection_msgs
[ 65%] Generating Lisp code from pal_detection_msgs/Detections2d.msg
[ 66%] Generating Python srv __init__.py for pal_detection_msgs
[ 67%] Generating Lisp code from pal_detection_msgs/LegDetections.msg
[ 67%] Generating Lisp code from pal_detection_msgs/RecognizeObjectsAction.msg
[ 67%] Built target pal_detection_msgs_generate_messages_py
[ 68%] Generating Lisp code from pal_detection_msgs/RecognizedObjectArray.msg
[ 69%] Generating Lisp code from pal_detection_msgs/RecognizedActions.msg
Scanning dependencies of target pal_detection_msgs_generate_messages_eus
[ 69%] Generating Lisp code from pal_detection_msgs/FaceDetection.msg
[ 70%] Generating EusLisp code from pal_detection_msgs/TexturedObjectDetection.msg
[ 71%] Generating Lisp code from pal_detection_msgs/Gesture.msg
[ 71%] Generating EusLisp code from pal_detection_msgs/RecognizeObjectsResult.msg
[ 72%] Generating Lisp code from pal_detection_msgs/RecognizeObjectsActionGoal.msg
[ 73%] Generating EusLisp code from pal_detection_msgs/PersonDetection.msg
[ 74%] Generating Lisp code from pal_detection_msgs/RecognizeObjectsFeedback.msg
[ 75%] Generating EusLisp code from pal_detection_msgs/RecognizeObjectsActionResult.msg
[ 76%] Generating EusLisp code from pal_detection_msgs/RecognizeObjectsGoal.msg
[ 76%] Generating Lisp code from pal_detection_msgs/RecognizeObjectsActionFeedback.msg
[ 77%] Generating Lisp code from pal_detection_msgs/Detection2d.msg
[ 78%] Generating Lisp code from pal_detection_msgs/PersonDetections.msg
[ 78%] Generating EusLisp code from pal_detection_msgs/WaveDetection.msg
[ 78%] Generating Lisp code from pal_detection_msgs/RotatedDetection2d.msg
[ 79%] Generating EusLisp code from pal_detection_msgs/RecognizedObject.msg
[ 80%] Generating Lisp code from pal_detection_msgs/FaceDetections.msg
[ 81%] Generating EusLisp code from pal_detection_msgs/Detections2d.msg
[ 82%] Generating Lisp code from pal_detection_msgs/Recognizer.srv
[ 82%] Generating EusLisp code from pal_detection_msgs/LegDetections.msg
[ 83%] Generating EusLisp code from pal_detection_msgs/RecognizeObjectsAction.msg
[ 83%] Generating Lisp code from pal_detection_msgs/StopEnrollment.srv
[ 84%] Generating EusLisp code from pal_detection_msgs/RecognizedObjectArray.msg
[ 84%] Generating EusLisp code from pal_detection_msgs/RecognizedActions.msg
[ 85%] Generating EusLisp code from pal_detection_msgs/FaceDetection.msg
[ 86%] Generating Lisp code from pal_detection_msgs/StartEnrollment.srv
[ 87%] Generating Lisp code from pal_detection_msgs/AddTexturedObject.srv
[ 88%] Generating Lisp code from pal_detection_msgs/SetDatabase.srv
[ 89%] Generating EusLisp code from pal_detection_msgs/Gesture.msg
[ 90%] Generating EusLisp code from pal_detection_msgs/RecognizeObjectsActionGoal.msg
[ 90%] Generating Lisp code from pal_detection_msgs/SelectTexturedObject.srv
[ 90%] Generating EusLisp code from pal_detection_msgs/RecognizeObjectsFeedback.msg
[ 91%] Generating Lisp code from pal_detection_msgs/ChangeObjectRecognizerModel.srv
[ 92%] Generating EusLisp code from pal_detection_msgs/RecognizeObjectsActionFeedback.msg
[ 92%] Built target pal_detection_msgs_generate_messages_lisp
[ 93%] Generating EusLisp code from pal_detection_msgs/Detection2d.msg
[ 93%] Generating EusLisp code from pal_detection_msgs/PersonDetections.msg
[ 94%] Generating EusLisp code from pal_detection_msgs/RotatedDetection2d.msg
[ 95%] Generating EusLisp code from pal_detection_msgs/FaceDetections.msg
[ 95%] Generating EusLisp code from pal_detection_msgs/Recognizer.srv
[ 96%] Generating EusLisp code from pal_detection_msgs/StopEnrollment.srv
[ 97%] Generating EusLisp code from pal_detection_msgs/StartEnrollment.srv
[ 98%] Generating EusLisp code from pal_detection_msgs/AddTexturedObject.srv
[ 98%] Generating EusLisp code from pal_detection_msgs/SetDatabase.srv
[ 99%] Generating EusLisp code from pal_detection_msgs/SelectTexturedObject.srv
[100%] Generating EusLisp code from pal_detection_msgs/ChangeObjectRecognizerModel.srv
[100%] Generating EusLisp manifest code for pal_detection_msgs
[100%] Built target pal_detection_msgs_generate_messages_eus
Scanning dependencies of target pal_detection_msgs_generate_messages
[100%] Built target pal_detection_msgs_generate_messages
