Scanning dependencies of target std_msgs_generate_messages_cpp
Scanning dependencies of target _tiago_opencv_tutorial_generate_messages_check_deps_valueMatrix
[  0%] Built target std_msgs_generate_messages_cpp
Scanning dependencies of target std_msgs_generate_messages_lisp
Scanning dependencies of target std_msgs_generate_messages_eus
Scanning dependencies of target std_msgs_generate_messages_nodejs
[  0%] Built target _tiago_opencv_tutorial_generate_messages_check_deps_valueMatrix
[  0%] Built target std_msgs_generate_messages_eus
[  0%] Built target std_msgs_generate_messages_lisp
Scanning dependencies of target std_msgs_generate_messages_py
[  0%] Built target std_msgs_generate_messages_nodejs
[  0%] Built target std_msgs_generate_messages_py
Scanning dependencies of target tiago_opencv_tutorial_generate_messages_cpp
[  6%] Generating C++ code from tiago_opencv_tutorial/valueMatrix.msg
Scanning dependencies of target tiago_opencv_tutorial_generate_messages_lisp
[ 13%] Generating Lisp code from tiago_opencv_tutorial/valueMatrix.msg
[ 13%] Built target tiago_opencv_tutorial_generate_messages_lisp
Scanning dependencies of target tiago_opencv_tutorial_generate_messages_eus
[ 20%] Generating EusLisp code from tiago_opencv_tutorial/valueMatrix.msg
[ 20%] Built target tiago_opencv_tutorial_generate_messages_cpp
Scanning dependencies of target tiago_opencv_tutorial_generate_messages_nodejs
[ 26%] Generating Javascript code from tiago_opencv_tutorial/valueMatrix.msg
[ 26%] Built target tiago_opencv_tutorial_generate_messages_nodejs
[ 33%] Generating EusLisp manifest code for tiago_opencv_tutorial
Scanning dependencies of target tiago_opencv_tutorial_generate_messages_py
[ 40%] Generating Python from MSG tiago_opencv_tutorial/valueMatrix
[ 46%] Generating Python msg __init__.py for tiago_opencv_tutorial
[ 46%] Built target tiago_opencv_tutorial_generate_messages_py
Scanning dependencies of target find_keypoints
[ 53%] Building CXX object CMakeFiles/find_keypoints.dir/src/find_keypoints.cpp.o
Scanning dependencies of target corner_detection
[ 60%] Building CXX object CMakeFiles/corner_detection.dir/src/corner_detection.cpp.o
Scanning dependencies of target track_sequential
[ 66%] Building CXX object CMakeFiles/track_sequential.dir/src/track_sequential.cpp.o
[ 66%] Built target tiago_opencv_tutorial_generate_messages_eus
Scanning dependencies of target flann_matching
[ 73%] Building CXX object CMakeFiles/flann_matching.dir/src/flann_matching.cpp.o
[ 80%] Linking CXX executable /tiago_public_ws/devel/.private/tiago_opencv_tutorial/lib/tiago_opencv_tutorial/find_keypoints
[ 86%] Linking CXX executable /tiago_public_ws/devel/.private/tiago_opencv_tutorial/lib/tiago_opencv_tutorial/corner_detection
[ 86%] Built target corner_detection
[ 93%] Linking CXX executable /tiago_public_ws/devel/.private/tiago_opencv_tutorial/lib/tiago_opencv_tutorial/track_sequential
[ 93%] Built target find_keypoints
Scanning dependencies of target tiago_opencv_tutorial_generate_messages
[ 93%] Built target tiago_opencv_tutorial_generate_messages
[ 93%] Built target track_sequential
[100%] Linking CXX executable /tiago_public_ws/devel/.private/tiago_opencv_tutorial/lib/tiago_opencv_tutorial/flann_matching
[100%] Built target flann_matching
