Scanning dependencies of target people_msgs_generate_messages_eus
[  0%] Built target people_msgs_generate_messages_eus
Scanning dependencies of target social_navigation_layers_gencfg
[ 20%] Generating dynamic reconfigure files from cfg/ProxemicLayer.cfg: /tiago_public_ws/devel/.private/social_navigation_layers/include/social_navigation_layers/ProxemicLayerConfig.h /tiago_public_ws/devel/.private/social_navigation_layers/lib/python2.7/dist-packages/social_navigation_layers/cfg/ProxemicLayerConfig.py
Generating reconfiguration files for ProxemicLayer in social_navigation_layers
Wrote header file in /tiago_public_ws/devel/.private/social_navigation_layers/include/social_navigation_layers/ProxemicLayerConfig.h
[ 20%] Built target social_navigation_layers_gencfg
Scanning dependencies of target people_msgs_generate_messages_py
[ 20%] Built target people_msgs_generate_messages_py
Scanning dependencies of target roscpp_generate_messages_cpp
[ 20%] Built target roscpp_generate_messages_cpp
Scanning dependencies of target sensor_msgs_generate_messages_nodejs
[ 20%] Built target sensor_msgs_generate_messages_nodejs
Scanning dependencies of target actionlib_generate_messages_cpp
[ 20%] Built target actionlib_generate_messages_cpp
Scanning dependencies of target rosgraph_msgs_generate_messages_eus
[ 20%] Built target rosgraph_msgs_generate_messages_eus
Scanning dependencies of target roscpp_generate_messages_lisp
[ 20%] Built target roscpp_generate_messages_lisp
Scanning dependencies of target people_msgs_generate_messages_lisp
[ 20%] Built target people_msgs_generate_messages_lisp
Scanning dependencies of target tf_generate_messages_lisp
Scanning dependencies of target geometry_msgs_generate_messages_nodejs
[ 20%] Built target tf_generate_messages_lisp
[ 20%] Built target geometry_msgs_generate_messages_nodejs
Scanning dependencies of target geometry_msgs_generate_messages_lisp
Scanning dependencies of target geometry_msgs_generate_messages_eus
[ 20%] Built target geometry_msgs_generate_messages_lisp
[ 20%] Built target geometry_msgs_generate_messages_eus
Scanning dependencies of target std_msgs_generate_messages_py
Scanning dependencies of target roscpp_generate_messages_nodejs
[ 20%] Built target roscpp_generate_messages_nodejs
Scanning dependencies of target std_msgs_generate_messages_lisp
[ 20%] Built target std_msgs_generate_messages_py
[ 20%] Built target std_msgs_generate_messages_lisp
Scanning dependencies of target costmap_2d_generate_messages_lisp
Scanning dependencies of target tf_generate_messages_py
[ 20%] Built target costmap_2d_generate_messages_lisp
Scanning dependencies of target sensor_msgs_generate_messages_py
[ 20%] Built target tf_generate_messages_py
[ 20%] Built target sensor_msgs_generate_messages_py
Scanning dependencies of target visualization_msgs_generate_messages_lisp
Scanning dependencies of target std_msgs_generate_messages_eus
[ 20%] Built target visualization_msgs_generate_messages_lisp
[ 20%] Built target std_msgs_generate_messages_eus
Scanning dependencies of target tf_generate_messages_nodejs
[ 20%] Built target tf_generate_messages_nodejs
Scanning dependencies of target costmap_2d_generate_messages_nodejs
[ 20%] Built target costmap_2d_generate_messages_nodejs
Scanning dependencies of target nav_msgs_generate_messages_nodejs
[ 20%] Built target nav_msgs_generate_messages_nodejs
Scanning dependencies of target std_msgs_generate_messages_nodejs
[ 20%] Built target std_msgs_generate_messages_nodejs
Scanning dependencies of target costmap_2d_generate_messages_py
[ 20%] Built target costmap_2d_generate_messages_py
Scanning dependencies of target dynamic_reconfigure_generate_messages_eus
[ 20%] Built target dynamic_reconfigure_generate_messages_eus
Scanning dependencies of target people_msgs_generate_messages_nodejs
[ 20%] Built target people_msgs_generate_messages_nodejs
Scanning dependencies of target costmap_2d_generate_messages_eus
[ 20%] Built target costmap_2d_generate_messages_eus
Scanning dependencies of target std_msgs_generate_messages_cpp
[ 20%] Built target std_msgs_generate_messages_cpp
Scanning dependencies of target map_msgs_generate_messages_lisp
[ 20%] Built target map_msgs_generate_messages_lisp
Scanning dependencies of target visualization_msgs_generate_messages_nodejs
[ 20%] Built target visualization_msgs_generate_messages_nodejs
Scanning dependencies of target roscpp_generate_messages_py
[ 20%] Built target roscpp_generate_messages_py
Scanning dependencies of target costmap_2d_generate_messages_cpp
[ 20%] Built target costmap_2d_generate_messages_cpp
Scanning dependencies of target rosgraph_msgs_generate_messages_cpp
[ 20%] Built target rosgraph_msgs_generate_messages_cpp
Scanning dependencies of target dynamic_reconfigure_generate_messages_nodejs
[ 20%] Built target dynamic_reconfigure_generate_messages_nodejs
Scanning dependencies of target visualization_msgs_generate_messages_py
[ 20%] Built target visualization_msgs_generate_messages_py
Scanning dependencies of target costmap_2d_gencfg
[ 20%] Built target costmap_2d_gencfg
Scanning dependencies of target dynamic_reconfigure_generate_messages_cpp
[ 20%] Built target dynamic_reconfigure_generate_messages_cpp
Scanning dependencies of target dynamic_reconfigure_generate_messages_lisp
[ 20%] Built target dynamic_reconfigure_generate_messages_lisp
Scanning dependencies of target map_msgs_generate_messages_eus
[ 20%] Built target map_msgs_generate_messages_eus
Scanning dependencies of target geometry_msgs_generate_messages_py
[ 20%] Built target geometry_msgs_generate_messages_py
Scanning dependencies of target dynamic_reconfigure_generate_messages_py
[ 20%] Built target dynamic_reconfigure_generate_messages_py
Scanning dependencies of target rosgraph_msgs_generate_messages_lisp
[ 20%] Built target rosgraph_msgs_generate_messages_lisp
Scanning dependencies of target rosgraph_msgs_generate_messages_nodejs
Scanning dependencies of target sensor_msgs_generate_messages_cpp
[ 20%] Built target sensor_msgs_generate_messages_cpp
[ 20%] Built target rosgraph_msgs_generate_messages_nodejs
Scanning dependencies of target sensor_msgs_generate_messages_eus
[ 20%] Built target sensor_msgs_generate_messages_eus
Scanning dependencies of target _catkin_empty_exported_target
[ 20%] Built target _catkin_empty_exported_target
Scanning dependencies of target actionlib_generate_messages_eus
[ 20%] Built target actionlib_generate_messages_eus
Scanning dependencies of target geometry_msgs_generate_messages_cpp
[ 20%] Built target geometry_msgs_generate_messages_cpp
Scanning dependencies of target actionlib_generate_messages_lisp
[ 20%] Built target actionlib_generate_messages_lisp
Scanning dependencies of target map_msgs_generate_messages_py
[ 20%] Built target map_msgs_generate_messages_py
Scanning dependencies of target tf_generate_messages_cpp
[ 20%] Built target tf_generate_messages_cpp
Scanning dependencies of target actionlib_generate_messages_nodejs
Scanning dependencies of target tf_generate_messages_eus
[ 20%] Built target actionlib_generate_messages_nodejs
[ 20%] Built target tf_generate_messages_eus
Scanning dependencies of target actionlib_msgs_generate_messages_cpp
Scanning dependencies of target roscpp_generate_messages_eus
[ 20%] Built target actionlib_msgs_generate_messages_cpp
Scanning dependencies of target rosgraph_msgs_generate_messages_py
Scanning dependencies of target actionlib_msgs_generate_messages_lisp
Scanning dependencies of target map_msgs_generate_messages_nodejs
[ 20%] Built target roscpp_generate_messages_eus
[ 20%] Built target rosgraph_msgs_generate_messages_py
Scanning dependencies of target actionlib_msgs_generate_messages_eus
Scanning dependencies of target actionlib_msgs_generate_messages_nodejs
[ 20%] Built target actionlib_msgs_generate_messages_lisp
Scanning dependencies of target actionlib_msgs_generate_messages_py
[ 20%] Built target map_msgs_generate_messages_nodejs
[ 20%] Built target actionlib_msgs_generate_messages_eus
Scanning dependencies of target tf2_msgs_generate_messages_cpp
[ 20%] Built target actionlib_msgs_generate_messages_nodejs
Scanning dependencies of target map_msgs_generate_messages_cpp
[ 20%] Built target tf2_msgs_generate_messages_cpp
Scanning dependencies of target actionlib_generate_messages_py
[ 20%] Built target actionlib_msgs_generate_messages_py
[ 20%] Built target map_msgs_generate_messages_cpp
Scanning dependencies of target tf2_msgs_generate_messages_py
[ 20%] Built target actionlib_generate_messages_py
Scanning dependencies of target tf2_msgs_generate_messages_nodejs
[ 20%] Built target tf2_msgs_generate_messages_nodejs
[ 20%] Built target tf2_msgs_generate_messages_py
Scanning dependencies of target sensor_msgs_generate_messages_lisp
Scanning dependencies of target nav_msgs_generate_messages_cpp
[ 20%] Built target sensor_msgs_generate_messages_lisp
[ 20%] Built target nav_msgs_generate_messages_cpp
Scanning dependencies of target nav_msgs_generate_messages_lisp
[ 20%] Built target nav_msgs_generate_messages_lisp
Scanning dependencies of target dynamic_reconfigure_gencfg
Scanning dependencies of target tf2_msgs_generate_messages_lisp
[ 20%] Built target dynamic_reconfigure_gencfg
[ 20%] Built target tf2_msgs_generate_messages_lisp
Scanning dependencies of target nav_msgs_generate_messages_py
Scanning dependencies of target tf2_msgs_generate_messages_eus
[ 20%] Built target nav_msgs_generate_messages_py
[ 20%] Built target tf2_msgs_generate_messages_eus
Scanning dependencies of target nav_msgs_generate_messages_eus
[ 20%] Built target nav_msgs_generate_messages_eus
Scanning dependencies of target visualization_msgs_generate_messages_cpp
[ 20%] Built target visualization_msgs_generate_messages_cpp
Scanning dependencies of target visualization_msgs_generate_messages_eus
Scanning dependencies of target people_msgs_generate_messages_cpp
[ 20%] Built target visualization_msgs_generate_messages_eus
[ 20%] Built target people_msgs_generate_messages_cpp
Scanning dependencies of target social_layers
[ 40%] Building CXX object CMakeFiles/social_layers.dir/src/social_layer.cpp.o
[ 60%] Building CXX object CMakeFiles/social_layers.dir/src/proxemic_layer.cpp.o
[ 80%] Building CXX object CMakeFiles/social_layers.dir/src/passing_layer.cpp.o
[100%] Linking CXX shared library /tiago_public_ws/devel/.private/social_navigation_layers/lib/libsocial_layers.so
[100%] Built target social_layers
