Not searching for unused variables given on the command line.
-- The C compiler identification is GNU 7.5.0
-- The CXX compiler identification is GNU 7.5.0
-- Check for working C compiler: /usr/bin/cc
-- Check for working C compiler: /usr/bin/cc -- works
-- Detecting C compiler ABI info
-- Detecting C compiler ABI info - done
-- Detecting C compile features
-- Detecting C compile features - done
-- Check for working CXX compiler: /usr/bin/c++
-- Check for working CXX compiler: /usr/bin/c++ -- works
-- Detecting CXX compiler ABI info
-- Detecting CXX compiler ABI info - done
-- Detecting CXX compile features
-- Detecting CXX compile features - done
-- Using CATKIN_DEVEL_PREFIX: /tiago_public_ws/devel/.private/rviz_plugin_covariance
-- Using CMAKE_PREFIX_PATH: /tiago_public_ws/devel;/opt/ros/melodic
-- This workspace overlays: /tiago_public_ws/devel;/opt/ros/melodic
-- Found PythonInterp: /usr/bin/python2 (found suitable version "2.7.17", minimum required is "2")
-- Using PYTHON_EXECUTABLE: /usr/bin/python2
-- Using Debian Python package layout
-- Using empy: /usr/bin/empy
-- Using CATKIN_ENABLE_TESTING: 0
-- catkin 0.7.29
-- BUILD_SHARED_LIBS is on
-- Using these message generators: gencpp;geneus;genlisp;gennodejs;genpy
-- Found PkgConfig: /usr/bin/pkg-config (found version "0.29.1")
-- Checking for module 'eigen3'
--   Found eigen3, version 3.3.4
CMake Warning at /opt/ros/melodic/share/cmake_modules/cmake/Modules/FindEigen.cmake:62 (message):
  The FindEigen.cmake Module in the cmake_modules package is deprecated.

  Please use the FindEigen3.cmake Module provided with Eigen.  Change
  instances of find_package(Eigen) to find_package(Eigen3).  Check the
  FindEigen3.cmake Module for the resulting CMake variable names.

Call Stack (most recent call first):
  CMakeLists.txt:12 (find_package)


-- Found Eigen: /usr/include/eigen3
-- Eigen found (include: /usr/include/eigen3)
-- Using Qt5 based on the rviz_QT_VERSION: 5.9.5
-- Configuring done
-- Generating done
-- Build files have been written to: /tiago_public_ws/build/rviz_plugin_covariance
