Scanning dependencies of target geometry_msgs_generate_messages_py
[  0%] Built target geometry_msgs_generate_messages_py
Scanning dependencies of target std_msgs_generate_messages_py
[  0%] Built target std_msgs_generate_messages_py
Scanning dependencies of target _pal_multirobot_msgs_generate_messages_check_deps_WifiServiceDetection
[  0%] Built target _pal_multirobot_msgs_generate_messages_check_deps_WifiServiceDetection
Scanning dependencies of target geometry_msgs_generate_messages_lisp
[  0%] Built target geometry_msgs_generate_messages_lisp
Scanning dependencies of target std_msgs_generate_messages_lisp
[  0%] Built target std_msgs_generate_messages_lisp
Scanning dependencies of target std_msgs_generate_messages_nodejs
[  0%] Built target std_msgs_generate_messages_nodejs
Scanning dependencies of target geometry_msgs_generate_messages_nodejs
[  0%] Built target geometry_msgs_generate_messages_nodejs
Scanning dependencies of target std_msgs_generate_messages_eus
[  0%] Built target std_msgs_generate_messages_eus
Scanning dependencies of target geometry_msgs_generate_messages_eus
[  0%] Built target geometry_msgs_generate_messages_eus
Scanning dependencies of target geometry_msgs_generate_messages_cpp
[  0%] Built target geometry_msgs_generate_messages_cpp
Scanning dependencies of target std_msgs_generate_messages_cpp
[  0%] Built target std_msgs_generate_messages_cpp
Scanning dependencies of target pal_multirobot_msgs_generate_messages_py
[ 14%] Generating Python from MSG pal_multirobot_msgs/WifiServiceDetection
[ 28%] Generating Python msg __init__.py for pal_multirobot_msgs
[ 28%] Built target pal_multirobot_msgs_generate_messages_py
Scanning dependencies of target pal_multirobot_msgs_generate_messages_lisp
[ 42%] Generating Lisp code from pal_multirobot_msgs/WifiServiceDetection.msg
[ 42%] Built target pal_multirobot_msgs_generate_messages_lisp
Scanning dependencies of target pal_multirobot_msgs_generate_messages_nodejs
[ 57%] Generating Javascript code from pal_multirobot_msgs/WifiServiceDetection.msg
[ 57%] Built target pal_multirobot_msgs_generate_messages_nodejs
Scanning dependencies of target pal_multirobot_msgs_generate_messages_eus
[ 71%] Generating EusLisp code from pal_multirobot_msgs/WifiServiceDetection.msg
[ 85%] Generating EusLisp manifest code for pal_multirobot_msgs
[ 85%] Built target pal_multirobot_msgs_generate_messages_eus
Scanning dependencies of target pal_multirobot_msgs_generate_messages_cpp
[100%] Generating C++ code from pal_multirobot_msgs/WifiServiceDetection.msg
[100%] Built target pal_multirobot_msgs_generate_messages_cpp
Scanning dependencies of target pal_multirobot_msgs_generate_messages
[100%] Built target pal_multirobot_msgs_generate_messages
