Scanning dependencies of target _pal_web_msgs_generate_messages_check_deps_WebGoTo
Scanning dependencies of target std_msgs_generate_messages_py
Scanning dependencies of target _pal_web_msgs_generate_messages_check_deps_GetUserInputFeedback
Scanning dependencies of target _pal_web_msgs_generate_messages_check_deps_GetUserInputActionGoal
Scanning dependencies of target _pal_web_msgs_generate_messages_check_deps_GetUserInputActionResult
Scanning dependencies of target _pal_web_msgs_generate_messages_check_deps_GetUserInputGoal
Scanning dependencies of target actionlib_msgs_generate_messages_py
Scanning dependencies of target pal_interaction_msgs_generate_messages_py
[  0%] Built target std_msgs_generate_messages_py
[  0%] Built target pal_interaction_msgs_generate_messages_py
[  0%] Built target actionlib_msgs_generate_messages_py
Scanning dependencies of target _pal_web_msgs_generate_messages_check_deps_GetUserInputActionFeedback
[  0%] Built target _pal_web_msgs_generate_messages_check_deps_GetUserInputFeedback
Scanning dependencies of target _pal_web_msgs_generate_messages_check_deps_GetUserInputAction
Scanning dependencies of target _pal_web_msgs_generate_messages_check_deps_GetUserInputResult
[  0%] Built target _pal_web_msgs_generate_messages_check_deps_WebGoTo
[  0%] Built target _pal_web_msgs_generate_messages_check_deps_GetUserInputActionResult
Scanning dependencies of target std_msgs_generate_messages_nodejs
[  0%] Built target _pal_web_msgs_generate_messages_check_deps_GetUserInputGoal
Scanning dependencies of target actionlib_msgs_generate_messages_nodejs
[  0%] Built target std_msgs_generate_messages_nodejs
Scanning dependencies of target pal_interaction_msgs_generate_messages_nodejs
[  0%] Built target _pal_web_msgs_generate_messages_check_deps_GetUserInputActionGoal
[  0%] Built target _pal_web_msgs_generate_messages_check_deps_GetUserInputAction
[  0%] Built target actionlib_msgs_generate_messages_nodejs
Scanning dependencies of target pal_interaction_msgs_generate_messages_lisp
Scanning dependencies of target actionlib_msgs_generate_messages_lisp
[  0%] Built target pal_interaction_msgs_generate_messages_nodejs
Scanning dependencies of target std_msgs_generate_messages_lisp
[  0%] Built target _pal_web_msgs_generate_messages_check_deps_GetUserInputActionFeedback
Scanning dependencies of target pal_interaction_msgs_generate_messages_cpp
[  0%] Built target actionlib_msgs_generate_messages_lisp
Scanning dependencies of target std_msgs_generate_messages_cpp
Scanning dependencies of target actionlib_msgs_generate_messages_cpp
[  0%] Built target _pal_web_msgs_generate_messages_check_deps_GetUserInputResult
[  0%] Built target pal_interaction_msgs_generate_messages_cpp
[  0%] Built target pal_interaction_msgs_generate_messages_lisp
Scanning dependencies of target std_msgs_generate_messages_eus
[  0%] Built target actionlib_msgs_generate_messages_cpp
Scanning dependencies of target pal_interaction_msgs_generate_messages_eus
[  0%] Built target std_msgs_generate_messages_cpp
Scanning dependencies of target actionlib_msgs_generate_messages_eus
[  0%] Built target std_msgs_generate_messages_lisp
[  0%] Built target std_msgs_generate_messages_eus
Scanning dependencies of target pal_web_msgs_generate_messages_py
[  0%] Built target pal_interaction_msgs_generate_messages_eus
Scanning dependencies of target pal_web_msgs_generate_messages_nodejs
[  0%] Built target actionlib_msgs_generate_messages_eus
Scanning dependencies of target pal_web_msgs_generate_messages_cpp
[  2%] Generating Javascript code from pal_web_msgs/GetUserInputFeedback.msg
[  4%] Generating Javascript code from pal_web_msgs/GetUserInputAction.msg
Scanning dependencies of target pal_web_msgs_generate_messages_lisp
[  7%] Generating Javascript code from pal_web_msgs/GetUserInputResult.msg
Scanning dependencies of target pal_web_msgs_generate_messages_eus
[  9%] Generating Python from MSG pal_web_msgs/GetUserInputGoal
[ 11%] Generating Javascript code from pal_web_msgs/GetUserInputGoal.msg
[ 14%] Generating C++ code from pal_web_msgs/GetUserInputGoal.msg
[ 16%] Generating Lisp code from pal_web_msgs/GetUserInputGoal.msg
[ 19%] Generating EusLisp code from pal_web_msgs/GetUserInputGoal.msg
[ 21%] Generating EusLisp code from pal_web_msgs/GetUserInputResult.msg
[ 23%] Generating Javascript code from pal_web_msgs/GetUserInputActionResult.msg
[ 26%] Generating Javascript code from pal_web_msgs/GetUserInputActionGoal.msg
[ 28%] Generating EusLisp code from pal_web_msgs/GetUserInputFeedback.msg
[ 30%] Generating Lisp code from pal_web_msgs/GetUserInputResult.msg
[ 33%] Generating C++ code from pal_web_msgs/GetUserInputResult.msg
[ 35%] Generating Lisp code from pal_web_msgs/GetUserInputFeedback.msg
[ 38%] Generating Lisp code from pal_web_msgs/GetUserInputAction.msg
[ 40%] Generating Python from MSG pal_web_msgs/GetUserInputResult
[ 42%] Generating Javascript code from pal_web_msgs/WebGoTo.msg
[ 45%] Generating EusLisp code from pal_web_msgs/GetUserInputAction.msg
[ 47%] Generating Lisp code from pal_web_msgs/GetUserInputActionResult.msg
[ 50%] Generating EusLisp code from pal_web_msgs/GetUserInputActionResult.msg
[ 52%] Generating Javascript code from pal_web_msgs/GetUserInputActionFeedback.msg
[ 54%] Generating EusLisp code from pal_web_msgs/GetUserInputActionGoal.msg
[ 57%] Generating C++ code from pal_web_msgs/GetUserInputFeedback.msg
[ 59%] Generating Lisp code from pal_web_msgs/GetUserInputActionGoal.msg
[ 61%] Generating EusLisp code from pal_web_msgs/WebGoTo.msg
[ 64%] Generating Python from MSG pal_web_msgs/GetUserInputFeedback
[ 66%] Generating EusLisp code from pal_web_msgs/GetUserInputActionFeedback.msg
[ 66%] Built target pal_web_msgs_generate_messages_nodejs
[ 69%] Generating Lisp code from pal_web_msgs/WebGoTo.msg
[ 71%] Generating EusLisp manifest code for pal_web_msgs
[ 73%] Generating C++ code from pal_web_msgs/GetUserInputAction.msg
[ 76%] Generating Lisp code from pal_web_msgs/GetUserInputActionFeedback.msg
[ 78%] Generating Python from MSG pal_web_msgs/GetUserInputAction
[ 80%] Generating C++ code from pal_web_msgs/GetUserInputActionResult.msg
[ 83%] Generating Python from MSG pal_web_msgs/GetUserInputActionResult
[ 85%] Generating Python from MSG pal_web_msgs/GetUserInputActionGoal
[ 85%] Built target pal_web_msgs_generate_messages_lisp
[ 88%] Generating C++ code from pal_web_msgs/GetUserInputActionGoal.msg
[ 90%] Generating Python from MSG pal_web_msgs/WebGoTo
[ 92%] Generating C++ code from pal_web_msgs/WebGoTo.msg
[ 95%] Generating C++ code from pal_web_msgs/GetUserInputActionFeedback.msg
[ 97%] Generating Python from MSG pal_web_msgs/GetUserInputActionFeedback
[100%] Generating Python msg __init__.py for pal_web_msgs
[100%] Built target pal_web_msgs_generate_messages_cpp
[100%] Built target pal_web_msgs_generate_messages_py
[100%] Built target pal_web_msgs_generate_messages_eus
Scanning dependencies of target pal_web_msgs_generate_messages
[100%] Built target pal_web_msgs_generate_messages
