Scanning dependencies of target roscpp_generate_messages_cpp
[  0%] Built target roscpp_generate_messages_cpp
Scanning dependencies of target std_msgs_generate_messages_lisp
[  0%] Built target std_msgs_generate_messages_lisp
Scanning dependencies of target std_msgs_generate_messages_cpp
[  0%] Built target std_msgs_generate_messages_cpp
Scanning dependencies of target actionlib_msgs_generate_messages_py
Scanning dependencies of target actionlib_msgs_generate_messages_lisp
[  0%] Built target actionlib_msgs_generate_messages_py
[  0%] Built target actionlib_msgs_generate_messages_lisp
Scanning dependencies of target actionlib_msgs_generate_messages_eus
[  0%] Built target actionlib_msgs_generate_messages_eus
Scanning dependencies of target std_msgs_generate_messages_nodejs
Scanning dependencies of target rosgraph_msgs_generate_messages_eus
Scanning dependencies of target actionlib_generate_messages_py
[  0%] Built target actionlib_generate_messages_py
[  0%] Built target std_msgs_generate_messages_nodejs
[  0%] Built target rosgraph_msgs_generate_messages_eus
Scanning dependencies of target actionlib_msgs_generate_messages_cpp
Scanning dependencies of target play_motion_msgs_generate_messages_lisp
[  0%] Built target play_motion_msgs_generate_messages_lisp
[  0%] Built target actionlib_msgs_generate_messages_cpp
Scanning dependencies of target actionlib_generate_messages_eus
Scanning dependencies of target std_msgs_generate_messages_eus
[  0%] Built target actionlib_generate_messages_eus
Scanning dependencies of target play_motion_msgs_generate_messages_py
[  0%] Built target std_msgs_generate_messages_eus
Scanning dependencies of target actionlib_msgs_generate_messages_nodejs
Scanning dependencies of target rosgraph_msgs_generate_messages_nodejs
[  0%] Built target play_motion_msgs_generate_messages_py
[  0%] Built target rosgraph_msgs_generate_messages_nodejs
[  0%] Built target actionlib_msgs_generate_messages_nodejs
Scanning dependencies of target rosgraph_msgs_generate_messages_py
[  0%] Built target rosgraph_msgs_generate_messages_py
Scanning dependencies of target rosgraph_msgs_generate_messages_lisp
Scanning dependencies of target actionlib_generate_messages_lisp
[  0%] Built target rosgraph_msgs_generate_messages_lisp
[  0%] Built target actionlib_generate_messages_lisp
Scanning dependencies of target actionlib_generate_messages_nodejs
Scanning dependencies of target rosgraph_msgs_generate_messages_cpp
Scanning dependencies of target _catkin_empty_exported_target
[  0%] Built target actionlib_generate_messages_nodejs
[  0%] Built target rosgraph_msgs_generate_messages_cpp
[  0%] Built target _catkin_empty_exported_target
Scanning dependencies of target roscpp_generate_messages_nodejs
Scanning dependencies of target roscpp_generate_messages_eus
[  0%] Built target roscpp_generate_messages_nodejs
[  0%] Built target roscpp_generate_messages_eus
Scanning dependencies of target roscpp_generate_messages_py
Scanning dependencies of target roscpp_generate_messages_lisp
[  0%] Built target roscpp_generate_messages_py
[  0%] Built target roscpp_generate_messages_lisp
Scanning dependencies of target std_msgs_generate_messages_py
Scanning dependencies of target play_motion_msgs_generate_messages_cpp
[  0%] Built target std_msgs_generate_messages_py
[  0%] Built target play_motion_msgs_generate_messages_cpp
Scanning dependencies of target play_motion_msgs_generate_messages_nodejs
Scanning dependencies of target play_motion_msgs_generate_messages_eus
[  0%] Built target play_motion_msgs_generate_messages_nodejs
[  0%] Built target play_motion_msgs_generate_messages_eus
Scanning dependencies of target actionlib_generate_messages_cpp
[  0%] Built target actionlib_generate_messages_cpp
Scanning dependencies of target run_loop_node
[ 50%] Building CXX object CMakeFiles/run_loop_node.dir/src/run_loop_node.cpp.o
[100%] Linking CXX executable /tiago_public_ws/devel/.private/demo_motions/lib/demo_motions/run_loop_node
[100%] Built target run_loop_node
