Scanning dependencies of target _pal_tablet_msgs_generate_messages_check_deps_RobotStatus
[  0%] Built target _pal_tablet_msgs_generate_messages_check_deps_RobotStatus
Scanning dependencies of target _pal_tablet_msgs_generate_messages_check_deps_FunctionalityStatus
[  0%] Built target _pal_tablet_msgs_generate_messages_check_deps_FunctionalityStatus
Scanning dependencies of target std_msgs_generate_messages_py
[  0%] Built target std_msgs_generate_messages_py
Scanning dependencies of target std_msgs_generate_messages_eus
[  0%] Built target std_msgs_generate_messages_eus
Scanning dependencies of target std_msgs_generate_messages_lisp
[  0%] Built target std_msgs_generate_messages_lisp
Scanning dependencies of target std_msgs_generate_messages_cpp
[  0%] Built target std_msgs_generate_messages_cpp
Scanning dependencies of target std_msgs_generate_messages_nodejs
[  0%] Built target std_msgs_generate_messages_nodejs
Scanning dependencies of target pal_tablet_msgs_generate_messages_py
[  8%] Generating Python from MSG pal_tablet_msgs/RobotStatus
[ 16%] Generating Python from MSG pal_tablet_msgs/FunctionalityStatus
[ 25%] Generating Python msg __init__.py for pal_tablet_msgs
[ 25%] Built target pal_tablet_msgs_generate_messages_py
Scanning dependencies of target pal_tablet_msgs_generate_messages_eus
[ 33%] Generating EusLisp code from pal_tablet_msgs/RobotStatus.msg
[ 41%] Generating EusLisp code from pal_tablet_msgs/FunctionalityStatus.msg
[ 50%] Generating EusLisp manifest code for pal_tablet_msgs
[ 50%] Built target pal_tablet_msgs_generate_messages_eus
Scanning dependencies of target pal_tablet_msgs_generate_messages_lisp
[ 58%] Generating Lisp code from pal_tablet_msgs/RobotStatus.msg
[ 66%] Generating Lisp code from pal_tablet_msgs/FunctionalityStatus.msg
[ 66%] Built target pal_tablet_msgs_generate_messages_lisp
Scanning dependencies of target pal_tablet_msgs_generate_messages_cpp
[ 75%] Generating C++ code from pal_tablet_msgs/RobotStatus.msg
[ 83%] Generating C++ code from pal_tablet_msgs/FunctionalityStatus.msg
[ 83%] Built target pal_tablet_msgs_generate_messages_cpp
Scanning dependencies of target pal_tablet_msgs_generate_messages_nodejs
[ 91%] Generating Javascript code from pal_tablet_msgs/RobotStatus.msg
[100%] Generating Javascript code from pal_tablet_msgs/FunctionalityStatus.msg
[100%] Built target pal_tablet_msgs_generate_messages_nodejs
Scanning dependencies of target pal_tablet_msgs_generate_messages
[100%] Built target pal_tablet_msgs_generate_messages
