Scanning dependencies of target _pal_motion_model_msgs_generate_messages_check_deps_MotionModelMap
[  0%] Built target _pal_motion_model_msgs_generate_messages_check_deps_MotionModelMap
Scanning dependencies of target std_msgs_generate_messages_lisp
[  0%] Built target std_msgs_generate_messages_lisp
Scanning dependencies of target nav_msgs_generate_messages_lisp
[  0%] Built target nav_msgs_generate_messages_lisp
Scanning dependencies of target _pal_motion_model_msgs_generate_messages_check_deps_GetMotionMap
[  0%] Built target _pal_motion_model_msgs_generate_messages_check_deps_GetMotionMap
Scanning dependencies of target _pal_motion_model_msgs_generate_messages_check_deps_MotionModelList
[  0%] Built target _pal_motion_model_msgs_generate_messages_check_deps_MotionModelList
Scanning dependencies of target _pal_motion_model_msgs_generate_messages_check_deps_MotionModel
[  0%] Built target _pal_motion_model_msgs_generate_messages_check_deps_MotionModel
Scanning dependencies of target nav_msgs_generate_messages_py
[  0%] Built target nav_msgs_generate_messages_py
Scanning dependencies of target std_msgs_generate_messages_py
[  0%] Built target std_msgs_generate_messages_py
Scanning dependencies of target std_msgs_generate_messages_eus
[  0%] Built target std_msgs_generate_messages_eus
Scanning dependencies of target nav_msgs_generate_messages_eus
[  0%] Built target nav_msgs_generate_messages_eus
Scanning dependencies of target std_msgs_generate_messages_nodejs
[  0%] Built target std_msgs_generate_messages_nodejs
Scanning dependencies of target nav_msgs_generate_messages_nodejs
[  0%] Built target nav_msgs_generate_messages_nodejs
Scanning dependencies of target std_msgs_generate_messages_cpp
[  0%] Built target std_msgs_generate_messages_cpp
Scanning dependencies of target nav_msgs_generate_messages_cpp
[  0%] Built target nav_msgs_generate_messages_cpp
Scanning dependencies of target pal_motion_model_msgs_generate_messages_lisp
[  4%] Generating Lisp code from pal_motion_model_msgs/MotionModelList.msg
[  8%] Generating Lisp code from pal_motion_model_msgs/MotionModel.msg
[ 13%] Generating Lisp code from pal_motion_model_msgs/MotionModelMap.msg
Scanning dependencies of target pal_motion_model_msgs_generate_messages_py
[ 17%] Generating Python from MSG pal_motion_model_msgs/MotionModelList
[ 21%] Generating Lisp code from pal_motion_model_msgs/GetMotionMap.srv
[ 21%] Built target pal_motion_model_msgs_generate_messages_lisp
[ 26%] Generating Python from MSG pal_motion_model_msgs/MotionModel
[ 30%] Generating Python from MSG pal_motion_model_msgs/MotionModelMap
[ 34%] Generating Python code from SRV pal_motion_model_msgs/GetMotionMap
[ 39%] Generating Python msg __init__.py for pal_motion_model_msgs
[ 43%] Generating Python srv __init__.py for pal_motion_model_msgs
Scanning dependencies of target pal_motion_model_msgs_generate_messages_eus
Scanning dependencies of target pal_motion_model_msgs_generate_messages_nodejs
[ 47%] Generating EusLisp code from pal_motion_model_msgs/MotionModelList.msg
[ 52%] Generating Javascript code from pal_motion_model_msgs/MotionModelList.msg
[ 56%] Generating EusLisp code from pal_motion_model_msgs/MotionModel.msg
[ 56%] Built target pal_motion_model_msgs_generate_messages_py
Scanning dependencies of target pal_motion_model_msgs_generate_messages_cpp
[ 60%] Generating Javascript code from pal_motion_model_msgs/MotionModel.msg
[ 65%] Generating Javascript code from pal_motion_model_msgs/MotionModelMap.msg
[ 69%] Generating C++ code from pal_motion_model_msgs/MotionModelList.msg
[ 73%] Generating Javascript code from pal_motion_model_msgs/GetMotionMap.srv
[ 78%] Generating EusLisp code from pal_motion_model_msgs/MotionModelMap.msg
[ 82%] Generating EusLisp code from pal_motion_model_msgs/GetMotionMap.srv
[ 82%] Built target pal_motion_model_msgs_generate_messages_nodejs
[ 86%] Generating EusLisp manifest code for pal_motion_model_msgs
[ 91%] Generating C++ code from pal_motion_model_msgs/MotionModel.msg
[ 95%] Generating C++ code from pal_motion_model_msgs/MotionModelMap.msg
[100%] Generating C++ code from pal_motion_model_msgs/GetMotionMap.srv
[100%] Built target pal_motion_model_msgs_generate_messages_cpp
[100%] Built target pal_motion_model_msgs_generate_messages_eus
Scanning dependencies of target pal_motion_model_msgs_generate_messages
[100%] Built target pal_motion_model_msgs_generate_messages
