Determining if the pthread_create exist failed with the following output:
Change Dir: /tiago_public_ws/build/controller_manager/CMakeFiles/CMakeTmp

Run Build Command:"/usr/bin/make" "cmTC_93bfc/fast"
/usr/bin/make -f CMakeFiles/cmTC_93bfc.dir/build.make CMakeFiles/cmTC_93bfc.dir/build
make[1]: Entering directory '/tiago_public_ws/build/controller_manager/CMakeFiles/CMakeTmp'
Building C object CMakeFiles/cmTC_93bfc.dir/CheckSymbolExists.c.o
/usr/bin/cc    -o CMakeFiles/cmTC_93bfc.dir/CheckSymbolExists.c.o   -c /tiago_public_ws/build/controller_manager/CMakeFiles/CMakeTmp/CheckSymbolExists.c
Linking C executable cmTC_93bfc
/usr/bin/cmake -E cmake_link_script CMakeFiles/cmTC_93bfc.dir/link.txt --verbose=1
/usr/bin/cc      -rdynamic CMakeFiles/cmTC_93bfc.dir/CheckSymbolExists.c.o  -o cmTC_93bfc 
CMakeFiles/cmTC_93bfc.dir/CheckSymbolExists.c.o: In function `main':
CheckSymbolExists.c:(.text+0x1b): undefined reference to `pthread_create'
collect2: error: ld returned 1 exit status
CMakeFiles/cmTC_93bfc.dir/build.make:97: recipe for target 'cmTC_93bfc' failed
make[1]: *** [cmTC_93bfc] Error 1
make[1]: Leaving directory '/tiago_public_ws/build/controller_manager/CMakeFiles/CMakeTmp'
Makefile:126: recipe for target 'cmTC_93bfc/fast' failed
make: *** [cmTC_93bfc/fast] Error 2

File /tiago_public_ws/build/controller_manager/CMakeFiles/CMakeTmp/CheckSymbolExists.c:
/* */
#include <pthread.h>

int main(int argc, char** argv)
{
  (void)argv;
#ifndef pthread_create
  return ((int*)(&pthread_create))[argc];
#else
  (void)argc;
  return 0;
#endif
}

Determining if the function pthread_create exists in the pthreads failed with the following output:
Change Dir: /tiago_public_ws/build/controller_manager/CMakeFiles/CMakeTmp

Run Build Command:"/usr/bin/make" "cmTC_6cc35/fast"
/usr/bin/make -f CMakeFiles/cmTC_6cc35.dir/build.make CMakeFiles/cmTC_6cc35.dir/build
make[1]: Entering directory '/tiago_public_ws/build/controller_manager/CMakeFiles/CMakeTmp'
Building C object CMakeFiles/cmTC_6cc35.dir/CheckFunctionExists.c.o
/usr/bin/cc   -DCHECK_FUNCTION_EXISTS=pthread_create   -o CMakeFiles/cmTC_6cc35.dir/CheckFunctionExists.c.o   -c /usr/share/cmake-3.10/Modules/CheckFunctionExists.c
Linking C executable cmTC_6cc35
/usr/bin/cmake -E cmake_link_script CMakeFiles/cmTC_6cc35.dir/link.txt --verbose=1
/usr/bin/cc  -DCHECK_FUNCTION_EXISTS=pthread_create    -rdynamic CMakeFiles/cmTC_6cc35.dir/CheckFunctionExists.c.o  -o cmTC_6cc35 -lpthreads 
/usr/bin/ld: cannot find -lpthreads
collect2: error: ld returned 1 exit status
CMakeFiles/cmTC_6cc35.dir/build.make:97: recipe for target 'cmTC_6cc35' failed
make[1]: *** [cmTC_6cc35] Error 1
make[1]: Leaving directory '/tiago_public_ws/build/controller_manager/CMakeFiles/CMakeTmp'
Makefile:126: recipe for target 'cmTC_6cc35/fast' failed
make: *** [cmTC_6cc35/fast] Error 2


