Scanning dependencies of target _pal_common_msgs_generate_messages_check_deps_DisableActionFeedback
[  0%] Built target _pal_common_msgs_generate_messages_check_deps_DisableActionFeedback
Scanning dependencies of target std_msgs_generate_messages_lisp
[  0%] Built target std_msgs_generate_messages_lisp
Scanning dependencies of target _pal_common_msgs_generate_messages_check_deps_EmptyActionResult
[  0%] Built target _pal_common_msgs_generate_messages_check_deps_EmptyActionResult
Scanning dependencies of target _pal_common_msgs_generate_messages_check_deps_EmptyGoal
[  0%] Built target _pal_common_msgs_generate_messages_check_deps_EmptyGoal
Scanning dependencies of target _pal_common_msgs_generate_messages_check_deps_DisableAction
[  0%] Built target _pal_common_msgs_generate_messages_check_deps_DisableAction
Scanning dependencies of target _pal_common_msgs_generate_messages_check_deps_EmptyActionGoal
[  0%] Built target _pal_common_msgs_generate_messages_check_deps_EmptyActionGoal
Scanning dependencies of target actionlib_msgs_generate_messages_lisp
[  0%] Built target actionlib_msgs_generate_messages_lisp
Scanning dependencies of target _pal_common_msgs_generate_messages_check_deps_DisableFeedback
[  0%] Built target _pal_common_msgs_generate_messages_check_deps_DisableFeedback
Scanning dependencies of target _pal_common_msgs_generate_messages_check_deps_EmptyFeedback
Scanning dependencies of target _pal_common_msgs_generate_messages_check_deps_DisableActionGoal
[  0%] Built target _pal_common_msgs_generate_messages_check_deps_DisableActionGoal
[  0%] Built target _pal_common_msgs_generate_messages_check_deps_EmptyFeedback
Scanning dependencies of target _pal_common_msgs_generate_messages_check_deps_DisableActionResult
[  0%] Built target _pal_common_msgs_generate_messages_check_deps_DisableActionResult
Scanning dependencies of target _pal_common_msgs_generate_messages_check_deps_EmptyResult
Scanning dependencies of target _pal_common_msgs_generate_messages_check_deps_DisableResult
[  0%] Built target _pal_common_msgs_generate_messages_check_deps_EmptyResult
Scanning dependencies of target _pal_common_msgs_generate_messages_check_deps_GetString
[  0%] Built target _pal_common_msgs_generate_messages_check_deps_DisableResult
Scanning dependencies of target _pal_common_msgs_generate_messages_check_deps_JointCurrent
[  0%] Built target _pal_common_msgs_generate_messages_check_deps_GetString
[  0%] Built target _pal_common_msgs_generate_messages_check_deps_JointCurrent
Scanning dependencies of target _pal_common_msgs_generate_messages_check_deps_DisableGoal
[  0%] Built target _pal_common_msgs_generate_messages_check_deps_DisableGoal
Scanning dependencies of target _pal_common_msgs_generate_messages_check_deps_EmptyActionFeedback
[  0%] Built target _pal_common_msgs_generate_messages_check_deps_EmptyActionFeedback
Scanning dependencies of target _pal_common_msgs_generate_messages_check_deps_EmptyAction
[  0%] Built target _pal_common_msgs_generate_messages_check_deps_EmptyAction
Scanning dependencies of target std_msgs_generate_messages_py
Scanning dependencies of target _pal_common_msgs_generate_messages_check_deps_SetString
[  0%] Built target std_msgs_generate_messages_py
[  0%] Built target _pal_common_msgs_generate_messages_check_deps_SetString
Scanning dependencies of target actionlib_msgs_generate_messages_py
[  0%] Built target actionlib_msgs_generate_messages_py
Scanning dependencies of target std_msgs_generate_messages_eus
[  0%] Built target std_msgs_generate_messages_eus
Scanning dependencies of target actionlib_msgs_generate_messages_eus
[  0%] Built target actionlib_msgs_generate_messages_eus
Scanning dependencies of target std_msgs_generate_messages_nodejs
[  0%] Built target std_msgs_generate_messages_nodejs
Scanning dependencies of target actionlib_msgs_generate_messages_nodejs
[  0%] Built target actionlib_msgs_generate_messages_nodejs
Scanning dependencies of target actionlib_msgs_generate_messages_cpp
[  0%] Built target actionlib_msgs_generate_messages_cpp
Scanning dependencies of target std_msgs_generate_messages_cpp
[  0%] Built target std_msgs_generate_messages_cpp
Scanning dependencies of target pal_common_msgs_generate_messages_lisp
[  1%] Generating Lisp code from pal_common_msgs/DisableAction.msg
[  2%] Generating Lisp code from pal_common_msgs/DisableActionGoal.msg
[  3%] Generating Lisp code from pal_common_msgs/DisableActionResult.msg
[  4%] Generating Lisp code from pal_common_msgs/EmptyResult.msg
[  5%] Generating Lisp code from pal_common_msgs/DisableActionFeedback.msg
[  6%] Generating Lisp code from pal_common_msgs/EmptyActionResult.msg
[  7%] Generating Lisp code from pal_common_msgs/EmptyGoal.msg
[  9%] Generating Lisp code from pal_common_msgs/DisableResult.msg
[ 10%] Generating Lisp code from pal_common_msgs/EmptyActionGoal.msg
[ 11%] Generating Lisp code from pal_common_msgs/JointCurrent.msg
[ 12%] Generating Lisp code from pal_common_msgs/DisableGoal.msg
[ 13%] Generating Lisp code from pal_common_msgs/EmptyAction.msg
[ 14%] Generating Lisp code from pal_common_msgs/EmptyActionFeedback.msg
[ 15%] Generating Lisp code from pal_common_msgs/EmptyFeedback.msg
[ 17%] Generating Lisp code from pal_common_msgs/GetString.srv
[ 18%] Generating Lisp code from pal_common_msgs/DisableFeedback.msg
[ 19%] Generating Lisp code from pal_common_msgs/SetString.srv
[ 19%] Built target pal_common_msgs_generate_messages_lisp
Scanning dependencies of target pal_common_msgs_generate_messages_nodejs
[ 20%] Generating Javascript code from pal_common_msgs/DisableAction.msg
Scanning dependencies of target pal_common_msgs_generate_messages_py
Scanning dependencies of target pal_common_msgs_generate_messages_eus
[ 21%] Generating Python from MSG pal_common_msgs/DisableAction
[ 22%] Generating EusLisp code from pal_common_msgs/DisableAction.msg
[ 23%] Generating Javascript code from pal_common_msgs/DisableActionGoal.msg
[ 25%] Generating Javascript code from pal_common_msgs/DisableActionResult.msg
[ 26%] Generating EusLisp code from pal_common_msgs/DisableActionGoal.msg
[ 27%] Generating Python from MSG pal_common_msgs/DisableActionGoal
[ 28%] Generating Javascript code from pal_common_msgs/EmptyResult.msg
[ 29%] Generating EusLisp code from pal_common_msgs/DisableActionResult.msg
[ 30%] Generating Javascript code from pal_common_msgs/DisableActionFeedback.msg
[ 31%] Generating EusLisp code from pal_common_msgs/EmptyResult.msg
[ 32%] Generating Python from MSG pal_common_msgs/DisableActionResult
[ 34%] Generating Javascript code from pal_common_msgs/EmptyActionResult.msg
[ 35%] Generating Javascript code from pal_common_msgs/EmptyGoal.msg
[ 36%] Generating EusLisp code from pal_common_msgs/DisableActionFeedback.msg
[ 37%] Generating Python from MSG pal_common_msgs/EmptyResult
[ 38%] Generating Javascript code from pal_common_msgs/DisableResult.msg
[ 39%] Generating EusLisp code from pal_common_msgs/EmptyActionResult.msg
[ 40%] Generating Javascript code from pal_common_msgs/EmptyActionGoal.msg
[ 42%] Generating Python from MSG pal_common_msgs/DisableActionFeedback
[ 43%] Generating Javascript code from pal_common_msgs/JointCurrent.msg
[ 44%] Generating EusLisp code from pal_common_msgs/EmptyGoal.msg
[ 45%] Generating Javascript code from pal_common_msgs/DisableGoal.msg
[ 46%] Generating EusLisp code from pal_common_msgs/DisableResult.msg
[ 47%] Generating Python from MSG pal_common_msgs/EmptyActionResult
[ 48%] Generating Javascript code from pal_common_msgs/EmptyAction.msg
[ 50%] Generating Javascript code from pal_common_msgs/EmptyActionFeedback.msg
[ 51%] Generating EusLisp code from pal_common_msgs/EmptyActionGoal.msg
[ 52%] Generating Python from MSG pal_common_msgs/EmptyGoal
[ 53%] Generating Javascript code from pal_common_msgs/EmptyFeedback.msg
[ 54%] Generating EusLisp code from pal_common_msgs/JointCurrent.msg
[ 55%] Generating Python from MSG pal_common_msgs/DisableResult
[ 56%] Generating Javascript code from pal_common_msgs/DisableFeedback.msg
[ 57%] Generating EusLisp code from pal_common_msgs/DisableGoal.msg
[ 59%] Generating Javascript code from pal_common_msgs/GetString.srv
[ 60%] Generating Python from MSG pal_common_msgs/EmptyActionGoal
[ 61%] Generating EusLisp code from pal_common_msgs/EmptyAction.msg
[ 62%] Generating Javascript code from pal_common_msgs/SetString.srv
[ 63%] Generating EusLisp code from pal_common_msgs/EmptyActionFeedback.msg
[ 64%] Generating Python from MSG pal_common_msgs/JointCurrent
[ 64%] Built target pal_common_msgs_generate_messages_nodejs
Scanning dependencies of target pal_common_msgs_generate_messages_cpp
[ 65%] Generating EusLisp code from pal_common_msgs/EmptyFeedback.msg
[ 67%] Generating C++ code from pal_common_msgs/DisableAction.msg
[ 68%] Generating Python from MSG pal_common_msgs/DisableGoal
[ 69%] Generating EusLisp code from pal_common_msgs/DisableFeedback.msg
[ 70%] Generating EusLisp code from pal_common_msgs/GetString.srv
[ 71%] Generating Python from MSG pal_common_msgs/EmptyAction
[ 72%] Generating EusLisp code from pal_common_msgs/SetString.srv
[ 73%] Generating C++ code from pal_common_msgs/DisableActionGoal.msg
[ 75%] Generating EusLisp manifest code for pal_common_msgs
[ 76%] Generating Python from MSG pal_common_msgs/EmptyActionFeedback
[ 77%] Generating Python from MSG pal_common_msgs/EmptyFeedback
[ 78%] Generating C++ code from pal_common_msgs/DisableActionResult.msg
[ 79%] Generating Python from MSG pal_common_msgs/DisableFeedback
[ 80%] Generating C++ code from pal_common_msgs/EmptyResult.msg
[ 81%] Generating Python code from SRV pal_common_msgs/GetString
[ 82%] Generating Python code from SRV pal_common_msgs/SetString
[ 84%] Generating C++ code from pal_common_msgs/DisableActionFeedback.msg
[ 85%] Generating Python msg __init__.py for pal_common_msgs
[ 86%] Generating C++ code from pal_common_msgs/EmptyActionResult.msg
[ 87%] Generating Python srv __init__.py for pal_common_msgs
[ 87%] Built target pal_common_msgs_generate_messages_py
[ 87%] Built target pal_common_msgs_generate_messages_eus
[ 88%] Generating C++ code from pal_common_msgs/EmptyGoal.msg
[ 89%] Generating C++ code from pal_common_msgs/DisableResult.msg
[ 90%] Generating C++ code from pal_common_msgs/EmptyActionGoal.msg
[ 92%] Generating C++ code from pal_common_msgs/JointCurrent.msg
[ 93%] Generating C++ code from pal_common_msgs/DisableGoal.msg
[ 94%] Generating C++ code from pal_common_msgs/EmptyAction.msg
[ 95%] Generating C++ code from pal_common_msgs/EmptyActionFeedback.msg
[ 96%] Generating C++ code from pal_common_msgs/EmptyFeedback.msg
[ 97%] Generating C++ code from pal_common_msgs/DisableFeedback.msg
[ 98%] Generating C++ code from pal_common_msgs/GetString.srv
[100%] Generating C++ code from pal_common_msgs/SetString.srv
[100%] Built target pal_common_msgs_generate_messages_cpp
Scanning dependencies of target pal_common_msgs_generate_messages
[100%] Built target pal_common_msgs_generate_messages
