Scanning dependencies of target _pal_visual_localization_msgs_generate_messages_check_deps_VisualLocAddPlaceAction
[  0%] Built target _pal_visual_localization_msgs_generate_messages_check_deps_VisualLocAddPlaceAction
Scanning dependencies of target geometry_msgs_generate_messages_cpp
[  0%] Built target geometry_msgs_generate_messages_cpp
Scanning dependencies of target std_msgs_generate_messages_cpp
[  0%] Built target std_msgs_generate_messages_cpp
Scanning dependencies of target _pal_visual_localization_msgs_generate_messages_check_deps_VisualLocRecognizeActionResult
[  0%] Built target _pal_visual_localization_msgs_generate_messages_check_deps_VisualLocRecognizeActionResult
Scanning dependencies of target actionlib_msgs_generate_messages_cpp
[  0%] Built target actionlib_msgs_generate_messages_cpp
Scanning dependencies of target _pal_visual_localization_msgs_generate_messages_check_deps_VisualLocRecognizeActionGoal
[  0%] Built target _pal_visual_localization_msgs_generate_messages_check_deps_VisualLocRecognizeActionGoal
Scanning dependencies of target _pal_visual_localization_msgs_generate_messages_check_deps_VisualLocRecognizeGoal
[  0%] Built target _pal_visual_localization_msgs_generate_messages_check_deps_VisualLocRecognizeGoal
Scanning dependencies of target _pal_visual_localization_msgs_generate_messages_check_deps_VisualLocRecognizeResult
[  0%] Built target _pal_visual_localization_msgs_generate_messages_check_deps_VisualLocRecognizeResult
Scanning dependencies of target _pal_visual_localization_msgs_generate_messages_check_deps_VisualLocAddPlaceActionFeedback
[  0%] Built target _pal_visual_localization_msgs_generate_messages_check_deps_VisualLocAddPlaceActionFeedback
Scanning dependencies of target _pal_visual_localization_msgs_generate_messages_check_deps_VisualLocRecognizeFeedback
[  0%] Built target _pal_visual_localization_msgs_generate_messages_check_deps_VisualLocRecognizeFeedback
Scanning dependencies of target _pal_visual_localization_msgs_generate_messages_check_deps_VisualLocAddPlaceResult
[  0%] Built target _pal_visual_localization_msgs_generate_messages_check_deps_VisualLocAddPlaceResult
Scanning dependencies of target _pal_visual_localization_msgs_generate_messages_check_deps_VisualLocAddPlaceActionResult
[  0%] Built target _pal_visual_localization_msgs_generate_messages_check_deps_VisualLocAddPlaceActionResult
Scanning dependencies of target _pal_visual_localization_msgs_generate_messages_check_deps_VisualLocRecognizeAction
[  0%] Built target _pal_visual_localization_msgs_generate_messages_check_deps_VisualLocRecognizeAction
Scanning dependencies of target _pal_visual_localization_msgs_generate_messages_check_deps_VisualLocRecognizeActionFeedback
Scanning dependencies of target _pal_visual_localization_msgs_generate_messages_check_deps_VisualLocAddPlaceFeedback
[  0%] Built target _pal_visual_localization_msgs_generate_messages_check_deps_VisualLocAddPlaceFeedback
[  0%] Built target _pal_visual_localization_msgs_generate_messages_check_deps_VisualLocRecognizeActionFeedback
Scanning dependencies of target _pal_visual_localization_msgs_generate_messages_check_deps_VisualLocAddPlaceGoal
Scanning dependencies of target _pal_visual_localization_msgs_generate_messages_check_deps_VisualLocAddPlaceActionGoal
Scanning dependencies of target actionlib_msgs_generate_messages_nodejs
[  0%] Built target actionlib_msgs_generate_messages_nodejs
[  0%] Built target _pal_visual_localization_msgs_generate_messages_check_deps_VisualLocAddPlaceGoal
[  0%] Built target _pal_visual_localization_msgs_generate_messages_check_deps_VisualLocAddPlaceActionGoal
Scanning dependencies of target geometry_msgs_generate_messages_nodejs
[  0%] Built target geometry_msgs_generate_messages_nodejs
Scanning dependencies of target std_msgs_generate_messages_nodejs
[  0%] Built target std_msgs_generate_messages_nodejs
Scanning dependencies of target geometry_msgs_generate_messages_eus
[  0%] Built target geometry_msgs_generate_messages_eus
Scanning dependencies of target std_msgs_generate_messages_eus
Scanning dependencies of target actionlib_msgs_generate_messages_eus
[  0%] Built target actionlib_msgs_generate_messages_eus
[  0%] Built target std_msgs_generate_messages_eus
Scanning dependencies of target geometry_msgs_generate_messages_lisp
[  0%] Built target geometry_msgs_generate_messages_lisp
Scanning dependencies of target actionlib_msgs_generate_messages_lisp
Scanning dependencies of target std_msgs_generate_messages_lisp
[  0%] Built target std_msgs_generate_messages_lisp
[  0%] Built target actionlib_msgs_generate_messages_lisp
Scanning dependencies of target geometry_msgs_generate_messages_py
Scanning dependencies of target actionlib_msgs_generate_messages_py
[  0%] Built target actionlib_msgs_generate_messages_py
[  0%] Built target geometry_msgs_generate_messages_py
Scanning dependencies of target std_msgs_generate_messages_py
[  0%] Built target std_msgs_generate_messages_py
Scanning dependencies of target pal_visual_localization_msgs_generate_messages_cpp
[  1%] Generating C++ code from pal_visual_localization_msgs/VisualLocRecognizeResult.msg
[  2%] Generating C++ code from pal_visual_localization_msgs/VisualLocAddPlaceResult.msg
Scanning dependencies of target pal_visual_localization_msgs_generate_messages_nodejs
[  4%] Generating Javascript code from pal_visual_localization_msgs/VisualLocRecognizeResult.msg
[  5%] Generating Javascript code from pal_visual_localization_msgs/VisualLocAddPlaceResult.msg
[  6%] Generating Javascript code from pal_visual_localization_msgs/VisualLocAddPlaceActionResult.msg
[  8%] Generating C++ code from pal_visual_localization_msgs/VisualLocAddPlaceActionResult.msg
[  9%] Generating Javascript code from pal_visual_localization_msgs/VisualLocRecognizeActionGoal.msg
[ 11%] Generating Javascript code from pal_visual_localization_msgs/VisualLocAddPlaceActionFeedback.msg
[ 12%] Generating Javascript code from pal_visual_localization_msgs/VisualLocRecognizeFeedback.msg
[ 13%] Generating C++ code from pal_visual_localization_msgs/VisualLocRecognizeActionGoal.msg
[ 15%] Generating Javascript code from pal_visual_localization_msgs/VisualLocRecognizeActionResult.msg
[ 16%] Generating Javascript code from pal_visual_localization_msgs/VisualLocAddPlaceActionGoal.msg
[ 18%] Generating C++ code from pal_visual_localization_msgs/VisualLocAddPlaceActionFeedback.msg
[ 19%] Generating Javascript code from pal_visual_localization_msgs/VisualLocAddPlaceFeedback.msg
[ 20%] Generating Javascript code from pal_visual_localization_msgs/VisualLocRecognizeAction.msg
[ 22%] Generating Javascript code from pal_visual_localization_msgs/VisualLocRecognizeGoal.msg
[ 23%] Generating C++ code from pal_visual_localization_msgs/VisualLocRecognizeFeedback.msg
[ 25%] Generating Javascript code from pal_visual_localization_msgs/VisualLocAddPlaceGoal.msg
[ 26%] Generating Javascript code from pal_visual_localization_msgs/VisualLocRecognizeActionFeedback.msg
[ 27%] Generating Javascript code from pal_visual_localization_msgs/VisualLocAddPlaceAction.msg
Scanning dependencies of target pal_visual_localization_msgs_generate_messages_eus
[ 29%] Generating EusLisp code from pal_visual_localization_msgs/VisualLocRecognizeResult.msg
[ 30%] Generating C++ code from pal_visual_localization_msgs/VisualLocRecognizeActionResult.msg
[ 30%] Built target pal_visual_localization_msgs_generate_messages_nodejs
[ 31%] Generating EusLisp code from pal_visual_localization_msgs/VisualLocAddPlaceResult.msg
[ 33%] Generating EusLisp code from pal_visual_localization_msgs/VisualLocAddPlaceActionResult.msg
[ 34%] Generating EusLisp code from pal_visual_localization_msgs/VisualLocRecognizeActionGoal.msg
[ 36%] Generating EusLisp code from pal_visual_localization_msgs/VisualLocAddPlaceActionFeedback.msg
[ 37%] Generating EusLisp code from pal_visual_localization_msgs/VisualLocRecognizeFeedback.msg
[ 38%] Generating C++ code from pal_visual_localization_msgs/VisualLocAddPlaceActionGoal.msg
[ 40%] Generating EusLisp code from pal_visual_localization_msgs/VisualLocRecognizeActionResult.msg
Scanning dependencies of target pal_visual_localization_msgs_generate_messages_lisp
[ 41%] Generating Lisp code from pal_visual_localization_msgs/VisualLocRecognizeResult.msg
[ 43%] Generating Lisp code from pal_visual_localization_msgs/VisualLocAddPlaceResult.msg
[ 44%] Generating EusLisp code from pal_visual_localization_msgs/VisualLocAddPlaceActionGoal.msg
[ 45%] Generating C++ code from pal_visual_localization_msgs/VisualLocRecognizeAction.msg
[ 47%] Generating Lisp code from pal_visual_localization_msgs/VisualLocAddPlaceActionResult.msg
[ 48%] Generating C++ code from pal_visual_localization_msgs/VisualLocAddPlaceFeedback.msg
[ 50%] Generating EusLisp code from pal_visual_localization_msgs/VisualLocAddPlaceFeedback.msg
[ 51%] Generating Lisp code from pal_visual_localization_msgs/VisualLocRecognizeActionGoal.msg
[ 52%] Generating EusLisp code from pal_visual_localization_msgs/VisualLocRecognizeAction.msg
[ 54%] Generating Lisp code from pal_visual_localization_msgs/VisualLocAddPlaceActionFeedback.msg
[ 55%] Generating C++ code from pal_visual_localization_msgs/VisualLocRecognizeGoal.msg
[ 56%] Generating C++ code from pal_visual_localization_msgs/VisualLocAddPlaceGoal.msg
[ 58%] Generating EusLisp code from pal_visual_localization_msgs/VisualLocRecognizeGoal.msg
[ 59%] Generating Lisp code from pal_visual_localization_msgs/VisualLocRecognizeFeedback.msg
[ 61%] Generating EusLisp code from pal_visual_localization_msgs/VisualLocAddPlaceGoal.msg
[ 62%] Generating Lisp code from pal_visual_localization_msgs/VisualLocRecognizeActionResult.msg
[ 63%] Generating EusLisp code from pal_visual_localization_msgs/VisualLocRecognizeActionFeedback.msg
[ 65%] Generating Lisp code from pal_visual_localization_msgs/VisualLocAddPlaceActionGoal.msg
[ 66%] Generating C++ code from pal_visual_localization_msgs/VisualLocRecognizeActionFeedback.msg
[ 68%] Generating C++ code from pal_visual_localization_msgs/VisualLocAddPlaceAction.msg
[ 69%] Generating Lisp code from pal_visual_localization_msgs/VisualLocAddPlaceFeedback.msg
[ 70%] Generating EusLisp code from pal_visual_localization_msgs/VisualLocAddPlaceAction.msg
[ 72%] Generating Lisp code from pal_visual_localization_msgs/VisualLocRecognizeAction.msg
[ 73%] Generating EusLisp manifest code for pal_visual_localization_msgs
[ 75%] Generating Lisp code from pal_visual_localization_msgs/VisualLocRecognizeGoal.msg
[ 75%] Built target pal_visual_localization_msgs_generate_messages_cpp
[ 76%] Generating Lisp code from pal_visual_localization_msgs/VisualLocAddPlaceGoal.msg
Scanning dependencies of target pal_visual_localization_msgs_generate_messages_py
[ 77%] Generating Python from MSG pal_visual_localization_msgs/VisualLocRecognizeResult
[ 79%] Generating Lisp code from pal_visual_localization_msgs/VisualLocRecognizeActionFeedback.msg
[ 80%] Generating Lisp code from pal_visual_localization_msgs/VisualLocAddPlaceAction.msg
[ 81%] Generating Python from MSG pal_visual_localization_msgs/VisualLocAddPlaceResult
[ 81%] Built target pal_visual_localization_msgs_generate_messages_lisp
[ 83%] Generating Python from MSG pal_visual_localization_msgs/VisualLocAddPlaceActionResult
[ 84%] Generating Python from MSG pal_visual_localization_msgs/VisualLocRecognizeActionGoal
[ 86%] Generating Python from MSG pal_visual_localization_msgs/VisualLocAddPlaceActionFeedback
[ 87%] Generating Python from MSG pal_visual_localization_msgs/VisualLocRecognizeFeedback
[ 88%] Generating Python from MSG pal_visual_localization_msgs/VisualLocRecognizeActionResult
[ 90%] Generating Python from MSG pal_visual_localization_msgs/VisualLocAddPlaceActionGoal
[ 91%] Generating Python from MSG pal_visual_localization_msgs/VisualLocAddPlaceFeedback
[ 93%] Generating Python from MSG pal_visual_localization_msgs/VisualLocRecognizeAction
[ 94%] Generating Python from MSG pal_visual_localization_msgs/VisualLocRecognizeGoal
[ 94%] Built target pal_visual_localization_msgs_generate_messages_eus
[ 95%] Generating Python from MSG pal_visual_localization_msgs/VisualLocAddPlaceGoal
[ 97%] Generating Python from MSG pal_visual_localization_msgs/VisualLocRecognizeActionFeedback
[ 98%] Generating Python from MSG pal_visual_localization_msgs/VisualLocAddPlaceAction
[100%] Generating Python msg __init__.py for pal_visual_localization_msgs
[100%] Built target pal_visual_localization_msgs_generate_messages_py
Scanning dependencies of target pal_visual_localization_msgs_generate_messages
[100%] Built target pal_visual_localization_msgs_generate_messages
