Scanning dependencies of target sensor_msgs_generate_messages_py
Scanning dependencies of target control_msgs_generate_messages_py
[  0%] Built target sensor_msgs_generate_messages_py
[  0%] Built target control_msgs_generate_messages_py
Scanning dependencies of target rosgraph_msgs_generate_messages_py
[  0%] Built target rosgraph_msgs_generate_messages_py
Scanning dependencies of target tf_generate_messages_cpp
[  0%] Built target tf_generate_messages_cpp
Scanning dependencies of target roscpp_generate_messages_nodejs
[  0%] Built target roscpp_generate_messages_nodejs
Scanning dependencies of target geometry_msgs_generate_messages_eus
Scanning dependencies of target roscpp_generate_messages_eus
[  0%] Built target geometry_msgs_generate_messages_eus
Scanning dependencies of target std_msgs_generate_messages_py
[  0%] Built target roscpp_generate_messages_eus
Scanning dependencies of target trajectory_msgs_generate_messages_py
[  0%] Built target std_msgs_generate_messages_py
Scanning dependencies of target rosgraph_msgs_generate_messages_nodejs
Scanning dependencies of target trajectory_msgs_generate_messages_lisp
[  0%] Built target trajectory_msgs_generate_messages_py
[  0%] Built target rosgraph_msgs_generate_messages_nodejs
Scanning dependencies of target control_msgs_generate_messages_cpp
[  0%] Built target trajectory_msgs_generate_messages_lisp
[  0%] Built target control_msgs_generate_messages_cpp
Scanning dependencies of target tf2_msgs_generate_messages_py
Scanning dependencies of target tf2_msgs_generate_messages_lisp
[  0%] Built target tf2_msgs_generate_messages_lisp
[  0%] Built target tf2_msgs_generate_messages_py
Scanning dependencies of target control_msgs_generate_messages_lisp
Scanning dependencies of target geometry_msgs_generate_messages_cpp
[  0%] Built target geometry_msgs_generate_messages_cpp
[  0%] Built target control_msgs_generate_messages_lisp
Scanning dependencies of target sensor_msgs_generate_messages_lisp
[  0%] Built target sensor_msgs_generate_messages_lisp
Scanning dependencies of target trajectory_msgs_generate_messages_nodejs
[  0%] Built target trajectory_msgs_generate_messages_nodejs
Scanning dependencies of target actionlib_generate_messages_nodejs
[  0%] Built target actionlib_generate_messages_nodejs
Scanning dependencies of target actionlib_generate_messages_lisp
Scanning dependencies of target actionlib_generate_messages_cpp
[  0%] Built target actionlib_generate_messages_lisp
[  0%] Built target actionlib_generate_messages_cpp
Scanning dependencies of target sensor_msgs_generate_messages_nodejs
[  0%] Built target sensor_msgs_generate_messages_nodejs
Scanning dependencies of target roscpp_generate_messages_cpp
Scanning dependencies of target tf2_msgs_generate_messages_nodejs
Scanning dependencies of target std_msgs_generate_messages_eus
[  0%] Built target tf2_msgs_generate_messages_nodejs
[  0%] Built target roscpp_generate_messages_cpp
[  0%] Built target std_msgs_generate_messages_eus
Scanning dependencies of target std_msgs_generate_messages_nodejs
Scanning dependencies of target actionlib_msgs_generate_messages_lisp
[  0%] Built target std_msgs_generate_messages_nodejs
Scanning dependencies of target actionlib_msgs_generate_messages_eus
Scanning dependencies of target geometry_msgs_generate_messages_lisp
[  0%] Built target actionlib_msgs_generate_messages_eus
[  0%] Built target actionlib_msgs_generate_messages_lisp
[  0%] Built target geometry_msgs_generate_messages_lisp
Scanning dependencies of target sensor_msgs_generate_messages_cpp
[  0%] Built target sensor_msgs_generate_messages_cpp
Scanning dependencies of target rosgraph_msgs_generate_messages_cpp
Scanning dependencies of target rosgraph_msgs_generate_messages_eus
Scanning dependencies of target tf_generate_messages_eus
[  0%] Built target rosgraph_msgs_generate_messages_eus
[  0%] Built target rosgraph_msgs_generate_messages_cpp
Scanning dependencies of target rosgraph_msgs_generate_messages_lisp
[  0%] Built target tf_generate_messages_eus
[  0%] Built target rosgraph_msgs_generate_messages_lisp
Scanning dependencies of target tf_generate_messages_nodejs
[  0%] Built target tf_generate_messages_nodejs
Scanning dependencies of target std_msgs_generate_messages_lisp
Scanning dependencies of target trajectory_msgs_generate_messages_cpp
[  0%] Built target std_msgs_generate_messages_lisp
[  0%] Built target trajectory_msgs_generate_messages_cpp
Scanning dependencies of target control_msgs_generate_messages_eus
[  0%] Built target control_msgs_generate_messages_eus
Scanning dependencies of target std_msgs_generate_messages_cpp
[  0%] Built target std_msgs_generate_messages_cpp
Scanning dependencies of target trajectory_msgs_generate_messages_eus
Scanning dependencies of target roscpp_generate_messages_py
[  0%] Built target trajectory_msgs_generate_messages_eus
[  0%] Built target roscpp_generate_messages_py
Scanning dependencies of target actionlib_msgs_generate_messages_py
[  0%] Built target actionlib_msgs_generate_messages_py
Scanning dependencies of target actionlib_msgs_generate_messages_nodejs
[  0%] Built target actionlib_msgs_generate_messages_nodejs
Scanning dependencies of target actionlib_generate_messages_eus
Scanning dependencies of target control_msgs_generate_messages_nodejs
[  0%] Built target actionlib_generate_messages_eus
[  0%] Built target control_msgs_generate_messages_nodejs
Scanning dependencies of target geometry_msgs_generate_messages_nodejs
[  0%] Built target geometry_msgs_generate_messages_nodejs
Scanning dependencies of target roscpp_generate_messages_lisp
[  0%] Built target roscpp_generate_messages_lisp
Scanning dependencies of target tf_generate_messages_lisp
[  0%] Built target tf_generate_messages_lisp
Scanning dependencies of target tf2_msgs_generate_messages_eus
[  0%] Built target tf2_msgs_generate_messages_eus
Scanning dependencies of target tf2_msgs_generate_messages_cpp
[  0%] Built target tf2_msgs_generate_messages_cpp
Scanning dependencies of target sensor_msgs_generate_messages_eus
[  0%] Built target sensor_msgs_generate_messages_eus
Scanning dependencies of target actionlib_msgs_generate_messages_cpp
[  0%] Built target actionlib_msgs_generate_messages_cpp
Scanning dependencies of target actionlib_generate_messages_py
[  0%] Built target actionlib_generate_messages_py
Scanning dependencies of target geometry_msgs_generate_messages_py
[  0%] Built target geometry_msgs_generate_messages_py
Scanning dependencies of target tf_generate_messages_py
[  0%] Built target tf_generate_messages_py
Scanning dependencies of target head_action
[ 50%] Building CXX object CMakeFiles/head_action.dir/src/point_frame.cpp.o
[100%] Linking CXX executable /tiago_public_ws/devel/.private/head_action/lib/head_action/head_action
[100%] Built target head_action
