Scanning dependencies of target _pal_walking_msgs_generate_messages_check_deps_MoveHipFeet
[  0%] Built target _pal_walking_msgs_generate_messages_check_deps_MoveHipFeet
Scanning dependencies of target geometry_msgs_generate_messages_lisp
[  0%] Built target geometry_msgs_generate_messages_lisp
Scanning dependencies of target humanoid_nav_msgs_generate_messages_lisp
[  0%] Built target humanoid_nav_msgs_generate_messages_lisp
Scanning dependencies of target _pal_walking_msgs_generate_messages_check_deps_Sit
[  0%] Built target _pal_walking_msgs_generate_messages_check_deps_Sit
Scanning dependencies of target _pal_walking_msgs_generate_messages_check_deps_SMStatus
[  0%] Built target _pal_walking_msgs_generate_messages_check_deps_SMStatus
Scanning dependencies of target _pal_walking_msgs_generate_messages_check_deps_WalkingStep
[  0%] Built target _pal_walking_msgs_generate_messages_check_deps_WalkingStep
Scanning dependencies of target _pal_walking_msgs_generate_messages_check_deps_WalkSteps
[  0%] Built target _pal_walking_msgs_generate_messages_check_deps_WalkSteps
Scanning dependencies of target _pal_walking_msgs_generate_messages_check_deps_ContactState
[  0%] Built target _pal_walking_msgs_generate_messages_check_deps_ContactState
Scanning dependencies of target _pal_walking_msgs_generate_messages_check_deps_StepOver
[  0%] Built target _pal_walking_msgs_generate_messages_check_deps_StepOver
Scanning dependencies of target _pal_walking_msgs_generate_messages_check_deps_WalkingStatus
[  0%] Built target _pal_walking_msgs_generate_messages_check_deps_WalkingStatus
Scanning dependencies of target geometry_msgs_generate_messages_py
[  0%] Built target geometry_msgs_generate_messages_py
Scanning dependencies of target humanoid_nav_msgs_generate_messages_py
[  0%] Built target humanoid_nav_msgs_generate_messages_py
Scanning dependencies of target humanoid_nav_msgs_generate_messages_nodejs
[  0%] Built target humanoid_nav_msgs_generate_messages_nodejs
Scanning dependencies of target geometry_msgs_generate_messages_nodejs
[  0%] Built target geometry_msgs_generate_messages_nodejs
Scanning dependencies of target humanoid_nav_msgs_generate_messages_cpp
[  0%] Built target humanoid_nav_msgs_generate_messages_cpp
Scanning dependencies of target geometry_msgs_generate_messages_cpp
[  0%] Built target geometry_msgs_generate_messages_cpp
Scanning dependencies of target humanoid_nav_msgs_generate_messages_eus
[  0%] Built target humanoid_nav_msgs_generate_messages_eus
Scanning dependencies of target geometry_msgs_generate_messages_eus
[  0%] Built target geometry_msgs_generate_messages_eus
Scanning dependencies of target pal_walking_msgs_generate_messages_lisp
[  2%] Generating Lisp code from pal_walking_msgs/WalkingStep.msg
[  4%] Generating Lisp code from pal_walking_msgs/ContactState.msg
[  6%] Generating Lisp code from pal_walking_msgs/WalkingStatus.msg
Scanning dependencies of target pal_walking_msgs_generate_messages_py
[  9%] Generating Python from MSG pal_walking_msgs/WalkingStep
[ 11%] Generating Lisp code from pal_walking_msgs/SMStatus.msg
[ 13%] Generating Lisp code from pal_walking_msgs/MoveHipFeet.srv
[ 16%] Generating Python from MSG pal_walking_msgs/ContactState
[ 18%] Generating Lisp code from pal_walking_msgs/StepOver.srv
[ 20%] Generating Lisp code from pal_walking_msgs/Sit.srv
[ 23%] Generating Python from MSG pal_walking_msgs/WalkingStatus
[ 25%] Generating Lisp code from pal_walking_msgs/WalkSteps.srv
[ 27%] Generating Python from MSG pal_walking_msgs/SMStatus
[ 27%] Built target pal_walking_msgs_generate_messages_lisp
[ 30%] Generating Python code from SRV pal_walking_msgs/MoveHipFeet
[ 32%] Generating Python code from SRV pal_walking_msgs/StepOver
[ 34%] Generating Python code from SRV pal_walking_msgs/Sit
[ 37%] Generating Python code from SRV pal_walking_msgs/WalkSteps
[ 39%] Generating Python msg __init__.py for pal_walking_msgs
[ 41%] Generating Python srv __init__.py for pal_walking_msgs
[ 41%] Built target pal_walking_msgs_generate_messages_py
Scanning dependencies of target pal_walking_msgs_generate_messages_nodejs
[ 44%] Generating Javascript code from pal_walking_msgs/WalkingStep.msg
[ 46%] Generating Javascript code from pal_walking_msgs/ContactState.msg
[ 48%] Generating Javascript code from pal_walking_msgs/WalkingStatus.msg
[ 51%] Generating Javascript code from pal_walking_msgs/SMStatus.msg
Scanning dependencies of target pal_walking_msgs_generate_messages_cpp
[ 53%] Generating Javascript code from pal_walking_msgs/MoveHipFeet.srv
[ 55%] Generating C++ code from pal_walking_msgs/WalkingStep.msg
[ 58%] Generating Javascript code from pal_walking_msgs/StepOver.srv
[ 60%] Generating Javascript code from pal_walking_msgs/Sit.srv
[ 62%] Generating C++ code from pal_walking_msgs/ContactState.msg
[ 65%] Generating Javascript code from pal_walking_msgs/WalkSteps.srv
[ 65%] Built target pal_walking_msgs_generate_messages_nodejs
Scanning dependencies of target pal_walking_msgs_generate_messages_eus
[ 67%] Generating EusLisp code from pal_walking_msgs/WalkingStep.msg
[ 69%] Generating C++ code from pal_walking_msgs/WalkingStatus.msg
[ 72%] Generating EusLisp code from pal_walking_msgs/ContactState.msg
[ 74%] Generating EusLisp code from pal_walking_msgs/WalkingStatus.msg
[ 76%] Generating C++ code from pal_walking_msgs/SMStatus.msg
[ 79%] Generating EusLisp code from pal_walking_msgs/SMStatus.msg
[ 81%] Generating EusLisp code from pal_walking_msgs/MoveHipFeet.srv
[ 83%] Generating C++ code from pal_walking_msgs/MoveHipFeet.srv
[ 86%] Generating EusLisp code from pal_walking_msgs/StepOver.srv
[ 88%] Generating EusLisp code from pal_walking_msgs/Sit.srv
[ 90%] Generating EusLisp code from pal_walking_msgs/WalkSteps.srv
[ 93%] Generating C++ code from pal_walking_msgs/StepOver.srv
[ 95%] Generating EusLisp manifest code for pal_walking_msgs
[ 97%] Generating C++ code from pal_walking_msgs/Sit.srv
[100%] Generating C++ code from pal_walking_msgs/WalkSteps.srv
[100%] Built target pal_walking_msgs_generate_messages_cpp
[100%] Built target pal_walking_msgs_generate_messages_eus
Scanning dependencies of target pal_walking_msgs_generate_messages
[100%] Built target pal_walking_msgs_generate_messages
