Scanning dependencies of target _pal_statistics_msgs_generate_messages_check_deps_StatisticsNames
[  0%] Built target _pal_statistics_msgs_generate_messages_check_deps_StatisticsNames
Scanning dependencies of target std_msgs_generate_messages_lisp
[  0%] Built target std_msgs_generate_messages_lisp
Scanning dependencies of target _pal_statistics_msgs_generate_messages_check_deps_StatisticsValues
[  0%] Built target _pal_statistics_msgs_generate_messages_check_deps_StatisticsValues
Scanning dependencies of target _pal_statistics_msgs_generate_messages_check_deps_Statistics
[  0%] Built target _pal_statistics_msgs_generate_messages_check_deps_Statistics
Scanning dependencies of target _pal_statistics_msgs_generate_messages_check_deps_Statistic
[  0%] Built target _pal_statistics_msgs_generate_messages_check_deps_Statistic
Scanning dependencies of target std_msgs_generate_messages_py
[  0%] Built target std_msgs_generate_messages_py
Scanning dependencies of target std_msgs_generate_messages_cpp
[  0%] Built target std_msgs_generate_messages_cpp
Scanning dependencies of target std_msgs_generate_messages_eus
[  0%] Built target std_msgs_generate_messages_eus
Scanning dependencies of target std_msgs_generate_messages_nodejs
[  0%] Built target std_msgs_generate_messages_nodejs
Scanning dependencies of target pal_statistics_msgs_generate_messages_lisp
[  4%] Generating Lisp code from pal_statistics_msgs/Statistic.msg
[  9%] Generating Lisp code from pal_statistics_msgs/StatisticsNames.msg
[ 13%] Generating Lisp code from pal_statistics_msgs/StatisticsValues.msg
[ 18%] Generating Lisp code from pal_statistics_msgs/Statistics.msg
[ 18%] Built target pal_statistics_msgs_generate_messages_lisp
Scanning dependencies of target pal_statistics_msgs_generate_messages_py
[ 22%] Generating Python from MSG pal_statistics_msgs/Statistic
[ 27%] Generating Python from MSG pal_statistics_msgs/StatisticsNames
[ 31%] Generating Python from MSG pal_statistics_msgs/StatisticsValues
[ 36%] Generating Python from MSG pal_statistics_msgs/Statistics
[ 40%] Generating Python msg __init__.py for pal_statistics_msgs
[ 40%] Built target pal_statistics_msgs_generate_messages_py
Scanning dependencies of target pal_statistics_msgs_generate_messages_cpp
[ 45%] Generating C++ code from pal_statistics_msgs/Statistic.msg
[ 50%] Generating C++ code from pal_statistics_msgs/StatisticsNames.msg
[ 54%] Generating C++ code from pal_statistics_msgs/StatisticsValues.msg
[ 59%] Generating C++ code from pal_statistics_msgs/Statistics.msg
[ 59%] Built target pal_statistics_msgs_generate_messages_cpp
Scanning dependencies of target pal_statistics_msgs_generate_messages_eus
[ 63%] Generating EusLisp code from pal_statistics_msgs/Statistic.msg
[ 68%] Generating EusLisp code from pal_statistics_msgs/StatisticsNames.msg
Scanning dependencies of target pal_statistics_msgs_generate_messages_nodejs
[ 72%] Generating EusLisp code from pal_statistics_msgs/StatisticsValues.msg
[ 77%] Generating Javascript code from pal_statistics_msgs/Statistic.msg
[ 81%] Generating EusLisp code from pal_statistics_msgs/Statistics.msg
[ 86%] Generating Javascript code from pal_statistics_msgs/StatisticsNames.msg
[ 90%] Generating Javascript code from pal_statistics_msgs/StatisticsValues.msg
[ 95%] Generating EusLisp manifest code for pal_statistics_msgs
[100%] Generating Javascript code from pal_statistics_msgs/Statistics.msg
[100%] Built target pal_statistics_msgs_generate_messages_nodejs
[100%] Built target pal_statistics_msgs_generate_messages_eus
Scanning dependencies of target pal_statistics_msgs_generate_messages
[100%] Built target pal_statistics_msgs_generate_messages
