Symlinking /tiago_public_ws/devel/lib/pkgconfig/humanoid_nav_msgs.pc
Symlinking /tiago_public_ws/devel/lib/python2.7/dist-packages/humanoid_nav_msgs/__init__.py
Symlinking /tiago_public_ws/devel/lib/python2.7/dist-packages/humanoid_nav_msgs/msg/_ExecFootstepsActionResult.py
Symlinking /tiago_public_ws/devel/lib/python2.7/dist-packages/humanoid_nav_msgs/msg/_ExecFootstepsAction.py
Symlinking /tiago_public_ws/devel/lib/python2.7/dist-packages/humanoid_nav_msgs/msg/__init__.py
Symlinking /tiago_public_ws/devel/lib/python2.7/dist-packages/humanoid_nav_msgs/msg/_ExecFootstepsGoal.py
Symlinking /tiago_public_ws/devel/lib/python2.7/dist-packages/humanoid_nav_msgs/msg/_StepTarget.py
Symlinking /tiago_public_ws/devel/lib/python2.7/dist-packages/humanoid_nav_msgs/msg/_ExecFootstepsFeedback.py
Symlinking /tiago_public_ws/devel/lib/python2.7/dist-packages/humanoid_nav_msgs/msg/_ExecFootstepsResult.py
Symlinking /tiago_public_ws/devel/lib/python2.7/dist-packages/humanoid_nav_msgs/msg/_ExecFootstepsActionGoal.py
Symlinking /tiago_public_ws/devel/lib/python2.7/dist-packages/humanoid_nav_msgs/msg/_ExecFootstepsActionFeedback.py
Symlinking /tiago_public_ws/devel/lib/python2.7/dist-packages/humanoid_nav_msgs/srv/_PlanFootstepsBetweenFeet.py
Symlinking /tiago_public_ws/devel/lib/python2.7/dist-packages/humanoid_nav_msgs/srv/_StepTargetService.py
Symlinking /tiago_public_ws/devel/lib/python2.7/dist-packages/humanoid_nav_msgs/srv/__init__.py
Symlinking /tiago_public_ws/devel/lib/python2.7/dist-packages/humanoid_nav_msgs/srv/_PlanFootsteps.py
Symlinking /tiago_public_ws/devel/lib/python2.7/dist-packages/humanoid_nav_msgs/srv/_ClipFootstep.py
Symlinking /tiago_public_ws/devel/share/common-lisp/ros/humanoid_nav_msgs/msg/ExecFootstepsActionResult.lisp
Symlinking /tiago_public_ws/devel/share/common-lisp/ros/humanoid_nav_msgs/msg/_package_StepTarget.lisp
Symlinking /tiago_public_ws/devel/share/common-lisp/ros/humanoid_nav_msgs/msg/StepTarget.lisp
Symlinking /tiago_public_ws/devel/share/common-lisp/ros/humanoid_nav_msgs/msg/_package_ExecFootstepsAction.lisp
Symlinking /tiago_public_ws/devel/share/common-lisp/ros/humanoid_nav_msgs/msg/_package.lisp
Symlinking /tiago_public_ws/devel/share/common-lisp/ros/humanoid_nav_msgs/msg/ExecFootstepsFeedback.lisp
Symlinking /tiago_public_ws/devel/share/common-lisp/ros/humanoid_nav_msgs/msg/_package_ExecFootstepsFeedback.lisp
Symlinking /tiago_public_ws/devel/share/common-lisp/ros/humanoid_nav_msgs/msg/humanoid_nav_msgs-msg.asd
Symlinking /tiago_public_ws/devel/share/common-lisp/ros/humanoid_nav_msgs/msg/_package_ExecFootstepsGoal.lisp
Symlinking /tiago_public_ws/devel/share/common-lisp/ros/humanoid_nav_msgs/msg/ExecFootstepsGoal.lisp
Symlinking /tiago_public_ws/devel/share/common-lisp/ros/humanoid_nav_msgs/msg/_package_ExecFootstepsResult.lisp
Symlinking /tiago_public_ws/devel/share/common-lisp/ros/humanoid_nav_msgs/msg/ExecFootstepsActionGoal.lisp
Symlinking /tiago_public_ws/devel/share/common-lisp/ros/humanoid_nav_msgs/msg/ExecFootstepsActionFeedback.lisp
Symlinking /tiago_public_ws/devel/share/common-lisp/ros/humanoid_nav_msgs/msg/_package_ExecFootstepsActionResult.lisp
Symlinking /tiago_public_ws/devel/share/common-lisp/ros/humanoid_nav_msgs/msg/_package_ExecFootstepsActionGoal.lisp
Symlinking /tiago_public_ws/devel/share/common-lisp/ros/humanoid_nav_msgs/msg/ExecFootstepsAction.lisp
Symlinking /tiago_public_ws/devel/share/common-lisp/ros/humanoid_nav_msgs/msg/_package_ExecFootstepsActionFeedback.lisp
Symlinking /tiago_public_ws/devel/share/common-lisp/ros/humanoid_nav_msgs/msg/ExecFootstepsResult.lisp
Symlinking /tiago_public_ws/devel/share/common-lisp/ros/humanoid_nav_msgs/srv/humanoid_nav_msgs-srv.asd
Symlinking /tiago_public_ws/devel/share/common-lisp/ros/humanoid_nav_msgs/srv/_package_PlanFootstepsBetweenFeet.lisp
Symlinking /tiago_public_ws/devel/share/common-lisp/ros/humanoid_nav_msgs/srv/_package.lisp
Symlinking /tiago_public_ws/devel/share/common-lisp/ros/humanoid_nav_msgs/srv/ClipFootstep.lisp
Symlinking /tiago_public_ws/devel/share/common-lisp/ros/humanoid_nav_msgs/srv/_package_StepTargetService.lisp
Symlinking /tiago_public_ws/devel/share/common-lisp/ros/humanoid_nav_msgs/srv/_package_PlanFootsteps.lisp
Symlinking /tiago_public_ws/devel/share/common-lisp/ros/humanoid_nav_msgs/srv/StepTargetService.lisp
Symlinking /tiago_public_ws/devel/share/common-lisp/ros/humanoid_nav_msgs/srv/_package_ClipFootstep.lisp
Symlinking /tiago_public_ws/devel/share/common-lisp/ros/humanoid_nav_msgs/srv/PlanFootsteps.lisp
Symlinking /tiago_public_ws/devel/share/common-lisp/ros/humanoid_nav_msgs/srv/PlanFootstepsBetweenFeet.lisp
Symlinking /tiago_public_ws/devel/share/gennodejs/ros/humanoid_nav_msgs/_index.js
Symlinking /tiago_public_ws/devel/share/gennodejs/ros/humanoid_nav_msgs/msg/StepTarget.js
Symlinking /tiago_public_ws/devel/share/gennodejs/ros/humanoid_nav_msgs/msg/ExecFootstepsAction.js
Symlinking /tiago_public_ws/devel/share/gennodejs/ros/humanoid_nav_msgs/msg/ExecFootstepsGoal.js
Symlinking /tiago_public_ws/devel/share/gennodejs/ros/humanoid_nav_msgs/msg/ExecFootstepsActionGoal.js
Symlinking /tiago_public_ws/devel/share/gennodejs/ros/humanoid_nav_msgs/msg/_index.js
Symlinking /tiago_public_ws/devel/share/gennodejs/ros/humanoid_nav_msgs/msg/ExecFootstepsFeedback.js
Symlinking /tiago_public_ws/devel/share/gennodejs/ros/humanoid_nav_msgs/msg/ExecFootstepsActionFeedback.js
Symlinking /tiago_public_ws/devel/share/gennodejs/ros/humanoid_nav_msgs/msg/ExecFootstepsResult.js
Symlinking /tiago_public_ws/devel/share/gennodejs/ros/humanoid_nav_msgs/msg/ExecFootstepsActionResult.js
Symlinking /tiago_public_ws/devel/share/gennodejs/ros/humanoid_nav_msgs/srv/PlanFootstepsBetweenFeet.js
Symlinking /tiago_public_ws/devel/share/gennodejs/ros/humanoid_nav_msgs/srv/StepTargetService.js
Symlinking /tiago_public_ws/devel/share/gennodejs/ros/humanoid_nav_msgs/srv/_index.js
Symlinking /tiago_public_ws/devel/share/gennodejs/ros/humanoid_nav_msgs/srv/ClipFootstep.js
Symlinking /tiago_public_ws/devel/share/gennodejs/ros/humanoid_nav_msgs/srv/PlanFootsteps.js
Symlinking /tiago_public_ws/devel/share/roseus/ros/humanoid_nav_msgs/manifest.l
Symlinking /tiago_public_ws/devel/share/roseus/ros/humanoid_nav_msgs/msg/ExecFootstepsResult.l
Symlinking /tiago_public_ws/devel/share/roseus/ros/humanoid_nav_msgs/msg/ExecFootstepsActionGoal.l
Symlinking /tiago_public_ws/devel/share/roseus/ros/humanoid_nav_msgs/msg/ExecFootstepsActionResult.l
Symlinking /tiago_public_ws/devel/share/roseus/ros/humanoid_nav_msgs/msg/StepTarget.l
Symlinking /tiago_public_ws/devel/share/roseus/ros/humanoid_nav_msgs/msg/ExecFootstepsAction.l
Symlinking /tiago_public_ws/devel/share/roseus/ros/humanoid_nav_msgs/msg/ExecFootstepsGoal.l
Symlinking /tiago_public_ws/devel/share/roseus/ros/humanoid_nav_msgs/msg/ExecFootstepsActionFeedback.l
Symlinking /tiago_public_ws/devel/share/roseus/ros/humanoid_nav_msgs/msg/ExecFootstepsFeedback.l
Symlinking /tiago_public_ws/devel/share/roseus/ros/humanoid_nav_msgs/srv/ClipFootstep.l
Symlinking /tiago_public_ws/devel/share/roseus/ros/humanoid_nav_msgs/srv/PlanFootsteps.l
Symlinking /tiago_public_ws/devel/share/roseus/ros/humanoid_nav_msgs/srv/PlanFootstepsBetweenFeet.l
Symlinking /tiago_public_ws/devel/share/roseus/ros/humanoid_nav_msgs/srv/StepTargetService.l
Symlinking /tiago_public_ws/devel/share/humanoid_nav_msgs/msg/ExecFootstepsActionFeedback.msg
Symlinking /tiago_public_ws/devel/share/humanoid_nav_msgs/msg/ExecFootstepsResult.msg
Symlinking /tiago_public_ws/devel/share/humanoid_nav_msgs/msg/ExecFootstepsActionResult.msg
Symlinking /tiago_public_ws/devel/share/humanoid_nav_msgs/msg/ExecFootstepsAction.msg
Symlinking /tiago_public_ws/devel/share/humanoid_nav_msgs/msg/ExecFootstepsGoal.msg
Symlinking /tiago_public_ws/devel/share/humanoid_nav_msgs/msg/ExecFootstepsActionGoal.msg
Symlinking /tiago_public_ws/devel/share/humanoid_nav_msgs/msg/ExecFootstepsFeedback.msg
Symlinking /tiago_public_ws/devel/share/humanoid_nav_msgs/cmake/humanoid_nav_msgs-msg-extras.cmake
Symlinking /tiago_public_ws/devel/share/humanoid_nav_msgs/cmake/humanoid_nav_msgsConfig-version.cmake
Symlinking /tiago_public_ws/devel/share/humanoid_nav_msgs/cmake/humanoid_nav_msgsConfig.cmake
Symlinking /tiago_public_ws/devel/share/humanoid_nav_msgs/cmake/humanoid_nav_msgs-msg-paths.cmake
Symlinking /tiago_public_ws/devel/include/humanoid_nav_msgs/PlanFootstepsBetweenFeetResponse.h
Symlinking /tiago_public_ws/devel/include/humanoid_nav_msgs/ExecFootstepsActionFeedback.h
Symlinking /tiago_public_ws/devel/include/humanoid_nav_msgs/PlanFootstepsRequest.h
Symlinking /tiago_public_ws/devel/include/humanoid_nav_msgs/StepTargetServiceRequest.h
Symlinking /tiago_public_ws/devel/include/humanoid_nav_msgs/ExecFootstepsResult.h
Symlinking /tiago_public_ws/devel/include/humanoid_nav_msgs/ExecFootstepsActionGoal.h
Symlinking /tiago_public_ws/devel/include/humanoid_nav_msgs/PlanFootstepsBetweenFeet.h
Symlinking /tiago_public_ws/devel/include/humanoid_nav_msgs/ExecFootstepsGoal.h
Symlinking /tiago_public_ws/devel/include/humanoid_nav_msgs/ExecFootstepsAction.h
Symlinking /tiago_public_ws/devel/include/humanoid_nav_msgs/PlanFootstepsBetweenFeetRequest.h
Symlinking /tiago_public_ws/devel/include/humanoid_nav_msgs/StepTargetService.h
Symlinking /tiago_public_ws/devel/include/humanoid_nav_msgs/ExecFootstepsActionResult.h
Symlinking /tiago_public_ws/devel/include/humanoid_nav_msgs/ExecFootstepsFeedback.h
Symlinking /tiago_public_ws/devel/include/humanoid_nav_msgs/PlanFootsteps.h
Symlinking /tiago_public_ws/devel/include/humanoid_nav_msgs/ClipFootstepResponse.h
Symlinking /tiago_public_ws/devel/include/humanoid_nav_msgs/PlanFootstepsResponse.h
Symlinking /tiago_public_ws/devel/include/humanoid_nav_msgs/StepTargetServiceResponse.h
Symlinking /tiago_public_ws/devel/include/humanoid_nav_msgs/StepTarget.h
Symlinking /tiago_public_ws/devel/include/humanoid_nav_msgs/ClipFootstepRequest.h
Symlinking /tiago_public_ws/devel/include/humanoid_nav_msgs/ClipFootstep.h
