Scanning dependencies of target _humanoid_nav_msgs_generate_messages_check_deps_ExecFootstepsActionResult
[  0%] Built target _humanoid_nav_msgs_generate_messages_check_deps_ExecFootstepsActionResult
Scanning dependencies of target _humanoid_nav_msgs_generate_messages_check_deps_ClipFootstep
[  0%] Built target _humanoid_nav_msgs_generate_messages_check_deps_ClipFootstep
Scanning dependencies of target _humanoid_nav_msgs_generate_messages_check_deps_StepTarget
Scanning dependencies of target _humanoid_nav_msgs_generate_messages_check_deps_PlanFootsteps
[  0%] Built target _humanoid_nav_msgs_generate_messages_check_deps_StepTarget
[  0%] Built target _humanoid_nav_msgs_generate_messages_check_deps_PlanFootsteps
Scanning dependencies of target _humanoid_nav_msgs_generate_messages_check_deps_ExecFootstepsGoal
[  0%] Built target _humanoid_nav_msgs_generate_messages_check_deps_ExecFootstepsGoal
Scanning dependencies of target std_msgs_generate_messages_eus
[  0%] Built target std_msgs_generate_messages_eus
Scanning dependencies of target _humanoid_nav_msgs_generate_messages_check_deps_ExecFootstepsAction
[  0%] Built target _humanoid_nav_msgs_generate_messages_check_deps_ExecFootstepsAction
Scanning dependencies of target _humanoid_nav_msgs_generate_messages_check_deps_StepTargetService
[  0%] Built target _humanoid_nav_msgs_generate_messages_check_deps_StepTargetService
Scanning dependencies of target actionlib_msgs_generate_messages_eus
Scanning dependencies of target _humanoid_nav_msgs_generate_messages_check_deps_ExecFootstepsActionFeedback
[  0%] Built target actionlib_msgs_generate_messages_eus
[  0%] Built target _humanoid_nav_msgs_generate_messages_check_deps_ExecFootstepsActionFeedback
Scanning dependencies of target _humanoid_nav_msgs_generate_messages_check_deps_ExecFootstepsResult
[  0%] Built target _humanoid_nav_msgs_generate_messages_check_deps_ExecFootstepsResult
Scanning dependencies of target geometry_msgs_generate_messages_eus
[  0%] Built target geometry_msgs_generate_messages_eus
Scanning dependencies of target _humanoid_nav_msgs_generate_messages_check_deps_ExecFootstepsFeedback
[  0%] Built target _humanoid_nav_msgs_generate_messages_check_deps_ExecFootstepsFeedback
Scanning dependencies of target _humanoid_nav_msgs_generate_messages_check_deps_PlanFootstepsBetweenFeet
Scanning dependencies of target _humanoid_nav_msgs_generate_messages_check_deps_ExecFootstepsActionGoal
Scanning dependencies of target geometry_msgs_generate_messages_lisp
[  0%] Built target geometry_msgs_generate_messages_lisp
[  0%] Built target _humanoid_nav_msgs_generate_messages_check_deps_PlanFootstepsBetweenFeet
Scanning dependencies of target actionlib_msgs_generate_messages_lisp
[  0%] Built target _humanoid_nav_msgs_generate_messages_check_deps_ExecFootstepsActionGoal
[  0%] Built target actionlib_msgs_generate_messages_lisp
Scanning dependencies of target std_msgs_generate_messages_lisp
[  0%] Built target std_msgs_generate_messages_lisp
Scanning dependencies of target geometry_msgs_generate_messages_py
Scanning dependencies of target std_msgs_generate_messages_py
[  0%] Built target geometry_msgs_generate_messages_py
[  0%] Built target std_msgs_generate_messages_py
Scanning dependencies of target actionlib_msgs_generate_messages_py
Scanning dependencies of target std_msgs_generate_messages_nodejs
Scanning dependencies of target geometry_msgs_generate_messages_nodejs
[  0%] Built target actionlib_msgs_generate_messages_py
[  0%] Built target std_msgs_generate_messages_nodejs
[  0%] Built target geometry_msgs_generate_messages_nodejs
Scanning dependencies of target geometry_msgs_generate_messages_cpp
Scanning dependencies of target actionlib_msgs_generate_messages_nodejs
[  0%] Built target geometry_msgs_generate_messages_cpp
[  0%] Built target actionlib_msgs_generate_messages_nodejs
Scanning dependencies of target humanoid_nav_msgs_generate_messages_eus
Scanning dependencies of target std_msgs_generate_messages_cpp
[  1%] Generating EusLisp code from humanoid_nav_msgs/ExecFootstepsAction.msg
Scanning dependencies of target actionlib_msgs_generate_messages_cpp
[  1%] Built target std_msgs_generate_messages_cpp
Scanning dependencies of target humanoid_nav_msgs_generate_messages_lisp
[  3%] Generating Lisp code from humanoid_nav_msgs/ExecFootstepsAction.msg
[  3%] Built target actionlib_msgs_generate_messages_cpp
[  4%] Generating EusLisp code from humanoid_nav_msgs/ExecFootstepsActionGoal.msg
[  6%] Generating Lisp code from humanoid_nav_msgs/ExecFootstepsActionGoal.msg
[  7%] Generating Lisp code from humanoid_nav_msgs/StepTarget.msg
[  9%] Generating EusLisp code from humanoid_nav_msgs/StepTarget.msg
[ 11%] Generating Lisp code from humanoid_nav_msgs/ExecFootstepsResult.msg
[ 12%] Generating Lisp code from humanoid_nav_msgs/ExecFootstepsFeedback.msg
Scanning dependencies of target humanoid_nav_msgs_generate_messages_py
[ 14%] Generating Python from MSG humanoid_nav_msgs/ExecFootstepsAction
[ 15%] Generating EusLisp code from humanoid_nav_msgs/ExecFootstepsResult.msg
[ 17%] Generating Lisp code from humanoid_nav_msgs/ExecFootstepsActionFeedback.msg
[ 19%] Generating EusLisp code from humanoid_nav_msgs/ExecFootstepsFeedback.msg
Scanning dependencies of target humanoid_nav_msgs_generate_messages_nodejs
[ 20%] Generating Javascript code from humanoid_nav_msgs/ExecFootstepsAction.msg
[ 22%] Generating Lisp code from humanoid_nav_msgs/ExecFootstepsGoal.msg
[ 23%] Generating Python from MSG humanoid_nav_msgs/ExecFootstepsActionGoal
[ 25%] Generating EusLisp code from humanoid_nav_msgs/ExecFootstepsActionFeedback.msg
[ 26%] Generating Lisp code from humanoid_nav_msgs/ExecFootstepsActionResult.msg
[ 28%] Generating Javascript code from humanoid_nav_msgs/ExecFootstepsActionGoal.msg
[ 30%] Generating Javascript code from humanoid_nav_msgs/StepTarget.msg
[ 31%] Generating EusLisp code from humanoid_nav_msgs/ExecFootstepsGoal.msg
[ 33%] Generating Lisp code from humanoid_nav_msgs/StepTargetService.srv
[ 34%] Generating Python from MSG humanoid_nav_msgs/StepTarget
[ 36%] Generating Javascript code from humanoid_nav_msgs/ExecFootstepsResult.msg
[ 38%] Generating Lisp code from humanoid_nav_msgs/PlanFootstepsBetweenFeet.srv
[ 39%] Generating EusLisp code from humanoid_nav_msgs/ExecFootstepsActionResult.msg
[ 41%] Generating Lisp code from humanoid_nav_msgs/ClipFootstep.srv
[ 42%] Generating Javascript code from humanoid_nav_msgs/ExecFootstepsFeedback.msg
[ 44%] Generating Python from MSG humanoid_nav_msgs/ExecFootstepsResult
[ 46%] Generating EusLisp code from humanoid_nav_msgs/StepTargetService.srv
[ 47%] Generating Lisp code from humanoid_nav_msgs/PlanFootsteps.srv
[ 49%] Generating Javascript code from humanoid_nav_msgs/ExecFootstepsActionFeedback.msg
[ 50%] Generating EusLisp code from humanoid_nav_msgs/PlanFootstepsBetweenFeet.srv
[ 50%] Built target humanoid_nav_msgs_generate_messages_lisp
[ 52%] Generating Python from MSG humanoid_nav_msgs/ExecFootstepsFeedback
Scanning dependencies of target humanoid_nav_msgs_generate_messages_cpp
[ 53%] Generating Javascript code from humanoid_nav_msgs/ExecFootstepsGoal.msg
[ 55%] Generating C++ code from humanoid_nav_msgs/ExecFootstepsAction.msg
[ 57%] Generating EusLisp code from humanoid_nav_msgs/ClipFootstep.srv
[ 58%] Generating Javascript code from humanoid_nav_msgs/ExecFootstepsActionResult.msg
[ 60%] Generating Python from MSG humanoid_nav_msgs/ExecFootstepsActionFeedback
[ 61%] Generating Javascript code from humanoid_nav_msgs/StepTargetService.srv
[ 63%] Generating EusLisp code from humanoid_nav_msgs/PlanFootsteps.srv
[ 65%] Generating C++ code from humanoid_nav_msgs/ExecFootstepsActionGoal.msg
[ 66%] Generating Javascript code from humanoid_nav_msgs/PlanFootstepsBetweenFeet.srv
[ 68%] Generating EusLisp manifest code for humanoid_nav_msgs
[ 69%] Generating Javascript code from humanoid_nav_msgs/ClipFootstep.srv
[ 71%] Generating Python from MSG humanoid_nav_msgs/ExecFootstepsGoal
[ 73%] Generating Javascript code from humanoid_nav_msgs/PlanFootsteps.srv
[ 74%] Generating Python from MSG humanoid_nav_msgs/ExecFootstepsActionResult
[ 76%] Generating C++ code from humanoid_nav_msgs/StepTarget.msg
[ 76%] Built target humanoid_nav_msgs_generate_messages_nodejs
[ 77%] Generating Python code from SRV humanoid_nav_msgs/StepTargetService
[ 79%] Generating Python code from SRV humanoid_nav_msgs/PlanFootstepsBetweenFeet
[ 80%] Generating C++ code from humanoid_nav_msgs/ExecFootstepsResult.msg
[ 82%] Generating Python code from SRV humanoid_nav_msgs/ClipFootstep
[ 84%] Generating C++ code from humanoid_nav_msgs/ExecFootstepsFeedback.msg
[ 85%] Generating Python code from SRV humanoid_nav_msgs/PlanFootsteps
[ 87%] Generating C++ code from humanoid_nav_msgs/ExecFootstepsActionFeedback.msg
[ 88%] Generating Python msg __init__.py for humanoid_nav_msgs
[ 90%] Generating Python srv __init__.py for humanoid_nav_msgs
[ 92%] Generating C++ code from humanoid_nav_msgs/ExecFootstepsGoal.msg
[ 92%] Built target humanoid_nav_msgs_generate_messages_py
[ 93%] Generating C++ code from humanoid_nav_msgs/ExecFootstepsActionResult.msg
[ 93%] Built target humanoid_nav_msgs_generate_messages_eus
[ 95%] Generating C++ code from humanoid_nav_msgs/StepTargetService.srv
[ 96%] Generating C++ code from humanoid_nav_msgs/PlanFootstepsBetweenFeet.srv
[ 98%] Generating C++ code from humanoid_nav_msgs/ClipFootstep.srv
[100%] Generating C++ code from humanoid_nav_msgs/PlanFootsteps.srv
[100%] Built target humanoid_nav_msgs_generate_messages_cpp
Scanning dependencies of target humanoid_nav_msgs_generate_messages
[100%] Built target humanoid_nav_msgs_generate_messages
