Scanning dependencies of target _pal_video_recording_msgs_generate_messages_check_deps_StopRecording
[  0%] Built target _pal_video_recording_msgs_generate_messages_check_deps_StopRecording
Scanning dependencies of target _pal_video_recording_msgs_generate_messages_check_deps_StartRecording
[  0%] Built target _pal_video_recording_msgs_generate_messages_check_deps_StartRecording
Scanning dependencies of target pal_video_recording_msgs_generate_messages_nodejs
[  8%] Generating Javascript code from pal_video_recording_msgs/StopRecording.srv
[ 16%] Generating Javascript code from pal_video_recording_msgs/StartRecording.srv
[ 16%] Built target pal_video_recording_msgs_generate_messages_nodejs
Scanning dependencies of target pal_video_recording_msgs_generate_messages_lisp
[ 25%] Generating Lisp code from pal_video_recording_msgs/StopRecording.srv
[ 33%] Generating Lisp code from pal_video_recording_msgs/StartRecording.srv
[ 33%] Built target pal_video_recording_msgs_generate_messages_lisp
Scanning dependencies of target pal_video_recording_msgs_generate_messages_cpp
[ 41%] Generating C++ code from pal_video_recording_msgs/StopRecording.srv
[ 50%] Generating C++ code from pal_video_recording_msgs/StartRecording.srv
[ 50%] Built target pal_video_recording_msgs_generate_messages_cpp
Scanning dependencies of target pal_video_recording_msgs_generate_messages_py
[ 58%] Generating Python code from SRV pal_video_recording_msgs/StopRecording
[ 66%] Generating Python code from SRV pal_video_recording_msgs/StartRecording
[ 75%] Generating Python srv __init__.py for pal_video_recording_msgs
[ 75%] Built target pal_video_recording_msgs_generate_messages_py
Scanning dependencies of target pal_video_recording_msgs_generate_messages_eus
[ 83%] Generating EusLisp code from pal_video_recording_msgs/StopRecording.srv
[ 91%] Generating EusLisp code from pal_video_recording_msgs/StartRecording.srv
[100%] Generating EusLisp manifest code for pal_video_recording_msgs
[100%] Built target pal_video_recording_msgs_generate_messages_eus
Scanning dependencies of target pal_video_recording_msgs_generate_messages
[100%] Built target pal_video_recording_msgs_generate_messages
