Scanning dependencies of target _pal_behaviour_msgs_generate_messages_check_deps_BehaviourTaskActionResult
[  0%] Built target _pal_behaviour_msgs_generate_messages_check_deps_BehaviourTaskActionResult
Scanning dependencies of target _pal_behaviour_msgs_generate_messages_check_deps_BehaviourTaskResult
[  0%] Built target _pal_behaviour_msgs_generate_messages_check_deps_BehaviourTaskResult
Scanning dependencies of target _pal_behaviour_msgs_generate_messages_check_deps_PresentationGoal
[  0%] Built target _pal_behaviour_msgs_generate_messages_check_deps_PresentationGoal
Scanning dependencies of target actionlib_msgs_generate_messages_lisp
[  0%] Built target actionlib_msgs_generate_messages_lisp
Scanning dependencies of target _pal_behaviour_msgs_generate_messages_check_deps_BehaviourTaskFeedback
[  0%] Built target _pal_behaviour_msgs_generate_messages_check_deps_BehaviourTaskFeedback
Scanning dependencies of target std_msgs_generate_messages_lisp
[  0%] Built target std_msgs_generate_messages_lisp
Scanning dependencies of target _pal_behaviour_msgs_generate_messages_check_deps_BehaviourTaskActionFeedback
[  0%] Built target _pal_behaviour_msgs_generate_messages_check_deps_BehaviourTaskActionFeedback
Scanning dependencies of target _pal_behaviour_msgs_generate_messages_check_deps_BehaviourTaskGoal
[  0%] Built target _pal_behaviour_msgs_generate_messages_check_deps_BehaviourTaskGoal
Scanning dependencies of target _pal_behaviour_msgs_generate_messages_check_deps_BehaviourArgument
[  0%] Built target _pal_behaviour_msgs_generate_messages_check_deps_BehaviourArgument
Scanning dependencies of target _pal_behaviour_msgs_generate_messages_check_deps_BehaviourTaskActionGoal
[  0%] Built target _pal_behaviour_msgs_generate_messages_check_deps_BehaviourTaskActionGoal
Scanning dependencies of target _pal_behaviour_msgs_generate_messages_check_deps_PresentationAction
[  0%] Built target _pal_behaviour_msgs_generate_messages_check_deps_PresentationAction
Scanning dependencies of target _pal_behaviour_msgs_generate_messages_check_deps_PresentationFeedback
[  0%] Built target _pal_behaviour_msgs_generate_messages_check_deps_PresentationFeedback
Scanning dependencies of target _pal_behaviour_msgs_generate_messages_check_deps_PresentationActionFeedback
[  0%] Built target _pal_behaviour_msgs_generate_messages_check_deps_PresentationActionFeedback
Scanning dependencies of target _pal_behaviour_msgs_generate_messages_check_deps_PresentationActionResult
[  0%] Built target _pal_behaviour_msgs_generate_messages_check_deps_PresentationActionResult
Scanning dependencies of target _pal_behaviour_msgs_generate_messages_check_deps_PresentationResult
[  0%] Built target _pal_behaviour_msgs_generate_messages_check_deps_PresentationResult
Scanning dependencies of target _pal_behaviour_msgs_generate_messages_check_deps_BehaviourTaskAction
[  0%] Built target _pal_behaviour_msgs_generate_messages_check_deps_BehaviourTaskAction
Scanning dependencies of target _pal_behaviour_msgs_generate_messages_check_deps_BehaviourEvent
Scanning dependencies of target _pal_behaviour_msgs_generate_messages_check_deps_PresentationActionGoal
[  0%] Built target _pal_behaviour_msgs_generate_messages_check_deps_BehaviourEvent
[  0%] Built target _pal_behaviour_msgs_generate_messages_check_deps_PresentationActionGoal
Scanning dependencies of target std_msgs_generate_messages_py
[  0%] Built target std_msgs_generate_messages_py
Scanning dependencies of target actionlib_msgs_generate_messages_py
[  0%] Built target actionlib_msgs_generate_messages_py
Scanning dependencies of target std_msgs_generate_messages_nodejs
[  0%] Built target std_msgs_generate_messages_nodejs
Scanning dependencies of target actionlib_msgs_generate_messages_nodejs
[  0%] Built target actionlib_msgs_generate_messages_nodejs
Scanning dependencies of target actionlib_msgs_generate_messages_cpp
[  0%] Built target actionlib_msgs_generate_messages_cpp
Scanning dependencies of target std_msgs_generate_messages_cpp
Scanning dependencies of target actionlib_msgs_generate_messages_eus
[  0%] Built target actionlib_msgs_generate_messages_eus
[  0%] Built target std_msgs_generate_messages_cpp
Scanning dependencies of target std_msgs_generate_messages_eus
Scanning dependencies of target pal_behaviour_msgs_generate_messages_lisp
[  0%] Built target std_msgs_generate_messages_eus
[  1%] Generating Lisp code from pal_behaviour_msgs/BehaviourTaskFeedback.msg
[  2%] Generating Lisp code from pal_behaviour_msgs/PresentationGoal.msg
Scanning dependencies of target pal_behaviour_msgs_generate_messages_py
[  3%] Generating Python from MSG pal_behaviour_msgs/PresentationGoal
[  4%] Generating Lisp code from pal_behaviour_msgs/PresentationActionGoal.msg
[  6%] Generating Python from MSG pal_behaviour_msgs/BehaviourTaskFeedback
[  7%] Generating Lisp code from pal_behaviour_msgs/BehaviourArgument.msg
[  8%] Generating Lisp code from pal_behaviour_msgs/BehaviourTaskActionResult.msg
[  9%] Generating Python from MSG pal_behaviour_msgs/PresentationActionGoal
Scanning dependencies of target pal_behaviour_msgs_generate_messages_nodejs
[ 10%] Generating Javascript code from pal_behaviour_msgs/PresentationGoal.msg
[ 12%] Generating Lisp code from pal_behaviour_msgs/PresentationFeedback.msg
[ 13%] Generating Javascript code from pal_behaviour_msgs/BehaviourTaskFeedback.msg
[ 14%] Generating Python from MSG pal_behaviour_msgs/BehaviourArgument
[ 15%] Generating Lisp code from pal_behaviour_msgs/PresentationActionFeedback.msg
[ 16%] Generating Javascript code from pal_behaviour_msgs/PresentationActionGoal.msg
[ 18%] Generating Lisp code from pal_behaviour_msgs/BehaviourTaskGoal.msg
[ 19%] Generating Javascript code from pal_behaviour_msgs/BehaviourArgument.msg
[ 20%] Generating Python from MSG pal_behaviour_msgs/BehaviourTaskActionResult
[ 21%] Generating Lisp code from pal_behaviour_msgs/BehaviourTaskActionFeedback.msg
[ 22%] Generating Javascript code from pal_behaviour_msgs/BehaviourTaskActionResult.msg
[ 24%] Generating Lisp code from pal_behaviour_msgs/BehaviourTaskResult.msg
[ 25%] Generating Javascript code from pal_behaviour_msgs/PresentationFeedback.msg
[ 26%] Generating Python from MSG pal_behaviour_msgs/PresentationFeedback
[ 27%] Generating Lisp code from pal_behaviour_msgs/BehaviourTaskActionGoal.msg
[ 28%] Generating Lisp code from pal_behaviour_msgs/PresentationActionResult.msg
[ 30%] Generating Javascript code from pal_behaviour_msgs/PresentationActionFeedback.msg
[ 31%] Generating Javascript code from pal_behaviour_msgs/BehaviourTaskGoal.msg
[ 32%] Generating Python from MSG pal_behaviour_msgs/PresentationActionFeedback
[ 33%] Generating Lisp code from pal_behaviour_msgs/PresentationResult.msg
[ 34%] Generating Lisp code from pal_behaviour_msgs/PresentationAction.msg
[ 36%] Generating Javascript code from pal_behaviour_msgs/BehaviourTaskActionFeedback.msg
[ 37%] Generating Python from MSG pal_behaviour_msgs/BehaviourTaskGoal
[ 38%] Generating Lisp code from pal_behaviour_msgs/BehaviourTaskAction.msg
[ 39%] Generating Javascript code from pal_behaviour_msgs/BehaviourTaskResult.msg
[ 40%] Generating Lisp code from pal_behaviour_msgs/BehaviourEvent.srv
[ 42%] Generating Javascript code from pal_behaviour_msgs/BehaviourTaskActionGoal.msg
[ 43%] Generating Python from MSG pal_behaviour_msgs/BehaviourTaskActionFeedback
[ 43%] Built target pal_behaviour_msgs_generate_messages_lisp
[ 44%] Generating Javascript code from pal_behaviour_msgs/PresentationActionResult.msg
[ 45%] Generating Javascript code from pal_behaviour_msgs/PresentationResult.msg
[ 46%] Generating Python from MSG pal_behaviour_msgs/BehaviourTaskResult
[ 48%] Generating Javascript code from pal_behaviour_msgs/PresentationAction.msg
[ 49%] Generating Javascript code from pal_behaviour_msgs/BehaviourTaskAction.msg
[ 50%] Generating Python from MSG pal_behaviour_msgs/BehaviourTaskActionGoal
[ 51%] Generating Python from MSG pal_behaviour_msgs/PresentationActionResult
[ 53%] Generating Javascript code from pal_behaviour_msgs/BehaviourEvent.srv
[ 53%] Built target pal_behaviour_msgs_generate_messages_nodejs
[ 54%] Generating Python from MSG pal_behaviour_msgs/PresentationResult
[ 55%] Generating Python from MSG pal_behaviour_msgs/PresentationAction
[ 56%] Generating Python from MSG pal_behaviour_msgs/BehaviourTaskAction
[ 57%] Generating Python code from SRV pal_behaviour_msgs/BehaviourEvent
[ 59%] Generating Python msg __init__.py for pal_behaviour_msgs
[ 60%] Generating Python srv __init__.py for pal_behaviour_msgs
[ 60%] Built target pal_behaviour_msgs_generate_messages_py
Scanning dependencies of target pal_behaviour_msgs_generate_messages_cpp
[ 61%] Generating C++ code from pal_behaviour_msgs/PresentationGoal.msg
[ 62%] Generating C++ code from pal_behaviour_msgs/BehaviourTaskFeedback.msg
[ 63%] Generating C++ code from pal_behaviour_msgs/PresentationActionGoal.msg
[ 65%] Generating C++ code from pal_behaviour_msgs/BehaviourArgument.msg
[ 66%] Generating C++ code from pal_behaviour_msgs/BehaviourTaskActionResult.msg
[ 67%] Generating C++ code from pal_behaviour_msgs/PresentationFeedback.msg
[ 68%] Generating C++ code from pal_behaviour_msgs/PresentationActionFeedback.msg
[ 69%] Generating C++ code from pal_behaviour_msgs/BehaviourTaskGoal.msg
[ 71%] Generating C++ code from pal_behaviour_msgs/BehaviourTaskActionFeedback.msg
[ 72%] Generating C++ code from pal_behaviour_msgs/BehaviourTaskResult.msg
[ 73%] Generating C++ code from pal_behaviour_msgs/BehaviourTaskActionGoal.msg
[ 74%] Generating C++ code from pal_behaviour_msgs/PresentationActionResult.msg
[ 75%] Generating C++ code from pal_behaviour_msgs/PresentationResult.msg
Scanning dependencies of target pal_behaviour_msgs_generate_messages_eus
[ 77%] Generating EusLisp code from pal_behaviour_msgs/PresentationGoal.msg
[ 78%] Generating EusLisp code from pal_behaviour_msgs/BehaviourTaskFeedback.msg
[ 79%] Generating C++ code from pal_behaviour_msgs/PresentationAction.msg
[ 80%] Generating EusLisp code from pal_behaviour_msgs/PresentationActionGoal.msg
[ 81%] Generating EusLisp code from pal_behaviour_msgs/BehaviourArgument.msg
[ 83%] Generating C++ code from pal_behaviour_msgs/BehaviourTaskAction.msg
[ 84%] Generating EusLisp code from pal_behaviour_msgs/BehaviourTaskActionResult.msg
[ 85%] Generating EusLisp code from pal_behaviour_msgs/PresentationFeedback.msg
[ 86%] Generating C++ code from pal_behaviour_msgs/BehaviourEvent.srv
[ 87%] Generating EusLisp code from pal_behaviour_msgs/PresentationActionFeedback.msg
[ 89%] Generating EusLisp code from pal_behaviour_msgs/BehaviourTaskGoal.msg
[ 90%] Generating EusLisp code from pal_behaviour_msgs/BehaviourTaskActionFeedback.msg
[ 91%] Generating EusLisp code from pal_behaviour_msgs/BehaviourTaskResult.msg
[ 91%] Built target pal_behaviour_msgs_generate_messages_cpp
[ 92%] Generating EusLisp code from pal_behaviour_msgs/BehaviourTaskActionGoal.msg
[ 93%] Generating EusLisp code from pal_behaviour_msgs/PresentationActionResult.msg
[ 95%] Generating EusLisp code from pal_behaviour_msgs/PresentationResult.msg
[ 96%] Generating EusLisp code from pal_behaviour_msgs/PresentationAction.msg
[ 97%] Generating EusLisp code from pal_behaviour_msgs/BehaviourTaskAction.msg
[ 98%] Generating EusLisp code from pal_behaviour_msgs/BehaviourEvent.srv
[100%] Generating EusLisp manifest code for pal_behaviour_msgs
[100%] Built target pal_behaviour_msgs_generate_messages_eus
Scanning dependencies of target pal_behaviour_msgs_generate_messages
[100%] Built target pal_behaviour_msgs_generate_messages
