Not searching for unused variables given on the command line.
-- The C compiler identification is GNU 7.5.0
-- The CXX compiler identification is GNU 7.5.0
-- Check for working C compiler: /usr/bin/cc
-- Check for working C compiler: /usr/bin/cc -- works
-- Detecting C compiler ABI info
-- Detecting C compiler ABI info - done
-- Detecting C compile features
-- Detecting C compile features - done
-- Check for working CXX compiler: /usr/bin/c++
-- Check for working CXX compiler: /usr/bin/c++ -- works
-- Detecting CXX compiler ABI info
-- Detecting CXX compiler ABI info - done
-- Detecting CXX compile features
-- Detecting CXX compile features - done
-- Using CATKIN_DEVEL_PREFIX: /tiago_public_ws/devel/.private/pal_interaction_msgs
-- Using CMAKE_PREFIX_PATH: /tiago_public_ws/devel;/opt/ros/melodic
-- This workspace overlays: /tiago_public_ws/devel;/opt/ros/melodic
-- Found PythonInterp: /usr/bin/python2 (found suitable version "2.7.17", minimum required is "2")
-- Using PYTHON_EXECUTABLE: /usr/bin/python2
-- Using Debian Python package layout
-- Using empy: /usr/bin/empy
-- Using CATKIN_ENABLE_TESTING: 0
-- catkin 0.7.29
-- BUILD_SHARED_LIBS is on
-- Using these message generators: gencpp;geneus;genlisp;gennodejs;genpy
-- Generating .msg files for action pal_interaction_msgs/ASRFile /tiago_public_ws/src/pal_msgs/pal_interaction_msgs/action/ASRFile.action
Generating for action ASRFile
-- Generating .msg files for action pal_interaction_msgs/AudioPlay /tiago_public_ws/src/pal_msgs/pal_interaction_msgs/action/AudioPlay.action
Generating for action AudioPlay
-- Generating .msg files for action pal_interaction_msgs/Sound /tiago_public_ws/src/pal_msgs/pal_interaction_msgs/action/Sound.action
Generating for action Sound
-- Generating .msg files for action pal_interaction_msgs/Tts /tiago_public_ws/src/pal_msgs/pal_interaction_msgs/action/Tts.action
Generating for action Tts
-- pal_interaction_msgs: 52 messages, 3 services
-- Configuring done
-- Generating done
-- Build files have been written to: /tiago_public_ws/build/pal_interaction_msgs
