Scanning dependencies of target _pal_interaction_msgs_generate_messages_check_deps_TtsActionFeedback
[  0%] Built target _pal_interaction_msgs_generate_messages_check_deps_TtsActionFeedback
Scanning dependencies of target _pal_interaction_msgs_generate_messages_check_deps_TtsActionResult
[  0%] Built target _pal_interaction_msgs_generate_messages_check_deps_TtsActionResult
Scanning dependencies of target _pal_interaction_msgs_generate_messages_check_deps_AudioPlayActionGoal
[  0%] Built target _pal_interaction_msgs_generate_messages_check_deps_AudioPlayActionGoal
Scanning dependencies of target _pal_interaction_msgs_generate_messages_check_deps_SoundLocalisationService
[  0%] Built target _pal_interaction_msgs_generate_messages_check_deps_SoundLocalisationService
Scanning dependencies of target _pal_interaction_msgs_generate_messages_check_deps_AudioPlayAction
[  0%] Built target _pal_interaction_msgs_generate_messages_check_deps_AudioPlayAction
Scanning dependencies of target _pal_interaction_msgs_generate_messages_check_deps_recognizerService
[  0%] Built target _pal_interaction_msgs_generate_messages_check_deps_recognizerService
Scanning dependencies of target _pal_interaction_msgs_generate_messages_check_deps_VoiceActivity
[  0%] Built target _pal_interaction_msgs_generate_messages_check_deps_VoiceActivity
Scanning dependencies of target _pal_interaction_msgs_generate_messages_check_deps_ASRFileGoal
[  0%] Built target _pal_interaction_msgs_generate_messages_check_deps_ASRFileGoal
Scanning dependencies of target _pal_interaction_msgs_generate_messages_check_deps_ASRFileResult
Scanning dependencies of target _pal_interaction_msgs_generate_messages_check_deps_EnablingSoundLocalisation
[  0%] Built target _pal_interaction_msgs_generate_messages_check_deps_ASRFileResult
Scanning dependencies of target _pal_interaction_msgs_generate_messages_check_deps_ASRLangModelMngmt
[  0%] Built target _pal_interaction_msgs_generate_messages_check_deps_ASRLangModelMngmt
[  0%] Built target _pal_interaction_msgs_generate_messages_check_deps_EnablingSoundLocalisation
Scanning dependencies of target _pal_interaction_msgs_generate_messages_check_deps_TtsGoal
[  0%] Built target _pal_interaction_msgs_generate_messages_check_deps_TtsGoal
Scanning dependencies of target _pal_interaction_msgs_generate_messages_check_deps_AudioPlayActionFeedback
[  0%] Built target _pal_interaction_msgs_generate_messages_check_deps_AudioPlayActionFeedback
Scanning dependencies of target _pal_interaction_msgs_generate_messages_check_deps_SoundAction
[  0%] Built target _pal_interaction_msgs_generate_messages_check_deps_SoundAction
Scanning dependencies of target std_msgs_generate_messages_cpp
[  0%] Built target std_msgs_generate_messages_cpp
Scanning dependencies of target _pal_interaction_msgs_generate_messages_check_deps_DirectionOfArrival
[  0%] Built target _pal_interaction_msgs_generate_messages_check_deps_DirectionOfArrival
Scanning dependencies of target _pal_interaction_msgs_generate_messages_check_deps_asrresult
[  0%] Built target _pal_interaction_msgs_generate_messages_check_deps_asrresult
Scanning dependencies of target _pal_interaction_msgs_generate_messages_check_deps_I18nText
[  0%] Built target _pal_interaction_msgs_generate_messages_check_deps_I18nText
Scanning dependencies of target actionlib_msgs_generate_messages_cpp
[  0%] Built target actionlib_msgs_generate_messages_cpp
Scanning dependencies of target _pal_interaction_msgs_generate_messages_check_deps_ASRFileAction
[  0%] Built target _pal_interaction_msgs_generate_messages_check_deps_ASRFileAction
Scanning dependencies of target _pal_interaction_msgs_generate_messages_check_deps_TtsMark
[  0%] Built target _pal_interaction_msgs_generate_messages_check_deps_TtsMark
Scanning dependencies of target _pal_interaction_msgs_generate_messages_check_deps_ASRService
[  0%] Built target _pal_interaction_msgs_generate_messages_check_deps_ASRService
Scanning dependencies of target _pal_interaction_msgs_generate_messages_check_deps_SoundActionGoal
[  0%] Built target _pal_interaction_msgs_generate_messages_check_deps_SoundActionGoal
Scanning dependencies of target _pal_interaction_msgs_generate_messages_check_deps_WebGuiEvent
[  0%] Built target _pal_interaction_msgs_generate_messages_check_deps_WebGuiEvent
Scanning dependencies of target _pal_interaction_msgs_generate_messages_check_deps_AudioPlayActionResult
[  0%] Built target _pal_interaction_msgs_generate_messages_check_deps_AudioPlayActionResult
Scanning dependencies of target _pal_interaction_msgs_generate_messages_check_deps_audiosignal
[  0%] Built target _pal_interaction_msgs_generate_messages_check_deps_audiosignal
Scanning dependencies of target _pal_interaction_msgs_generate_messages_check_deps_SoundActionResult
[  0%] Built target _pal_interaction_msgs_generate_messages_check_deps_SoundActionResult
Scanning dependencies of target _pal_interaction_msgs_generate_messages_check_deps_AudioPlayResult
[  0%] Built target _pal_interaction_msgs_generate_messages_check_deps_AudioPlayResult
Scanning dependencies of target _pal_interaction_msgs_generate_messages_check_deps_ASREvent
[  0%] Built target _pal_interaction_msgs_generate_messages_check_deps_ASREvent
Scanning dependencies of target _pal_interaction_msgs_generate_messages_check_deps_I18nArgument
[  0%] Built target _pal_interaction_msgs_generate_messages_check_deps_I18nArgument
Scanning dependencies of target _pal_interaction_msgs_generate_messages_check_deps_AudioPlayerState
[  0%] Built target _pal_interaction_msgs_generate_messages_check_deps_AudioPlayerState
Scanning dependencies of target _pal_interaction_msgs_generate_messages_check_deps_AudioPlayGoal
[  0%] Built target _pal_interaction_msgs_generate_messages_check_deps_AudioPlayGoal
Scanning dependencies of target _pal_interaction_msgs_generate_messages_check_deps_TtsResult
[  0%] Built target _pal_interaction_msgs_generate_messages_check_deps_TtsResult
Scanning dependencies of target _pal_interaction_msgs_generate_messages_check_deps_TTSstate
[  0%] Built target _pal_interaction_msgs_generate_messages_check_deps_TTSstate
Scanning dependencies of target _pal_interaction_msgs_generate_messages_check_deps_AudioDeviceDescription
[  0%] Built target _pal_interaction_msgs_generate_messages_check_deps_AudioDeviceDescription
Scanning dependencies of target _pal_interaction_msgs_generate_messages_check_deps_ASRFileFeedback
[  0%] Built target _pal_interaction_msgs_generate_messages_check_deps_ASRFileFeedback
Scanning dependencies of target _pal_interaction_msgs_generate_messages_check_deps_TtsText
[  0%] Built target _pal_interaction_msgs_generate_messages_check_deps_TtsText
Scanning dependencies of target _pal_interaction_msgs_generate_messages_check_deps_SoundFeedback
[  0%] Built target _pal_interaction_msgs_generate_messages_check_deps_SoundFeedback
Scanning dependencies of target _pal_interaction_msgs_generate_messages_check_deps_ASRSrvResponse
[  0%] Built target _pal_interaction_msgs_generate_messages_check_deps_ASRSrvResponse
Scanning dependencies of target _pal_interaction_msgs_generate_messages_check_deps_ASRFileActionResult
[  0%] Built target _pal_interaction_msgs_generate_messages_check_deps_ASRFileActionResult
Scanning dependencies of target _pal_interaction_msgs_generate_messages_check_deps_ASRLanguage
[  0%] Built target _pal_interaction_msgs_generate_messages_check_deps_ASRLanguage
Scanning dependencies of target _pal_interaction_msgs_generate_messages_check_deps_asrupdate
[  0%] Built target _pal_interaction_msgs_generate_messages_check_deps_asrupdate
Scanning dependencies of target _pal_interaction_msgs_generate_messages_check_deps_TtsFeedback
[  0%] Built target _pal_interaction_msgs_generate_messages_check_deps_TtsFeedback
Scanning dependencies of target _pal_interaction_msgs_generate_messages_check_deps_ASRStatus
[  0%] Built target _pal_interaction_msgs_generate_messages_check_deps_ASRStatus
Scanning dependencies of target _pal_interaction_msgs_generate_messages_check_deps_AudioPlayFeedback
[  0%] Built target _pal_interaction_msgs_generate_messages_check_deps_AudioPlayFeedback
Scanning dependencies of target _pal_interaction_msgs_generate_messages_check_deps_actiontag
[  0%] Built target _pal_interaction_msgs_generate_messages_check_deps_actiontag
Scanning dependencies of target _pal_interaction_msgs_generate_messages_check_deps_TtsAction
Scanning dependencies of target _pal_interaction_msgs_generate_messages_check_deps_InputArgument
[  0%] Built target _pal_interaction_msgs_generate_messages_check_deps_TtsAction
[  0%] Built target _pal_interaction_msgs_generate_messages_check_deps_InputArgument
Scanning dependencies of target _pal_interaction_msgs_generate_messages_check_deps_SoundResult
[  0%] Built target _pal_interaction_msgs_generate_messages_check_deps_SoundResult
Scanning dependencies of target _pal_interaction_msgs_generate_messages_check_deps_ASRActivation
[  0%] Built target _pal_interaction_msgs_generate_messages_check_deps_ASRActivation
Scanning dependencies of target _pal_interaction_msgs_generate_messages_check_deps_Input
[  0%] Built target _pal_interaction_msgs_generate_messages_check_deps_Input
Scanning dependencies of target _pal_interaction_msgs_generate_messages_check_deps_SoundActionFeedback
[  0%] Built target _pal_interaction_msgs_generate_messages_check_deps_SoundActionFeedback
Scanning dependencies of target _pal_interaction_msgs_generate_messages_check_deps_TtsActionGoal
[  0%] Built target _pal_interaction_msgs_generate_messages_check_deps_TtsActionGoal
Scanning dependencies of target _pal_interaction_msgs_generate_messages_check_deps_SoundGoal
[  0%] Built target _pal_interaction_msgs_generate_messages_check_deps_SoundGoal
Scanning dependencies of target _pal_interaction_msgs_generate_messages_check_deps_ASRFileActionFeedback
[  0%] Built target _pal_interaction_msgs_generate_messages_check_deps_ASRFileActionFeedback
Scanning dependencies of target _pal_interaction_msgs_generate_messages_check_deps_ASRSrvRequest
[  0%] Built target _pal_interaction_msgs_generate_messages_check_deps_ASRSrvRequest
Scanning dependencies of target _pal_interaction_msgs_generate_messages_check_deps_ASRFileActionGoal
[  0%] Built target _pal_interaction_msgs_generate_messages_check_deps_ASRFileActionGoal
Scanning dependencies of target std_msgs_generate_messages_nodejs
[  0%] Built target std_msgs_generate_messages_nodejs
Scanning dependencies of target actionlib_msgs_generate_messages_nodejs
[  0%] Built target actionlib_msgs_generate_messages_nodejs
Scanning dependencies of target actionlib_msgs_generate_messages_lisp
[  0%] Built target actionlib_msgs_generate_messages_lisp
Scanning dependencies of target std_msgs_generate_messages_lisp
[  0%] Built target std_msgs_generate_messages_lisp
Scanning dependencies of target std_msgs_generate_messages_py
[  0%] Built target std_msgs_generate_messages_py
Scanning dependencies of target actionlib_msgs_generate_messages_py
[  0%] Built target actionlib_msgs_generate_messages_py
Scanning dependencies of target actionlib_msgs_generate_messages_eus
[  0%] Built target actionlib_msgs_generate_messages_eus
Scanning dependencies of target std_msgs_generate_messages_eus
[  0%] Built target std_msgs_generate_messages_eus
Scanning dependencies of target pal_interaction_msgs_generate_messages_cpp
[  0%] Generating C++ code from pal_interaction_msgs/DirectionOfArrival.msg
[  0%] Generating C++ code from pal_interaction_msgs/Input.msg
[  1%] Generating C++ code from pal_interaction_msgs/ASRSrvRequest.msg
[  1%] Generating C++ code from pal_interaction_msgs/SoundResult.msg
[  1%] Generating C++ code from pal_interaction_msgs/TtsActionResult.msg
[  2%] Generating C++ code from pal_interaction_msgs/TtsAction.msg
[  2%] Generating C++ code from pal_interaction_msgs/AudioPlayAction.msg
[  2%] Generating C++ code from pal_interaction_msgs/VoiceActivity.msg
[  3%] Generating C++ code from pal_interaction_msgs/ASRActivation.msg
[  3%] Generating C++ code from pal_interaction_msgs/I18nText.msg
[  3%] Generating C++ code from pal_interaction_msgs/SoundActionGoal.msg
[  4%] Generating C++ code from pal_interaction_msgs/AudioPlayActionResult.msg
[  4%] Generating C++ code from pal_interaction_msgs/ASRFileAction.msg
[  5%] Generating C++ code from pal_interaction_msgs/TtsText.msg
[  5%] Generating C++ code from pal_interaction_msgs/ASRFileActionFeedback.msg
Scanning dependencies of target pal_interaction_msgs_generate_messages_nodejs
[  5%] Generating C++ code from pal_interaction_msgs/AudioPlayResult.msg
[  6%] Generating Javascript code from pal_interaction_msgs/DirectionOfArrival.msg
[  7%] Generating C++ code from pal_interaction_msgs/ASRLangModelMngmt.msg
[  7%] Generating Javascript code from pal_interaction_msgs/Input.msg
[  7%] Generating Javascript code from pal_interaction_msgs/ASRSrvRequest.msg
[  8%] Generating Javascript code from pal_interaction_msgs/SoundResult.msg
[  8%] Generating C++ code from pal_interaction_msgs/TtsGoal.msg
[  8%] Generating Javascript code from pal_interaction_msgs/TtsActionResult.msg
[  8%] Generating Javascript code from pal_interaction_msgs/TtsAction.msg
[  8%] Generating C++ code from pal_interaction_msgs/SoundActionFeedback.msg
[  9%] Generating Javascript code from pal_interaction_msgs/VoiceActivity.msg
[  9%] Generating Javascript code from pal_interaction_msgs/AudioPlayAction.msg
[  9%] Generating Javascript code from pal_interaction_msgs/ASRActivation.msg
[ 10%] Generating Javascript code from pal_interaction_msgs/I18nText.msg
[ 10%] Generating Javascript code from pal_interaction_msgs/SoundActionGoal.msg
[ 11%] Generating C++ code from pal_interaction_msgs/AudioPlayActionGoal.msg
Scanning dependencies of target pal_interaction_msgs_generate_messages_py
Scanning dependencies of target pal_interaction_msgs_generate_messages_lisp
[ 12%] Generating Javascript code from pal_interaction_msgs/AudioPlayActionResult.msg
[ 12%] Generating Python from MSG pal_interaction_msgs/DirectionOfArrival
[ 13%] Generating Lisp code from pal_interaction_msgs/DirectionOfArrival.msg
[ 13%] Generating Javascript code from pal_interaction_msgs/ASRFileAction.msg
[ 14%] Generating Python from MSG pal_interaction_msgs/Input
[ 14%] Generating Lisp code from pal_interaction_msgs/Input.msg
[ 14%] Generating C++ code from pal_interaction_msgs/TtsActionGoal.msg
[ 14%] Generating Javascript code from pal_interaction_msgs/TtsText.msg
[ 15%] Generating Lisp code from pal_interaction_msgs/ASRSrvRequest.msg
[ 15%] Generating Lisp code from pal_interaction_msgs/SoundResult.msg
[ 16%] Generating Javascript code from pal_interaction_msgs/ASRFileActionFeedback.msg
[ 16%] Generating Javascript code from pal_interaction_msgs/AudioPlayResult.msg
[ 16%] Generating Python from MSG pal_interaction_msgs/ASRSrvRequest
[ 16%] Generating Lisp code from pal_interaction_msgs/TtsActionResult.msg
[ 16%] Generating Javascript code from pal_interaction_msgs/ASRLangModelMngmt.msg
[ 17%] Generating Lisp code from pal_interaction_msgs/TtsAction.msg
[ 18%] Generating Javascript code from pal_interaction_msgs/TtsGoal.msg
[ 18%] Generating Python from MSG pal_interaction_msgs/SoundResult
[ 18%] Generating Lisp code from pal_interaction_msgs/VoiceActivity.msg
[ 18%] Generating C++ code from pal_interaction_msgs/audiosignal.msg
[ 18%] Generating Javascript code from pal_interaction_msgs/SoundActionFeedback.msg
[ 18%] Generating Lisp code from pal_interaction_msgs/AudioPlayAction.msg
[ 18%] Generating Javascript code from pal_interaction_msgs/AudioPlayActionGoal.msg
[ 19%] Generating Python from MSG pal_interaction_msgs/TtsActionResult
[ 20%] Generating Lisp code from pal_interaction_msgs/ASRActivation.msg
[ 20%] Generating Python from MSG pal_interaction_msgs/TtsAction
[ 21%] Generating Javascript code from pal_interaction_msgs/TtsActionGoal.msg
[ 21%] Generating Lisp code from pal_interaction_msgs/I18nText.msg
[ 22%] Generating C++ code from pal_interaction_msgs/SoundActionResult.msg
[ 22%] Generating Javascript code from pal_interaction_msgs/audiosignal.msg
[ 22%] Generating Lisp code from pal_interaction_msgs/SoundActionGoal.msg
[ 23%] Generating Lisp code from pal_interaction_msgs/AudioPlayActionResult.msg
[ 24%] Generating Python from MSG pal_interaction_msgs/VoiceActivity
[ 24%] Generating Javascript code from pal_interaction_msgs/SoundActionResult.msg
[ 24%] Generating Lisp code from pal_interaction_msgs/ASRFileAction.msg
[ 24%] Generating C++ code from pal_interaction_msgs/I18nArgument.msg
[ 24%] Generating Python from MSG pal_interaction_msgs/AudioPlayAction
[ 25%] Generating Javascript code from pal_interaction_msgs/I18nArgument.msg
[ 25%] Generating Lisp code from pal_interaction_msgs/TtsText.msg
[ 25%] Generating Javascript code from pal_interaction_msgs/TtsMark.msg
[ 26%] Generating Lisp code from pal_interaction_msgs/ASRFileActionFeedback.msg
[ 27%] Generating Javascript code from pal_interaction_msgs/ASRFileActionResult.msg
[ 27%] Generating Python from MSG pal_interaction_msgs/ASRActivation
[ 27%] Generating Lisp code from pal_interaction_msgs/AudioPlayResult.msg
[ 27%] Generating C++ code from pal_interaction_msgs/TtsMark.msg
[ 27%] Generating Javascript code from pal_interaction_msgs/AudioPlayerState.msg
[ 27%] Generating Javascript code from pal_interaction_msgs/AudioPlayGoal.msg
[ 28%] Generating Lisp code from pal_interaction_msgs/ASRLangModelMngmt.msg
[ 29%] Generating Javascript code from pal_interaction_msgs/InputArgument.msg
[ 30%] Generating Python from MSG pal_interaction_msgs/I18nText
[ 30%] Generating Lisp code from pal_interaction_msgs/TtsGoal.msg
[ 30%] Generating Javascript code from pal_interaction_msgs/TtsResult.msg
[ 31%] Generating C++ code from pal_interaction_msgs/ASRFileActionResult.msg
[ 31%] Generating Lisp code from pal_interaction_msgs/SoundActionFeedback.msg
[ 31%] Generating Javascript code from pal_interaction_msgs/TTSstate.msg
[ 31%] Generating Python from MSG pal_interaction_msgs/SoundActionGoal
[ 31%] Generating Python from MSG pal_interaction_msgs/AudioPlayActionResult
[ 32%] Generating Lisp code from pal_interaction_msgs/AudioPlayActionGoal.msg
[ 33%] Generating Javascript code from pal_interaction_msgs/AudioDeviceDescription.msg
[ 34%] Generating Python from MSG pal_interaction_msgs/ASRFileAction
[ 34%] Generating Lisp code from pal_interaction_msgs/TtsActionGoal.msg
[ 34%] Generating Javascript code from pal_interaction_msgs/ASRFileGoal.msg
[ 34%] Generating Python from MSG pal_interaction_msgs/TtsText
[ 34%] Generating Lisp code from pal_interaction_msgs/audiosignal.msg
[ 34%] Generating C++ code from pal_interaction_msgs/AudioPlayerState.msg
[ 34%] Generating Javascript code from pal_interaction_msgs/ASRFileFeedback.msg
[ 34%] Generating Python from MSG pal_interaction_msgs/ASRFileActionFeedback
[ 35%] Generating Lisp code from pal_interaction_msgs/SoundActionResult.msg
[ 36%] Generating Javascript code from pal_interaction_msgs/asrresult.msg
[ 37%] Generating Python from MSG pal_interaction_msgs/AudioPlayResult
[ 37%] Generating Lisp code from pal_interaction_msgs/I18nArgument.msg
[ 37%] Generating Javascript code from pal_interaction_msgs/SoundFeedback.msg
[ 38%] Generating C++ code from pal_interaction_msgs/AudioPlayGoal.msg
[ 38%] Generating Python from MSG pal_interaction_msgs/ASRLangModelMngmt
[ 38%] Generating Lisp code from pal_interaction_msgs/TtsMark.msg
[ 39%] Generating Javascript code from pal_interaction_msgs/AudioPlayActionFeedback.msg
[ 39%] Generating Python from MSG pal_interaction_msgs/TtsGoal
[ 40%] Generating Lisp code from pal_interaction_msgs/ASRFileActionResult.msg
[ 40%] Generating Javascript code from pal_interaction_msgs/TtsActionFeedback.msg
[ 41%] Generating Python from MSG pal_interaction_msgs/SoundActionFeedback
[ 41%] Generating Javascript code from pal_interaction_msgs/ASRSrvResponse.msg
[ 41%] Generating Python from MSG pal_interaction_msgs/AudioPlayActionGoal
[ 41%] Generating C++ code from pal_interaction_msgs/InputArgument.msg
[ 41%] Generating Lisp code from pal_interaction_msgs/AudioPlayerState.msg
[ 42%] Generating Javascript code from pal_interaction_msgs/ASRLanguage.msg
[ 43%] Generating Python from MSG pal_interaction_msgs/TtsActionGoal
[ 44%] Generating Lisp code from pal_interaction_msgs/AudioPlayGoal.msg
[ 44%] Generating Javascript code from pal_interaction_msgs/ASREvent.msg
[ 44%] Generating C++ code from pal_interaction_msgs/TtsResult.msg
[ 44%] Generating Javascript code from pal_interaction_msgs/ASRFileActionGoal.msg
[ 44%] Generating Lisp code from pal_interaction_msgs/InputArgument.msg
[ 44%] Generating Python from MSG pal_interaction_msgs/audiosignal
[ 44%] Generating Lisp code from pal_interaction_msgs/TtsResult.msg
[ 45%] Generating Javascript code from pal_interaction_msgs/AudioPlayFeedback.msg
[ 45%] Generating Javascript code from pal_interaction_msgs/ASRFileResult.msg
[ 46%] Generating Lisp code from pal_interaction_msgs/TTSstate.msg
[ 46%] Generating Javascript code from pal_interaction_msgs/TtsFeedback.msg
[ 46%] Generating Lisp code from pal_interaction_msgs/AudioDeviceDescription.msg
[ 46%] Generating Python from MSG pal_interaction_msgs/SoundActionResult
[ 47%] Generating Javascript code from pal_interaction_msgs/ASRStatus.msg
[ 47%] Generating Javascript code from pal_interaction_msgs/SoundAction.msg
[ 48%] Generating C++ code from pal_interaction_msgs/TTSstate.msg
[ 48%] Generating Lisp code from pal_interaction_msgs/ASRFileGoal.msg
[ 48%] Generating Javascript code from pal_interaction_msgs/EnablingSoundLocalisation.msg
[ 49%] Generating Python from MSG pal_interaction_msgs/I18nArgument
[ 50%] Generating Lisp code from pal_interaction_msgs/ASRFileFeedback.msg
[ 51%] Generating Javascript code from pal_interaction_msgs/SoundGoal.msg
[ 51%] Generating Python from MSG pal_interaction_msgs/ASRFileActionResult
[ 51%] Generating Python from MSG pal_interaction_msgs/TtsMark
[ 51%] Generating Lisp code from pal_interaction_msgs/asrresult.msg
[ 51%] Generating Javascript code from pal_interaction_msgs/WebGuiEvent.msg
[ 51%] Generating C++ code from pal_interaction_msgs/AudioDeviceDescription.msg
[ 51%] Generating Lisp code from pal_interaction_msgs/SoundFeedback.msg
[ 52%] Generating Javascript code from pal_interaction_msgs/asrupdate.msg
[ 53%] Generating Python from MSG pal_interaction_msgs/AudioPlayerState
[ 53%] Generating Python from MSG pal_interaction_msgs/AudioPlayGoal
[ 54%] Generating Lisp code from pal_interaction_msgs/AudioPlayActionFeedback.msg
[ 54%] Generating Javascript code from pal_interaction_msgs/actiontag.msg
[ 54%] Generating Javascript code from pal_interaction_msgs/ASRService.srv
[ 55%] Generating Javascript code from pal_interaction_msgs/SoundLocalisationService.srv
[ 55%] Generating Lisp code from pal_interaction_msgs/TtsActionFeedback.msg
[ 55%] Generating C++ code from pal_interaction_msgs/ASRFileGoal.msg
[ 55%] Generating Python from MSG pal_interaction_msgs/InputArgument
[ 56%] Generating Python from MSG pal_interaction_msgs/TtsResult
[ 56%] Generating Javascript code from pal_interaction_msgs/recognizerService.srv
[ 56%] Generating Lisp code from pal_interaction_msgs/ASRSrvResponse.msg
[ 56%] Built target pal_interaction_msgs_generate_messages_nodejs
[ 56%] Generating Python from MSG pal_interaction_msgs/TTSstate
[ 57%] Generating Lisp code from pal_interaction_msgs/ASRLanguage.msg
[ 57%] Generating Lisp code from pal_interaction_msgs/ASREvent.msg
Scanning dependencies of target pal_interaction_msgs_generate_messages_eus
[ 58%] Generating C++ code from pal_interaction_msgs/ASRFileFeedback.msg
[ 59%] Generating EusLisp code from pal_interaction_msgs/DirectionOfArrival.msg
[ 60%] Generating Lisp code from pal_interaction_msgs/ASRFileActionGoal.msg
[ 61%] Generating Python from MSG pal_interaction_msgs/AudioDeviceDescription
[ 61%] Generating EusLisp code from pal_interaction_msgs/Input.msg
[ 61%] Generating Lisp code from pal_interaction_msgs/AudioPlayFeedback.msg
[ 61%] Generating Python from MSG pal_interaction_msgs/ASRFileGoal
[ 61%] Generating Lisp code from pal_interaction_msgs/ASRFileResult.msg
[ 61%] Generating C++ code from pal_interaction_msgs/asrresult.msg
[ 61%] Generating EusLisp code from pal_interaction_msgs/ASRSrvRequest.msg
[ 61%] Generating Python from MSG pal_interaction_msgs/ASRFileFeedback
[ 62%] Generating Lisp code from pal_interaction_msgs/TtsFeedback.msg
[ 63%] Generating EusLisp code from pal_interaction_msgs/SoundResult.msg
[ 63%] Generating Lisp code from pal_interaction_msgs/ASRStatus.msg
[ 64%] Generating Python from MSG pal_interaction_msgs/asrresult
[ 64%] Generating EusLisp code from pal_interaction_msgs/TtsActionResult.msg
[ 64%] Generating C++ code from pal_interaction_msgs/SoundFeedback.msg
[ 64%] Generating Lisp code from pal_interaction_msgs/SoundAction.msg
[ 64%] Generating EusLisp code from pal_interaction_msgs/TtsAction.msg
[ 64%] Generating Python from MSG pal_interaction_msgs/SoundFeedback
[ 65%] Generating Lisp code from pal_interaction_msgs/EnablingSoundLocalisation.msg
[ 66%] Generating EusLisp code from pal_interaction_msgs/VoiceActivity.msg
[ 66%] Generating Python from MSG pal_interaction_msgs/AudioPlayActionFeedback
[ 66%] Generating Lisp code from pal_interaction_msgs/SoundGoal.msg
[ 67%] Generating C++ code from pal_interaction_msgs/AudioPlayActionFeedback.msg
[ 67%] Generating EusLisp code from pal_interaction_msgs/AudioPlayAction.msg
[ 67%] Generating Lisp code from pal_interaction_msgs/WebGuiEvent.msg
[ 68%] Generating Python from MSG pal_interaction_msgs/TtsActionFeedback
[ 69%] Generating Lisp code from pal_interaction_msgs/asrupdate.msg
[ 70%] Generating EusLisp code from pal_interaction_msgs/ASRActivation.msg
[ 70%] Generating Lisp code from pal_interaction_msgs/actiontag.msg
[ 70%] Generating Lisp code from pal_interaction_msgs/ASRService.srv
[ 70%] Generating Python from MSG pal_interaction_msgs/ASRSrvResponse
[ 70%] Generating C++ code from pal_interaction_msgs/TtsActionFeedback.msg
[ 70%] Generating EusLisp code from pal_interaction_msgs/I18nText.msg
[ 71%] Generating Lisp code from pal_interaction_msgs/SoundLocalisationService.srv
[ 71%] Generating Lisp code from pal_interaction_msgs/recognizerService.srv
[ 71%] Generating EusLisp code from pal_interaction_msgs/SoundActionGoal.msg
[ 71%] Generating Python from MSG pal_interaction_msgs/ASRLanguage
[ 72%] Generating EusLisp code from pal_interaction_msgs/AudioPlayActionResult.msg
[ 72%] Built target pal_interaction_msgs_generate_messages_lisp
[ 73%] Generating C++ code from pal_interaction_msgs/ASRSrvResponse.msg
[ 73%] Generating C++ code from pal_interaction_msgs/ASRLanguage.msg
[ 73%] Generating EusLisp code from pal_interaction_msgs/ASRFileAction.msg
[ 74%] Generating Python from MSG pal_interaction_msgs/ASREvent
[ 74%] Generating EusLisp code from pal_interaction_msgs/TtsText.msg
[ 74%] Generating C++ code from pal_interaction_msgs/ASREvent.msg
[ 74%] Generating Python from MSG pal_interaction_msgs/ASRFileActionGoal
[ 75%] Generating EusLisp code from pal_interaction_msgs/ASRFileActionFeedback.msg
[ 75%] Generating Python from MSG pal_interaction_msgs/AudioPlayFeedback
[ 75%] Generating EusLisp code from pal_interaction_msgs/AudioPlayResult.msg
[ 75%] Generating Python from MSG pal_interaction_msgs/TtsFeedback
[ 76%] Generating Python from MSG pal_interaction_msgs/ASRFileResult
[ 77%] Generating C++ code from pal_interaction_msgs/ASRFileActionGoal.msg
[ 77%] Generating EusLisp code from pal_interaction_msgs/ASRLangModelMngmt.msg
[ 78%] Generating Python from MSG pal_interaction_msgs/ASRStatus
[ 79%] Generating EusLisp code from pal_interaction_msgs/TtsGoal.msg
[ 79%] Generating C++ code from pal_interaction_msgs/AudioPlayFeedback.msg
[ 79%] Generating C++ code from pal_interaction_msgs/ASRFileResult.msg
[ 79%] Generating Python from MSG pal_interaction_msgs/SoundAction
[ 79%] Generating EusLisp code from pal_interaction_msgs/SoundActionFeedback.msg
[ 79%] Generating Python from MSG pal_interaction_msgs/EnablingSoundLocalisation
[ 79%] Generating EusLisp code from pal_interaction_msgs/AudioPlayActionGoal.msg
[ 80%] Generating C++ code from pal_interaction_msgs/TtsFeedback.msg
[ 81%] Generating Python from MSG pal_interaction_msgs/SoundGoal
[ 82%] Generating EusLisp code from pal_interaction_msgs/TtsActionGoal.msg
[ 82%] Generating Python from MSG pal_interaction_msgs/WebGuiEvent
[ 82%] Generating EusLisp code from pal_interaction_msgs/audiosignal.msg
[ 82%] Generating C++ code from pal_interaction_msgs/ASRStatus.msg
[ 82%] Generating Python from MSG pal_interaction_msgs/asrupdate
[ 83%] Generating EusLisp code from pal_interaction_msgs/SoundActionResult.msg
[ 83%] Generating Python code from SRV pal_interaction_msgs/ASRService
[ 84%] Generating Python from MSG pal_interaction_msgs/actiontag
[ 84%] Generating EusLisp code from pal_interaction_msgs/I18nArgument.msg
[ 84%] Generating C++ code from pal_interaction_msgs/SoundAction.msg
[ 84%] Generating Python code from SRV pal_interaction_msgs/SoundLocalisationService
[ 85%] Generating Python code from SRV pal_interaction_msgs/recognizerService
[ 85%] Generating EusLisp code from pal_interaction_msgs/TtsMark.msg
[ 86%] Generating EusLisp code from pal_interaction_msgs/ASRFileActionResult.msg
[ 87%] Generating C++ code from pal_interaction_msgs/EnablingSoundLocalisation.msg
[ 87%] Generating Python msg __init__.py for pal_interaction_msgs
[ 87%] Generating C++ code from pal_interaction_msgs/SoundGoal.msg
[ 87%] Generating EusLisp code from pal_interaction_msgs/AudioPlayerState.msg
[ 88%] Generating Python srv __init__.py for pal_interaction_msgs
[ 88%] Generating C++ code from pal_interaction_msgs/WebGuiEvent.msg
[ 88%] Generating EusLisp code from pal_interaction_msgs/AudioPlayGoal.msg
[ 89%] Generating C++ code from pal_interaction_msgs/asrupdate.msg
[ 89%] Generating C++ code from pal_interaction_msgs/actiontag.msg
[ 89%] Built target pal_interaction_msgs_generate_messages_py
[ 90%] Generating EusLisp code from pal_interaction_msgs/InputArgument.msg
[ 91%] Generating C++ code from pal_interaction_msgs/ASRService.srv
[ 91%] Generating C++ code from pal_interaction_msgs/recognizerService.srv
[ 91%] Generating C++ code from pal_interaction_msgs/SoundLocalisationService.srv
[ 91%] Generating EusLisp code from pal_interaction_msgs/TtsResult.msg
[ 91%] Generating EusLisp code from pal_interaction_msgs/TTSstate.msg
[ 91%] Generating EusLisp code from pal_interaction_msgs/ASRFileGoal.msg
[ 92%] Generating EusLisp code from pal_interaction_msgs/AudioDeviceDescription.msg
[ 93%] Generating EusLisp code from pal_interaction_msgs/ASRFileFeedback.msg
[ 93%] Generating EusLisp code from pal_interaction_msgs/asrresult.msg
[ 93%] Generating EusLisp code from pal_interaction_msgs/SoundFeedback.msg
[ 94%] Generating EusLisp code from pal_interaction_msgs/AudioPlayActionFeedback.msg
[ 94%] Generating EusLisp code from pal_interaction_msgs/TtsActionFeedback.msg
[ 94%] Generating EusLisp code from pal_interaction_msgs/ASRSrvResponse.msg
[ 95%] Generating EusLisp code from pal_interaction_msgs/ASRLanguage.msg
[ 95%] Generating EusLisp code from pal_interaction_msgs/ASREvent.msg
[ 95%] Generating EusLisp code from pal_interaction_msgs/ASRFileActionGoal.msg
[ 96%] Generating EusLisp code from pal_interaction_msgs/AudioPlayFeedback.msg
[ 96%] Generating EusLisp code from pal_interaction_msgs/ASRFileResult.msg
[ 96%] Built target pal_interaction_msgs_generate_messages_cpp
[ 96%] Generating EusLisp code from pal_interaction_msgs/TtsFeedback.msg
[ 97%] Generating EusLisp code from pal_interaction_msgs/ASRStatus.msg
[ 98%] Generating EusLisp code from pal_interaction_msgs/EnablingSoundLocalisation.msg
[ 98%] Generating EusLisp code from pal_interaction_msgs/SoundAction.msg
[ 98%] Generating EusLisp code from pal_interaction_msgs/SoundGoal.msg
[ 98%] Generating EusLisp code from pal_interaction_msgs/WebGuiEvent.msg
[ 99%] Generating EusLisp code from pal_interaction_msgs/asrupdate.msg
[ 99%] Generating EusLisp code from pal_interaction_msgs/ASRService.srv
[ 99%] Generating EusLisp code from pal_interaction_msgs/actiontag.msg
[100%] Generating EusLisp code from pal_interaction_msgs/SoundLocalisationService.srv
[100%] Generating EusLisp code from pal_interaction_msgs/recognizerService.srv
[100%] Generating EusLisp manifest code for pal_interaction_msgs
[100%] Built target pal_interaction_msgs_generate_messages_eus
Scanning dependencies of target pal_interaction_msgs_generate_messages
[100%] Built target pal_interaction_msgs_generate_messages
