Scanning dependencies of target _pal_vision_msgs_generate_messages_check_deps_HeadPanTilt
[  0%] Built target _pal_vision_msgs_generate_messages_check_deps_HeadPanTilt
Scanning dependencies of target _pal_vision_msgs_generate_messages_check_deps_HogDetection
[  0%] Built target _pal_vision_msgs_generate_messages_check_deps_HogDetection
Scanning dependencies of target _pal_vision_msgs_generate_messages_check_deps_FaceDetections
[  0%] Built target _pal_vision_msgs_generate_messages_check_deps_FaceDetections
Scanning dependencies of target _pal_vision_msgs_generate_messages_check_deps_FollowMeStart
[  0%] Built target _pal_vision_msgs_generate_messages_check_deps_FollowMeStart
Scanning dependencies of target _pal_vision_msgs_generate_messages_check_deps_FaceRecognitionActionFeedback
[  0%] Built target _pal_vision_msgs_generate_messages_check_deps_FaceRecognitionActionFeedback
Scanning dependencies of target _pal_vision_msgs_generate_messages_check_deps_Rectangle
[  0%] Built target _pal_vision_msgs_generate_messages_check_deps_Rectangle
Scanning dependencies of target _pal_vision_msgs_generate_messages_check_deps_FaceTrackingStop
[  0%] Built target _pal_vision_msgs_generate_messages_check_deps_FaceTrackingStop
Scanning dependencies of target _pal_vision_msgs_generate_messages_check_deps_LookToPixel
[  0%] Built target _pal_vision_msgs_generate_messages_check_deps_LookToPixel
Scanning dependencies of target _pal_vision_msgs_generate_messages_check_deps_FaceRecognitionResult
[  0%] Built target _pal_vision_msgs_generate_messages_check_deps_FaceRecognitionResult
Scanning dependencies of target _pal_vision_msgs_generate_messages_check_deps_FaceRecognitionGoal
[  0%] Built target _pal_vision_msgs_generate_messages_check_deps_FaceRecognitionGoal
Scanning dependencies of target _pal_vision_msgs_generate_messages_check_deps_DetectedObject
[  0%] Built target _pal_vision_msgs_generate_messages_check_deps_DetectedObject
Scanning dependencies of target _pal_vision_msgs_generate_messages_check_deps_FaceRecognitionActionResult
[  0%] Built target _pal_vision_msgs_generate_messages_check_deps_FaceRecognitionActionResult
Scanning dependencies of target sensor_msgs_generate_messages_nodejs
[  0%] Built target sensor_msgs_generate_messages_nodejs
Scanning dependencies of target actionlib_msgs_generate_messages_nodejs
[  0%] Built target actionlib_msgs_generate_messages_nodejs
Scanning dependencies of target _pal_vision_msgs_generate_messages_check_deps_Gesture
[  0%] Built target _pal_vision_msgs_generate_messages_check_deps_Gesture
Scanning dependencies of target _pal_vision_msgs_generate_messages_check_deps_FaceRecognitionFeedback
[  0%] Built target _pal_vision_msgs_generate_messages_check_deps_FaceRecognitionFeedback
Scanning dependencies of target _pal_vision_msgs_generate_messages_check_deps_DetectedPerson
[  0%] Built target _pal_vision_msgs_generate_messages_check_deps_DetectedPerson
Scanning dependencies of target _pal_vision_msgs_generate_messages_check_deps_FaceRecognitionAction
[  0%] Built target _pal_vision_msgs_generate_messages_check_deps_FaceRecognitionAction
Scanning dependencies of target _pal_vision_msgs_generate_messages_check_deps_FaceTrackingStart
[  0%] Built target _pal_vision_msgs_generate_messages_check_deps_FaceTrackingStart
Scanning dependencies of target _pal_vision_msgs_generate_messages_check_deps_FollowMeResponse
[  0%] Built target _pal_vision_msgs_generate_messages_check_deps_FollowMeResponse
Scanning dependencies of target _pal_vision_msgs_generate_messages_check_deps_FaceRecognitionActionGoal
[  0%] Built target _pal_vision_msgs_generate_messages_check_deps_FaceRecognitionActionGoal
Scanning dependencies of target _pal_vision_msgs_generate_messages_check_deps_FaceDetection
[  0%] Built target _pal_vision_msgs_generate_messages_check_deps_FaceDetection
Scanning dependencies of target _pal_vision_msgs_generate_messages_check_deps_HogDetections
Scanning dependencies of target _pal_vision_msgs_generate_messages_check_deps_FollowMeStop
[  0%] Built target _pal_vision_msgs_generate_messages_check_deps_HogDetections
Scanning dependencies of target _pal_vision_msgs_generate_messages_check_deps_LegDetections
[  0%] Built target _pal_vision_msgs_generate_messages_check_deps_FollowMeStop
Scanning dependencies of target geometry_msgs_generate_messages_nodejs
[  0%] Built target geometry_msgs_generate_messages_nodejs
[  0%] Built target _pal_vision_msgs_generate_messages_check_deps_LegDetections
Scanning dependencies of target sensor_msgs_generate_messages_lisp
Scanning dependencies of target actionlib_msgs_generate_messages_lisp
[  0%] Built target sensor_msgs_generate_messages_lisp
[  0%] Built target actionlib_msgs_generate_messages_lisp
Scanning dependencies of target geometry_msgs_generate_messages_lisp
Scanning dependencies of target geometry_msgs_generate_messages_eus
[  0%] Built target geometry_msgs_generate_messages_lisp
Scanning dependencies of target sensor_msgs_generate_messages_eus
[  0%] Built target geometry_msgs_generate_messages_eus
[  0%] Built target sensor_msgs_generate_messages_eus
Scanning dependencies of target actionlib_msgs_generate_messages_eus
Scanning dependencies of target geometry_msgs_generate_messages_cpp
[  0%] Built target actionlib_msgs_generate_messages_eus
Scanning dependencies of target actionlib_msgs_generate_messages_cpp
Scanning dependencies of target sensor_msgs_generate_messages_cpp
[  0%] Built target geometry_msgs_generate_messages_cpp
[  0%] Built target actionlib_msgs_generate_messages_cpp
[  0%] Built target sensor_msgs_generate_messages_cpp
Scanning dependencies of target actionlib_msgs_generate_messages_py
Scanning dependencies of target geometry_msgs_generate_messages_py
[  0%] Built target actionlib_msgs_generate_messages_py
Scanning dependencies of target sensor_msgs_generate_messages_py
[  0%] Built target geometry_msgs_generate_messages_py
Scanning dependencies of target pal_vision_msgs_generate_messages_nodejs
[  0%] Built target sensor_msgs_generate_messages_py
[  1%] Generating Javascript code from pal_vision_msgs/FaceDetection.msg
Scanning dependencies of target pal_vision_msgs_generate_messages_lisp
Scanning dependencies of target pal_vision_msgs_generate_messages_eus
[  2%] Generating Lisp code from pal_vision_msgs/FaceDetection.msg
[  3%] Generating EusLisp code from pal_vision_msgs/FaceDetection.msg
[  4%] Generating EusLisp code from pal_vision_msgs/Rectangle.msg
[  5%] Generating Javascript code from pal_vision_msgs/Rectangle.msg
[  6%] Generating Lisp code from pal_vision_msgs/Rectangle.msg
[  7%] Generating Lisp code from pal_vision_msgs/FaceRecognitionActionResult.msg
[  8%] Generating EusLisp code from pal_vision_msgs/FaceRecognitionActionResult.msg
[  8%] Generating Javascript code from pal_vision_msgs/FaceRecognitionActionResult.msg
[  9%] Generating Lisp code from pal_vision_msgs/FaceRecognitionResult.msg
[ 10%] Generating Lisp code from pal_vision_msgs/HeadPanTilt.msg
[ 11%] Generating Javascript code from pal_vision_msgs/HeadPanTilt.msg
[ 11%] Generating EusLisp code from pal_vision_msgs/HeadPanTilt.msg
[ 11%] Generating Lisp code from pal_vision_msgs/HogDetection.msg
[ 12%] Generating Lisp code from pal_vision_msgs/FaceRecognitionAction.msg
[ 13%] Generating Javascript code from pal_vision_msgs/FaceRecognitionResult.msg
[ 14%] Generating Javascript code from pal_vision_msgs/HogDetection.msg
[ 15%] Generating EusLisp code from pal_vision_msgs/FaceRecognitionResult.msg
[ 16%] Generating Lisp code from pal_vision_msgs/FollowMeResponse.msg
[ 17%] Generating Javascript code from pal_vision_msgs/FaceRecognitionAction.msg
[ 18%] Generating EusLisp code from pal_vision_msgs/HogDetection.msg
[ 19%] Generating Lisp code from pal_vision_msgs/HogDetections.msg
Scanning dependencies of target pal_vision_msgs_generate_messages_cpp
[ 19%] Generating C++ code from pal_vision_msgs/FaceDetection.msg
[ 20%] Generating Javascript code from pal_vision_msgs/FollowMeResponse.msg
[ 21%] Generating Lisp code from pal_vision_msgs/FaceRecognitionActionGoal.msg
[ 22%] Generating EusLisp code from pal_vision_msgs/FaceRecognitionAction.msg
[ 23%] Generating Lisp code from pal_vision_msgs/DetectedPerson.msg
[ 23%] Generating Javascript code from pal_vision_msgs/HogDetections.msg
[ 24%] Generating Lisp code from pal_vision_msgs/Gesture.msg
[ 24%] Generating Lisp code from pal_vision_msgs/DetectedObject.msg
[ 25%] Generating EusLisp code from pal_vision_msgs/FollowMeResponse.msg
[ 26%] Generating Javascript code from pal_vision_msgs/FaceRecognitionActionGoal.msg
[ 27%] Generating C++ code from pal_vision_msgs/Rectangle.msg
[ 28%] Generating Javascript code from pal_vision_msgs/DetectedPerson.msg
[ 29%] Generating Lisp code from pal_vision_msgs/FaceRecognitionGoal.msg
[ 30%] Generating Javascript code from pal_vision_msgs/Gesture.msg
[ 31%] Generating Lisp code from pal_vision_msgs/FaceRecognitionFeedback.msg
[ 32%] Generating EusLisp code from pal_vision_msgs/HogDetections.msg
[ 33%] Generating Lisp code from pal_vision_msgs/FaceDetections.msg
[ 34%] Generating Javascript code from pal_vision_msgs/DetectedObject.msg
[ 35%] Generating Lisp code from pal_vision_msgs/FaceRecognitionActionFeedback.msg
[ 35%] Generating EusLisp code from pal_vision_msgs/FaceRecognitionActionGoal.msg
[ 36%] Generating C++ code from pal_vision_msgs/FaceRecognitionActionResult.msg
[ 37%] Generating Javascript code from pal_vision_msgs/FaceRecognitionGoal.msg
[ 38%] Generating Lisp code from pal_vision_msgs/LegDetections.msg
[ 39%] Generating Javascript code from pal_vision_msgs/FaceRecognitionFeedback.msg
[ 40%] Generating EusLisp code from pal_vision_msgs/DetectedPerson.msg
[ 40%] Generating Lisp code from pal_vision_msgs/FollowMeStop.srv
[ 40%] Generating Javascript code from pal_vision_msgs/FaceDetections.msg
[ 41%] Generating EusLisp code from pal_vision_msgs/Gesture.msg
[ 42%] Generating C++ code from pal_vision_msgs/HeadPanTilt.msg
[ 43%] Generating Javascript code from pal_vision_msgs/FaceRecognitionActionFeedback.msg
[ 44%] Generating Lisp code from pal_vision_msgs/FollowMeStart.srv
[ 45%] Generating EusLisp code from pal_vision_msgs/DetectedObject.msg
[ 46%] Generating Lisp code from pal_vision_msgs/FaceTrackingStart.srv
[ 47%] Generating Javascript code from pal_vision_msgs/LegDetections.msg
[ 48%] Generating Javascript code from pal_vision_msgs/FollowMeStop.srv
[ 49%] Generating EusLisp code from pal_vision_msgs/FaceRecognitionGoal.msg
[ 50%] Generating EusLisp code from pal_vision_msgs/FaceRecognitionFeedback.msg
[ 51%] Generating Javascript code from pal_vision_msgs/FollowMeStart.srv
[ 52%] Generating Lisp code from pal_vision_msgs/FaceTrackingStop.srv
[ 53%] Generating EusLisp code from pal_vision_msgs/FaceDetections.msg
[ 54%] Generating C++ code from pal_vision_msgs/FaceRecognitionResult.msg
[ 55%] Generating Lisp code from pal_vision_msgs/LookToPixel.srv
[ 55%] Generating EusLisp code from pal_vision_msgs/FaceRecognitionActionFeedback.msg
[ 56%] Generating Javascript code from pal_vision_msgs/FaceTrackingStart.srv
[ 56%] Built target pal_vision_msgs_generate_messages_lisp
[ 57%] Generating C++ code from pal_vision_msgs/HogDetection.msg
[ 57%] Generating Javascript code from pal_vision_msgs/FaceTrackingStop.srv
[ 58%] Generating EusLisp code from pal_vision_msgs/LegDetections.msg
[ 59%] Generating Javascript code from pal_vision_msgs/LookToPixel.srv
[ 60%] Generating EusLisp code from pal_vision_msgs/FollowMeStop.srv
[ 60%] Built target pal_vision_msgs_generate_messages_nodejs
[ 60%] Generating C++ code from pal_vision_msgs/FaceRecognitionAction.msg
Scanning dependencies of target pal_vision_msgs_generate_messages_py
[ 61%] Generating EusLisp code from pal_vision_msgs/FollowMeStart.srv
[ 62%] Generating Python from MSG pal_vision_msgs/FaceDetection
[ 63%] Generating EusLisp code from pal_vision_msgs/FaceTrackingStart.srv
[ 64%] Generating Python from MSG pal_vision_msgs/Rectangle
[ 65%] Generating EusLisp code from pal_vision_msgs/FaceTrackingStop.srv
[ 65%] Generating EusLisp code from pal_vision_msgs/LookToPixel.srv
[ 66%] Generating C++ code from pal_vision_msgs/FollowMeResponse.msg
[ 67%] Generating EusLisp manifest code for pal_vision_msgs
[ 68%] Generating Python from MSG pal_vision_msgs/FaceRecognitionActionResult
[ 69%] Generating Python from MSG pal_vision_msgs/HeadPanTilt
[ 70%] Generating C++ code from pal_vision_msgs/HogDetections.msg
[ 71%] Generating Python from MSG pal_vision_msgs/FaceRecognitionResult
[ 71%] Generating Python from MSG pal_vision_msgs/HogDetection
[ 72%] Generating C++ code from pal_vision_msgs/FaceRecognitionActionGoal.msg
[ 73%] Generating Python from MSG pal_vision_msgs/FaceRecognitionAction
[ 74%] Generating Python from MSG pal_vision_msgs/FollowMeResponse
[ 75%] Generating C++ code from pal_vision_msgs/DetectedPerson.msg
[ 76%] Generating Python from MSG pal_vision_msgs/HogDetections
[ 77%] Generating Python from MSG pal_vision_msgs/FaceRecognitionActionGoal
[ 78%] Generating C++ code from pal_vision_msgs/Gesture.msg
[ 79%] Generating C++ code from pal_vision_msgs/DetectedObject.msg
[ 80%] Generating Python from MSG pal_vision_msgs/DetectedPerson
[ 80%] Generating Python from MSG pal_vision_msgs/Gesture
[ 81%] Generating Python from MSG pal_vision_msgs/DetectedObject
[ 81%] Generating C++ code from pal_vision_msgs/FaceRecognitionGoal.msg
[ 82%] Generating C++ code from pal_vision_msgs/FaceRecognitionFeedback.msg
[ 83%] Generating C++ code from pal_vision_msgs/FaceDetections.msg
[ 83%] Built target pal_vision_msgs_generate_messages_eus
[ 84%] Generating Python from MSG pal_vision_msgs/FaceRecognitionGoal
[ 85%] Generating C++ code from pal_vision_msgs/FaceRecognitionActionFeedback.msg
[ 86%] Generating Python from MSG pal_vision_msgs/FaceRecognitionFeedback
[ 87%] Generating C++ code from pal_vision_msgs/FollowMeStop.srv
[ 88%] Generating C++ code from pal_vision_msgs/LegDetections.msg
[ 89%] Generating Python from MSG pal_vision_msgs/FaceDetections
[ 90%] Generating C++ code from pal_vision_msgs/FaceTrackingStart.srv
[ 90%] Generating C++ code from pal_vision_msgs/FollowMeStart.srv
[ 91%] Generating Python from MSG pal_vision_msgs/FaceRecognitionActionFeedback
[ 92%] Generating Python from MSG pal_vision_msgs/LegDetections
[ 93%] Generating C++ code from pal_vision_msgs/LookToPixel.srv
[ 94%] Generating C++ code from pal_vision_msgs/FaceTrackingStop.srv
[ 94%] Generating Python code from SRV pal_vision_msgs/FollowMeStop
[ 95%] Generating Python code from SRV pal_vision_msgs/FollowMeStart
[ 96%] Generating Python code from SRV pal_vision_msgs/FaceTrackingStart
[ 97%] Generating Python code from SRV pal_vision_msgs/FaceTrackingStop
[ 98%] Generating Python code from SRV pal_vision_msgs/LookToPixel
[ 99%] Generating Python msg __init__.py for pal_vision_msgs
[100%] Generating Python srv __init__.py for pal_vision_msgs
[100%] Built target pal_vision_msgs_generate_messages_cpp
[100%] Built target pal_vision_msgs_generate_messages_py
Scanning dependencies of target pal_vision_msgs_generate_messages
[100%] Built target pal_vision_msgs_generate_messages
