Scanning dependencies of target _pal_device_msgs_generate_messages_check_deps_LedRainbowParams
[  0%] Built target _pal_device_msgs_generate_messages_check_deps_LedRainbowParams
Scanning dependencies of target std_msgs_generate_messages_lisp
[  0%] Built target std_msgs_generate_messages_lisp
Scanning dependencies of target _pal_device_msgs_generate_messages_check_deps_DoTimedLedEffectGoal
[  0%] Built target _pal_device_msgs_generate_messages_check_deps_DoTimedLedEffectGoal
Scanning dependencies of target _pal_device_msgs_generate_messages_check_deps_LedFixedColorParams
[  0%] Built target _pal_device_msgs_generate_messages_check_deps_LedFixedColorParams
Scanning dependencies of target _pal_device_msgs_generate_messages_check_deps_LedDataArrayParams
[  0%] Built target _pal_device_msgs_generate_messages_check_deps_LedDataArrayParams
Scanning dependencies of target _pal_device_msgs_generate_messages_check_deps_LedBlinkParams
[  0%] Built target _pal_device_msgs_generate_messages_check_deps_LedBlinkParams
Scanning dependencies of target _pal_device_msgs_generate_messages_check_deps_DoTimedLedEffectFeedback
[  0%] Built target _pal_device_msgs_generate_messages_check_deps_DoTimedLedEffectFeedback
Scanning dependencies of target _pal_device_msgs_generate_messages_check_deps_LedEffectViaTopicParams
[  0%] Built target _pal_device_msgs_generate_messages_check_deps_LedEffectViaTopicParams
Scanning dependencies of target _pal_device_msgs_generate_messages_check_deps_TimedFadeEffect
[  0%] Built target _pal_device_msgs_generate_messages_check_deps_TimedFadeEffect
Scanning dependencies of target _pal_device_msgs_generate_messages_check_deps_TimedBlinkEffect
[  0%] Built target _pal_device_msgs_generate_messages_check_deps_TimedBlinkEffect
Scanning dependencies of target _pal_device_msgs_generate_messages_check_deps_TimedColourEffect
[  0%] Built target _pal_device_msgs_generate_messages_check_deps_TimedColourEffect
Scanning dependencies of target _pal_device_msgs_generate_messages_check_deps_ShutdownAndWakeUpRobot
Scanning dependencies of target _pal_device_msgs_generate_messages_check_deps_DoTimedLedEffectActionGoal
[  0%] Built target _pal_device_msgs_generate_messages_check_deps_ShutdownAndWakeUpRobot
[  0%] Built target _pal_device_msgs_generate_messages_check_deps_DoTimedLedEffectActionGoal
Scanning dependencies of target _pal_device_msgs_generate_messages_check_deps_LedPreProgrammedParams
[  0%] Built target _pal_device_msgs_generate_messages_check_deps_LedPreProgrammedParams
Scanning dependencies of target _pal_device_msgs_generate_messages_check_deps_LedFadeParams
[  0%] Built target _pal_device_msgs_generate_messages_check_deps_LedFadeParams
Scanning dependencies of target _pal_device_msgs_generate_messages_check_deps_DoTimedLedEffectActionFeedback
Scanning dependencies of target _pal_device_msgs_generate_messages_check_deps_LedProgressParams
[  0%] Built target _pal_device_msgs_generate_messages_check_deps_DoTimedLedEffectActionFeedback
Scanning dependencies of target _pal_device_msgs_generate_messages_check_deps_Bumper
[  0%] Built target _pal_device_msgs_generate_messages_check_deps_LedProgressParams
[  0%] Built target _pal_device_msgs_generate_messages_check_deps_Bumper
Scanning dependencies of target _pal_device_msgs_generate_messages_check_deps_BatteryState
[  0%] Built target _pal_device_msgs_generate_messages_check_deps_BatteryState
Scanning dependencies of target _pal_device_msgs_generate_messages_check_deps_DoTimedLedEffectActionResult
[  0%] Built target _pal_device_msgs_generate_messages_check_deps_DoTimedLedEffectActionResult
Scanning dependencies of target _pal_device_msgs_generate_messages_check_deps_LedEffectParams
[  0%] Built target _pal_device_msgs_generate_messages_check_deps_LedEffectParams
Scanning dependencies of target _pal_device_msgs_generate_messages_check_deps_LedFlowParams
[  0%] Built target _pal_device_msgs_generate_messages_check_deps_LedFlowParams
Scanning dependencies of target _pal_device_msgs_generate_messages_check_deps_LedGroup
[  0%] Built target _pal_device_msgs_generate_messages_check_deps_LedGroup
Scanning dependencies of target _pal_device_msgs_generate_messages_check_deps_DoTimedLedEffectResult
[  0%] Built target _pal_device_msgs_generate_messages_check_deps_DoTimedLedEffectResult
Scanning dependencies of target actionlib_msgs_generate_messages_lisp
[  0%] Built target actionlib_msgs_generate_messages_lisp
Scanning dependencies of target _pal_device_msgs_generate_messages_check_deps_DoTimedLedEffectAction
[  0%] Built target _pal_device_msgs_generate_messages_check_deps_DoTimedLedEffectAction
Scanning dependencies of target _pal_device_msgs_generate_messages_check_deps_CancelEffect
[  0%] Built target _pal_device_msgs_generate_messages_check_deps_CancelEffect
Scanning dependencies of target actionlib_msgs_generate_messages_py
[  0%] Built target actionlib_msgs_generate_messages_py
Scanning dependencies of target std_msgs_generate_messages_py
[  0%] Built target std_msgs_generate_messages_py
Scanning dependencies of target std_msgs_generate_messages_nodejs
[  0%] Built target std_msgs_generate_messages_nodejs
Scanning dependencies of target actionlib_msgs_generate_messages_nodejs
[  0%] Built target actionlib_msgs_generate_messages_nodejs
Scanning dependencies of target actionlib_msgs_generate_messages_eus
[  0%] Built target actionlib_msgs_generate_messages_eus
Scanning dependencies of target std_msgs_generate_messages_eus
[  0%] Built target std_msgs_generate_messages_eus
Scanning dependencies of target std_msgs_generate_messages_cpp
[  0%] Built target std_msgs_generate_messages_cpp
Scanning dependencies of target actionlib_msgs_generate_messages_cpp
[  0%] Built target actionlib_msgs_generate_messages_cpp
Scanning dependencies of target pal_device_msgs_generate_messages_lisp
[  1%] Generating Lisp code from pal_device_msgs/LedPreProgrammedParams.msg
[  2%] Generating Lisp code from pal_device_msgs/LedRainbowParams.msg
[  3%] Generating Lisp code from pal_device_msgs/LedGroup.msg
[  3%] Generating Lisp code from pal_device_msgs/LedDataArrayParams.msg
[  4%] Generating Lisp code from pal_device_msgs/LedEffectParams.msg
[  5%] Generating Lisp code from pal_device_msgs/DoTimedLedEffectFeedback.msg
[  6%] Generating Lisp code from pal_device_msgs/DoTimedLedEffectResult.msg
[  7%] Generating Lisp code from pal_device_msgs/LedFixedColorParams.msg
[  7%] Generating Lisp code from pal_device_msgs/LedFlowParams.msg
[  8%] Generating Lisp code from pal_device_msgs/Bumper.msg
[  9%] Generating Lisp code from pal_device_msgs/BatteryState.msg
[ 10%] Generating Lisp code from pal_device_msgs/DoTimedLedEffectActionResult.msg
[ 11%] Generating Lisp code from pal_device_msgs/LedProgressParams.msg
[ 11%] Generating Lisp code from pal_device_msgs/LedFadeParams.msg
[ 12%] Generating Lisp code from pal_device_msgs/LedEffectViaTopicParams.msg
[ 13%] Generating Lisp code from pal_device_msgs/LedBlinkParams.msg
[ 14%] Generating Lisp code from pal_device_msgs/DoTimedLedEffectAction.msg
[ 14%] Generating Lisp code from pal_device_msgs/DoTimedLedEffectGoal.msg
[ 15%] Generating Lisp code from pal_device_msgs/DoTimedLedEffectActionGoal.msg
[ 16%] Generating Lisp code from pal_device_msgs/DoTimedLedEffectActionFeedback.msg
[ 17%] Generating Lisp code from pal_device_msgs/CancelEffect.srv
[ 18%] Generating Lisp code from pal_device_msgs/ShutdownAndWakeUpRobot.srv
[ 18%] Generating Lisp code from pal_device_msgs/TimedFadeEffect.srv
[ 19%] Generating Lisp code from pal_device_msgs/TimedBlinkEffect.srv
[ 20%] Generating Lisp code from pal_device_msgs/TimedColourEffect.srv
[ 20%] Built target pal_device_msgs_generate_messages_lisp
Scanning dependencies of target pal_device_msgs_generate_messages_py
[ 21%] Generating Python from MSG pal_device_msgs/LedPreProgrammedParams
[ 22%] Generating Python from MSG pal_device_msgs/LedRainbowParams
[ 23%] Generating Python from MSG pal_device_msgs/LedGroup
Scanning dependencies of target pal_device_msgs_generate_messages_nodejs
[ 24%] Generating Javascript code from pal_device_msgs/LedPreProgrammedParams.msg
[ 25%] Generating Python from MSG pal_device_msgs/LedDataArrayParams
[ 25%] Generating Javascript code from pal_device_msgs/LedRainbowParams.msg
[ 26%] Generating Javascript code from pal_device_msgs/LedGroup.msg
[ 26%] Generating Python from MSG pal_device_msgs/LedEffectParams
[ 27%] Generating Javascript code from pal_device_msgs/LedDataArrayParams.msg
[ 28%] Generating Javascript code from pal_device_msgs/LedEffectParams.msg
[ 29%] Generating Python from MSG pal_device_msgs/DoTimedLedEffectFeedback
[ 30%] Generating Javascript code from pal_device_msgs/DoTimedLedEffectFeedback.msg
[ 30%] Generating Javascript code from pal_device_msgs/DoTimedLedEffectResult.msg
[ 31%] Generating Python from MSG pal_device_msgs/DoTimedLedEffectResult
[ 32%] Generating Javascript code from pal_device_msgs/LedFixedColorParams.msg
[ 33%] Generating Javascript code from pal_device_msgs/LedFlowParams.msg
[ 34%] Generating Python from MSG pal_device_msgs/LedFixedColorParams
[ 35%] Generating Javascript code from pal_device_msgs/Bumper.msg
[ 35%] Generating Javascript code from pal_device_msgs/BatteryState.msg
[ 36%] Generating Javascript code from pal_device_msgs/DoTimedLedEffectActionResult.msg
[ 36%] Generating Python from MSG pal_device_msgs/LedFlowParams
[ 37%] Generating Javascript code from pal_device_msgs/LedProgressParams.msg
[ 38%] Generating Javascript code from pal_device_msgs/LedFadeParams.msg
[ 39%] Generating Python from MSG pal_device_msgs/Bumper
[ 39%] Generating Javascript code from pal_device_msgs/LedBlinkParams.msg
[ 40%] Generating Javascript code from pal_device_msgs/LedEffectViaTopicParams.msg
[ 41%] Generating Python from MSG pal_device_msgs/BatteryState
[ 42%] Generating Python from MSG pal_device_msgs/DoTimedLedEffectActionResult
[ 43%] Generating Javascript code from pal_device_msgs/DoTimedLedEffectAction.msg
[ 45%] Generating Javascript code from pal_device_msgs/DoTimedLedEffectGoal.msg
[ 45%] Generating Python from MSG pal_device_msgs/LedProgressParams
[ 46%] Generating Javascript code from pal_device_msgs/DoTimedLedEffectActionGoal.msg
[ 46%] Generating Python from MSG pal_device_msgs/LedFadeParams
[ 47%] Generating Javascript code from pal_device_msgs/DoTimedLedEffectActionFeedback.msg
[ 48%] Generating Python from MSG pal_device_msgs/LedEffectViaTopicParams
[ 48%] Generating Javascript code from pal_device_msgs/CancelEffect.srv
[ 49%] Generating Javascript code from pal_device_msgs/ShutdownAndWakeUpRobot.srv
[ 50%] Generating Python from MSG pal_device_msgs/LedBlinkParams
[ 51%] Generating Javascript code from pal_device_msgs/TimedFadeEffect.srv
[ 52%] Generating Javascript code from pal_device_msgs/TimedBlinkEffect.srv
[ 53%] Generating Python from MSG pal_device_msgs/DoTimedLedEffectAction
[ 53%] Generating Javascript code from pal_device_msgs/TimedColourEffect.srv
[ 53%] Built target pal_device_msgs_generate_messages_nodejs
[ 53%] Generating Python from MSG pal_device_msgs/DoTimedLedEffectGoal
[ 54%] Generating Python from MSG pal_device_msgs/DoTimedLedEffectActionGoal
[ 55%] Generating Python from MSG pal_device_msgs/DoTimedLedEffectActionFeedback
[ 56%] Generating Python code from SRV pal_device_msgs/CancelEffect
[ 57%] Generating Python code from SRV pal_device_msgs/ShutdownAndWakeUpRobot
[ 57%] Generating Python code from SRV pal_device_msgs/TimedFadeEffect
[ 58%] Generating Python code from SRV pal_device_msgs/TimedBlinkEffect
[ 59%] Generating Python code from SRV pal_device_msgs/TimedColourEffect
Scanning dependencies of target pal_device_msgs_generate_messages_eus
[ 60%] Generating Python msg __init__.py for pal_device_msgs
[ 61%] Generating EusLisp code from pal_device_msgs/LedPreProgrammedParams.msg
[ 62%] Generating Python srv __init__.py for pal_device_msgs
[ 63%] Generating EusLisp code from pal_device_msgs/LedRainbowParams.msg
[ 63%] Built target pal_device_msgs_generate_messages_py
Scanning dependencies of target pal_device_msgs_generate_messages_cpp
[ 63%] Generating C++ code from pal_device_msgs/LedPreProgrammedParams.msg
[ 63%] Generating EusLisp code from pal_device_msgs/LedGroup.msg
[ 64%] Generating EusLisp code from pal_device_msgs/LedDataArrayParams.msg
[ 65%] Generating EusLisp code from pal_device_msgs/LedEffectParams.msg
[ 66%] Generating C++ code from pal_device_msgs/LedRainbowParams.msg
[ 67%] Generating EusLisp code from pal_device_msgs/DoTimedLedEffectFeedback.msg
[ 68%] Generating EusLisp code from pal_device_msgs/DoTimedLedEffectResult.msg
[ 69%] Generating C++ code from pal_device_msgs/LedGroup.msg
[ 69%] Generating EusLisp code from pal_device_msgs/LedFixedColorParams.msg
[ 70%] Generating EusLisp code from pal_device_msgs/LedFlowParams.msg
[ 71%] Generating C++ code from pal_device_msgs/LedDataArrayParams.msg
[ 72%] Generating EusLisp code from pal_device_msgs/Bumper.msg
[ 73%] Generating EusLisp code from pal_device_msgs/BatteryState.msg
[ 73%] Generating EusLisp code from pal_device_msgs/DoTimedLedEffectActionResult.msg
[ 73%] Generating C++ code from pal_device_msgs/LedEffectParams.msg
[ 74%] Generating C++ code from pal_device_msgs/DoTimedLedEffectFeedback.msg
[ 75%] Generating EusLisp code from pal_device_msgs/LedProgressParams.msg
[ 76%] Generating EusLisp code from pal_device_msgs/LedFadeParams.msg
[ 77%] Generating EusLisp code from pal_device_msgs/LedEffectViaTopicParams.msg
[ 78%] Generating C++ code from pal_device_msgs/DoTimedLedEffectResult.msg
[ 79%] Generating EusLisp code from pal_device_msgs/LedBlinkParams.msg
[ 80%] Generating EusLisp code from pal_device_msgs/DoTimedLedEffectGoal.msg
[ 80%] Generating EusLisp code from pal_device_msgs/DoTimedLedEffectAction.msg
[ 81%] Generating C++ code from pal_device_msgs/LedFixedColorParams.msg
[ 82%] Generating EusLisp code from pal_device_msgs/DoTimedLedEffectActionGoal.msg
[ 83%] Generating EusLisp code from pal_device_msgs/DoTimedLedEffectActionFeedback.msg
[ 83%] Generating EusLisp code from pal_device_msgs/CancelEffect.srv
[ 84%] Generating EusLisp code from pal_device_msgs/ShutdownAndWakeUpRobot.srv
[ 85%] Generating C++ code from pal_device_msgs/LedFlowParams.msg
[ 86%] Generating EusLisp code from pal_device_msgs/TimedFadeEffect.srv
[ 86%] Generating C++ code from pal_device_msgs/Bumper.msg
[ 87%] Generating EusLisp code from pal_device_msgs/TimedBlinkEffect.srv
[ 88%] Generating EusLisp code from pal_device_msgs/TimedColourEffect.srv
[ 88%] Generating EusLisp manifest code for pal_device_msgs
[ 89%] Generating C++ code from pal_device_msgs/BatteryState.msg
[ 90%] Generating C++ code from pal_device_msgs/DoTimedLedEffectActionResult.msg
[ 91%] Generating C++ code from pal_device_msgs/LedProgressParams.msg
[ 91%] Generating C++ code from pal_device_msgs/LedFadeParams.msg
[ 92%] Generating C++ code from pal_device_msgs/LedEffectViaTopicParams.msg
[ 92%] Built target pal_device_msgs_generate_messages_eus
[ 93%] Generating C++ code from pal_device_msgs/LedBlinkParams.msg
[ 94%] Generating C++ code from pal_device_msgs/DoTimedLedEffectAction.msg
[ 95%] Generating C++ code from pal_device_msgs/DoTimedLedEffectGoal.msg
[ 95%] Generating C++ code from pal_device_msgs/DoTimedLedEffectActionGoal.msg
[ 96%] Generating C++ code from pal_device_msgs/DoTimedLedEffectActionFeedback.msg
[ 97%] Generating C++ code from pal_device_msgs/CancelEffect.srv
[ 98%] Generating C++ code from pal_device_msgs/ShutdownAndWakeUpRobot.srv
[ 98%] Generating C++ code from pal_device_msgs/TimedFadeEffect.srv
[ 99%] Generating C++ code from pal_device_msgs/TimedBlinkEffect.srv
[100%] Generating C++ code from pal_device_msgs/TimedColourEffect.srv
[100%] Built target pal_device_msgs_generate_messages_cpp
Scanning dependencies of target pal_device_msgs_generate_messages
[100%] Built target pal_device_msgs_generate_messages
