Symlinking /tiago_public_ws/devel/lib/pkgconfig/pal_device_msgs.pc
Symlinking /tiago_public_ws/devel/lib/python2.7/dist-packages/pal_device_msgs/__init__.py
Symlinking /tiago_public_ws/devel/lib/python2.7/dist-packages/pal_device_msgs/msg/_Bumper.py
Symlinking /tiago_public_ws/devel/lib/python2.7/dist-packages/pal_device_msgs/msg/_DoTimedLedEffectResult.py
Symlinking /tiago_public_ws/devel/lib/python2.7/dist-packages/pal_device_msgs/msg/_LedBlinkParams.py
Symlinking /tiago_public_ws/devel/lib/python2.7/dist-packages/pal_device_msgs/msg/__init__.py
Symlinking /tiago_public_ws/devel/lib/python2.7/dist-packages/pal_device_msgs/msg/_LedProgressParams.py
Symlinking /tiago_public_ws/devel/lib/python2.7/dist-packages/pal_device_msgs/msg/_LedEffectViaTopicParams.py
Symlinking /tiago_public_ws/devel/lib/python2.7/dist-packages/pal_device_msgs/msg/_DoTimedLedEffectFeedback.py
Symlinking /tiago_public_ws/devel/lib/python2.7/dist-packages/pal_device_msgs/msg/_DoTimedLedEffectAction.py
Symlinking /tiago_public_ws/devel/lib/python2.7/dist-packages/pal_device_msgs/msg/_LedRainbowParams.py
Symlinking /tiago_public_ws/devel/lib/python2.7/dist-packages/pal_device_msgs/msg/_LedDataArrayParams.py
Symlinking /tiago_public_ws/devel/lib/python2.7/dist-packages/pal_device_msgs/msg/_DoTimedLedEffectActionGoal.py
Symlinking /tiago_public_ws/devel/lib/python2.7/dist-packages/pal_device_msgs/msg/_LedFlowParams.py
Symlinking /tiago_public_ws/devel/lib/python2.7/dist-packages/pal_device_msgs/msg/_LedFixedColorParams.py
Symlinking /tiago_public_ws/devel/lib/python2.7/dist-packages/pal_device_msgs/msg/_DoTimedLedEffectActionResult.py
Symlinking /tiago_public_ws/devel/lib/python2.7/dist-packages/pal_device_msgs/msg/_DoTimedLedEffectActionFeedback.py
Symlinking /tiago_public_ws/devel/lib/python2.7/dist-packages/pal_device_msgs/msg/_LedPreProgrammedParams.py
Symlinking /tiago_public_ws/devel/lib/python2.7/dist-packages/pal_device_msgs/msg/_LedGroup.py
Symlinking /tiago_public_ws/devel/lib/python2.7/dist-packages/pal_device_msgs/msg/_LedEffectParams.py
Symlinking /tiago_public_ws/devel/lib/python2.7/dist-packages/pal_device_msgs/msg/_BatteryState.py
Symlinking /tiago_public_ws/devel/lib/python2.7/dist-packages/pal_device_msgs/msg/_DoTimedLedEffectGoal.py
Symlinking /tiago_public_ws/devel/lib/python2.7/dist-packages/pal_device_msgs/msg/_LedFadeParams.py
Symlinking /tiago_public_ws/devel/lib/python2.7/dist-packages/pal_device_msgs/srv/_TimedFadeEffect.py
Symlinking /tiago_public_ws/devel/lib/python2.7/dist-packages/pal_device_msgs/srv/__init__.py
Symlinking /tiago_public_ws/devel/lib/python2.7/dist-packages/pal_device_msgs/srv/_TimedColourEffect.py
Symlinking /tiago_public_ws/devel/lib/python2.7/dist-packages/pal_device_msgs/srv/_TimedBlinkEffect.py
Symlinking /tiago_public_ws/devel/lib/python2.7/dist-packages/pal_device_msgs/srv/_CancelEffect.py
Symlinking /tiago_public_ws/devel/lib/python2.7/dist-packages/pal_device_msgs/srv/_ShutdownAndWakeUpRobot.py
Symlinking /tiago_public_ws/devel/share/common-lisp/ros/pal_device_msgs/msg/LedPreProgrammedParams.lisp
Symlinking /tiago_public_ws/devel/share/common-lisp/ros/pal_device_msgs/msg/LedProgressParams.lisp
Symlinking /tiago_public_ws/devel/share/common-lisp/ros/pal_device_msgs/msg/_package_DoTimedLedEffectGoal.lisp
Symlinking /tiago_public_ws/devel/share/common-lisp/ros/pal_device_msgs/msg/_package_DoTimedLedEffectAction.lisp
Symlinking /tiago_public_ws/devel/share/common-lisp/ros/pal_device_msgs/msg/_package_DoTimedLedEffectActionResult.lisp
Symlinking /tiago_public_ws/devel/share/common-lisp/ros/pal_device_msgs/msg/_package_LedFlowParams.lisp
Symlinking /tiago_public_ws/devel/share/common-lisp/ros/pal_device_msgs/msg/_package_DoTimedLedEffectFeedback.lisp
Symlinking /tiago_public_ws/devel/share/common-lisp/ros/pal_device_msgs/msg/LedFixedColorParams.lisp
Symlinking /tiago_public_ws/devel/share/common-lisp/ros/pal_device_msgs/msg/LedFlowParams.lisp
Symlinking /tiago_public_ws/devel/share/common-lisp/ros/pal_device_msgs/msg/_package.lisp
Symlinking /tiago_public_ws/devel/share/common-lisp/ros/pal_device_msgs/msg/_package_LedFadeParams.lisp
Symlinking /tiago_public_ws/devel/share/common-lisp/ros/pal_device_msgs/msg/DoTimedLedEffectAction.lisp
Symlinking /tiago_public_ws/devel/share/common-lisp/ros/pal_device_msgs/msg/LedFadeParams.lisp
Symlinking /tiago_public_ws/devel/share/common-lisp/ros/pal_device_msgs/msg/_package_Bumper.lisp
Symlinking /tiago_public_ws/devel/share/common-lisp/ros/pal_device_msgs/msg/DoTimedLedEffectGoal.lisp
Symlinking /tiago_public_ws/devel/share/common-lisp/ros/pal_device_msgs/msg/DoTimedLedEffectResult.lisp
Symlinking /tiago_public_ws/devel/share/common-lisp/ros/pal_device_msgs/msg/DoTimedLedEffectFeedback.lisp
Symlinking /tiago_public_ws/devel/share/common-lisp/ros/pal_device_msgs/msg/_package_LedGroup.lisp
Symlinking /tiago_public_ws/devel/share/common-lisp/ros/pal_device_msgs/msg/_package_DoTimedLedEffectActionFeedback.lisp
Symlinking /tiago_public_ws/devel/share/common-lisp/ros/pal_device_msgs/msg/LedDataArrayParams.lisp
Symlinking /tiago_public_ws/devel/share/common-lisp/ros/pal_device_msgs/msg/_package_DoTimedLedEffectActionGoal.lisp
Symlinking /tiago_public_ws/devel/share/common-lisp/ros/pal_device_msgs/msg/_package_LedRainbowParams.lisp
Symlinking /tiago_public_ws/devel/share/common-lisp/ros/pal_device_msgs/msg/_package_BatteryState.lisp
Symlinking /tiago_public_ws/devel/share/common-lisp/ros/pal_device_msgs/msg/LedBlinkParams.lisp
Symlinking /tiago_public_ws/devel/share/common-lisp/ros/pal_device_msgs/msg/LedRainbowParams.lisp
Symlinking /tiago_public_ws/devel/share/common-lisp/ros/pal_device_msgs/msg/pal_device_msgs-msg.asd
Symlinking /tiago_public_ws/devel/share/common-lisp/ros/pal_device_msgs/msg/LedEffectParams.lisp
Symlinking /tiago_public_ws/devel/share/common-lisp/ros/pal_device_msgs/msg/Bumper.lisp
Symlinking /tiago_public_ws/devel/share/common-lisp/ros/pal_device_msgs/msg/_package_LedFixedColorParams.lisp
Symlinking /tiago_public_ws/devel/share/common-lisp/ros/pal_device_msgs/msg/_package_DoTimedLedEffectResult.lisp
Symlinking /tiago_public_ws/devel/share/common-lisp/ros/pal_device_msgs/msg/_package_LedDataArrayParams.lisp
Symlinking /tiago_public_ws/devel/share/common-lisp/ros/pal_device_msgs/msg/DoTimedLedEffectActionGoal.lisp
Symlinking /tiago_public_ws/devel/share/common-lisp/ros/pal_device_msgs/msg/_package_LedPreProgrammedParams.lisp
Symlinking /tiago_public_ws/devel/share/common-lisp/ros/pal_device_msgs/msg/_package_LedEffectParams.lisp
Symlinking /tiago_public_ws/devel/share/common-lisp/ros/pal_device_msgs/msg/DoTimedLedEffectActionResult.lisp
Symlinking /tiago_public_ws/devel/share/common-lisp/ros/pal_device_msgs/msg/_package_LedEffectViaTopicParams.lisp
Symlinking /tiago_public_ws/devel/share/common-lisp/ros/pal_device_msgs/msg/LedEffectViaTopicParams.lisp
Symlinking /tiago_public_ws/devel/share/common-lisp/ros/pal_device_msgs/msg/LedGroup.lisp
Symlinking /tiago_public_ws/devel/share/common-lisp/ros/pal_device_msgs/msg/_package_LedBlinkParams.lisp
Symlinking /tiago_public_ws/devel/share/common-lisp/ros/pal_device_msgs/msg/BatteryState.lisp
Symlinking /tiago_public_ws/devel/share/common-lisp/ros/pal_device_msgs/msg/_package_LedProgressParams.lisp
Symlinking /tiago_public_ws/devel/share/common-lisp/ros/pal_device_msgs/msg/DoTimedLedEffectActionFeedback.lisp
Symlinking /tiago_public_ws/devel/share/common-lisp/ros/pal_device_msgs/srv/_package_TimedColourEffect.lisp
Symlinking /tiago_public_ws/devel/share/common-lisp/ros/pal_device_msgs/srv/TimedBlinkEffect.lisp
Symlinking /tiago_public_ws/devel/share/common-lisp/ros/pal_device_msgs/srv/_package_TimedBlinkEffect.lisp
Symlinking /tiago_public_ws/devel/share/common-lisp/ros/pal_device_msgs/srv/_package.lisp
Symlinking /tiago_public_ws/devel/share/common-lisp/ros/pal_device_msgs/srv/TimedFadeEffect.lisp
Symlinking /tiago_public_ws/devel/share/common-lisp/ros/pal_device_msgs/srv/ShutdownAndWakeUpRobot.lisp
Symlinking /tiago_public_ws/devel/share/common-lisp/ros/pal_device_msgs/srv/pal_device_msgs-srv.asd
Symlinking /tiago_public_ws/devel/share/common-lisp/ros/pal_device_msgs/srv/_package_CancelEffect.lisp
Symlinking /tiago_public_ws/devel/share/common-lisp/ros/pal_device_msgs/srv/_package_ShutdownAndWakeUpRobot.lisp
Symlinking /tiago_public_ws/devel/share/common-lisp/ros/pal_device_msgs/srv/TimedColourEffect.lisp
Symlinking /tiago_public_ws/devel/share/common-lisp/ros/pal_device_msgs/srv/CancelEffect.lisp
Symlinking /tiago_public_ws/devel/share/common-lisp/ros/pal_device_msgs/srv/_package_TimedFadeEffect.lisp
Symlinking /tiago_public_ws/devel/share/gennodejs/ros/pal_device_msgs/_index.js
Symlinking /tiago_public_ws/devel/share/gennodejs/ros/pal_device_msgs/msg/LedFixedColorParams.js
Symlinking /tiago_public_ws/devel/share/gennodejs/ros/pal_device_msgs/msg/LedEffectViaTopicParams.js
Symlinking /tiago_public_ws/devel/share/gennodejs/ros/pal_device_msgs/msg/DoTimedLedEffectFeedback.js
Symlinking /tiago_public_ws/devel/share/gennodejs/ros/pal_device_msgs/msg/LedEffectParams.js
Symlinking /tiago_public_ws/devel/share/gennodejs/ros/pal_device_msgs/msg/DoTimedLedEffectAction.js
Symlinking /tiago_public_ws/devel/share/gennodejs/ros/pal_device_msgs/msg/Bumper.js
Symlinking /tiago_public_ws/devel/share/gennodejs/ros/pal_device_msgs/msg/DoTimedLedEffectResult.js
Symlinking /tiago_public_ws/devel/share/gennodejs/ros/pal_device_msgs/msg/DoTimedLedEffectActionGoal.js
Symlinking /tiago_public_ws/devel/share/gennodejs/ros/pal_device_msgs/msg/LedProgressParams.js
Symlinking /tiago_public_ws/devel/share/gennodejs/ros/pal_device_msgs/msg/DoTimedLedEffectGoal.js
Symlinking /tiago_public_ws/devel/share/gennodejs/ros/pal_device_msgs/msg/DoTimedLedEffectActionResult.js
Symlinking /tiago_public_ws/devel/share/gennodejs/ros/pal_device_msgs/msg/LedFadeParams.js
Symlinking /tiago_public_ws/devel/share/gennodejs/ros/pal_device_msgs/msg/_index.js
Symlinking /tiago_public_ws/devel/share/gennodejs/ros/pal_device_msgs/msg/DoTimedLedEffectActionFeedback.js
Symlinking /tiago_public_ws/devel/share/gennodejs/ros/pal_device_msgs/msg/LedRainbowParams.js
Symlinking /tiago_public_ws/devel/share/gennodejs/ros/pal_device_msgs/msg/LedPreProgrammedParams.js
Symlinking /tiago_public_ws/devel/share/gennodejs/ros/pal_device_msgs/msg/LedFlowParams.js
Symlinking /tiago_public_ws/devel/share/gennodejs/ros/pal_device_msgs/msg/LedDataArrayParams.js
Symlinking /tiago_public_ws/devel/share/gennodejs/ros/pal_device_msgs/msg/LedBlinkParams.js
Symlinking /tiago_public_ws/devel/share/gennodejs/ros/pal_device_msgs/msg/BatteryState.js
Symlinking /tiago_public_ws/devel/share/gennodejs/ros/pal_device_msgs/msg/LedGroup.js
Symlinking /tiago_public_ws/devel/share/gennodejs/ros/pal_device_msgs/srv/TimedBlinkEffect.js
Symlinking /tiago_public_ws/devel/share/gennodejs/ros/pal_device_msgs/srv/ShutdownAndWakeUpRobot.js
Symlinking /tiago_public_ws/devel/share/gennodejs/ros/pal_device_msgs/srv/CancelEffect.js
Symlinking /tiago_public_ws/devel/share/gennodejs/ros/pal_device_msgs/srv/_index.js
Symlinking /tiago_public_ws/devel/share/gennodejs/ros/pal_device_msgs/srv/TimedFadeEffect.js
Symlinking /tiago_public_ws/devel/share/gennodejs/ros/pal_device_msgs/srv/TimedColourEffect.js
Symlinking /tiago_public_ws/devel/share/roseus/ros/pal_device_msgs/manifest.l
Symlinking /tiago_public_ws/devel/share/roseus/ros/pal_device_msgs/msg/Bumper.l
Symlinking /tiago_public_ws/devel/share/roseus/ros/pal_device_msgs/msg/DoTimedLedEffectFeedback.l
Symlinking /tiago_public_ws/devel/share/roseus/ros/pal_device_msgs/msg/LedDataArrayParams.l
Symlinking /tiago_public_ws/devel/share/roseus/ros/pal_device_msgs/msg/LedFixedColorParams.l
Symlinking /tiago_public_ws/devel/share/roseus/ros/pal_device_msgs/msg/DoTimedLedEffectActionGoal.l
Symlinking /tiago_public_ws/devel/share/roseus/ros/pal_device_msgs/msg/LedEffectParams.l
Symlinking /tiago_public_ws/devel/share/roseus/ros/pal_device_msgs/msg/DoTimedLedEffectGoal.l
Symlinking /tiago_public_ws/devel/share/roseus/ros/pal_device_msgs/msg/LedFadeParams.l
Symlinking /tiago_public_ws/devel/share/roseus/ros/pal_device_msgs/msg/LedGroup.l
Symlinking /tiago_public_ws/devel/share/roseus/ros/pal_device_msgs/msg/LedEffectViaTopicParams.l
Symlinking /tiago_public_ws/devel/share/roseus/ros/pal_device_msgs/msg/DoTimedLedEffectAction.l
Symlinking /tiago_public_ws/devel/share/roseus/ros/pal_device_msgs/msg/LedBlinkParams.l
Symlinking /tiago_public_ws/devel/share/roseus/ros/pal_device_msgs/msg/LedPreProgrammedParams.l
Symlinking /tiago_public_ws/devel/share/roseus/ros/pal_device_msgs/msg/DoTimedLedEffectResult.l
Symlinking /tiago_public_ws/devel/share/roseus/ros/pal_device_msgs/msg/LedProgressParams.l
Symlinking /tiago_public_ws/devel/share/roseus/ros/pal_device_msgs/msg/LedFlowParams.l
Symlinking /tiago_public_ws/devel/share/roseus/ros/pal_device_msgs/msg/DoTimedLedEffectActionResult.l
Symlinking /tiago_public_ws/devel/share/roseus/ros/pal_device_msgs/msg/BatteryState.l
Symlinking /tiago_public_ws/devel/share/roseus/ros/pal_device_msgs/msg/LedRainbowParams.l
Symlinking /tiago_public_ws/devel/share/roseus/ros/pal_device_msgs/msg/DoTimedLedEffectActionFeedback.l
Symlinking /tiago_public_ws/devel/share/roseus/ros/pal_device_msgs/srv/ShutdownAndWakeUpRobot.l
Symlinking /tiago_public_ws/devel/share/roseus/ros/pal_device_msgs/srv/CancelEffect.l
Symlinking /tiago_public_ws/devel/share/roseus/ros/pal_device_msgs/srv/TimedColourEffect.l
Symlinking /tiago_public_ws/devel/share/roseus/ros/pal_device_msgs/srv/TimedBlinkEffect.l
Symlinking /tiago_public_ws/devel/share/roseus/ros/pal_device_msgs/srv/TimedFadeEffect.l
Symlinking /tiago_public_ws/devel/share/pal_device_msgs/msg/DoTimedLedEffectActionGoal.msg
Symlinking /tiago_public_ws/devel/share/pal_device_msgs/msg/DoTimedLedEffectResult.msg
Symlinking /tiago_public_ws/devel/share/pal_device_msgs/msg/DoTimedLedEffectActionResult.msg
Symlinking /tiago_public_ws/devel/share/pal_device_msgs/msg/DoTimedLedEffectGoal.msg
Symlinking /tiago_public_ws/devel/share/pal_device_msgs/msg/DoTimedLedEffectActionFeedback.msg
Symlinking /tiago_public_ws/devel/share/pal_device_msgs/msg/DoTimedLedEffectAction.msg
Symlinking /tiago_public_ws/devel/share/pal_device_msgs/msg/DoTimedLedEffectFeedback.msg
Symlinking /tiago_public_ws/devel/share/pal_device_msgs/cmake/pal_device_msgsConfig-version.cmake
Symlinking /tiago_public_ws/devel/share/pal_device_msgs/cmake/pal_device_msgs-msg-paths.cmake
Symlinking /tiago_public_ws/devel/share/pal_device_msgs/cmake/pal_device_msgsConfig.cmake
Symlinking /tiago_public_ws/devel/share/pal_device_msgs/cmake/pal_device_msgs-msg-extras.cmake
Symlinking /tiago_public_ws/devel/include/pal_device_msgs/TimedBlinkEffectResponse.h
Symlinking /tiago_public_ws/devel/include/pal_device_msgs/DoTimedLedEffectActionGoal.h
Symlinking /tiago_public_ws/devel/include/pal_device_msgs/LedFlowParams.h
Symlinking /tiago_public_ws/devel/include/pal_device_msgs/TimedFadeEffect.h
Symlinking /tiago_public_ws/devel/include/pal_device_msgs/LedFixedColorParams.h
Symlinking /tiago_public_ws/devel/include/pal_device_msgs/TimedFadeEffectResponse.h
Symlinking /tiago_public_ws/devel/include/pal_device_msgs/DoTimedLedEffectResult.h
Symlinking /tiago_public_ws/devel/include/pal_device_msgs/LedRainbowParams.h
Symlinking /tiago_public_ws/devel/include/pal_device_msgs/ShutdownAndWakeUpRobotRequest.h
Symlinking /tiago_public_ws/devel/include/pal_device_msgs/TimedColourEffectResponse.h
Symlinking /tiago_public_ws/devel/include/pal_device_msgs/TimedFadeEffectRequest.h
Symlinking /tiago_public_ws/devel/include/pal_device_msgs/DoTimedLedEffectFeedback.h
Symlinking /tiago_public_ws/devel/include/pal_device_msgs/LedEffectViaTopicParams.h
Symlinking /tiago_public_ws/devel/include/pal_device_msgs/LedGroup.h
Symlinking /tiago_public_ws/devel/include/pal_device_msgs/ShutdownAndWakeUpRobotResponse.h
Symlinking /tiago_public_ws/devel/include/pal_device_msgs/TimedColourEffect.h
Symlinking /tiago_public_ws/devel/include/pal_device_msgs/BatteryState.h
Symlinking /tiago_public_ws/devel/include/pal_device_msgs/LedBlinkParams.h
Symlinking /tiago_public_ws/devel/include/pal_device_msgs/TimedBlinkEffect.h
Symlinking /tiago_public_ws/devel/include/pal_device_msgs/TimedBlinkEffectRequest.h
Symlinking /tiago_public_ws/devel/include/pal_device_msgs/DoTimedLedEffectGoal.h
Symlinking /tiago_public_ws/devel/include/pal_device_msgs/CancelEffect.h
Symlinking /tiago_public_ws/devel/include/pal_device_msgs/CancelEffectRequest.h
Symlinking /tiago_public_ws/devel/include/pal_device_msgs/DoTimedLedEffectActionResult.h
Symlinking /tiago_public_ws/devel/include/pal_device_msgs/LedPreProgrammedParams.h
Symlinking /tiago_public_ws/devel/include/pal_device_msgs/LedProgressParams.h
Symlinking /tiago_public_ws/devel/include/pal_device_msgs/ShutdownAndWakeUpRobot.h
Symlinking /tiago_public_ws/devel/include/pal_device_msgs/Bumper.h
Symlinking /tiago_public_ws/devel/include/pal_device_msgs/DoTimedLedEffectAction.h
Symlinking /tiago_public_ws/devel/include/pal_device_msgs/LedDataArrayParams.h
Symlinking /tiago_public_ws/devel/include/pal_device_msgs/TimedColourEffectRequest.h
Symlinking /tiago_public_ws/devel/include/pal_device_msgs/LedFadeParams.h
Symlinking /tiago_public_ws/devel/include/pal_device_msgs/CancelEffectResponse.h
Symlinking /tiago_public_ws/devel/include/pal_device_msgs/LedEffectParams.h
Symlinking /tiago_public_ws/devel/include/pal_device_msgs/DoTimedLedEffectActionFeedback.h
