Scanning dependencies of target controller_manager_msgs_generate_messages_cpp
[  0%] Built target controller_manager_msgs_generate_messages_cpp
Scanning dependencies of target roscpp_generate_messages_cpp
[  0%] Built target roscpp_generate_messages_cpp
Scanning dependencies of target std_msgs_generate_messages_py
[  0%] Built target std_msgs_generate_messages_py
Scanning dependencies of target roscpp_generate_messages_nodejs
[  0%] Built target roscpp_generate_messages_nodejs
Scanning dependencies of target controller_manager_msgs_generate_messages_py
Scanning dependencies of target std_msgs_generate_messages_lisp
[  0%] Built target std_msgs_generate_messages_lisp
[  0%] Built target controller_manager_msgs_generate_messages_py
Scanning dependencies of target rosgraph_msgs_generate_messages_cpp
Scanning dependencies of target roscpp_generate_messages_lisp
Scanning dependencies of target rosgraph_msgs_generate_messages_eus
[  0%] Built target rosgraph_msgs_generate_messages_cpp
Scanning dependencies of target rosgraph_msgs_generate_messages_lisp
[  0%] Built target roscpp_generate_messages_lisp
[  0%] Built target rosgraph_msgs_generate_messages_eus
Scanning dependencies of target std_msgs_generate_messages_nodejs
Scanning dependencies of target roscpp_generate_messages_eus
[  0%] Built target std_msgs_generate_messages_nodejs
[  0%] Built target rosgraph_msgs_generate_messages_lisp
[  0%] Built target roscpp_generate_messages_eus
Scanning dependencies of target std_msgs_generate_messages_cpp
Scanning dependencies of target controller_manager_msgs_generate_messages_eus
[  0%] Built target std_msgs_generate_messages_cpp
Scanning dependencies of target std_msgs_generate_messages_eus
[  0%] Built target controller_manager_msgs_generate_messages_eus
[  0%] Built target std_msgs_generate_messages_eus
Scanning dependencies of target controller_manager_msgs_generate_messages_lisp
Scanning dependencies of target rosgraph_msgs_generate_messages_nodejs
[  0%] Built target controller_manager_msgs_generate_messages_lisp
[  0%] Built target rosgraph_msgs_generate_messages_nodejs
Scanning dependencies of target roscpp_generate_messages_py
Scanning dependencies of target rosgraph_msgs_generate_messages_py
[  0%] Built target roscpp_generate_messages_py
[  0%] Built target rosgraph_msgs_generate_messages_py
Scanning dependencies of target controller_manager_msgs_generate_messages_nodejs
[  0%] Built target controller_manager_msgs_generate_messages_nodejs
Scanning dependencies of target controller_manager
[ 50%] Building CXX object CMakeFiles/controller_manager.dir/src/controller_manager.cpp.o
/tiago_public_ws/src/ros_control/controller_manager/src/controller_manager.cpp: In member function ‘bool controller_manager::ControllerManager::loadController(const string&)’:
/tiago_public_ws/src/ros_control/controller_manager/src/controller_manager.cpp:245:3: warning: exception of type ‘std::runtime_error’ will be caught
   catch(std::runtime_error &e){
   ^~~~~
/tiago_public_ws/src/ros_control/controller_manager/src/controller_manager.cpp:241:3: warning:    by earlier handler for ‘std::exception’
   catch(std::exception &e){
   ^~~~~
[100%] Linking CXX shared library /tiago_public_ws/devel/.private/controller_manager/lib/libcontroller_manager.so
[100%] Built target controller_manager
